[ 2015-02-28T14:26:26+08:00 ] /thinkphpTest/admin.php/Login/index | INFO: Tag[ route_check ] --START--
[ 2015-02-28T14:26:26+08:00 ] /thinkphpTest/admin.php/Login/index | INFO: Run CheckRoute Behavior [ RunTime:0.000857s ]
[ 2015-02-28T14:26:26+08:00 ] /thinkphpTest/admin.php/Login/index | INFO: Tag[ route_check ] --END-- [ RunTime:0.000985s ]
[ 2015-02-28T14:26:26+08:00 ] /thinkphpTest/admin.php/Login/index | INFO: Tag[ app_begin ] --START--
[ 2015-02-28T14:26:26+08:00 ] /thinkphpTest/admin.php/Login/index | INFO: Run ReadHtmlCache Behavior [ RunTime:0.000490s ]
[ 2015-02-28T14:26:26+08:00 ] /thinkphpTest/admin.php/Login/index | INFO: Tag[ app_begin ] --END-- [ RunTime:0.000544s ]
[ 2015-02-28T14:26:26+08:00 ] /thinkphpTest/admin.php/Login/index | INFO: Tag[ view_template ] --START--
[ 2015-02-28T14:26:26+08:00 ] /thinkphpTest/admin.php/Login/index | INFO: Run LocationTemplate Behavior [ RunTime:0.000888s ]
[ 2015-02-28T14:26:26+08:00 ] /thinkphpTest/admin.php/Login/index | INFO: Tag[ view_template ] --END-- [ RunTime:0.001045s ]
[ 2015-02-28T14:26:26+08:00 ] /thinkphpTest/admin.php/Login/index | INFO: Tag[ view_parse ] --START--
[ 2015-02-28T14:26:26+08:00 ] /thinkphpTest/admin.php/Login/index | INFO: Run ParseTemplate Behavior [ RunTime:0.068158s ]
[ 2015-02-28T14:26:26+08:00 ] /thinkphpTest/admin.php/Login/index | INFO: Tag[ view_parse ] --END-- [ RunTime:0.068322s ]
[ 2015-02-28T14:26:26+08:00 ] /thinkphpTest/admin.php/Login/index | INFO: Tag[ view_filter ] --START--
[ 2015-02-28T14:26:26+08:00 ] /thinkphpTest/admin.php/Login/index | INFO: Run ContentReplace Behavior [ RunTime:0.000814s ]
[ 2015-02-28T14:26:26+08:00 ] /thinkphpTest/admin.php/Login/index | INFO: Run TokenBuild Behavior [ RunTime:0.000958s ]
[ 2015-02-28T14:26:26+08:00 ] /thinkphpTest/admin.php/Login/index | INFO: Run WriteHtmlCache Behavior [ RunTime:0.000570s ]
[ 2015-02-28T14:26:26+08:00 ] /thinkphpTest/admin.php/Login/index | INFO: Run ShowRuntime Behavior [ RunTime:0.000962s ]
[ 2015-02-28T14:26:26+08:00 ] /thinkphpTest/admin.php/Login/index | INFO: Tag[ view_filter ] --END-- [ RunTime:0.003699s ]
[ 2015-02-28T14:26:26+08:00 ] /thinkphpTest/admin.php/Login/index | INFO: Tag[ view_end ] --START--
[ 2015-02-28T14:26:26+08:00 ] /thinkphpTest/admin.php/Login/index | INFO: Run ShowPageTrace Behavior [ RunTime:0.000951s ]
[ 2015-02-28T14:26:26+08:00 ] /thinkphpTest/admin.php/Login/index | INFO: Tag[ view_end ] --END-- [ RunTime:0.001082s ]
[ 2015-02-28T14:26:27+08:00 ] /thinkphpTest/admin.php/Login/resources/images/closelabel.gif | ERR: (ThinkException) 非法操作resources
[ 2015-02-28T14:26:28+08:00 ] /thinkphpTest/admin.php/Index/index | INFO: Tag[ route_check ] --START--
[ 2015-02-28T14:26:28+08:00 ] /thinkphpTest/admin.php/Index/index | INFO: Run CheckRoute Behavior [ RunTime:0.000864s ]
[ 2015-02-28T14:26:28+08:00 ] /thinkphpTest/admin.php/Index/index | INFO: Tag[ route_check ] --END-- [ RunTime:0.000983s ]
[ 2015-02-28T14:26:28+08:00 ] /thinkphpTest/admin.php/Index/index | INFO: Tag[ app_begin ] --START--
[ 2015-02-28T14:26:28+08:00 ] /thinkphpTest/admin.php/Index/index | INFO: Run ReadHtmlCache Behavior [ RunTime:0.000499s ]
[ 2015-02-28T14:26:28+08:00 ] /thinkphpTest/admin.php/Index/index | INFO: Tag[ app_begin ] --END-- [ RunTime:0.000555s ]
[ 2015-02-28T14:26:28+08:00 ] /thinkphpTest/admin.php/Index/index | INFO: Tag[ view_template ] --START--
[ 2015-02-28T14:26:28+08:00 ] /thinkphpTest/admin.php/Index/index | INFO: Run LocationTemplate Behavior [ RunTime:0.001253s ]
[ 2015-02-28T14:26:28+08:00 ] /thinkphpTest/admin.php/Index/index | INFO: Tag[ view_template ] --END-- [ RunTime:0.001316s ]
[ 2015-02-28T14:26:28+08:00 ] /thinkphpTest/admin.php/Index/index | INFO: Tag[ view_parse ] --START--
[ 2015-02-28T14:26:28+08:00 ] /thinkphpTest/admin.php/Index/index | NOTIC: [8] Undefined index:  memo 20eabf8d43f497715f3e1a7ec1a2f00f.php 第 42 行.
[ 2015-02-28T14:26:28+08:00 ] /thinkphpTest/admin.php/Index/index | NOTIC: [8] Undefined index:  new_memo 20eabf8d43f497715f3e1a7ec1a2f00f.php 第 46 行.
[ 2015-02-28T14:26:28+08:00 ] /thinkphpTest/admin.php/Index/index | NOTIC: [8] Undefined index:  manage_memo 20eabf8d43f497715f3e1a7ec1a2f00f.php 第 47 行.
[ 2015-02-28T14:26:28+08:00 ] /thinkphpTest/admin.php/Index/index | NOTIC: [8] Undefined index:  article 20eabf8d43f497715f3e1a7ec1a2f00f.php 第 52 行.
[ 2015-02-28T14:26:28+08:00 ] /thinkphpTest/admin.php/Index/index | NOTIC: [8] Undefined index:  new_article 20eabf8d43f497715f3e1a7ec1a2f00f.php 第 54 行.
[ 2015-02-28T14:26:28+08:00 ] /thinkphpTest/admin.php/Index/index | NOTIC: [8] Undefined index:  manage_article 20eabf8d43f497715f3e1a7ec1a2f00f.php 第 55 行.
[ 2015-02-28T14:26:28+08:00 ] /thinkphpTest/admin.php/Index/index | NOTIC: [8] Undefined index:  manage_draft 20eabf8d43f497715f3e1a7ec1a2f00f.php 第 56 行.
[ 2015-02-28T14:26:28+08:00 ] /thinkphpTest/admin.php/Index/index | INFO: Run ParseTemplate Behavior [ RunTime:0.073446s ]
[ 2015-02-28T14:26:28+08:00 ] /thinkphpTest/admin.php/Index/index | INFO: Tag[ view_parse ] --END-- [ RunTime:0.073517s ]
[ 2015-02-28T14:26:28+08:00 ] /thinkphpTest/admin.php/Index/index | INFO: Tag[ view_filter ] --START--
[ 2015-02-28T14:26:28+08:00 ] /thinkphpTest/admin.php/Index/index | INFO: Run ContentReplace Behavior [ RunTime:0.000833s ]
[ 2015-02-28T14:26:28+08:00 ] /thinkphpTest/admin.php/Index/index | INFO: Run TokenBuild Behavior [ RunTime:0.001016s ]
[ 2015-02-28T14:26:28+08:00 ] /thinkphpTest/admin.php/Index/index | INFO: Run WriteHtmlCache Behavior [ RunTime:0.000781s ]
[ 2015-02-28T14:26:28+08:00 ] /thinkphpTest/admin.php/Index/index | INFO: Run ShowRuntime Behavior [ RunTime:0.000944s ]
[ 2015-02-28T14:26:28+08:00 ] /thinkphpTest/admin.php/Index/index | INFO: Tag[ view_filter ] --END-- [ RunTime:0.003748s ]
[ 2015-02-28T14:26:28+08:00 ] /thinkphpTest/admin.php/Index/index | INFO: Tag[ view_end ] --START--
[ 2015-02-28T14:26:28+08:00 ] /thinkphpTest/admin.php/Index/index | INFO: Run ShowPageTrace Behavior [ RunTime:0.000960s ]
[ 2015-02-28T14:26:28+08:00 ] /thinkphpTest/admin.php/Index/index | INFO: Tag[ view_end ] --END-- [ RunTime:0.001013s ]
[ 2015-02-28T14:26:30+08:00 ] /thinkphpTest/admin.php/Memo/add | INFO: Tag[ route_check ] --START--
[ 2015-02-28T14:26:30+08:00 ] /thinkphpTest/admin.php/Memo/add | INFO: Run CheckRoute Behavior [ RunTime:0.002066s ]
[ 2015-02-28T14:26:30+08:00 ] /thinkphpTest/admin.php/Memo/add | INFO: Tag[ route_check ] --END-- [ RunTime:0.002321s ]
[ 2015-02-28T14:26:30+08:00 ] /thinkphpTest/admin.php/Memo/add | INFO: Tag[ app_begin ] --START--
[ 2015-02-28T14:26:30+08:00 ] /thinkphpTest/admin.php/Memo/add | INFO: Run ReadHtmlCache Behavior [ RunTime:0.001439s ]
[ 2015-02-28T14:26:30+08:00 ] /thinkphpTest/admin.php/Memo/add | INFO: Tag[ app_begin ] --END-- [ RunTime:0.001517s ]
[ 2015-02-28T14:26:30+08:00 ] /thinkphpTest/admin.php/Memo/add | INFO: Tag[ view_template ] --START--
[ 2015-02-28T14:26:30+08:00 ] /thinkphpTest/admin.php/Memo/add | INFO: Run LocationTemplate Behavior [ RunTime:0.001507s ]
[ 2015-02-28T14:26:30+08:00 ] /thinkphpTest/admin.php/Memo/add | INFO: Tag[ view_template ] --END-- [ RunTime:0.001588s ]
[ 2015-02-28T14:26:30+08:00 ] /thinkphpTest/admin.php/Memo/add | INFO: Tag[ view_parse ] --START--
[ 2015-02-28T14:26:30+08:00 ] /thinkphpTest/admin.php/Memo/add | NOTIC: [8] Undefined index:  dashboard d0cc88df1229a2e1d495c65057792085.php 第 39 行.
[ 2015-02-28T14:26:30+08:00 ] /thinkphpTest/admin.php/Memo/add | NOTIC: [8] Undefined index:  new_memo d0cc88df1229a2e1d495c65057792085.php 第 47 行.
[ 2015-02-28T14:26:30+08:00 ] /thinkphpTest/admin.php/Memo/add | NOTIC: [8] Undefined index:  manage_memo d0cc88df1229a2e1d495c65057792085.php 第 48 行.
[ 2015-02-28T14:26:30+08:00 ] /thinkphpTest/admin.php/Memo/add | NOTIC: [8] Undefined index:  article d0cc88df1229a2e1d495c65057792085.php 第 53 行.
[ 2015-02-28T14:26:30+08:00 ] /thinkphpTest/admin.php/Memo/add | NOTIC: [8] Undefined index:  new_article d0cc88df1229a2e1d495c65057792085.php 第 55 行.
[ 2015-02-28T14:26:30+08:00 ] /thinkphpTest/admin.php/Memo/add | NOTIC: [8] Undefined index:  manage_article d0cc88df1229a2e1d495c65057792085.php 第 56 行.
[ 2015-02-28T14:26:30+08:00 ] /thinkphpTest/admin.php/Memo/add | NOTIC: [8] Undefined index:  manage_draft d0cc88df1229a2e1d495c65057792085.php 第 57 行.
[ 2015-02-28T14:26:30+08:00 ] /thinkphpTest/admin.php/Memo/add | NOTIC: [8] Undefined variable: memo_item d0cc88df1229a2e1d495c65057792085.php 第 92 行.
[ 2015-02-28T14:26:30+08:00 ] /thinkphpTest/admin.php/Memo/add | NOTIC: [8] Undefined variable: memo_item d0cc88df1229a2e1d495c65057792085.php 第 98 行.
[ 2015-02-28T14:26:30+08:00 ] /thinkphpTest/admin.php/Memo/add | NOTIC: [8] Undefined variable: memo_item d0cc88df1229a2e1d495c65057792085.php 第 101 行.
[ 2015-02-28T14:26:30+08:00 ] /thinkphpTest/admin.php/Memo/add | INFO: Run ParseTemplate Behavior [ RunTime:0.045299s ]
[ 2015-02-28T14:26:30+08:00 ] /thinkphpTest/admin.php/Memo/add | INFO: Tag[ view_parse ] --END-- [ RunTime:0.045378s ]
[ 2015-02-28T14:26:30+08:00 ] /thinkphpTest/admin.php/Memo/add | INFO: Tag[ view_filter ] --START--
[ 2015-02-28T14:26:30+08:00 ] /thinkphpTest/admin.php/Memo/add | INFO: Run ContentReplace Behavior [ RunTime:0.000877s ]
[ 2015-02-28T14:26:30+08:00 ] /thinkphpTest/admin.php/Memo/add | INFO: Run TokenBuild Behavior [ RunTime:0.000818s ]
[ 2015-02-28T14:26:30+08:00 ] /thinkphpTest/admin.php/Memo/add | INFO: Run WriteHtmlCache Behavior [ RunTime:0.000728s ]
[ 2015-02-28T14:26:30+08:00 ] /thinkphpTest/admin.php/Memo/add | INFO: Run ShowRuntime Behavior [ RunTime:0.000839s ]
[ 2015-02-28T14:26:30+08:00 ] /thinkphpTest/admin.php/Memo/add | INFO: Tag[ view_filter ] --END-- [ RunTime:0.003404s ]
[ 2015-02-28T14:26:30+08:00 ] /thinkphpTest/admin.php/Memo/add | INFO: Tag[ view_end ] --START--
[ 2015-02-28T14:26:30+08:00 ] /thinkphpTest/admin.php/Memo/add | INFO: Run ShowPageTrace Behavior [ RunTime:0.000910s ]
[ 2015-02-28T14:26:30+08:00 ] /thinkphpTest/admin.php/Memo/add | INFO: Tag[ view_end ] --END-- [ RunTime:0.000961s ]
[ 2015-02-28T14:26:30+08:00 ] /thinkphpTest/admin.php/Memo/resources/images/closelabel.gif | ERR: (ThinkException) 非法操作resources
[ 2015-02-28T14:26:31+08:00 ] /thinkphpTest/admin.php/Index/resources/images/closelabel.gif | ERR: (ThinkException) 非法操作resources
[ 2015-02-28T15:18:35+08:00 ] /thinkphpTest/admin.php/ | INFO: Tag[ route_check ] --START--
[ 2015-02-28T15:18:35+08:00 ] /thinkphpTest/admin.php/ | INFO: Run CheckRoute Behavior [ RunTime:0.001226s ]
[ 2015-02-28T15:18:35+08:00 ] /thinkphpTest/admin.php/ | INFO: Tag[ route_check ] --END-- [ RunTime:0.001326s ]
[ 2015-02-28T15:18:35+08:00 ] /thinkphpTest/admin.php/ | INFO: Tag[ app_begin ] --START--
[ 2015-02-28T15:18:35+08:00 ] /thinkphpTest/admin.php/ | INFO: Run ReadHtmlCache Behavior [ RunTime:0.000937s ]
[ 2015-02-28T15:18:35+08:00 ] /thinkphpTest/admin.php/ | INFO: Tag[ app_begin ] --END-- [ RunTime:0.001017s ]
[ 2015-02-28T15:18:35+08:00 ] /thinkphpTest/admin.php/ | INFO: Tag[ view_template ] --START--
[ 2015-02-28T15:18:35+08:00 ] /thinkphpTest/admin.php/ | INFO: Run LocationTemplate Behavior [ RunTime:0.001222s ]
[ 2015-02-28T15:18:35+08:00 ] /thinkphpTest/admin.php/ | INFO: Tag[ view_template ] --END-- [ RunTime:0.001285s ]
[ 2015-02-28T15:18:35+08:00 ] /thinkphpTest/admin.php/ | INFO: Tag[ view_parse ] --START--
[ 2015-02-28T15:18:35+08:00 ] /thinkphpTest/admin.php/ | NOTIC: [8] Undefined index:  memo 20eabf8d43f497715f3e1a7ec1a2f00f.php 第 42 行.
[ 2015-02-28T15:18:35+08:00 ] /thinkphpTest/admin.php/ | NOTIC: [8] Undefined index:  new_memo 20eabf8d43f497715f3e1a7ec1a2f00f.php 第 46 行.
[ 2015-02-28T15:18:35+08:00 ] /thinkphpTest/admin.php/ | NOTIC: [8] Undefined index:  manage_memo 20eabf8d43f497715f3e1a7ec1a2f00f.php 第 47 行.
[ 2015-02-28T15:18:35+08:00 ] /thinkphpTest/admin.php/ | NOTIC: [8] Undefined index:  article 20eabf8d43f497715f3e1a7ec1a2f00f.php 第 52 行.
[ 2015-02-28T15:18:35+08:00 ] /thinkphpTest/admin.php/ | NOTIC: [8] Undefined index:  new_article 20eabf8d43f497715f3e1a7ec1a2f00f.php 第 54 行.
[ 2015-02-28T15:18:35+08:00 ] /thinkphpTest/admin.php/ | NOTIC: [8] Undefined index:  manage_article 20eabf8d43f497715f3e1a7ec1a2f00f.php 第 55 行.
[ 2015-02-28T15:18:35+08:00 ] /thinkphpTest/admin.php/ | NOTIC: [8] Undefined index:  manage_draft 20eabf8d43f497715f3e1a7ec1a2f00f.php 第 56 行.
[ 2015-02-28T15:18:35+08:00 ] /thinkphpTest/admin.php/ | INFO: Run ParseTemplate Behavior [ RunTime:0.020076s ]
[ 2015-02-28T15:18:35+08:00 ] /thinkphpTest/admin.php/ | INFO: Tag[ view_parse ] --END-- [ RunTime:0.020143s ]
[ 2015-02-28T15:18:35+08:00 ] /thinkphpTest/admin.php/ | INFO: Tag[ view_filter ] --START--
[ 2015-02-28T15:18:35+08:00 ] /thinkphpTest/admin.php/ | INFO: Run ContentReplace Behavior [ RunTime:0.000852s ]
[ 2015-02-28T15:18:35+08:00 ] /thinkphpTest/admin.php/ | INFO: Run TokenBuild Behavior [ RunTime:0.000782s ]
[ 2015-02-28T15:18:35+08:00 ] /thinkphpTest/admin.php/ | INFO: Run WriteHtmlCache Behavior [ RunTime:0.000666s ]
[ 2015-02-28T15:18:35+08:00 ] /thinkphpTest/admin.php/ | INFO: Run ShowRuntime Behavior [ RunTime:0.000929s ]
[ 2015-02-28T15:18:35+08:00 ] /thinkphpTest/admin.php/ | INFO: Tag[ view_filter ] --END-- [ RunTime:0.003376s ]
[ 2015-02-28T15:18:35+08:00 ] /thinkphpTest/admin.php/ | INFO: Tag[ view_end ] --START--
[ 2015-02-28T15:18:35+08:00 ] /thinkphpTest/admin.php/ | INFO: Run ShowPageTrace Behavior [ RunTime:0.001174s ]
[ 2015-02-28T15:18:35+08:00 ] /thinkphpTest/admin.php/ | INFO: Tag[ view_end ] --END-- [ RunTime:0.001258s ]
[ 2015-02-28T15:18:35+08:00 ] /thinkphpTest/admin.php/resources/images/closelabel.gif | ERR: (ThinkException) 无法加载模块resources
[ 2015-02-28T15:36:54+08:00 ] /thinkphpTest/admin.php/Login/index | INFO: Tag[ route_check ] --START--
[ 2015-02-28T15:36:54+08:00 ] /thinkphpTest/admin.php/Login/index | INFO: Run CheckRoute Behavior [ RunTime:0.000811s ]
[ 2015-02-28T15:36:54+08:00 ] /thinkphpTest/admin.php/Login/index | INFO: Tag[ route_check ] --END-- [ RunTime:0.000913s ]
[ 2015-02-28T15:36:54+08:00 ] /thinkphpTest/admin.php/Login/index | INFO: Tag[ app_begin ] --START--
[ 2015-02-28T15:36:54+08:00 ] /thinkphpTest/admin.php/Login/index | INFO: Run ReadHtmlCache Behavior [ RunTime:0.000518s ]
[ 2015-02-28T15:36:54+08:00 ] /thinkphpTest/admin.php/Login/index | INFO: Tag[ app_begin ] --END-- [ RunTime:0.000585s ]
[ 2015-02-28T15:36:54+08:00 ] /thinkphpTest/admin.php/Login/index | INFO: Tag[ view_template ] --START--
[ 2015-02-28T15:36:54+08:00 ] /thinkphpTest/admin.php/Login/index | INFO: Run LocationTemplate Behavior [ RunTime:0.000409s ]
[ 2015-02-28T15:36:54+08:00 ] /thinkphpTest/admin.php/Login/index | INFO: Tag[ view_template ] --END-- [ RunTime:0.000480s ]
[ 2015-02-28T15:36:54+08:00 ] /thinkphpTest/admin.php/Login/index | INFO: Tag[ view_parse ] --START--
[ 2015-02-28T15:36:54+08:00 ] /thinkphpTest/admin.php/Login/index | INFO: Run ParseTemplate Behavior [ RunTime:0.010835s ]
[ 2015-02-28T15:36:54+08:00 ] /thinkphpTest/admin.php/Login/index | INFO: Tag[ view_parse ] --END-- [ RunTime:0.010931s ]
[ 2015-02-28T15:36:54+08:00 ] /thinkphpTest/admin.php/Login/index | INFO: Tag[ view_filter ] --START--
[ 2015-02-28T15:36:54+08:00 ] /thinkphpTest/admin.php/Login/index | INFO: Run ContentReplace Behavior [ RunTime:0.000390s ]
[ 2015-02-28T15:36:54+08:00 ] /thinkphpTest/admin.php/Login/index | INFO: Run TokenBuild Behavior [ RunTime:0.000412s ]
[ 2015-02-28T15:36:54+08:00 ] /thinkphpTest/admin.php/Login/index | INFO: Run WriteHtmlCache Behavior [ RunTime:0.000259s ]
[ 2015-02-28T15:36:54+08:00 ] /thinkphpTest/admin.php/Login/index | INFO: Run ShowRuntime Behavior [ RunTime:0.000435s ]
[ 2015-02-28T15:36:54+08:00 ] /thinkphpTest/admin.php/Login/index | INFO: Tag[ view_filter ] --END-- [ RunTime:0.001668s ]
[ 2015-02-28T15:36:54+08:00 ] /thinkphpTest/admin.php/Login/index | INFO: Tag[ view_end ] --START--
[ 2015-02-28T15:36:54+08:00 ] /thinkphpTest/admin.php/Login/index | INFO: Run ShowPageTrace Behavior [ RunTime:0.000437s ]
[ 2015-02-28T15:36:54+08:00 ] /thinkphpTest/admin.php/Login/index | INFO: Tag[ view_end ] --END-- [ RunTime:0.000495s ]
[ 2015-02-28T15:36:54+08:00 ] /thinkphpTest/admin.php/Login/resources/images/closelabel.gif | ERR: (ThinkException) 非法操作resources
[ 2015-02-28T15:36:55+08:00 ] /thinkphpTest/admin.php/Login/inde | ERR: (ThinkException) 非法操作inde
[ 2015-02-28T15:37:00+08:00 ] /thinkphpTest/admin.php/Login/ | INFO: Tag[ route_check ] --START--
[ 2015-02-28T15:37:00+08:00 ] /thinkphpTest/admin.php/Login/ | INFO: Run CheckRoute Behavior [ RunTime:0.002069s ]
[ 2015-02-28T15:37:00+08:00 ] /thinkphpTest/admin.php/Login/ | INFO: Tag[ route_check ] --END-- [ RunTime:0.002522s ]
[ 2015-02-28T15:37:00+08:00 ] /thinkphpTest/admin.php/Login/ | INFO: Tag[ app_begin ] --START--
[ 2015-02-28T15:37:00+08:00 ] /thinkphpTest/admin.php/Login/ | INFO: Run ReadHtmlCache Behavior [ RunTime:0.003209s ]
[ 2015-02-28T15:37:00+08:00 ] /thinkphpTest/admin.php/Login/ | INFO: Tag[ app_begin ] --END-- [ RunTime:0.003437s ]
[ 2015-02-28T15:37:00+08:00 ] /thinkphpTest/admin.php/Login/ | INFO: Tag[ view_template ] --START--
[ 2015-02-28T15:37:00+08:00 ] /thinkphpTest/admin.php/Login/ | INFO: Run LocationTemplate Behavior [ RunTime:0.004349s ]
[ 2015-02-28T15:37:00+08:00 ] /thinkphpTest/admin.php/Login/ | INFO: Tag[ view_template ] --END-- [ RunTime:0.004477s ]
[ 2015-02-28T15:37:00+08:00 ] /thinkphpTest/admin.php/Login/ | INFO: Tag[ view_parse ] --START--
[ 2015-02-28T15:37:00+08:00 ] /thinkphpTest/admin.php/Login/ | INFO: Run ParseTemplate Behavior [ RunTime:0.012789s ]
[ 2015-02-28T15:37:00+08:00 ] /thinkphpTest/admin.php/Login/ | INFO: Tag[ view_parse ] --END-- [ RunTime:0.012886s ]
[ 2015-02-28T15:37:00+08:00 ] /thinkphpTest/admin.php/Login/ | INFO: Tag[ view_filter ] --START--
[ 2015-02-28T15:37:00+08:00 ] /thinkphpTest/admin.php/Login/ | INFO: Run ContentReplace Behavior [ RunTime:0.000802s ]
[ 2015-02-28T15:37:00+08:00 ] /thinkphpTest/admin.php/Login/ | INFO: Run TokenBuild Behavior [ RunTime:0.000856s ]
[ 2015-02-28T15:37:00+08:00 ] /thinkphpTest/admin.php/Login/ | INFO: Run WriteHtmlCache Behavior [ RunTime:0.000664s ]
[ 2015-02-28T15:37:00+08:00 ] /thinkphpTest/admin.php/Login/ | INFO: Run ShowRuntime Behavior [ RunTime:0.001250s ]
[ 2015-02-28T15:37:00+08:00 ] /thinkphpTest/admin.php/Login/ | INFO: Tag[ view_filter ] --END-- [ RunTime:0.003735s ]
[ 2015-02-28T15:37:00+08:00 ] /thinkphpTest/admin.php/Login/ | INFO: Tag[ view_end ] --START--
[ 2015-02-28T15:37:00+08:00 ] /thinkphpTest/admin.php/Login/ | INFO: Run ShowPageTrace Behavior [ RunTime:0.000838s ]
[ 2015-02-28T15:37:00+08:00 ] /thinkphpTest/admin.php/Login/ | INFO: Tag[ view_end ] --END-- [ RunTime:0.000906s ]
[ 2015-02-28T15:37:00+08:00 ] /thinkphpTest/admin.php/Login/resources/images/closelabel.gif | ERR: (ThinkException) 非法操作resources
[ 2015-02-28T15:43:33+08:00 ] /thinkphpTest/admin.php/Login/index | INFO: Tag[ route_check ] --START--
[ 2015-02-28T15:43:33+08:00 ] /thinkphpTest/admin.php/Login/index | INFO: Run CheckRoute Behavior [ RunTime:0.002246s ]
[ 2015-02-28T15:43:33+08:00 ] /thinkphpTest/admin.php/Login/index | INFO: Tag[ route_check ] --END-- [ RunTime:0.002657s ]
[ 2015-02-28T15:43:33+08:00 ] /thinkphpTest/admin.php/Login/index | INFO: Tag[ app_begin ] --START--
[ 2015-02-28T15:43:33+08:00 ] /thinkphpTest/admin.php/Login/index | INFO: Run ReadHtmlCache Behavior [ RunTime:0.001151s ]
[ 2015-02-28T15:43:33+08:00 ] /thinkphpTest/admin.php/Login/index | INFO: Tag[ app_begin ] --END-- [ RunTime:0.001412s ]
[ 2015-02-28T15:43:33+08:00 ] /thinkphpTest/admin.php/Login/index | INFO: Tag[ view_template ] --START--
[ 2015-02-28T15:43:33+08:00 ] /thinkphpTest/admin.php/Login/index | INFO: Run LocationTemplate Behavior [ RunTime:0.001055s ]
[ 2015-02-28T15:43:33+08:00 ] /thinkphpTest/admin.php/Login/index | INFO: Tag[ view_template ] --END-- [ RunTime:0.001140s ]
[ 2015-02-28T15:43:33+08:00 ] /thinkphpTest/admin.php/Login/index | INFO: Tag[ view_parse ] --START--
[ 2015-02-28T15:43:33+08:00 ] /thinkphpTest/admin.php/Login/index | INFO: Run ParseTemplate Behavior [ RunTime:0.010568s ]
[ 2015-02-28T15:43:33+08:00 ] /thinkphpTest/admin.php/Login/index | INFO: Tag[ view_parse ] --END-- [ RunTime:0.010665s ]
[ 2015-02-28T15:43:33+08:00 ] /thinkphpTest/admin.php/Login/index | INFO: Tag[ view_filter ] --START--
[ 2015-02-28T15:43:33+08:00 ] /thinkphpTest/admin.php/Login/index | INFO: Run ContentReplace Behavior [ RunTime:0.000404s ]
[ 2015-02-28T15:43:33+08:00 ] /thinkphpTest/admin.php/Login/index | INFO: Run TokenBuild Behavior [ RunTime:0.000397s ]
[ 2015-02-28T15:43:33+08:00 ] /thinkphpTest/admin.php/Login/index | INFO: Run WriteHtmlCache Behavior [ RunTime:0.000246s ]
[ 2015-02-28T15:43:33+08:00 ] /thinkphpTest/admin.php/Login/index | INFO: Run ShowRuntime Behavior [ RunTime:0.001252s ]
[ 2015-02-28T15:43:33+08:00 ] /thinkphpTest/admin.php/Login/index | INFO: Tag[ view_filter ] --END-- [ RunTime:0.002477s ]
[ 2015-02-28T15:43:33+08:00 ] /thinkphpTest/admin.php/Login/index | INFO: Tag[ view_end ] --START--
[ 2015-02-28T15:43:33+08:00 ] /thinkphpTest/admin.php/Login/index | INFO: Run ShowPageTrace Behavior [ RunTime:0.000560s ]
[ 2015-02-28T15:43:33+08:00 ] /thinkphpTest/admin.php/Login/index | INFO: Tag[ view_end ] --END-- [ RunTime:0.000614s ]
[ 2015-02-28T15:43:34+08:00 ] /thinkphpTest/admin.php/Login/resources/images/closelabel.gif | ERR: (ThinkException) 非法操作resources
[ 2015-02-28T16:22:34+08:00 ] /thinkphpTest/admin.php/Login/index | INFO: Tag[ route_check ] --START--
[ 2015-02-28T16:22:34+08:00 ] /thinkphpTest/admin.php/Login/index | INFO: Run CheckRoute Behavior [ RunTime:0.000985s ]
[ 2015-02-28T16:22:34+08:00 ] /thinkphpTest/admin.php/Login/index | INFO: Tag[ route_check ] --END-- [ RunTime:0.001115s ]
[ 2015-02-28T16:22:34+08:00 ] /thinkphpTest/admin.php/Login/index | INFO: Tag[ app_begin ] --START--
[ 2015-02-28T16:22:34+08:00 ] /thinkphpTest/admin.php/Login/index | INFO: Run ReadHtmlCache Behavior [ RunTime:0.000693s ]
[ 2015-02-28T16:22:34+08:00 ] /thinkphpTest/admin.php/Login/index | INFO: Tag[ app_begin ] --END-- [ RunTime:0.000787s ]
[ 2015-02-28T16:22:34+08:00 ] /thinkphpTest/admin.php/Login/index | INFO: Tag[ view_template ] --START--
[ 2015-02-28T16:22:34+08:00 ] /thinkphpTest/admin.php/Login/index | INFO: Run LocationTemplate Behavior [ RunTime:0.001834s ]
[ 2015-02-28T16:22:34+08:00 ] /thinkphpTest/admin.php/Login/index | INFO: Tag[ view_template ] --END-- [ RunTime:0.002149s ]
[ 2015-02-28T16:22:34+08:00 ] /thinkphpTest/admin.php/Login/index | INFO: Tag[ view_parse ] --START--
[ 2015-02-28T16:22:34+08:00 ] /thinkphpTest/admin.php/Login/index | INFO: Run ParseTemplate Behavior [ RunTime:0.012305s ]
[ 2015-02-28T16:22:34+08:00 ] /thinkphpTest/admin.php/Login/index | INFO: Tag[ view_parse ] --END-- [ RunTime:0.012471s ]
[ 2015-02-28T16:22:34+08:00 ] /thinkphpTest/admin.php/Login/index | INFO: Tag[ view_filter ] --START--
[ 2015-02-28T16:22:34+08:00 ] /thinkphpTest/admin.php/Login/index | INFO: Run ContentReplace Behavior [ RunTime:0.000574s ]
[ 2015-02-28T16:22:34+08:00 ] /thinkphpTest/admin.php/Login/index | INFO: Run TokenBuild Behavior [ RunTime:0.000459s ]
[ 2015-02-28T16:22:34+08:00 ] /thinkphpTest/admin.php/Login/index | INFO: Run WriteHtmlCache Behavior [ RunTime:0.000229s ]
[ 2015-02-28T16:22:34+08:00 ] /thinkphpTest/admin.php/Login/index | INFO: Run ShowRuntime Behavior [ RunTime:0.000399s ]
[ 2015-02-28T16:22:34+08:00 ] /thinkphpTest/admin.php/Login/index | INFO: Tag[ view_filter ] --END-- [ RunTime:0.001897s ]
[ 2015-02-28T16:22:34+08:00 ] /thinkphpTest/admin.php/Login/index | INFO: Tag[ view_end ] --START--
[ 2015-02-28T16:22:34+08:00 ] /thinkphpTest/admin.php/Login/index | INFO: Run ShowPageTrace Behavior [ RunTime:0.000390s ]
[ 2015-02-28T16:22:34+08:00 ] /thinkphpTest/admin.php/Login/index | INFO: Tag[ view_end ] --END-- [ RunTime:0.000443s ]
[ 2015-02-28T16:22:34+08:00 ] /thinkphpTest/admin.php/Login/resources/images/closelabel.gif | ERR: (ThinkException) 非法操作resources
[ 2015-02-28T16:23:19+08:00 ] /thinkphpTest/admin.php/Login/index | INFO: Tag[ route_check ] --START--
[ 2015-02-28T16:23:19+08:00 ] /thinkphpTest/admin.php/Login/index | INFO: Run CheckRoute Behavior [ RunTime:0.000722s ]
[ 2015-02-28T16:23:19+08:00 ] /thinkphpTest/admin.php/Login/index | INFO: Tag[ route_check ] --END-- [ RunTime:0.000821s ]
[ 2015-02-28T16:23:19+08:00 ] /thinkphpTest/admin.php/Login/index | INFO: Tag[ app_begin ] --START--
[ 2015-02-28T16:23:19+08:00 ] /thinkphpTest/admin.php/Login/index | INFO: Run ReadHtmlCache Behavior [ RunTime:0.000464s ]
[ 2015-02-28T16:23:19+08:00 ] /thinkphpTest/admin.php/Login/index | INFO: Tag[ app_begin ] --END-- [ RunTime:0.000519s ]
[ 2015-02-28T16:23:19+08:00 ] /thinkphpTest/admin.php/Login/index | INFO: Tag[ view_template ] --START--
[ 2015-02-28T16:23:19+08:00 ] /thinkphpTest/admin.php/Login/index | INFO: Run LocationTemplate Behavior [ RunTime:0.000326s ]
[ 2015-02-28T16:23:19+08:00 ] /thinkphpTest/admin.php/Login/index | INFO: Tag[ view_template ] --END-- [ RunTime:0.000380s ]
[ 2015-02-28T16:23:19+08:00 ] /thinkphpTest/admin.php/Login/index | INFO: Tag[ view_parse ] --START--
[ 2015-02-28T16:23:19+08:00 ] /thinkphpTest/admin.php/Login/index | INFO: Run ParseTemplate Behavior [ RunTime:0.009554s ]
[ 2015-02-28T16:23:19+08:00 ] /thinkphpTest/admin.php/Login/index | INFO: Tag[ view_parse ] --END-- [ RunTime:0.009837s ]
[ 2015-02-28T16:23:19+08:00 ] /thinkphpTest/admin.php/Login/index | INFO: Tag[ view_filter ] --START--
[ 2015-02-28T16:23:19+08:00 ] /thinkphpTest/admin.php/Login/index | INFO: Run ContentReplace Behavior [ RunTime:0.000706s ]
[ 2015-02-28T16:23:19+08:00 ] /thinkphpTest/admin.php/Login/index | INFO: Run TokenBuild Behavior [ RunTime:0.000414s ]
[ 2015-02-28T16:23:19+08:00 ] /thinkphpTest/admin.php/Login/index | INFO: Run WriteHtmlCache Behavior [ RunTime:0.000221s ]
[ 2015-02-28T16:23:19+08:00 ] /thinkphpTest/admin.php/Login/index | INFO: Run ShowRuntime Behavior [ RunTime:0.000388s ]
[ 2015-02-28T16:23:19+08:00 ] /thinkphpTest/admin.php/Login/index | INFO: Tag[ view_filter ] --END-- [ RunTime:0.001994s ]
[ 2015-02-28T16:23:19+08:00 ] /thinkphpTest/admin.php/Login/index | INFO: Tag[ view_end ] --START--
[ 2015-02-28T16:23:19+08:00 ] /thinkphpTest/admin.php/Login/index | INFO: Run ShowPageTrace Behavior [ RunTime:0.000398s ]
[ 2015-02-28T16:23:19+08:00 ] /thinkphpTest/admin.php/Login/index | INFO: Tag[ view_end ] --END-- [ RunTime:0.000451s ]
[ 2015-02-28T16:23:19+08:00 ] /thinkphpTest/admin.php/Login/resources/images/closelabel.gif | ERR: (ThinkException) 非法操作resources
[ 2015-02-28T16:23:21+08:00 ] /thinkphpTest/admin.php/Index/index | INFO: Tag[ route_check ] --START--
[ 2015-02-28T16:23:21+08:00 ] /thinkphpTest/admin.php/Index/index | INFO: Run CheckRoute Behavior [ RunTime:0.000908s ]
[ 2015-02-28T16:23:21+08:00 ] /thinkphpTest/admin.php/Index/index | INFO: Tag[ route_check ] --END-- [ RunTime:0.001025s ]
[ 2015-02-28T16:23:21+08:00 ] /thinkphpTest/admin.php/Index/index | INFO: Tag[ app_begin ] --START--
[ 2015-02-28T16:23:21+08:00 ] /thinkphpTest/admin.php/Index/index | INFO: Run ReadHtmlCache Behavior [ RunTime:0.000473s ]
[ 2015-02-28T16:23:21+08:00 ] /thinkphpTest/admin.php/Index/index | INFO: Tag[ app_begin ] --END-- [ RunTime:0.000535s ]
[ 2015-02-28T16:23:21+08:00 ] /thinkphpTest/admin.php/Index/index | INFO: Tag[ view_template ] --START--
[ 2015-02-28T16:23:21+08:00 ] /thinkphpTest/admin.php/Index/index | INFO: Run LocationTemplate Behavior [ RunTime:0.000917s ]
[ 2015-02-28T16:23:21+08:00 ] /thinkphpTest/admin.php/Index/index | INFO: Tag[ view_template ] --END-- [ RunTime:0.001018s ]
[ 2015-02-28T16:23:21+08:00 ] /thinkphpTest/admin.php/Index/index | INFO: Tag[ view_parse ] --START--
[ 2015-02-28T16:23:21+08:00 ] /thinkphpTest/admin.php/Index/index | NOTIC: [8] Undefined index:  memo 20eabf8d43f497715f3e1a7ec1a2f00f.php 第 42 行.
[ 2015-02-28T16:23:21+08:00 ] /thinkphpTest/admin.php/Index/index | NOTIC: [8] Undefined index:  new_memo 20eabf8d43f497715f3e1a7ec1a2f00f.php 第 46 行.
[ 2015-02-28T16:23:21+08:00 ] /thinkphpTest/admin.php/Index/index | NOTIC: [8] Undefined index:  manage_memo 20eabf8d43f497715f3e1a7ec1a2f00f.php 第 47 行.
[ 2015-02-28T16:23:21+08:00 ] /thinkphpTest/admin.php/Index/index | NOTIC: [8] Undefined index:  article 20eabf8d43f497715f3e1a7ec1a2f00f.php 第 52 行.
[ 2015-02-28T16:23:21+08:00 ] /thinkphpTest/admin.php/Index/index | NOTIC: [8] Undefined index:  new_article 20eabf8d43f497715f3e1a7ec1a2f00f.php 第 54 行.
[ 2015-02-28T16:23:21+08:00 ] /thinkphpTest/admin.php/Index/index | NOTIC: [8] Undefined index:  manage_article 20eabf8d43f497715f3e1a7ec1a2f00f.php 第 55 行.
[ 2015-02-28T16:23:21+08:00 ] /thinkphpTest/admin.php/Index/index | NOTIC: [8] Undefined index:  manage_draft 20eabf8d43f497715f3e1a7ec1a2f00f.php 第 56 行.
[ 2015-02-28T16:23:21+08:00 ] /thinkphpTest/admin.php/Index/index | INFO: Run ParseTemplate Behavior [ RunTime:0.021157s ]
[ 2015-02-28T16:23:21+08:00 ] /thinkphpTest/admin.php/Index/index | INFO: Tag[ view_parse ] --END-- [ RunTime:0.021234s ]
[ 2015-02-28T16:23:21+08:00 ] /thinkphpTest/admin.php/Index/index | INFO: Tag[ view_filter ] --START--
[ 2015-02-28T16:23:21+08:00 ] /thinkphpTest/admin.php/Index/index | INFO: Run ContentReplace Behavior [ RunTime:0.000418s ]
[ 2015-02-28T16:23:21+08:00 ] /thinkphpTest/admin.php/Index/index | INFO: Run TokenBuild Behavior [ RunTime:0.000386s ]
[ 2015-02-28T16:23:21+08:00 ] /thinkphpTest/admin.php/Index/index | INFO: Run WriteHtmlCache Behavior [ RunTime:0.000226s ]
[ 2015-02-28T16:23:21+08:00 ] /thinkphpTest/admin.php/Index/index | INFO: Run ShowRuntime Behavior [ RunTime:0.000406s ]
[ 2015-02-28T16:23:21+08:00 ] /thinkphpTest/admin.php/Index/index | INFO: Tag[ view_filter ] --END-- [ RunTime:0.001601s ]
[ 2015-02-28T16:23:21+08:00 ] /thinkphpTest/admin.php/Index/index | INFO: Tag[ view_end ] --START--
[ 2015-02-28T16:23:21+08:00 ] /thinkphpTest/admin.php/Index/index | INFO: Run ShowPageTrace Behavior [ RunTime:0.000432s ]
[ 2015-02-28T16:23:21+08:00 ] /thinkphpTest/admin.php/Index/index | INFO: Tag[ view_end ] --END-- [ RunTime:0.000497s ]
[ 2015-02-28T16:23:21+08:00 ] /thinkphpTest/admin.php/Index/resources/images/closelabel.gif | ERR: (ThinkException) 非法操作resources
[ 2015-02-28T16:38:34+08:00 ] /thinkphpTest/admin.php/ | INFO: Tag[ route_check ] --START--
[ 2015-02-28T16:38:34+08:00 ] /thinkphpTest/admin.php/ | INFO: Run CheckRoute Behavior [ RunTime:0.001229s ]
[ 2015-02-28T16:38:34+08:00 ] /thinkphpTest/admin.php/ | INFO: Tag[ route_check ] --END-- [ RunTime:0.001332s ]
[ 2015-02-28T16:38:34+08:00 ] /thinkphpTest/admin.php/ | INFO: Tag[ app_begin ] --START--
[ 2015-02-28T16:38:34+08:00 ] /thinkphpTest/admin.php/ | INFO: Run ReadHtmlCache Behavior [ RunTime:0.000935s ]
[ 2015-02-28T16:38:34+08:00 ] /thinkphpTest/admin.php/ | INFO: Tag[ app_begin ] --END-- [ RunTime:0.000990s ]
[ 2015-02-28T16:38:34+08:00 ] /thinkphpTest/admin.php/ | INFO: Tag[ view_template ] --START--
[ 2015-02-28T16:38:34+08:00 ] /thinkphpTest/admin.php/ | INFO: Run LocationTemplate Behavior [ RunTime:0.001843s ]
[ 2015-02-28T16:38:34+08:00 ] /thinkphpTest/admin.php/ | INFO: Tag[ view_template ] --END-- [ RunTime:0.002060s ]
[ 2015-02-28T16:38:34+08:00 ] /thinkphpTest/admin.php/ | INFO: Tag[ view_parse ] --START--
[ 2015-02-28T16:38:34+08:00 ] /thinkphpTest/admin.php/ | NOTIC: [8] Undefined index:  memo 20eabf8d43f497715f3e1a7ec1a2f00f.php 第 42 行.
[ 2015-02-28T16:38:34+08:00 ] /thinkphpTest/admin.php/ | NOTIC: [8] Undefined index:  new_memo 20eabf8d43f497715f3e1a7ec1a2f00f.php 第 46 行.
[ 2015-02-28T16:38:34+08:00 ] /thinkphpTest/admin.php/ | NOTIC: [8] Undefined index:  manage_memo 20eabf8d43f497715f3e1a7ec1a2f00f.php 第 47 行.
[ 2015-02-28T16:38:34+08:00 ] /thinkphpTest/admin.php/ | NOTIC: [8] Undefined index:  article 20eabf8d43f497715f3e1a7ec1a2f00f.php 第 52 行.
[ 2015-02-28T16:38:34+08:00 ] /thinkphpTest/admin.php/ | NOTIC: [8] Undefined index:  new_article 20eabf8d43f497715f3e1a7ec1a2f00f.php 第 54 行.
[ 2015-02-28T16:38:34+08:00 ] /thinkphpTest/admin.php/ | NOTIC: [8] Undefined index:  manage_article 20eabf8d43f497715f3e1a7ec1a2f00f.php 第 55 行.
[ 2015-02-28T16:38:34+08:00 ] /thinkphpTest/admin.php/ | NOTIC: [8] Undefined index:  manage_draft 20eabf8d43f497715f3e1a7ec1a2f00f.php 第 56 行.
[ 2015-02-28T16:38:34+08:00 ] /thinkphpTest/admin.php/ | INFO: Run ParseTemplate Behavior [ RunTime:0.021282s ]
[ 2015-02-28T16:38:34+08:00 ] /thinkphpTest/admin.php/ | INFO: Tag[ view_parse ] --END-- [ RunTime:0.021381s ]
[ 2015-02-28T16:38:34+08:00 ] /thinkphpTest/admin.php/ | INFO: Tag[ view_filter ] --START--
[ 2015-02-28T16:38:34+08:00 ] /thinkphpTest/admin.php/ | INFO: Run ContentReplace Behavior [ RunTime:0.000932s ]
[ 2015-02-28T16:38:34+08:00 ] /thinkphpTest/admin.php/ | INFO: Run TokenBuild Behavior [ RunTime:0.000890s ]
[ 2015-02-28T16:38:34+08:00 ] /thinkphpTest/admin.php/ | INFO: Run WriteHtmlCache Behavior [ RunTime:0.000685s ]
[ 2015-02-28T16:38:34+08:00 ] /thinkphpTest/admin.php/ | INFO: Run ShowRuntime Behavior [ RunTime:0.001122s ]
[ 2015-02-28T16:38:34+08:00 ] /thinkphpTest/admin.php/ | INFO: Tag[ view_filter ] --END-- [ RunTime:0.003918s ]
[ 2015-02-28T16:38:34+08:00 ] /thinkphpTest/admin.php/ | INFO: Tag[ view_end ] --START--
[ 2015-02-28T16:38:34+08:00 ] /thinkphpTest/admin.php/ | INFO: Run ShowPageTrace Behavior [ RunTime:0.002221s ]
[ 2015-02-28T16:38:34+08:00 ] /thinkphpTest/admin.php/ | INFO: Tag[ view_end ] --END-- [ RunTime:0.002442s ]
[ 2015-02-28T16:38:34+08:00 ] /thinkphpTest/admin.php/resources/images/closelabel.gif | ERR: (ThinkException) 无法加载模块resources
