[ 2015-03-23T20:06:31+08:00 ] /thinkphpTest/admin.php/Login/index | INFO: Tag[ route_check ] --START--
[ 2015-03-23T20:06:31+08:00 ] /thinkphpTest/admin.php/Login/index | INFO: Run CheckRoute Behavior [ RunTime:0.000768s ]
[ 2015-03-23T20:06:31+08:00 ] /thinkphpTest/admin.php/Login/index | INFO: Tag[ route_check ] --END-- [ RunTime:0.000865s ]
[ 2015-03-23T20:06:31+08:00 ] /thinkphpTest/admin.php/Login/index | INFO: Tag[ app_begin ] --START--
[ 2015-03-23T20:06:31+08:00 ] /thinkphpTest/admin.php/Login/index | INFO: Run ReadHtmlCache Behavior [ RunTime:0.000463s ]
[ 2015-03-23T20:06:31+08:00 ] /thinkphpTest/admin.php/Login/index | INFO: Tag[ app_begin ] --END-- [ RunTime:0.000518s ]
[ 2015-03-23T20:06:31+08:00 ] /thinkphpTest/admin.php/Login/index | INFO: Tag[ view_template ] --START--
[ 2015-03-23T20:06:31+08:00 ] /thinkphpTest/admin.php/Login/index | INFO: Run LocationTemplate Behavior [ RunTime:0.000398s ]
[ 2015-03-23T20:06:31+08:00 ] /thinkphpTest/admin.php/Login/index | INFO: Tag[ view_template ] --END-- [ RunTime:0.000492s ]
[ 2015-03-23T20:06:31+08:00 ] /thinkphpTest/admin.php/Login/index | INFO: Tag[ view_parse ] --START--
[ 2015-03-23T20:06:31+08:00 ] /thinkphpTest/admin.php/Login/index | INFO: Run ParseTemplate Behavior [ RunTime:0.059431s ]
[ 2015-03-23T20:06:31+08:00 ] /thinkphpTest/admin.php/Login/index | INFO: Tag[ view_parse ] --END-- [ RunTime:0.059643s ]
[ 2015-03-23T20:06:31+08:00 ] /thinkphpTest/admin.php/Login/index | INFO: Tag[ view_filter ] --START--
[ 2015-03-23T20:06:31+08:00 ] /thinkphpTest/admin.php/Login/index | INFO: Run ContentReplace Behavior [ RunTime:0.001271s ]
[ 2015-03-23T20:06:31+08:00 ] /thinkphpTest/admin.php/Login/index | INFO: Run TokenBuild Behavior [ RunTime:0.001079s ]
[ 2015-03-23T20:06:31+08:00 ] /thinkphpTest/admin.php/Login/index | INFO: Run WriteHtmlCache Behavior [ RunTime:0.000556s ]
[ 2015-03-23T20:06:31+08:00 ] /thinkphpTest/admin.php/Login/index | INFO: Run ShowRuntime Behavior [ RunTime:0.000990s ]
[ 2015-03-23T20:06:31+08:00 ] /thinkphpTest/admin.php/Login/index | INFO: Tag[ view_filter ] --END-- [ RunTime:0.004365s ]
[ 2015-03-23T20:06:31+08:00 ] /thinkphpTest/admin.php/Login/index | INFO: Tag[ view_end ] --START--
[ 2015-03-23T20:06:31+08:00 ] /thinkphpTest/admin.php/Login/index | INFO: Run ShowPageTrace Behavior [ RunTime:0.001142s ]
[ 2015-03-23T20:06:31+08:00 ] /thinkphpTest/admin.php/Login/index | INFO: Tag[ view_end ] --END-- [ RunTime:0.001424s ]
[ 2015-03-23T20:06:31+08:00 ] /thinkphpTest/admin.php/Login/resources/images/closelabel.gif | ERR: (ThinkException) 非法操作resources
[ 2015-03-23T20:09:47+08:00 ] /thinkphpTest/admin.php/Index/index | INFO: Tag[ route_check ] --START--
[ 2015-03-23T20:09:47+08:00 ] /thinkphpTest/admin.php/Index/index | INFO: Run CheckRoute Behavior [ RunTime:0.001103s ]
[ 2015-03-23T20:09:47+08:00 ] /thinkphpTest/admin.php/Index/index | INFO: Tag[ route_check ] --END-- [ RunTime:0.001257s ]
[ 2015-03-23T20:09:47+08:00 ] /thinkphpTest/admin.php/Index/index | INFO: Tag[ app_begin ] --START--
[ 2015-03-23T20:09:47+08:00 ] /thinkphpTest/admin.php/Index/index | INFO: Run ReadHtmlCache Behavior [ RunTime:0.000672s ]
[ 2015-03-23T20:09:47+08:00 ] /thinkphpTest/admin.php/Index/index | INFO: Tag[ app_begin ] --END-- [ RunTime:0.000792s ]
[ 2015-03-23T20:09:47+08:00 ] /thinkphpTest/admin.php/Index/index | INFO: Tag[ view_template ] --START--
[ 2015-03-23T20:09:47+08:00 ] /thinkphpTest/admin.php/Index/index | INFO: Run LocationTemplate Behavior [ RunTime:0.018749s ]
[ 2015-03-23T20:09:47+08:00 ] /thinkphpTest/admin.php/Index/index | INFO: Tag[ view_template ] --END-- [ RunTime:0.018877s ]
[ 2015-03-23T20:09:47+08:00 ] /thinkphpTest/admin.php/Index/index | INFO: Tag[ view_parse ] --START--
[ 2015-03-23T20:09:47+08:00 ] /thinkphpTest/admin.php/Index/index | NOTIC: [8] Undefined index:  memo 20eabf8d43f497715f3e1a7ec1a2f00f.php 第 42 行.
[ 2015-03-23T20:09:47+08:00 ] /thinkphpTest/admin.php/Index/index | NOTIC: [8] Undefined index:  new_memo 20eabf8d43f497715f3e1a7ec1a2f00f.php 第 46 行.
[ 2015-03-23T20:09:47+08:00 ] /thinkphpTest/admin.php/Index/index | NOTIC: [8] Undefined index:  manage_memo 20eabf8d43f497715f3e1a7ec1a2f00f.php 第 47 行.
[ 2015-03-23T20:09:47+08:00 ] /thinkphpTest/admin.php/Index/index | NOTIC: [8] Undefined index:  article 20eabf8d43f497715f3e1a7ec1a2f00f.php 第 52 行.
[ 2015-03-23T20:09:47+08:00 ] /thinkphpTest/admin.php/Index/index | NOTIC: [8] Undefined index:  new_article 20eabf8d43f497715f3e1a7ec1a2f00f.php 第 54 行.
[ 2015-03-23T20:09:47+08:00 ] /thinkphpTest/admin.php/Index/index | NOTIC: [8] Undefined index:  manage_article 20eabf8d43f497715f3e1a7ec1a2f00f.php 第 55 行.
[ 2015-03-23T20:09:47+08:00 ] /thinkphpTest/admin.php/Index/index | NOTIC: [8] Undefined index:  manage_draft 20eabf8d43f497715f3e1a7ec1a2f00f.php 第 56 行.
[ 2015-03-23T20:09:47+08:00 ] /thinkphpTest/admin.php/Index/index | INFO: Run ParseTemplate Behavior [ RunTime:0.085200s ]
[ 2015-03-23T20:09:47+08:00 ] /thinkphpTest/admin.php/Index/index | INFO: Tag[ view_parse ] --END-- [ RunTime:0.085278s ]
[ 2015-03-23T20:09:47+08:00 ] /thinkphpTest/admin.php/Index/index | INFO: Tag[ view_filter ] --START--
[ 2015-03-23T20:09:47+08:00 ] /thinkphpTest/admin.php/Index/index | INFO: Run ContentReplace Behavior [ RunTime:0.000822s ]
[ 2015-03-23T20:09:47+08:00 ] /thinkphpTest/admin.php/Index/index | INFO: Run TokenBuild Behavior [ RunTime:0.000936s ]
[ 2015-03-23T20:09:47+08:00 ] /thinkphpTest/admin.php/Index/index | INFO: Run WriteHtmlCache Behavior [ RunTime:0.000865s ]
[ 2015-03-23T20:09:47+08:00 ] /thinkphpTest/admin.php/Index/index | INFO: Run ShowRuntime Behavior [ RunTime:0.000985s ]
[ 2015-03-23T20:09:47+08:00 ] /thinkphpTest/admin.php/Index/index | INFO: Tag[ view_filter ] --END-- [ RunTime:0.003781s ]
[ 2015-03-23T20:09:47+08:00 ] /thinkphpTest/admin.php/Index/index | INFO: Tag[ view_end ] --START--
[ 2015-03-23T20:09:47+08:00 ] /thinkphpTest/admin.php/Index/index | INFO: Run ShowPageTrace Behavior [ RunTime:0.001007s ]
[ 2015-03-23T20:09:47+08:00 ] /thinkphpTest/admin.php/Index/index | INFO: Tag[ view_end ] --END-- [ RunTime:0.001063s ]
[ 2015-03-23T20:09:47+08:00 ] /thinkphpTest/admin.php/Index/resources/images/closelabel.gif | ERR: (ThinkException) 非法操作resources
[ 2015-03-23T23:36:07+08:00 ] /thinkphpTest/admin.php/Login/index | INFO: Tag[ route_check ] --START--
[ 2015-03-23T23:36:07+08:00 ] /thinkphpTest/admin.php/Login/index | INFO: Run CheckRoute Behavior [ RunTime:0.000967s ]
[ 2015-03-23T23:36:07+08:00 ] /thinkphpTest/admin.php/Login/index | INFO: Tag[ route_check ] --END-- [ RunTime:0.001089s ]
[ 2015-03-23T23:36:07+08:00 ] /thinkphpTest/admin.php/Login/index | INFO: Tag[ app_begin ] --START--
[ 2015-03-23T23:36:07+08:00 ] /thinkphpTest/admin.php/Login/index | INFO: Run ReadHtmlCache Behavior [ RunTime:0.000612s ]
[ 2015-03-23T23:36:07+08:00 ] /thinkphpTest/admin.php/Login/index | INFO: Tag[ app_begin ] --END-- [ RunTime:0.000680s ]
[ 2015-03-23T23:36:07+08:00 ] /thinkphpTest/admin.php/Login/index | INFO: Tag[ view_template ] --START--
[ 2015-03-23T23:36:07+08:00 ] /thinkphpTest/admin.php/Login/index | INFO: Run LocationTemplate Behavior [ RunTime:0.000589s ]
[ 2015-03-23T23:36:07+08:00 ] /thinkphpTest/admin.php/Login/index | INFO: Tag[ view_template ] --END-- [ RunTime:0.000695s ]
[ 2015-03-23T23:36:07+08:00 ] /thinkphpTest/admin.php/Login/index | INFO: Tag[ view_parse ] --START--
[ 2015-03-23T23:36:07+08:00 ] /thinkphpTest/admin.php/Login/index | INFO: Run ParseTemplate Behavior [ RunTime:0.026038s ]
[ 2015-03-23T23:36:07+08:00 ] /thinkphpTest/admin.php/Login/index | INFO: Tag[ view_parse ] --END-- [ RunTime:0.026153s ]
[ 2015-03-23T23:36:07+08:00 ] /thinkphpTest/admin.php/Login/index | INFO: Tag[ view_filter ] --START--
[ 2015-03-23T23:36:07+08:00 ] /thinkphpTest/admin.php/Login/index | INFO: Run ContentReplace Behavior [ RunTime:0.000480s ]
[ 2015-03-23T23:36:07+08:00 ] /thinkphpTest/admin.php/Login/index | INFO: Run TokenBuild Behavior [ RunTime:0.000556s ]
[ 2015-03-23T23:36:07+08:00 ] /thinkphpTest/admin.php/Login/index | INFO: Run WriteHtmlCache Behavior [ RunTime:0.000347s ]
[ 2015-03-23T23:36:07+08:00 ] /thinkphpTest/admin.php/Login/index | INFO: Run ShowRuntime Behavior [ RunTime:0.000866s ]
[ 2015-03-23T23:36:07+08:00 ] /thinkphpTest/admin.php/Login/index | INFO: Tag[ view_filter ] --END-- [ RunTime:0.002500s ]
[ 2015-03-23T23:36:07+08:00 ] /thinkphpTest/admin.php/Login/index | INFO: Tag[ view_end ] --START--
[ 2015-03-23T23:36:07+08:00 ] /thinkphpTest/admin.php/Login/index | INFO: Run ShowPageTrace Behavior [ RunTime:0.000948s ]
[ 2015-03-23T23:36:07+08:00 ] /thinkphpTest/admin.php/Login/index | INFO: Tag[ view_end ] --END-- [ RunTime:0.001059s ]
[ 2015-03-23T23:36:07+08:00 ] /thinkphpTest/admin.php/Login/resources/images/closelabel.gif | ERR: (ThinkException) 非法操作resources
