[ 2015-02-23T21:52:41+08:00 ] /thinkphpTest/admin.php/Login/index | INFO: Tag[ route_check ] --START--
[ 2015-02-23T21:52:41+08:00 ] /thinkphpTest/admin.php/Login/index | INFO: Run CheckRoute Behavior [ RunTime:0.001243s ]
[ 2015-02-23T21:52:41+08:00 ] /thinkphpTest/admin.php/Login/index | INFO: Tag[ route_check ] --END-- [ RunTime:0.001389s ]
[ 2015-02-23T21:52:41+08:00 ] /thinkphpTest/admin.php/Login/index | INFO: Tag[ app_begin ] --START--
[ 2015-02-23T21:52:41+08:00 ] /thinkphpTest/admin.php/Login/index | INFO: Run ReadHtmlCache Behavior [ RunTime:0.000762s ]
[ 2015-02-23T21:52:41+08:00 ] /thinkphpTest/admin.php/Login/index | INFO: Tag[ app_begin ] --END-- [ RunTime:0.000853s ]
[ 2015-02-23T21:52:41+08:00 ] /thinkphpTest/admin.php/Login/index | INFO: Tag[ view_template ] --START--
[ 2015-02-23T21:52:41+08:00 ] /thinkphpTest/admin.php/Login/index | INFO: Run LocationTemplate Behavior [ RunTime:0.000657s ]
[ 2015-02-23T21:52:41+08:00 ] /thinkphpTest/admin.php/Login/index | INFO: Tag[ view_template ] --END-- [ RunTime:0.000765s ]
[ 2015-02-23T21:52:41+08:00 ] /thinkphpTest/admin.php/Login/index | INFO: Tag[ view_parse ] --START--
[ 2015-02-23T21:52:41+08:00 ] /thinkphpTest/admin.php/Login/index | INFO: Run ParseTemplate Behavior [ RunTime:0.045639s ]
[ 2015-02-23T21:52:41+08:00 ] /thinkphpTest/admin.php/Login/index | INFO: Tag[ view_parse ] --END-- [ RunTime:0.045804s ]
[ 2015-02-23T21:52:41+08:00 ] /thinkphpTest/admin.php/Login/index | INFO: Tag[ view_filter ] --START--
[ 2015-02-23T21:52:41+08:00 ] /thinkphpTest/admin.php/Login/index | INFO: Run ContentReplace Behavior [ RunTime:0.000956s ]
[ 2015-02-23T21:52:41+08:00 ] /thinkphpTest/admin.php/Login/index | INFO: Run TokenBuild Behavior [ RunTime:0.000999s ]
[ 2015-02-23T21:52:41+08:00 ] /thinkphpTest/admin.php/Login/index | INFO: Run WriteHtmlCache Behavior [ RunTime:0.000553s ]
[ 2015-02-23T21:52:41+08:00 ] /thinkphpTest/admin.php/Login/index | INFO: Run ShowRuntime Behavior [ RunTime:0.001042s ]
[ 2015-02-23T21:52:41+08:00 ] /thinkphpTest/admin.php/Login/index | INFO: Tag[ view_filter ] --END-- [ RunTime:0.003951s ]
[ 2015-02-23T21:52:41+08:00 ] /thinkphpTest/admin.php/Login/index | INFO: Tag[ view_end ] --START--
[ 2015-02-23T21:52:41+08:00 ] /thinkphpTest/admin.php/Login/index | INFO: Run ShowPageTrace Behavior [ RunTime:0.001200s ]
[ 2015-02-23T21:52:41+08:00 ] /thinkphpTest/admin.php/Login/index | INFO: Tag[ view_end ] --END-- [ RunTime:0.001329s ]
[ 2015-02-23T21:52:41+08:00 ] /thinkphpTest/admin.php/Login/resources/images/closelabel.gif | ERR: (ThinkException) 非法操作resources
[ 2015-02-23T22:14:10+08:00 ] /thinkphpTest/admin.php/Login/index | INFO: Tag[ route_check ] --START--
[ 2015-02-23T22:14:10+08:00 ] /thinkphpTest/admin.php/Login/index | INFO: Run CheckRoute Behavior [ RunTime:0.001513s ]
[ 2015-02-23T22:14:10+08:00 ] /thinkphpTest/admin.php/Login/index | INFO: Tag[ route_check ] --END-- [ RunTime:0.001818s ]
[ 2015-02-23T22:14:10+08:00 ] /thinkphpTest/admin.php/Login/index | INFO: Tag[ app_begin ] --START--
[ 2015-02-23T22:14:10+08:00 ] /thinkphpTest/admin.php/Login/index | INFO: Run ReadHtmlCache Behavior [ RunTime:0.001575s ]
[ 2015-02-23T22:14:10+08:00 ] /thinkphpTest/admin.php/Login/index | INFO: Tag[ app_begin ] --END-- [ RunTime:0.001817s ]
[ 2015-02-23T22:14:10+08:00 ] /thinkphpTest/admin.php/Login/index | INFO: Tag[ view_template ] --START--
[ 2015-02-23T22:14:10+08:00 ] /thinkphpTest/admin.php/Login/index | INFO: Run LocationTemplate Behavior [ RunTime:0.000520s ]
[ 2015-02-23T22:14:10+08:00 ] /thinkphpTest/admin.php/Login/index | INFO: Tag[ view_template ] --END-- [ RunTime:0.000617s ]
[ 2015-02-23T22:14:10+08:00 ] /thinkphpTest/admin.php/Login/index | INFO: Tag[ view_parse ] --START--
[ 2015-02-23T22:14:10+08:00 ] /thinkphpTest/admin.php/Login/index | INFO: Run ParseTemplate Behavior [ RunTime:0.116920s ]
[ 2015-02-23T22:14:10+08:00 ] /thinkphpTest/admin.php/Login/index | INFO: Tag[ view_parse ] --END-- [ RunTime:0.117085s ]
[ 2015-02-23T22:14:10+08:00 ] /thinkphpTest/admin.php/Login/index | INFO: Tag[ view_filter ] --START--
[ 2015-02-23T22:14:10+08:00 ] /thinkphpTest/admin.php/Login/index | INFO: Run ContentReplace Behavior [ RunTime:0.001052s ]
[ 2015-02-23T22:14:10+08:00 ] /thinkphpTest/admin.php/Login/index | INFO: Run TokenBuild Behavior [ RunTime:0.001338s ]
[ 2015-02-23T22:14:10+08:00 ] /thinkphpTest/admin.php/Login/index | INFO: Run WriteHtmlCache Behavior [ RunTime:0.000887s ]
[ 2015-02-23T22:14:10+08:00 ] /thinkphpTest/admin.php/Login/index | INFO: Run ShowRuntime Behavior [ RunTime:0.001255s ]
[ 2015-02-23T22:14:10+08:00 ] /thinkphpTest/admin.php/Login/index | INFO: Tag[ view_filter ] --END-- [ RunTime:0.005101s ]
[ 2015-02-23T22:14:10+08:00 ] /thinkphpTest/admin.php/Login/index | INFO: Tag[ view_end ] --START--
[ 2015-02-23T22:14:10+08:00 ] /thinkphpTest/admin.php/Login/index | INFO: Run ShowPageTrace Behavior [ RunTime:0.000966s ]
[ 2015-02-23T22:14:10+08:00 ] /thinkphpTest/admin.php/Login/index | INFO: Tag[ view_end ] --END-- [ RunTime:0.001093s ]
[ 2015-02-23T22:14:10+08:00 ] /thinkphpTest/admin.php/Login/resources/images/closelabel.gif | ERR: (ThinkException) 非法操作resources
[ 2015-02-23T22:14:11+08:00 ] /thinkphpTest/admin.php/Index/index | INFO: Tag[ route_check ] --START--
[ 2015-02-23T22:14:11+08:00 ] /thinkphpTest/admin.php/Index/index | INFO: Run CheckRoute Behavior [ RunTime:0.002070s ]
[ 2015-02-23T22:14:11+08:00 ] /thinkphpTest/admin.php/Index/index | INFO: Tag[ route_check ] --END-- [ RunTime:0.002365s ]
[ 2015-02-23T22:14:11+08:00 ] /thinkphpTest/admin.php/Index/index | INFO: Tag[ app_begin ] --START--
[ 2015-02-23T22:14:11+08:00 ] /thinkphpTest/admin.php/Index/index | INFO: Run ReadHtmlCache Behavior [ RunTime:0.000705s ]
[ 2015-02-23T22:14:11+08:00 ] /thinkphpTest/admin.php/Index/index | INFO: Tag[ app_begin ] --END-- [ RunTime:0.000792s ]
[ 2015-02-23T22:14:11+08:00 ] /thinkphpTest/admin.php/Index/index | INFO: Tag[ view_template ] --START--
[ 2015-02-23T22:14:11+08:00 ] /thinkphpTest/admin.php/Index/index | INFO: Run LocationTemplate Behavior [ RunTime:0.007846s ]
[ 2015-02-23T22:14:11+08:00 ] /thinkphpTest/admin.php/Index/index | INFO: Tag[ view_template ] --END-- [ RunTime:0.007940s ]
[ 2015-02-23T22:14:11+08:00 ] /thinkphpTest/admin.php/Index/index | INFO: Tag[ view_parse ] --START--
[ 2015-02-23T22:14:11+08:00 ] /thinkphpTest/admin.php/Index/index | NOTIC: [8] Undefined index:  memo 20eabf8d43f497715f3e1a7ec1a2f00f.php 第 42 行.
[ 2015-02-23T22:14:11+08:00 ] /thinkphpTest/admin.php/Index/index | NOTIC: [8] Undefined index:  new_memo 20eabf8d43f497715f3e1a7ec1a2f00f.php 第 46 行.
[ 2015-02-23T22:14:11+08:00 ] /thinkphpTest/admin.php/Index/index | NOTIC: [8] Undefined index:  manage_memo 20eabf8d43f497715f3e1a7ec1a2f00f.php 第 47 行.
[ 2015-02-23T22:14:11+08:00 ] /thinkphpTest/admin.php/Index/index | NOTIC: [8] Undefined index:  article 20eabf8d43f497715f3e1a7ec1a2f00f.php 第 52 行.
[ 2015-02-23T22:14:11+08:00 ] /thinkphpTest/admin.php/Index/index | NOTIC: [8] Undefined index:  new_article 20eabf8d43f497715f3e1a7ec1a2f00f.php 第 54 行.
[ 2015-02-23T22:14:11+08:00 ] /thinkphpTest/admin.php/Index/index | NOTIC: [8] Undefined index:  manage_article 20eabf8d43f497715f3e1a7ec1a2f00f.php 第 55 行.
[ 2015-02-23T22:14:11+08:00 ] /thinkphpTest/admin.php/Index/index | NOTIC: [8] Undefined index:  manage_draft 20eabf8d43f497715f3e1a7ec1a2f00f.php 第 56 行.
[ 2015-02-23T22:14:11+08:00 ] /thinkphpTest/admin.php/Index/index | INFO: Run ParseTemplate Behavior [ RunTime:0.105090s ]
[ 2015-02-23T22:14:11+08:00 ] /thinkphpTest/admin.php/Index/index | INFO: Tag[ view_parse ] --END-- [ RunTime:0.105160s ]
[ 2015-02-23T22:14:11+08:00 ] /thinkphpTest/admin.php/Index/index | INFO: Tag[ view_filter ] --START--
[ 2015-02-23T22:14:11+08:00 ] /thinkphpTest/admin.php/Index/index | INFO: Run ContentReplace Behavior [ RunTime:0.000917s ]
[ 2015-02-23T22:14:11+08:00 ] /thinkphpTest/admin.php/Index/index | INFO: Run TokenBuild Behavior [ RunTime:0.000822s ]
[ 2015-02-23T22:14:11+08:00 ] /thinkphpTest/admin.php/Index/index | INFO: Run WriteHtmlCache Behavior [ RunTime:0.000667s ]
[ 2015-02-23T22:14:11+08:00 ] /thinkphpTest/admin.php/Index/index | INFO: Run ShowRuntime Behavior [ RunTime:0.000882s ]
[ 2015-02-23T22:14:11+08:00 ] /thinkphpTest/admin.php/Index/index | INFO: Tag[ view_filter ] --END-- [ RunTime:0.003437s ]
[ 2015-02-23T22:14:11+08:00 ] /thinkphpTest/admin.php/Index/index | INFO: Tag[ view_end ] --START--
[ 2015-02-23T22:14:11+08:00 ] /thinkphpTest/admin.php/Index/index | INFO: Run ShowPageTrace Behavior [ RunTime:0.000847s ]
[ 2015-02-23T22:14:11+08:00 ] /thinkphpTest/admin.php/Index/index | INFO: Tag[ view_end ] --END-- [ RunTime:0.000899s ]
[ 2015-02-23T22:14:12+08:00 ] /thinkphpTest/admin.php/Index/resources/images/closelabel.gif | ERR: (ThinkException) 非法操作resources
[ 2015-02-23T22:14:20+08:00 ] /thinkphpTest/admin.php/Article/add | INFO: Tag[ route_check ] --START--
[ 2015-02-23T22:14:20+08:00 ] /thinkphpTest/admin.php/Article/add | INFO: Run CheckRoute Behavior [ RunTime:0.000868s ]
[ 2015-02-23T22:14:20+08:00 ] /thinkphpTest/admin.php/Article/add | INFO: Tag[ route_check ] --END-- [ RunTime:0.000967s ]
[ 2015-02-23T22:14:20+08:00 ] /thinkphpTest/admin.php/Article/add | INFO: Tag[ app_begin ] --START--
[ 2015-02-23T22:14:20+08:00 ] /thinkphpTest/admin.php/Article/add | INFO: Run ReadHtmlCache Behavior [ RunTime:0.000523s ]
[ 2015-02-23T22:14:20+08:00 ] /thinkphpTest/admin.php/Article/add | INFO: Tag[ app_begin ] --END-- [ RunTime:0.000584s ]
[ 2015-02-23T22:14:20+08:00 ] /thinkphpTest/admin.php/Article/add | INFO: Tag[ view_template ] --START--
[ 2015-02-23T22:14:20+08:00 ] /thinkphpTest/admin.php/Article/add | INFO: Run LocationTemplate Behavior [ RunTime:0.002342s ]
[ 2015-02-23T22:14:20+08:00 ] /thinkphpTest/admin.php/Article/add | INFO: Tag[ view_template ] --END-- [ RunTime:0.002548s ]
[ 2015-02-23T22:14:20+08:00 ] /thinkphpTest/admin.php/Article/add | INFO: Tag[ view_parse ] --START--
[ 2015-02-23T22:14:20+08:00 ] /thinkphpTest/admin.php/Article/add | NOTIC: [8] Undefined index:  dashboard 9ce4b9130cad61dbd0bbd49942681a43.php 第 42 行.
[ 2015-02-23T22:14:20+08:00 ] /thinkphpTest/admin.php/Article/add | NOTIC: [8] Undefined index:  memo 9ce4b9130cad61dbd0bbd49942681a43.php 第 46 行.
[ 2015-02-23T22:14:20+08:00 ] /thinkphpTest/admin.php/Article/add | NOTIC: [8] Undefined index:  new_memo 9ce4b9130cad61dbd0bbd49942681a43.php 第 50 行.
[ 2015-02-23T22:14:20+08:00 ] /thinkphpTest/admin.php/Article/add | NOTIC: [8] Undefined index:  manage_memo 9ce4b9130cad61dbd0bbd49942681a43.php 第 51 行.
[ 2015-02-23T22:14:20+08:00 ] /thinkphpTest/admin.php/Article/add | NOTIC: [8] Undefined index:  new_article 9ce4b9130cad61dbd0bbd49942681a43.php 第 58 行.
[ 2015-02-23T22:14:20+08:00 ] /thinkphpTest/admin.php/Article/add | NOTIC: [8] Undefined index:  manage_article 9ce4b9130cad61dbd0bbd49942681a43.php 第 59 行.
[ 2015-02-23T22:14:20+08:00 ] /thinkphpTest/admin.php/Article/add | NOTIC: [8] Undefined index:  manage_draft 9ce4b9130cad61dbd0bbd49942681a43.php 第 60 行.
[ 2015-02-23T22:14:20+08:00 ] /thinkphpTest/admin.php/Article/add | NOTIC: [8] Undefined variable: article_item 9ce4b9130cad61dbd0bbd49942681a43.php 第 95 行.
[ 2015-02-23T22:14:20+08:00 ] /thinkphpTest/admin.php/Article/add | NOTIC: [8] Undefined variable: article_item 9ce4b9130cad61dbd0bbd49942681a43.php 第 108 行.
[ 2015-02-23T22:14:20+08:00 ] /thinkphpTest/admin.php/Article/add | NOTIC: [8] Undefined variable: article_item 9ce4b9130cad61dbd0bbd49942681a43.php 第 111 行.
[ 2015-02-23T22:14:20+08:00 ] /thinkphpTest/admin.php/Article/add | NOTIC: [8] Undefined variable: article_item 9ce4b9130cad61dbd0bbd49942681a43.php 第 118 行.
[ 2015-02-23T22:14:20+08:00 ] /thinkphpTest/admin.php/Article/add | INFO: Run ParseTemplate Behavior [ RunTime:0.019532s ]
[ 2015-02-23T22:14:20+08:00 ] /thinkphpTest/admin.php/Article/add | INFO: Tag[ view_parse ] --END-- [ RunTime:0.019611s ]
[ 2015-02-23T22:14:20+08:00 ] /thinkphpTest/admin.php/Article/add | INFO: Tag[ view_filter ] --START--
[ 2015-02-23T22:14:20+08:00 ] /thinkphpTest/admin.php/Article/add | INFO: Run ContentReplace Behavior [ RunTime:0.000809s ]
[ 2015-02-23T22:14:20+08:00 ] /thinkphpTest/admin.php/Article/add | INFO: Run TokenBuild Behavior [ RunTime:0.000812s ]
[ 2015-02-23T22:14:20+08:00 ] /thinkphpTest/admin.php/Article/add | INFO: Run WriteHtmlCache Behavior [ RunTime:0.000622s ]
[ 2015-02-23T22:14:20+08:00 ] /thinkphpTest/admin.php/Article/add | INFO: Run ShowRuntime Behavior [ RunTime:0.000752s ]
[ 2015-02-23T22:14:20+08:00 ] /thinkphpTest/admin.php/Article/add | INFO: Tag[ view_filter ] --END-- [ RunTime:0.003136s ]
[ 2015-02-23T22:14:20+08:00 ] /thinkphpTest/admin.php/Article/add | INFO: Tag[ view_end ] --START--
[ 2015-02-23T22:14:20+08:00 ] /thinkphpTest/admin.php/Article/add | INFO: Run ShowPageTrace Behavior [ RunTime:0.000752s ]
[ 2015-02-23T22:14:20+08:00 ] /thinkphpTest/admin.php/Article/add | INFO: Tag[ view_end ] --END-- [ RunTime:0.000802s ]
[ 2015-02-23T22:14:20+08:00 ] /thinkphpTest/admin.php/Article/resources/images/closelabel.gif | ERR: (ThinkException) 非法操作resources
[ 2015-02-23T22:15:02+08:00 ] /thinkphpTest/admin.php/Article/add | INFO: Tag[ route_check ] --START--
[ 2015-02-23T22:15:02+08:00 ] /thinkphpTest/admin.php/Article/add | INFO: Run CheckRoute Behavior [ RunTime:0.001304s ]
[ 2015-02-23T22:15:02+08:00 ] /thinkphpTest/admin.php/Article/add | INFO: Tag[ route_check ] --END-- [ RunTime:0.001413s ]
[ 2015-02-23T22:15:02+08:00 ] /thinkphpTest/admin.php/Article/add | INFO: Tag[ app_begin ] --START--
[ 2015-02-23T22:15:02+08:00 ] /thinkphpTest/admin.php/Article/add | INFO: Run ReadHtmlCache Behavior [ RunTime:0.000954s ]
[ 2015-02-23T22:15:02+08:00 ] /thinkphpTest/admin.php/Article/add | INFO: Tag[ app_begin ] --END-- [ RunTime:0.001008s ]
[ 2015-02-23T22:15:02+08:00 ] /thinkphpTest/admin.php/Article/add | INFO: Tag[ view_template ] --START--
[ 2015-02-23T22:15:02+08:00 ] /thinkphpTest/admin.php/Article/add | INFO: Run LocationTemplate Behavior [ RunTime:0.002876s ]
[ 2015-02-23T22:15:02+08:00 ] /thinkphpTest/admin.php/Article/add | INFO: Tag[ view_template ] --END-- [ RunTime:0.003255s ]
[ 2015-02-23T22:15:02+08:00 ] /thinkphpTest/admin.php/Article/add | INFO: Tag[ view_parse ] --START--
[ 2015-02-23T22:15:02+08:00 ] /thinkphpTest/admin.php/Article/add | NOTIC: [8] Undefined index:  dashboard 9ce4b9130cad61dbd0bbd49942681a43.php 第 42 行.
[ 2015-02-23T22:15:02+08:00 ] /thinkphpTest/admin.php/Article/add | NOTIC: [8] Undefined index:  memo 9ce4b9130cad61dbd0bbd49942681a43.php 第 46 行.
[ 2015-02-23T22:15:02+08:00 ] /thinkphpTest/admin.php/Article/add | NOTIC: [8] Undefined index:  new_memo 9ce4b9130cad61dbd0bbd49942681a43.php 第 50 行.
[ 2015-02-23T22:15:02+08:00 ] /thinkphpTest/admin.php/Article/add | NOTIC: [8] Undefined index:  manage_memo 9ce4b9130cad61dbd0bbd49942681a43.php 第 51 行.
[ 2015-02-23T22:15:02+08:00 ] /thinkphpTest/admin.php/Article/add | NOTIC: [8] Undefined index:  new_article 9ce4b9130cad61dbd0bbd49942681a43.php 第 58 行.
[ 2015-02-23T22:15:02+08:00 ] /thinkphpTest/admin.php/Article/add | NOTIC: [8] Undefined index:  manage_article 9ce4b9130cad61dbd0bbd49942681a43.php 第 59 行.
[ 2015-02-23T22:15:02+08:00 ] /thinkphpTest/admin.php/Article/add | NOTIC: [8] Undefined index:  manage_draft 9ce4b9130cad61dbd0bbd49942681a43.php 第 60 行.
[ 2015-02-23T22:15:02+08:00 ] /thinkphpTest/admin.php/Article/add | NOTIC: [8] Undefined variable: article_item 9ce4b9130cad61dbd0bbd49942681a43.php 第 95 行.
[ 2015-02-23T22:15:02+08:00 ] /thinkphpTest/admin.php/Article/add | NOTIC: [8] Undefined variable: article_item 9ce4b9130cad61dbd0bbd49942681a43.php 第 108 行.
[ 2015-02-23T22:15:02+08:00 ] /thinkphpTest/admin.php/Article/add | NOTIC: [8] Undefined variable: article_item 9ce4b9130cad61dbd0bbd49942681a43.php 第 111 行.
[ 2015-02-23T22:15:02+08:00 ] /thinkphpTest/admin.php/Article/add | NOTIC: [8] Undefined variable: article_item 9ce4b9130cad61dbd0bbd49942681a43.php 第 118 行.
[ 2015-02-23T22:15:02+08:00 ] /thinkphpTest/admin.php/Article/add | INFO: Run ParseTemplate Behavior [ RunTime:0.024808s ]
[ 2015-02-23T22:15:02+08:00 ] /thinkphpTest/admin.php/Article/add | INFO: Tag[ view_parse ] --END-- [ RunTime:0.024900s ]
[ 2015-02-23T22:15:02+08:00 ] /thinkphpTest/admin.php/Article/add | INFO: Tag[ view_filter ] --START--
[ 2015-02-23T22:15:02+08:00 ] /thinkphpTest/admin.php/Article/add | INFO: Run ContentReplace Behavior [ RunTime:0.000803s ]
[ 2015-02-23T22:15:02+08:00 ] /thinkphpTest/admin.php/Article/add | INFO: Run TokenBuild Behavior [ RunTime:0.000965s ]
[ 2015-02-23T22:15:02+08:00 ] /thinkphpTest/admin.php/Article/add | INFO: Run WriteHtmlCache Behavior [ RunTime:0.000665s ]
[ 2015-02-23T22:15:02+08:00 ] /thinkphpTest/admin.php/Article/add | INFO: Run ShowRuntime Behavior [ RunTime:0.000812s ]
[ 2015-02-23T22:15:02+08:00 ] /thinkphpTest/admin.php/Article/add | INFO: Tag[ view_filter ] --END-- [ RunTime:0.003408s ]
[ 2015-02-23T22:15:02+08:00 ] /thinkphpTest/admin.php/Article/add | INFO: Tag[ view_end ] --START--
[ 2015-02-23T22:15:02+08:00 ] /thinkphpTest/admin.php/Article/add | INFO: Run ShowPageTrace Behavior [ RunTime:0.000854s ]
[ 2015-02-23T22:15:02+08:00 ] /thinkphpTest/admin.php/Article/add | INFO: Tag[ view_end ] --END-- [ RunTime:0.000907s ]
[ 2015-02-23T22:15:02+08:00 ] /thinkphpTest/admin.php/Article/resources/images/closelabel.gif | ERR: (ThinkException) 非法操作resources
[ 2015-02-23T22:15:42+08:00 ] /thinkphpTest/admin.php/Article/add | INFO: Tag[ route_check ] --START--
[ 2015-02-23T22:15:42+08:00 ] /thinkphpTest/admin.php/Article/add | INFO: Run CheckRoute Behavior [ RunTime:0.001821s ]
[ 2015-02-23T22:15:42+08:00 ] /thinkphpTest/admin.php/Article/add | INFO: Tag[ route_check ] --END-- [ RunTime:0.002042s ]
[ 2015-02-23T22:15:42+08:00 ] /thinkphpTest/admin.php/Article/add | INFO: Tag[ app_begin ] --START--
[ 2015-02-23T22:15:42+08:00 ] /thinkphpTest/admin.php/Article/add | INFO: Run ReadHtmlCache Behavior [ RunTime:0.000526s ]
[ 2015-02-23T22:15:42+08:00 ] /thinkphpTest/admin.php/Article/add | INFO: Tag[ app_begin ] --END-- [ RunTime:0.000588s ]
[ 2015-02-23T22:15:42+08:00 ] /thinkphpTest/admin.php/Article/add | INFO: Tag[ view_template ] --START--
[ 2015-02-23T22:15:42+08:00 ] /thinkphpTest/admin.php/Article/add | INFO: Run LocationTemplate Behavior [ RunTime:0.000514s ]
[ 2015-02-23T22:15:42+08:00 ] /thinkphpTest/admin.php/Article/add | INFO: Tag[ view_template ] --END-- [ RunTime:0.000573s ]
[ 2015-02-23T22:15:42+08:00 ] /thinkphpTest/admin.php/Article/add | INFO: Tag[ view_parse ] --START--
[ 2015-02-23T22:15:42+08:00 ] /thinkphpTest/admin.php/Article/add | NOTIC: [8] Undefined index:  dashboard 9ce4b9130cad61dbd0bbd49942681a43.php 第 42 行.
[ 2015-02-23T22:15:42+08:00 ] /thinkphpTest/admin.php/Article/add | NOTIC: [8] Undefined index:  memo 9ce4b9130cad61dbd0bbd49942681a43.php 第 46 行.
[ 2015-02-23T22:15:42+08:00 ] /thinkphpTest/admin.php/Article/add | NOTIC: [8] Undefined index:  new_memo 9ce4b9130cad61dbd0bbd49942681a43.php 第 50 行.
[ 2015-02-23T22:15:42+08:00 ] /thinkphpTest/admin.php/Article/add | NOTIC: [8] Undefined index:  manage_memo 9ce4b9130cad61dbd0bbd49942681a43.php 第 51 行.
[ 2015-02-23T22:15:42+08:00 ] /thinkphpTest/admin.php/Article/add | NOTIC: [8] Undefined index:  new_article 9ce4b9130cad61dbd0bbd49942681a43.php 第 58 行.
[ 2015-02-23T22:15:42+08:00 ] /thinkphpTest/admin.php/Article/add | NOTIC: [8] Undefined index:  manage_article 9ce4b9130cad61dbd0bbd49942681a43.php 第 59 行.
[ 2015-02-23T22:15:42+08:00 ] /thinkphpTest/admin.php/Article/add | NOTIC: [8] Undefined index:  manage_draft 9ce4b9130cad61dbd0bbd49942681a43.php 第 60 行.
[ 2015-02-23T22:15:42+08:00 ] /thinkphpTest/admin.php/Article/add | NOTIC: [8] Undefined variable: article_item 9ce4b9130cad61dbd0bbd49942681a43.php 第 95 行.
[ 2015-02-23T22:15:42+08:00 ] /thinkphpTest/admin.php/Article/add | NOTIC: [8] Undefined variable: article_item 9ce4b9130cad61dbd0bbd49942681a43.php 第 108 行.
[ 2015-02-23T22:15:42+08:00 ] /thinkphpTest/admin.php/Article/add | NOTIC: [8] Undefined variable: article_item 9ce4b9130cad61dbd0bbd49942681a43.php 第 111 行.
[ 2015-02-23T22:15:42+08:00 ] /thinkphpTest/admin.php/Article/add | NOTIC: [8] Undefined variable: article_item 9ce4b9130cad61dbd0bbd49942681a43.php 第 118 行.
[ 2015-02-23T22:15:42+08:00 ] /thinkphpTest/admin.php/Article/add | INFO: Run ParseTemplate Behavior [ RunTime:0.015922s ]
[ 2015-02-23T22:15:42+08:00 ] /thinkphpTest/admin.php/Article/add | INFO: Tag[ view_parse ] --END-- [ RunTime:0.016001s ]
[ 2015-02-23T22:15:42+08:00 ] /thinkphpTest/admin.php/Article/add | INFO: Tag[ view_filter ] --START--
[ 2015-02-23T22:15:42+08:00 ] /thinkphpTest/admin.php/Article/add | INFO: Run ContentReplace Behavior [ RunTime:0.000380s ]
[ 2015-02-23T22:15:42+08:00 ] /thinkphpTest/admin.php/Article/add | INFO: Run TokenBuild Behavior [ RunTime:0.000397s ]
[ 2015-02-23T22:15:42+08:00 ] /thinkphpTest/admin.php/Article/add | INFO: Run WriteHtmlCache Behavior [ RunTime:0.000211s ]
[ 2015-02-23T22:15:42+08:00 ] /thinkphpTest/admin.php/Article/add | INFO: Run ShowRuntime Behavior [ RunTime:0.000363s ]
[ 2015-02-23T22:15:42+08:00 ] /thinkphpTest/admin.php/Article/add | INFO: Tag[ view_filter ] --END-- [ RunTime:0.001505s ]
[ 2015-02-23T22:15:42+08:00 ] /thinkphpTest/admin.php/Article/add | INFO: Tag[ view_end ] --START--
[ 2015-02-23T22:15:42+08:00 ] /thinkphpTest/admin.php/Article/add | INFO: Run ShowPageTrace Behavior [ RunTime:0.000732s ]
[ 2015-02-23T22:15:42+08:00 ] /thinkphpTest/admin.php/Article/add | INFO: Tag[ view_end ] --END-- [ RunTime:0.000828s ]
[ 2015-02-23T22:15:43+08:00 ] /thinkphpTest/admin.php/Article/resources/images/closelabel.gif | ERR: (ThinkException) 非法操作resources
[ 2015-02-23T22:16:00+08:00 ] /thinkphpTest/admin.php/Article/add | INFO: Tag[ route_check ] --START--
[ 2015-02-23T22:16:00+08:00 ] /thinkphpTest/admin.php/Article/add | INFO: Run CheckRoute Behavior [ RunTime:0.000698s ]
[ 2015-02-23T22:16:00+08:00 ] /thinkphpTest/admin.php/Article/add | INFO: Tag[ route_check ] --END-- [ RunTime:0.000792s ]
[ 2015-02-23T22:16:00+08:00 ] /thinkphpTest/admin.php/Article/add | INFO: Tag[ app_begin ] --START--
[ 2015-02-23T22:16:00+08:00 ] /thinkphpTest/admin.php/Article/add | INFO: Run ReadHtmlCache Behavior [ RunTime:0.000463s ]
[ 2015-02-23T22:16:00+08:00 ] /thinkphpTest/admin.php/Article/add | INFO: Tag[ app_begin ] --END-- [ RunTime:0.000512s ]
[ 2015-02-23T22:16:00+08:00 ] /thinkphpTest/admin.php/Article/add | INFO: Tag[ view_template ] --START--
[ 2015-02-23T22:16:00+08:00 ] /thinkphpTest/admin.php/Article/add | INFO: Run LocationTemplate Behavior [ RunTime:0.000461s ]
[ 2015-02-23T22:16:00+08:00 ] /thinkphpTest/admin.php/Article/add | INFO: Tag[ view_template ] --END-- [ RunTime:0.000515s ]
[ 2015-02-23T22:16:00+08:00 ] /thinkphpTest/admin.php/Article/add | INFO: Tag[ view_parse ] --START--
[ 2015-02-23T22:16:00+08:00 ] /thinkphpTest/admin.php/Article/add | NOTIC: [8] Undefined index:  dashboard 9ce4b9130cad61dbd0bbd49942681a43.php 第 42 行.
[ 2015-02-23T22:16:00+08:00 ] /thinkphpTest/admin.php/Article/add | NOTIC: [8] Undefined index:  memo 9ce4b9130cad61dbd0bbd49942681a43.php 第 46 行.
[ 2015-02-23T22:16:00+08:00 ] /thinkphpTest/admin.php/Article/add | NOTIC: [8] Undefined index:  new_memo 9ce4b9130cad61dbd0bbd49942681a43.php 第 50 行.
[ 2015-02-23T22:16:00+08:00 ] /thinkphpTest/admin.php/Article/add | NOTIC: [8] Undefined index:  manage_memo 9ce4b9130cad61dbd0bbd49942681a43.php 第 51 行.
[ 2015-02-23T22:16:00+08:00 ] /thinkphpTest/admin.php/Article/add | NOTIC: [8] Undefined index:  new_article 9ce4b9130cad61dbd0bbd49942681a43.php 第 58 行.
[ 2015-02-23T22:16:00+08:00 ] /thinkphpTest/admin.php/Article/add | NOTIC: [8] Undefined index:  manage_article 9ce4b9130cad61dbd0bbd49942681a43.php 第 59 行.
[ 2015-02-23T22:16:00+08:00 ] /thinkphpTest/admin.php/Article/add | NOTIC: [8] Undefined index:  manage_draft 9ce4b9130cad61dbd0bbd49942681a43.php 第 60 行.
[ 2015-02-23T22:16:00+08:00 ] /thinkphpTest/admin.php/Article/add | NOTIC: [8] Undefined variable: article_item 9ce4b9130cad61dbd0bbd49942681a43.php 第 95 行.
[ 2015-02-23T22:16:00+08:00 ] /thinkphpTest/admin.php/Article/add | NOTIC: [8] Undefined variable: article_item 9ce4b9130cad61dbd0bbd49942681a43.php 第 108 行.
[ 2015-02-23T22:16:00+08:00 ] /thinkphpTest/admin.php/Article/add | NOTIC: [8] Undefined variable: article_item 9ce4b9130cad61dbd0bbd49942681a43.php 第 111 行.
[ 2015-02-23T22:16:00+08:00 ] /thinkphpTest/admin.php/Article/add | NOTIC: [8] Undefined variable: article_item 9ce4b9130cad61dbd0bbd49942681a43.php 第 118 行.
[ 2015-02-23T22:16:00+08:00 ] /thinkphpTest/admin.php/Article/add | INFO: Run ParseTemplate Behavior [ RunTime:0.015784s ]
[ 2015-02-23T22:16:00+08:00 ] /thinkphpTest/admin.php/Article/add | INFO: Tag[ view_parse ] --END-- [ RunTime:0.015862s ]
[ 2015-02-23T22:16:00+08:00 ] /thinkphpTest/admin.php/Article/add | INFO: Tag[ view_filter ] --START--
[ 2015-02-23T22:16:00+08:00 ] /thinkphpTest/admin.php/Article/add | INFO: Run ContentReplace Behavior [ RunTime:0.000381s ]
[ 2015-02-23T22:16:00+08:00 ] /thinkphpTest/admin.php/Article/add | INFO: Run TokenBuild Behavior [ RunTime:0.000429s ]
[ 2015-02-23T22:16:00+08:00 ] /thinkphpTest/admin.php/Article/add | INFO: Run WriteHtmlCache Behavior [ RunTime:0.000242s ]
[ 2015-02-23T22:16:00+08:00 ] /thinkphpTest/admin.php/Article/add | INFO: Run ShowRuntime Behavior [ RunTime:0.000392s ]
[ 2015-02-23T22:16:00+08:00 ] /thinkphpTest/admin.php/Article/add | INFO: Tag[ view_filter ] --END-- [ RunTime:0.001603s ]
[ 2015-02-23T22:16:00+08:00 ] /thinkphpTest/admin.php/Article/add | INFO: Tag[ view_end ] --START--
[ 2015-02-23T22:16:00+08:00 ] /thinkphpTest/admin.php/Article/add | INFO: Run ShowPageTrace Behavior [ RunTime:0.000755s ]
[ 2015-02-23T22:16:00+08:00 ] /thinkphpTest/admin.php/Article/add | INFO: Tag[ view_end ] --END-- [ RunTime:0.000948s ]
[ 2015-02-23T22:16:00+08:00 ] /thinkphpTest/admin.php/Article/resources/images/closelabel.gif | ERR: (ThinkException) 非法操作resources
[ 2015-02-23T22:16:01+08:00 ] /thinkphpTest/admin.php/Article/add | INFO: Tag[ route_check ] --START--
[ 2015-02-23T22:16:01+08:00 ] /thinkphpTest/admin.php/Article/add | INFO: Run CheckRoute Behavior [ RunTime:0.001177s ]
[ 2015-02-23T22:16:01+08:00 ] /thinkphpTest/admin.php/Article/add | INFO: Tag[ route_check ] --END-- [ RunTime:0.001453s ]
[ 2015-02-23T22:16:01+08:00 ] /thinkphpTest/admin.php/Article/add | INFO: Tag[ app_begin ] --START--
[ 2015-02-23T22:16:01+08:00 ] /thinkphpTest/admin.php/Article/add | INFO: Run ReadHtmlCache Behavior [ RunTime:0.000553s ]
[ 2015-02-23T22:16:01+08:00 ] /thinkphpTest/admin.php/Article/add | INFO: Tag[ app_begin ] --END-- [ RunTime:0.000616s ]
[ 2015-02-23T22:16:01+08:00 ] /thinkphpTest/admin.php/Article/add | INFO: Tag[ view_template ] --START--
[ 2015-02-23T22:16:01+08:00 ] /thinkphpTest/admin.php/Article/add | INFO: Run LocationTemplate Behavior [ RunTime:0.000572s ]
[ 2015-02-23T22:16:01+08:00 ] /thinkphpTest/admin.php/Article/add | INFO: Tag[ view_template ] --END-- [ RunTime:0.000639s ]
[ 2015-02-23T22:16:01+08:00 ] /thinkphpTest/admin.php/Article/add | INFO: Tag[ view_parse ] --START--
[ 2015-02-23T22:16:01+08:00 ] /thinkphpTest/admin.php/Article/add | NOTIC: [8] Undefined index:  dashboard 9ce4b9130cad61dbd0bbd49942681a43.php 第 42 行.
[ 2015-02-23T22:16:01+08:00 ] /thinkphpTest/admin.php/Article/add | NOTIC: [8] Undefined index:  memo 9ce4b9130cad61dbd0bbd49942681a43.php 第 46 行.
[ 2015-02-23T22:16:01+08:00 ] /thinkphpTest/admin.php/Article/add | NOTIC: [8] Undefined index:  new_memo 9ce4b9130cad61dbd0bbd49942681a43.php 第 50 行.
[ 2015-02-23T22:16:01+08:00 ] /thinkphpTest/admin.php/Article/add | NOTIC: [8] Undefined index:  manage_memo 9ce4b9130cad61dbd0bbd49942681a43.php 第 51 行.
[ 2015-02-23T22:16:01+08:00 ] /thinkphpTest/admin.php/Article/add | NOTIC: [8] Undefined index:  new_article 9ce4b9130cad61dbd0bbd49942681a43.php 第 58 行.
[ 2015-02-23T22:16:01+08:00 ] /thinkphpTest/admin.php/Article/add | NOTIC: [8] Undefined index:  manage_article 9ce4b9130cad61dbd0bbd49942681a43.php 第 59 行.
[ 2015-02-23T22:16:01+08:00 ] /thinkphpTest/admin.php/Article/add | NOTIC: [8] Undefined index:  manage_draft 9ce4b9130cad61dbd0bbd49942681a43.php 第 60 行.
[ 2015-02-23T22:16:01+08:00 ] /thinkphpTest/admin.php/Article/add | NOTIC: [8] Undefined variable: article_item 9ce4b9130cad61dbd0bbd49942681a43.php 第 95 行.
[ 2015-02-23T22:16:01+08:00 ] /thinkphpTest/admin.php/Article/add | NOTIC: [8] Undefined variable: article_item 9ce4b9130cad61dbd0bbd49942681a43.php 第 108 行.
[ 2015-02-23T22:16:01+08:00 ] /thinkphpTest/admin.php/Article/add | NOTIC: [8] Undefined variable: article_item 9ce4b9130cad61dbd0bbd49942681a43.php 第 111 行.
[ 2015-02-23T22:16:01+08:00 ] /thinkphpTest/admin.php/Article/add | NOTIC: [8] Undefined variable: article_item 9ce4b9130cad61dbd0bbd49942681a43.php 第 118 行.
[ 2015-02-23T22:16:01+08:00 ] /thinkphpTest/admin.php/Article/add | INFO: Run ParseTemplate Behavior [ RunTime:0.016802s ]
[ 2015-02-23T22:16:01+08:00 ] /thinkphpTest/admin.php/Article/add | INFO: Tag[ view_parse ] --END-- [ RunTime:0.016880s ]
[ 2015-02-23T22:16:01+08:00 ] /thinkphpTest/admin.php/Article/add | INFO: Tag[ view_filter ] --START--
[ 2015-02-23T22:16:01+08:00 ] /thinkphpTest/admin.php/Article/add | INFO: Run ContentReplace Behavior [ RunTime:0.000400s ]
[ 2015-02-23T22:16:01+08:00 ] /thinkphpTest/admin.php/Article/add | INFO: Run TokenBuild Behavior [ RunTime:0.000452s ]
[ 2015-02-23T22:16:01+08:00 ] /thinkphpTest/admin.php/Article/add | INFO: Run WriteHtmlCache Behavior [ RunTime:0.000247s ]
[ 2015-02-23T22:16:01+08:00 ] /thinkphpTest/admin.php/Article/add | INFO: Run ShowRuntime Behavior [ RunTime:0.000444s ]
[ 2015-02-23T22:16:01+08:00 ] /thinkphpTest/admin.php/Article/add | INFO: Tag[ view_filter ] --END-- [ RunTime:0.001707s ]
[ 2015-02-23T22:16:01+08:00 ] /thinkphpTest/admin.php/Article/add | INFO: Tag[ view_end ] --START--
[ 2015-02-23T22:16:01+08:00 ] /thinkphpTest/admin.php/Article/add | INFO: Run ShowPageTrace Behavior [ RunTime:0.000436s ]
[ 2015-02-23T22:16:01+08:00 ] /thinkphpTest/admin.php/Article/add | INFO: Tag[ view_end ] --END-- [ RunTime:0.000493s ]
[ 2015-02-23T22:16:02+08:00 ] /thinkphpTest/admin.php/Article/resources/images/closelabel.gif | ERR: (ThinkException) 非法操作resources
[ 2015-02-23T22:16:21+08:00 ] /thinkphpTest/admin.php/Article/add | INFO: Tag[ route_check ] --START--
[ 2015-02-23T22:16:21+08:00 ] /thinkphpTest/admin.php/Article/add | INFO: Run CheckRoute Behavior [ RunTime:0.000829s ]
[ 2015-02-23T22:16:21+08:00 ] /thinkphpTest/admin.php/Article/add | INFO: Tag[ route_check ] --END-- [ RunTime:0.000935s ]
[ 2015-02-23T22:16:21+08:00 ] /thinkphpTest/admin.php/Article/add | INFO: Tag[ app_begin ] --START--
[ 2015-02-23T22:16:21+08:00 ] /thinkphpTest/admin.php/Article/add | INFO: Run ReadHtmlCache Behavior [ RunTime:0.000559s ]
[ 2015-02-23T22:16:21+08:00 ] /thinkphpTest/admin.php/Article/add | INFO: Tag[ app_begin ] --END-- [ RunTime:0.000625s ]
[ 2015-02-23T22:16:21+08:00 ] /thinkphpTest/admin.php/Article/add | INFO: Tag[ view_template ] --START--
[ 2015-02-23T22:16:21+08:00 ] /thinkphpTest/admin.php/Article/add | INFO: Run LocationTemplate Behavior [ RunTime:0.000580s ]
[ 2015-02-23T22:16:21+08:00 ] /thinkphpTest/admin.php/Article/add | INFO: Tag[ view_template ] --END-- [ RunTime:0.000655s ]
[ 2015-02-23T22:16:21+08:00 ] /thinkphpTest/admin.php/Article/add | INFO: Tag[ view_parse ] --START--
[ 2015-02-23T22:16:21+08:00 ] /thinkphpTest/admin.php/Article/add | NOTIC: [8] Undefined index:  dashboard 9ce4b9130cad61dbd0bbd49942681a43.php 第 42 行.
[ 2015-02-23T22:16:21+08:00 ] /thinkphpTest/admin.php/Article/add | NOTIC: [8] Undefined index:  memo 9ce4b9130cad61dbd0bbd49942681a43.php 第 46 行.
[ 2015-02-23T22:16:21+08:00 ] /thinkphpTest/admin.php/Article/add | NOTIC: [8] Undefined index:  new_memo 9ce4b9130cad61dbd0bbd49942681a43.php 第 50 行.
[ 2015-02-23T22:16:21+08:00 ] /thinkphpTest/admin.php/Article/add | NOTIC: [8] Undefined index:  manage_memo 9ce4b9130cad61dbd0bbd49942681a43.php 第 51 行.
[ 2015-02-23T22:16:21+08:00 ] /thinkphpTest/admin.php/Article/add | NOTIC: [8] Undefined index:  new_article 9ce4b9130cad61dbd0bbd49942681a43.php 第 58 行.
[ 2015-02-23T22:16:21+08:00 ] /thinkphpTest/admin.php/Article/add | NOTIC: [8] Undefined index:  manage_article 9ce4b9130cad61dbd0bbd49942681a43.php 第 59 行.
[ 2015-02-23T22:16:21+08:00 ] /thinkphpTest/admin.php/Article/add | NOTIC: [8] Undefined index:  manage_draft 9ce4b9130cad61dbd0bbd49942681a43.php 第 60 行.
[ 2015-02-23T22:16:21+08:00 ] /thinkphpTest/admin.php/Article/add | NOTIC: [8] Undefined variable: article_item 9ce4b9130cad61dbd0bbd49942681a43.php 第 95 行.
[ 2015-02-23T22:16:21+08:00 ] /thinkphpTest/admin.php/Article/add | NOTIC: [8] Undefined variable: article_item 9ce4b9130cad61dbd0bbd49942681a43.php 第 108 行.
[ 2015-02-23T22:16:21+08:00 ] /thinkphpTest/admin.php/Article/add | NOTIC: [8] Undefined variable: article_item 9ce4b9130cad61dbd0bbd49942681a43.php 第 111 行.
[ 2015-02-23T22:16:21+08:00 ] /thinkphpTest/admin.php/Article/add | NOTIC: [8] Undefined variable: article_item 9ce4b9130cad61dbd0bbd49942681a43.php 第 118 行.
[ 2015-02-23T22:16:21+08:00 ] /thinkphpTest/admin.php/Article/add | INFO: Run ParseTemplate Behavior [ RunTime:0.018530s ]
[ 2015-02-23T22:16:21+08:00 ] /thinkphpTest/admin.php/Article/add | INFO: Tag[ view_parse ] --END-- [ RunTime:0.018606s ]
[ 2015-02-23T22:16:21+08:00 ] /thinkphpTest/admin.php/Article/add | INFO: Tag[ view_filter ] --START--
[ 2015-02-23T22:16:21+08:00 ] /thinkphpTest/admin.php/Article/add | INFO: Run ContentReplace Behavior [ RunTime:0.000345s ]
[ 2015-02-23T22:16:21+08:00 ] /thinkphpTest/admin.php/Article/add | INFO: Run TokenBuild Behavior [ RunTime:0.000377s ]
[ 2015-02-23T22:16:21+08:00 ] /thinkphpTest/admin.php/Article/add | INFO: Run WriteHtmlCache Behavior [ RunTime:0.000199s ]
[ 2015-02-23T22:16:21+08:00 ] /thinkphpTest/admin.php/Article/add | INFO: Run ShowRuntime Behavior [ RunTime:0.000382s ]
[ 2015-02-23T22:16:21+08:00 ] /thinkphpTest/admin.php/Article/add | INFO: Tag[ view_filter ] --END-- [ RunTime:0.001448s ]
[ 2015-02-23T22:16:21+08:00 ] /thinkphpTest/admin.php/Article/add | INFO: Tag[ view_end ] --START--
[ 2015-02-23T22:16:21+08:00 ] /thinkphpTest/admin.php/Article/add | INFO: Run ShowPageTrace Behavior [ RunTime:0.000353s ]
[ 2015-02-23T22:16:21+08:00 ] /thinkphpTest/admin.php/Article/add | INFO: Tag[ view_end ] --END-- [ RunTime:0.000400s ]
[ 2015-02-23T22:16:22+08:00 ] /thinkphpTest/admin.php/Article/resources/images/closelabel.gif | ERR: (ThinkException) 非法操作resources
[ 2015-02-23T22:17:06+08:00 ] /thinkphpTest/admin.php/Article/add | INFO: Tag[ route_check ] --START--
[ 2015-02-23T22:17:06+08:00 ] /thinkphpTest/admin.php/Article/add | INFO: Run CheckRoute Behavior [ RunTime:0.001188s ]
[ 2015-02-23T22:17:06+08:00 ] /thinkphpTest/admin.php/Article/add | INFO: Tag[ route_check ] --END-- [ RunTime:0.001291s ]
[ 2015-02-23T22:17:06+08:00 ] /thinkphpTest/admin.php/Article/add | INFO: Tag[ app_begin ] --START--
[ 2015-02-23T22:17:06+08:00 ] /thinkphpTest/admin.php/Article/add | INFO: Run ReadHtmlCache Behavior [ RunTime:0.000905s ]
[ 2015-02-23T22:17:06+08:00 ] /thinkphpTest/admin.php/Article/add | INFO: Tag[ app_begin ] --END-- [ RunTime:0.000959s ]
[ 2015-02-23T22:17:06+08:00 ] /thinkphpTest/admin.php/Article/add | INFO: Tag[ view_template ] --START--
[ 2015-02-23T22:17:06+08:00 ] /thinkphpTest/admin.php/Article/add | INFO: Run LocationTemplate Behavior [ RunTime:0.001572s ]
[ 2015-02-23T22:17:06+08:00 ] /thinkphpTest/admin.php/Article/add | INFO: Tag[ view_template ] --END-- [ RunTime:0.001748s ]
[ 2015-02-23T22:17:06+08:00 ] /thinkphpTest/admin.php/Article/add | INFO: Tag[ view_parse ] --START--
[ 2015-02-23T22:17:06+08:00 ] /thinkphpTest/admin.php/Article/add | NOTIC: [8] Undefined index:  dashboard 9ce4b9130cad61dbd0bbd49942681a43.php 第 42 行.
[ 2015-02-23T22:17:06+08:00 ] /thinkphpTest/admin.php/Article/add | NOTIC: [8] Undefined index:  memo 9ce4b9130cad61dbd0bbd49942681a43.php 第 46 行.
[ 2015-02-23T22:17:06+08:00 ] /thinkphpTest/admin.php/Article/add | NOTIC: [8] Undefined index:  new_memo 9ce4b9130cad61dbd0bbd49942681a43.php 第 50 行.
[ 2015-02-23T22:17:06+08:00 ] /thinkphpTest/admin.php/Article/add | NOTIC: [8] Undefined index:  manage_memo 9ce4b9130cad61dbd0bbd49942681a43.php 第 51 行.
[ 2015-02-23T22:17:06+08:00 ] /thinkphpTest/admin.php/Article/add | NOTIC: [8] Undefined index:  new_article 9ce4b9130cad61dbd0bbd49942681a43.php 第 58 行.
[ 2015-02-23T22:17:06+08:00 ] /thinkphpTest/admin.php/Article/add | NOTIC: [8] Undefined index:  manage_article 9ce4b9130cad61dbd0bbd49942681a43.php 第 59 行.
[ 2015-02-23T22:17:06+08:00 ] /thinkphpTest/admin.php/Article/add | NOTIC: [8] Undefined index:  manage_draft 9ce4b9130cad61dbd0bbd49942681a43.php 第 60 行.
[ 2015-02-23T22:17:06+08:00 ] /thinkphpTest/admin.php/Article/add | NOTIC: [8] Undefined variable: article_item 9ce4b9130cad61dbd0bbd49942681a43.php 第 95 行.
[ 2015-02-23T22:17:06+08:00 ] /thinkphpTest/admin.php/Article/add | NOTIC: [8] Undefined variable: article_item 9ce4b9130cad61dbd0bbd49942681a43.php 第 108 行.
[ 2015-02-23T22:17:06+08:00 ] /thinkphpTest/admin.php/Article/add | NOTIC: [8] Undefined variable: article_item 9ce4b9130cad61dbd0bbd49942681a43.php 第 111 行.
[ 2015-02-23T22:17:06+08:00 ] /thinkphpTest/admin.php/Article/add | NOTIC: [8] Undefined variable: article_item 9ce4b9130cad61dbd0bbd49942681a43.php 第 118 行.
[ 2015-02-23T22:17:06+08:00 ] /thinkphpTest/admin.php/Article/add | INFO: Run ParseTemplate Behavior [ RunTime:0.018459s ]
[ 2015-02-23T22:17:06+08:00 ] /thinkphpTest/admin.php/Article/add | INFO: Tag[ view_parse ] --END-- [ RunTime:0.018606s ]
[ 2015-02-23T22:17:06+08:00 ] /thinkphpTest/admin.php/Article/add | INFO: Tag[ view_filter ] --START--
[ 2015-02-23T22:17:06+08:00 ] /thinkphpTest/admin.php/Article/add | INFO: Run ContentReplace Behavior [ RunTime:0.002290s ]
[ 2015-02-23T22:17:06+08:00 ] /thinkphpTest/admin.php/Article/add | INFO: Run TokenBuild Behavior [ RunTime:0.001230s ]
[ 2015-02-23T22:17:06+08:00 ] /thinkphpTest/admin.php/Article/add | INFO: Run WriteHtmlCache Behavior [ RunTime:0.000693s ]
[ 2015-02-23T22:17:06+08:00 ] /thinkphpTest/admin.php/Article/add | INFO: Run ShowRuntime Behavior [ RunTime:0.000794s ]
[ 2015-02-23T22:17:06+08:00 ] /thinkphpTest/admin.php/Article/add | INFO: Tag[ view_filter ] --END-- [ RunTime:0.005290s ]
[ 2015-02-23T22:17:06+08:00 ] /thinkphpTest/admin.php/Article/add | INFO: Tag[ view_end ] --START--
[ 2015-02-23T22:17:06+08:00 ] /thinkphpTest/admin.php/Article/add | INFO: Run ShowPageTrace Behavior [ RunTime:0.000768s ]
[ 2015-02-23T22:17:06+08:00 ] /thinkphpTest/admin.php/Article/add | INFO: Tag[ view_end ] --END-- [ RunTime:0.000823s ]
[ 2015-02-23T22:17:07+08:00 ] /thinkphpTest/admin.php/Article/resources/images/closelabel.gif | ERR: (ThinkException) 非法操作resources
[ 2015-02-23T22:18:17+08:00 ] /thinkphpTest/admin.php/Article/add | INFO: Tag[ route_check ] --START--
[ 2015-02-23T22:18:17+08:00 ] /thinkphpTest/admin.php/Article/add | INFO: Run CheckRoute Behavior [ RunTime:0.001337s ]
[ 2015-02-23T22:18:17+08:00 ] /thinkphpTest/admin.php/Article/add | INFO: Tag[ route_check ] --END-- [ RunTime:0.001451s ]
[ 2015-02-23T22:18:17+08:00 ] /thinkphpTest/admin.php/Article/add | INFO: Tag[ app_begin ] --START--
[ 2015-02-23T22:18:17+08:00 ] /thinkphpTest/admin.php/Article/add | INFO: Run ReadHtmlCache Behavior [ RunTime:0.001050s ]
[ 2015-02-23T22:18:17+08:00 ] /thinkphpTest/admin.php/Article/add | INFO: Tag[ app_begin ] --END-- [ RunTime:0.001112s ]
[ 2015-02-23T22:18:17+08:00 ] /thinkphpTest/admin.php/Article/add | INFO: Tag[ view_template ] --START--
[ 2015-02-23T22:18:17+08:00 ] /thinkphpTest/admin.php/Article/add | INFO: Run LocationTemplate Behavior [ RunTime:0.001578s ]
[ 2015-02-23T22:18:17+08:00 ] /thinkphpTest/admin.php/Article/add | INFO: Tag[ view_template ] --END-- [ RunTime:0.001655s ]
[ 2015-02-23T22:18:17+08:00 ] /thinkphpTest/admin.php/Article/add | INFO: Tag[ view_parse ] --START--
[ 2015-02-23T22:18:17+08:00 ] /thinkphpTest/admin.php/Article/add | NOTIC: [8] Undefined index:  dashboard 9ce4b9130cad61dbd0bbd49942681a43.php 第 42 行.
[ 2015-02-23T22:18:17+08:00 ] /thinkphpTest/admin.php/Article/add | NOTIC: [8] Undefined index:  memo 9ce4b9130cad61dbd0bbd49942681a43.php 第 46 行.
[ 2015-02-23T22:18:17+08:00 ] /thinkphpTest/admin.php/Article/add | NOTIC: [8] Undefined index:  new_memo 9ce4b9130cad61dbd0bbd49942681a43.php 第 50 行.
[ 2015-02-23T22:18:17+08:00 ] /thinkphpTest/admin.php/Article/add | NOTIC: [8] Undefined index:  manage_memo 9ce4b9130cad61dbd0bbd49942681a43.php 第 51 行.
[ 2015-02-23T22:18:17+08:00 ] /thinkphpTest/admin.php/Article/add | NOTIC: [8] Undefined index:  new_article 9ce4b9130cad61dbd0bbd49942681a43.php 第 58 行.
[ 2015-02-23T22:18:17+08:00 ] /thinkphpTest/admin.php/Article/add | NOTIC: [8] Undefined index:  manage_article 9ce4b9130cad61dbd0bbd49942681a43.php 第 59 行.
[ 2015-02-23T22:18:17+08:00 ] /thinkphpTest/admin.php/Article/add | NOTIC: [8] Undefined index:  manage_draft 9ce4b9130cad61dbd0bbd49942681a43.php 第 60 行.
[ 2015-02-23T22:18:17+08:00 ] /thinkphpTest/admin.php/Article/add | NOTIC: [8] Undefined variable: article_item 9ce4b9130cad61dbd0bbd49942681a43.php 第 95 行.
[ 2015-02-23T22:18:17+08:00 ] /thinkphpTest/admin.php/Article/add | NOTIC: [8] Undefined variable: article_item 9ce4b9130cad61dbd0bbd49942681a43.php 第 108 行.
[ 2015-02-23T22:18:17+08:00 ] /thinkphpTest/admin.php/Article/add | NOTIC: [8] Undefined variable: article_item 9ce4b9130cad61dbd0bbd49942681a43.php 第 111 行.
[ 2015-02-23T22:18:17+08:00 ] /thinkphpTest/admin.php/Article/add | NOTIC: [8] Undefined variable: article_item 9ce4b9130cad61dbd0bbd49942681a43.php 第 118 行.
[ 2015-02-23T22:18:17+08:00 ] /thinkphpTest/admin.php/Article/add | INFO: Run ParseTemplate Behavior [ RunTime:0.022291s ]
[ 2015-02-23T22:18:17+08:00 ] /thinkphpTest/admin.php/Article/add | INFO: Tag[ view_parse ] --END-- [ RunTime:0.022375s ]
[ 2015-02-23T22:18:17+08:00 ] /thinkphpTest/admin.php/Article/add | INFO: Tag[ view_filter ] --START--
[ 2015-02-23T22:18:17+08:00 ] /thinkphpTest/admin.php/Article/add | INFO: Run ContentReplace Behavior [ RunTime:0.000842s ]
[ 2015-02-23T22:18:17+08:00 ] /thinkphpTest/admin.php/Article/add | INFO: Run TokenBuild Behavior [ RunTime:0.000802s ]
[ 2015-02-23T22:18:17+08:00 ] /thinkphpTest/admin.php/Article/add | INFO: Run WriteHtmlCache Behavior [ RunTime:0.000607s ]
[ 2015-02-23T22:18:17+08:00 ] /thinkphpTest/admin.php/Article/add | INFO: Run ShowRuntime Behavior [ RunTime:0.000792s ]
[ 2015-02-23T22:18:17+08:00 ] /thinkphpTest/admin.php/Article/add | INFO: Tag[ view_filter ] --END-- [ RunTime:0.003186s ]
[ 2015-02-23T22:18:17+08:00 ] /thinkphpTest/admin.php/Article/add | INFO: Tag[ view_end ] --START--
[ 2015-02-23T22:18:17+08:00 ] /thinkphpTest/admin.php/Article/add | INFO: Run ShowPageTrace Behavior [ RunTime:0.001000s ]
[ 2015-02-23T22:18:17+08:00 ] /thinkphpTest/admin.php/Article/add | INFO: Tag[ view_end ] --END-- [ RunTime:0.001060s ]
[ 2015-02-23T22:18:17+08:00 ] /thinkphpTest/admin.php/Article/resources/images/closelabel.gif | ERR: (ThinkException) 非法操作resources
[ 2015-02-23T22:20:50+08:00 ] /thinkphpTest/admin.php/Article/add | INFO: Tag[ route_check ] --START--
[ 2015-02-23T22:20:50+08:00 ] /thinkphpTest/admin.php/Article/add | INFO: Run CheckRoute Behavior [ RunTime:0.001088s ]
[ 2015-02-23T22:20:50+08:00 ] /thinkphpTest/admin.php/Article/add | INFO: Tag[ route_check ] --END-- [ RunTime:0.001181s ]
[ 2015-02-23T22:20:50+08:00 ] /thinkphpTest/admin.php/Article/add | INFO: Tag[ app_begin ] --START--
[ 2015-02-23T22:20:50+08:00 ] /thinkphpTest/admin.php/Article/add | INFO: Run ReadHtmlCache Behavior [ RunTime:0.000867s ]
[ 2015-02-23T22:20:50+08:00 ] /thinkphpTest/admin.php/Article/add | INFO: Tag[ app_begin ] --END-- [ RunTime:0.000918s ]
[ 2015-02-23T22:20:50+08:00 ] /thinkphpTest/admin.php/Article/add | INFO: Tag[ view_template ] --START--
[ 2015-02-23T22:20:50+08:00 ] /thinkphpTest/admin.php/Article/add | INFO: Run LocationTemplate Behavior [ RunTime:0.001883s ]
[ 2015-02-23T22:20:50+08:00 ] /thinkphpTest/admin.php/Article/add | INFO: Tag[ view_template ] --END-- [ RunTime:0.002010s ]
[ 2015-02-23T22:20:50+08:00 ] /thinkphpTest/admin.php/Article/add | INFO: Tag[ view_parse ] --START--
[ 2015-02-23T22:20:50+08:00 ] /thinkphpTest/admin.php/Article/add | NOTIC: [8] Undefined index:  dashboard 9ce4b9130cad61dbd0bbd49942681a43.php 第 42 行.
[ 2015-02-23T22:20:50+08:00 ] /thinkphpTest/admin.php/Article/add | NOTIC: [8] Undefined index:  memo 9ce4b9130cad61dbd0bbd49942681a43.php 第 46 行.
[ 2015-02-23T22:20:50+08:00 ] /thinkphpTest/admin.php/Article/add | NOTIC: [8] Undefined index:  new_memo 9ce4b9130cad61dbd0bbd49942681a43.php 第 50 行.
[ 2015-02-23T22:20:50+08:00 ] /thinkphpTest/admin.php/Article/add | NOTIC: [8] Undefined index:  manage_memo 9ce4b9130cad61dbd0bbd49942681a43.php 第 51 行.
[ 2015-02-23T22:20:50+08:00 ] /thinkphpTest/admin.php/Article/add | NOTIC: [8] Undefined index:  new_article 9ce4b9130cad61dbd0bbd49942681a43.php 第 58 行.
[ 2015-02-23T22:20:50+08:00 ] /thinkphpTest/admin.php/Article/add | NOTIC: [8] Undefined index:  manage_article 9ce4b9130cad61dbd0bbd49942681a43.php 第 59 行.
[ 2015-02-23T22:20:50+08:00 ] /thinkphpTest/admin.php/Article/add | NOTIC: [8] Undefined index:  manage_draft 9ce4b9130cad61dbd0bbd49942681a43.php 第 60 行.
[ 2015-02-23T22:20:50+08:00 ] /thinkphpTest/admin.php/Article/add | NOTIC: [8] Undefined variable: article_item 9ce4b9130cad61dbd0bbd49942681a43.php 第 95 行.
[ 2015-02-23T22:20:50+08:00 ] /thinkphpTest/admin.php/Article/add | NOTIC: [8] Undefined variable: article_item 9ce4b9130cad61dbd0bbd49942681a43.php 第 108 行.
[ 2015-02-23T22:20:50+08:00 ] /thinkphpTest/admin.php/Article/add | NOTIC: [8] Undefined variable: article_item 9ce4b9130cad61dbd0bbd49942681a43.php 第 111 行.
[ 2015-02-23T22:20:50+08:00 ] /thinkphpTest/admin.php/Article/add | NOTIC: [8] Undefined variable: article_item 9ce4b9130cad61dbd0bbd49942681a43.php 第 118 行.
[ 2015-02-23T22:20:50+08:00 ] /thinkphpTest/admin.php/Article/add | INFO: Run ParseTemplate Behavior [ RunTime:0.020551s ]
[ 2015-02-23T22:20:50+08:00 ] /thinkphpTest/admin.php/Article/add | INFO: Tag[ view_parse ] --END-- [ RunTime:0.020657s ]
[ 2015-02-23T22:20:50+08:00 ] /thinkphpTest/admin.php/Article/add | INFO: Tag[ view_filter ] --START--
[ 2015-02-23T22:20:50+08:00 ] /thinkphpTest/admin.php/Article/add | INFO: Run ContentReplace Behavior [ RunTime:0.000824s ]
[ 2015-02-23T22:20:50+08:00 ] /thinkphpTest/admin.php/Article/add | INFO: Run TokenBuild Behavior [ RunTime:0.000818s ]
[ 2015-02-23T22:20:50+08:00 ] /thinkphpTest/admin.php/Article/add | INFO: Run WriteHtmlCache Behavior [ RunTime:0.000633s ]
[ 2015-02-23T22:20:50+08:00 ] /thinkphpTest/admin.php/Article/add | INFO: Run ShowRuntime Behavior [ RunTime:0.000766s ]
[ 2015-02-23T22:20:50+08:00 ] /thinkphpTest/admin.php/Article/add | INFO: Tag[ view_filter ] --END-- [ RunTime:0.003183s ]
[ 2015-02-23T22:20:50+08:00 ] /thinkphpTest/admin.php/Article/add | INFO: Tag[ view_end ] --START--
[ 2015-02-23T22:20:50+08:00 ] /thinkphpTest/admin.php/Article/add | INFO: Run ShowPageTrace Behavior [ RunTime:0.000765s ]
[ 2015-02-23T22:20:50+08:00 ] /thinkphpTest/admin.php/Article/add | INFO: Tag[ view_end ] --END-- [ RunTime:0.000822s ]
[ 2015-02-23T22:20:51+08:00 ] /thinkphpTest/admin.php/Article/resources/images/closelabel.gif | ERR: (ThinkException) 非法操作resources
[ 2015-02-23T22:21:12+08:00 ] /thinkphpTest/admin.php/Article/add | INFO: Tag[ route_check ] --START--
[ 2015-02-23T22:21:12+08:00 ] /thinkphpTest/admin.php/Article/add | INFO: Run CheckRoute Behavior [ RunTime:0.001489s ]
[ 2015-02-23T22:21:12+08:00 ] /thinkphpTest/admin.php/Article/add | INFO: Tag[ route_check ] --END-- [ RunTime:0.001607s ]
[ 2015-02-23T22:21:12+08:00 ] /thinkphpTest/admin.php/Article/add | INFO: Tag[ app_begin ] --START--
[ 2015-02-23T22:21:12+08:00 ] /thinkphpTest/admin.php/Article/add | INFO: Run ReadHtmlCache Behavior [ RunTime:0.001177s ]
[ 2015-02-23T22:21:12+08:00 ] /thinkphpTest/admin.php/Article/add | INFO: Tag[ app_begin ] --END-- [ RunTime:0.001248s ]
[ 2015-02-23T22:21:12+08:00 ] /thinkphpTest/admin.php/Article/add | INFO: Tag[ view_template ] --START--
[ 2015-02-23T22:21:12+08:00 ] /thinkphpTest/admin.php/Article/add | INFO: Run LocationTemplate Behavior [ RunTime:0.001817s ]
[ 2015-02-23T22:21:12+08:00 ] /thinkphpTest/admin.php/Article/add | INFO: Tag[ view_template ] --END-- [ RunTime:0.001908s ]
[ 2015-02-23T22:21:12+08:00 ] /thinkphpTest/admin.php/Article/add | INFO: Tag[ view_parse ] --START--
[ 2015-02-23T22:21:12+08:00 ] /thinkphpTest/admin.php/Article/add | NOTIC: [8] Undefined index:  dashboard 9ce4b9130cad61dbd0bbd49942681a43.php 第 42 行.
[ 2015-02-23T22:21:12+08:00 ] /thinkphpTest/admin.php/Article/add | NOTIC: [8] Undefined index:  memo 9ce4b9130cad61dbd0bbd49942681a43.php 第 46 行.
[ 2015-02-23T22:21:12+08:00 ] /thinkphpTest/admin.php/Article/add | NOTIC: [8] Undefined index:  new_memo 9ce4b9130cad61dbd0bbd49942681a43.php 第 50 行.
[ 2015-02-23T22:21:12+08:00 ] /thinkphpTest/admin.php/Article/add | NOTIC: [8] Undefined index:  manage_memo 9ce4b9130cad61dbd0bbd49942681a43.php 第 51 行.
[ 2015-02-23T22:21:12+08:00 ] /thinkphpTest/admin.php/Article/add | NOTIC: [8] Undefined index:  new_article 9ce4b9130cad61dbd0bbd49942681a43.php 第 58 行.
[ 2015-02-23T22:21:12+08:00 ] /thinkphpTest/admin.php/Article/add | NOTIC: [8] Undefined index:  manage_article 9ce4b9130cad61dbd0bbd49942681a43.php 第 59 行.
[ 2015-02-23T22:21:12+08:00 ] /thinkphpTest/admin.php/Article/add | NOTIC: [8] Undefined index:  manage_draft 9ce4b9130cad61dbd0bbd49942681a43.php 第 60 行.
[ 2015-02-23T22:21:12+08:00 ] /thinkphpTest/admin.php/Article/add | NOTIC: [8] Undefined variable: article_item 9ce4b9130cad61dbd0bbd49942681a43.php 第 95 行.
[ 2015-02-23T22:21:12+08:00 ] /thinkphpTest/admin.php/Article/add | NOTIC: [8] Undefined variable: article_item 9ce4b9130cad61dbd0bbd49942681a43.php 第 108 行.
[ 2015-02-23T22:21:12+08:00 ] /thinkphpTest/admin.php/Article/add | NOTIC: [8] Undefined variable: article_item 9ce4b9130cad61dbd0bbd49942681a43.php 第 111 行.
[ 2015-02-23T22:21:12+08:00 ] /thinkphpTest/admin.php/Article/add | NOTIC: [8] Undefined variable: article_item 9ce4b9130cad61dbd0bbd49942681a43.php 第 118 行.
[ 2015-02-23T22:21:12+08:00 ] /thinkphpTest/admin.php/Article/add | INFO: Run ParseTemplate Behavior [ RunTime:0.023174s ]
[ 2015-02-23T22:21:12+08:00 ] /thinkphpTest/admin.php/Article/add | INFO: Tag[ view_parse ] --END-- [ RunTime:0.023249s ]
[ 2015-02-23T22:21:12+08:00 ] /thinkphpTest/admin.php/Article/add | INFO: Tag[ view_filter ] --START--
[ 2015-02-23T22:21:12+08:00 ] /thinkphpTest/admin.php/Article/add | INFO: Run ContentReplace Behavior [ RunTime:0.000839s ]
[ 2015-02-23T22:21:12+08:00 ] /thinkphpTest/admin.php/Article/add | INFO: Run TokenBuild Behavior [ RunTime:0.000829s ]
[ 2015-02-23T22:21:12+08:00 ] /thinkphpTest/admin.php/Article/add | INFO: Run WriteHtmlCache Behavior [ RunTime:0.000641s ]
[ 2015-02-23T22:21:12+08:00 ] /thinkphpTest/admin.php/Article/add | INFO: Run ShowRuntime Behavior [ RunTime:0.000807s ]
[ 2015-02-23T22:21:12+08:00 ] /thinkphpTest/admin.php/Article/add | INFO: Tag[ view_filter ] --END-- [ RunTime:0.003264s ]
[ 2015-02-23T22:21:12+08:00 ] /thinkphpTest/admin.php/Article/add | INFO: Tag[ view_end ] --START--
[ 2015-02-23T22:21:12+08:00 ] /thinkphpTest/admin.php/Article/add | INFO: Run ShowPageTrace Behavior [ RunTime:0.000815s ]
[ 2015-02-23T22:21:12+08:00 ] /thinkphpTest/admin.php/Article/add | INFO: Tag[ view_end ] --END-- [ RunTime:0.000868s ]
[ 2015-02-23T22:21:12+08:00 ] /thinkphpTest/admin.php/Article/resources/images/closelabel.gif | ERR: (ThinkException) 非法操作resources
[ 2015-02-23T22:27:25+08:00 ] /thinkphpTest/admin.php/Article/add | INFO: Tag[ route_check ] --START--
[ 2015-02-23T22:27:25+08:00 ] /thinkphpTest/admin.php/Article/add | INFO: Run CheckRoute Behavior [ RunTime:0.001109s ]
[ 2015-02-23T22:27:25+08:00 ] /thinkphpTest/admin.php/Article/add | INFO: Tag[ route_check ] --END-- [ RunTime:0.001211s ]
[ 2015-02-23T22:27:25+08:00 ] /thinkphpTest/admin.php/Article/add | INFO: Tag[ app_begin ] --START--
[ 2015-02-23T22:27:25+08:00 ] /thinkphpTest/admin.php/Article/add | INFO: Run ReadHtmlCache Behavior [ RunTime:0.001218s ]
[ 2015-02-23T22:27:25+08:00 ] /thinkphpTest/admin.php/Article/add | INFO: Tag[ app_begin ] --END-- [ RunTime:0.001364s ]
[ 2015-02-23T22:27:25+08:00 ] /thinkphpTest/admin.php/Article/add | INFO: Tag[ view_template ] --START--
[ 2015-02-23T22:27:25+08:00 ] /thinkphpTest/admin.php/Article/add | INFO: Run LocationTemplate Behavior [ RunTime:0.001276s ]
[ 2015-02-23T22:27:25+08:00 ] /thinkphpTest/admin.php/Article/add | INFO: Tag[ view_template ] --END-- [ RunTime:0.001336s ]
[ 2015-02-23T22:27:25+08:00 ] /thinkphpTest/admin.php/Article/add | INFO: Tag[ view_parse ] --START--
[ 2015-02-23T22:27:25+08:00 ] /thinkphpTest/admin.php/Article/add | NOTIC: [8] Undefined index:  dashboard 9ce4b9130cad61dbd0bbd49942681a43.php 第 42 行.
[ 2015-02-23T22:27:25+08:00 ] /thinkphpTest/admin.php/Article/add | NOTIC: [8] Undefined index:  memo 9ce4b9130cad61dbd0bbd49942681a43.php 第 46 行.
[ 2015-02-23T22:27:25+08:00 ] /thinkphpTest/admin.php/Article/add | NOTIC: [8] Undefined index:  new_memo 9ce4b9130cad61dbd0bbd49942681a43.php 第 50 行.
[ 2015-02-23T22:27:25+08:00 ] /thinkphpTest/admin.php/Article/add | NOTIC: [8] Undefined index:  manage_memo 9ce4b9130cad61dbd0bbd49942681a43.php 第 51 行.
[ 2015-02-23T22:27:25+08:00 ] /thinkphpTest/admin.php/Article/add | NOTIC: [8] Undefined index:  new_article 9ce4b9130cad61dbd0bbd49942681a43.php 第 58 行.
[ 2015-02-23T22:27:25+08:00 ] /thinkphpTest/admin.php/Article/add | NOTIC: [8] Undefined index:  manage_article 9ce4b9130cad61dbd0bbd49942681a43.php 第 59 行.
[ 2015-02-23T22:27:25+08:00 ] /thinkphpTest/admin.php/Article/add | NOTIC: [8] Undefined index:  manage_draft 9ce4b9130cad61dbd0bbd49942681a43.php 第 60 行.
[ 2015-02-23T22:27:25+08:00 ] /thinkphpTest/admin.php/Article/add | NOTIC: [8] Undefined variable: article_item 9ce4b9130cad61dbd0bbd49942681a43.php 第 95 行.
[ 2015-02-23T22:27:25+08:00 ] /thinkphpTest/admin.php/Article/add | NOTIC: [8] Undefined variable: article_item 9ce4b9130cad61dbd0bbd49942681a43.php 第 108 行.
[ 2015-02-23T22:27:25+08:00 ] /thinkphpTest/admin.php/Article/add | NOTIC: [8] Undefined variable: article_item 9ce4b9130cad61dbd0bbd49942681a43.php 第 111 行.
[ 2015-02-23T22:27:25+08:00 ] /thinkphpTest/admin.php/Article/add | NOTIC: [8] Undefined variable: article_item 9ce4b9130cad61dbd0bbd49942681a43.php 第 118 行.
[ 2015-02-23T22:27:25+08:00 ] /thinkphpTest/admin.php/Article/add | INFO: Run ParseTemplate Behavior [ RunTime:0.014528s ]
[ 2015-02-23T22:27:25+08:00 ] /thinkphpTest/admin.php/Article/add | INFO: Tag[ view_parse ] --END-- [ RunTime:0.014593s ]
[ 2015-02-23T22:27:25+08:00 ] /thinkphpTest/admin.php/Article/add | INFO: Tag[ view_filter ] --START--
[ 2015-02-23T22:27:25+08:00 ] /thinkphpTest/admin.php/Article/add | INFO: Run ContentReplace Behavior [ RunTime:0.000800s ]
[ 2015-02-23T22:27:25+08:00 ] /thinkphpTest/admin.php/Article/add | INFO: Run TokenBuild Behavior [ RunTime:0.000791s ]
[ 2015-02-23T22:27:25+08:00 ] /thinkphpTest/admin.php/Article/add | INFO: Run WriteHtmlCache Behavior [ RunTime:0.000594s ]
[ 2015-02-23T22:27:25+08:00 ] /thinkphpTest/admin.php/Article/add | INFO: Run ShowRuntime Behavior [ RunTime:0.000782s ]
[ 2015-02-23T22:27:25+08:00 ] /thinkphpTest/admin.php/Article/add | INFO: Tag[ view_filter ] --END-- [ RunTime:0.003107s ]
[ 2015-02-23T22:27:25+08:00 ] /thinkphpTest/admin.php/Article/add | INFO: Tag[ view_end ] --START--
[ 2015-02-23T22:27:25+08:00 ] /thinkphpTest/admin.php/Article/add | INFO: Run ShowPageTrace Behavior [ RunTime:0.000793s ]
[ 2015-02-23T22:27:25+08:00 ] /thinkphpTest/admin.php/Article/add | INFO: Tag[ view_end ] --END-- [ RunTime:0.000842s ]
[ 2015-02-23T22:27:25+08:00 ] /thinkphpTest/admin.php/Article/resources/images/closelabel.gif | ERR: (ThinkException) 非法操作resources
[ 2015-02-23T22:27:54+08:00 ] /thinkphpTest/admin.php/Article/submit | INFO: Tag[ route_check ] --START--
[ 2015-02-23T22:27:54+08:00 ] /thinkphpTest/admin.php/Article/submit | INFO: Run CheckRoute Behavior [ RunTime:0.001637s ]
[ 2015-02-23T22:27:54+08:00 ] /thinkphpTest/admin.php/Article/submit | INFO: Tag[ route_check ] --END-- [ RunTime:0.001768s ]
[ 2015-02-23T22:27:54+08:00 ] /thinkphpTest/admin.php/Article/submit | INFO: Tag[ app_begin ] --START--
[ 2015-02-23T22:27:54+08:00 ] /thinkphpTest/admin.php/Article/submit | INFO: Run ReadHtmlCache Behavior [ RunTime:0.001284s ]
[ 2015-02-23T22:27:54+08:00 ] /thinkphpTest/admin.php/Article/submit | INFO: Tag[ app_begin ] --END-- [ RunTime:0.001361s ]
[ 2015-02-23T22:27:54+08:00 ] /thinkphpTest/admin.php/Article/submit | SQL: SHOW COLUMNS FROM `think_article` [ RunTime:0.004900s ]
[ 2015-02-23T22:27:54+08:00 ] /thinkphpTest/admin.php/Article/submit | NOTIC: [4096] Argument 1 passed to ArticleAction::getAbstract() must be an instance of string, string given, called in D:\program\wamp\www\thinkphpTest\Admin\Lib\Action\ArticleAction.class.php on line 202 and defined ArticleAction.class.php 第 282 行.
[ 2015-02-23T22:27:54+08:00 ] /thinkphpTest/admin.php/Article/submit | SQL: INSERT INTO `think_article` (`title`,`content`,`abstract`,`author`,`createTime`,`lastModifyTime`,`isSubmitted`,`categoryId`) VALUES ('世界末日','<p>天灰灰会不会让我忘了你是谁</p>','天灰灰会不会让我忘了你是谁','sch','2015-02-23 22:27:54','2015-02-23 22:27:54',1,'3') [ RunTime:0.052501s ]
[ 2015-02-23T22:27:54+08:00 ] /thinkphpTest/admin.php/Article/submit | INFO: Tag[ view_template ] --START--
[ 2015-02-23T22:27:54+08:00 ] /thinkphpTest/admin.php/Article/submit | INFO: Run LocationTemplate Behavior [ RunTime:0.002940s ]
[ 2015-02-23T22:27:54+08:00 ] /thinkphpTest/admin.php/Article/submit | INFO: Tag[ view_template ] --END-- [ RunTime:0.003075s ]
[ 2015-02-23T22:27:54+08:00 ] /thinkphpTest/admin.php/Article/submit | INFO: Tag[ view_parse ] --START--
[ 2015-02-23T22:27:54+08:00 ] /thinkphpTest/admin.php/Article/submit | INFO: Run ParseTemplate Behavior [ RunTime:0.022808s ]
[ 2015-02-23T22:27:54+08:00 ] /thinkphpTest/admin.php/Article/submit | INFO: Tag[ view_parse ] --END-- [ RunTime:0.023128s ]
[ 2015-02-23T22:27:54+08:00 ] /thinkphpTest/admin.php/Article/submit | INFO: Tag[ view_filter ] --START--
[ 2015-02-23T22:27:54+08:00 ] /thinkphpTest/admin.php/Article/submit | INFO: Run ContentReplace Behavior [ RunTime:0.000994s ]
[ 2015-02-23T22:27:54+08:00 ] /thinkphpTest/admin.php/Article/submit | INFO: Run TokenBuild Behavior [ RunTime:0.000791s ]
[ 2015-02-23T22:27:54+08:00 ] /thinkphpTest/admin.php/Article/submit | INFO: Run WriteHtmlCache Behavior [ RunTime:0.000866s ]
[ 2015-02-23T22:27:54+08:00 ] /thinkphpTest/admin.php/Article/submit | INFO: Run ShowRuntime Behavior [ RunTime:0.000915s ]
[ 2015-02-23T22:27:54+08:00 ] /thinkphpTest/admin.php/Article/submit | INFO: Tag[ view_filter ] --END-- [ RunTime:0.003817s ]
[ 2015-02-23T22:27:54+08:00 ] /thinkphpTest/admin.php/Article/submit | INFO: Tag[ view_end ] --START--
[ 2015-02-23T22:27:54+08:00 ] /thinkphpTest/admin.php/Article/submit | INFO: Run ShowPageTrace Behavior [ RunTime:0.000832s ]
[ 2015-02-23T22:27:54+08:00 ] /thinkphpTest/admin.php/Article/submit | INFO: Tag[ view_end ] --END-- [ RunTime:0.000886s ]
[ 2015-02-23T22:27:56+08:00 ] /thinkphpTest/admin.php/Article/index | INFO: Tag[ route_check ] --START--
[ 2015-02-23T22:27:56+08:00 ] /thinkphpTest/admin.php/Article/index | INFO: Run CheckRoute Behavior [ RunTime:0.002394s ]
[ 2015-02-23T22:27:56+08:00 ] /thinkphpTest/admin.php/Article/index | INFO: Tag[ route_check ] --END-- [ RunTime:0.002788s ]
[ 2015-02-23T22:27:56+08:00 ] /thinkphpTest/admin.php/Article/index | INFO: Tag[ app_begin ] --START--
[ 2015-02-23T22:27:56+08:00 ] /thinkphpTest/admin.php/Article/index | INFO: Run ReadHtmlCache Behavior [ RunTime:0.001908s ]
[ 2015-02-23T22:27:56+08:00 ] /thinkphpTest/admin.php/Article/index | INFO: Tag[ app_begin ] --END-- [ RunTime:0.002084s ]
[ 2015-02-23T22:27:56+08:00 ] /thinkphpTest/admin.php/Article/index | SQL: SHOW COLUMNS FROM `think_article` [ RunTime:0.005329s ]
[ 2015-02-23T22:27:56+08:00 ] /thinkphpTest/admin.php/Article/index | SQL: SELECT COUNT(*) AS tp_count FROM `think_article` WHERE isSubmitted=1 LIMIT 1   [ RunTime:0.004058s ]
[ 2015-02-23T22:27:56+08:00 ] /thinkphpTest/admin.php/Article/index | SQL: SELECT * FROM `think_article` WHERE isSubmitted=1 LIMIT 0,5   [ RunTime:0.000509s ]
[ 2015-02-23T22:27:56+08:00 ] /thinkphpTest/admin.php/Article/index | INFO: Tag[ view_template ] --START--
[ 2015-02-23T22:27:56+08:00 ] /thinkphpTest/admin.php/Article/index | INFO: Run LocationTemplate Behavior [ RunTime:0.001285s ]
[ 2015-02-23T22:27:56+08:00 ] /thinkphpTest/admin.php/Article/index | INFO: Tag[ view_template ] --END-- [ RunTime:0.001381s ]
[ 2015-02-23T22:27:56+08:00 ] /thinkphpTest/admin.php/Article/index | INFO: Tag[ view_parse ] --START--
[ 2015-02-23T22:27:56+08:00 ] /thinkphpTest/admin.php/Article/index | NOTIC: [8] Undefined index:  dashboard 4cf132cdb6642034410dbfb2ab3160bc.php 第 37 行.
[ 2015-02-23T22:27:56+08:00 ] /thinkphpTest/admin.php/Article/index | NOTIC: [8] Undefined index:  memo 4cf132cdb6642034410dbfb2ab3160bc.php 第 41 行.
[ 2015-02-23T22:27:56+08:00 ] /thinkphpTest/admin.php/Article/index | NOTIC: [8] Undefined index:  new_memo 4cf132cdb6642034410dbfb2ab3160bc.php 第 45 行.
[ 2015-02-23T22:27:56+08:00 ] /thinkphpTest/admin.php/Article/index | NOTIC: [8] Undefined index:  manage_memo 4cf132cdb6642034410dbfb2ab3160bc.php 第 46 行.
[ 2015-02-23T22:27:56+08:00 ] /thinkphpTest/admin.php/Article/index | NOTIC: [8] Undefined index:  new_article 4cf132cdb6642034410dbfb2ab3160bc.php 第 53 行.
[ 2015-02-23T22:27:56+08:00 ] /thinkphpTest/admin.php/Article/index | NOTIC: [8] Undefined index:  manage_draft 4cf132cdb6642034410dbfb2ab3160bc.php 第 55 行.
[ 2015-02-23T22:27:56+08:00 ] /thinkphpTest/admin.php/Article/index | INFO: Run ParseTemplate Behavior [ RunTime:0.068423s ]
[ 2015-02-23T22:27:56+08:00 ] /thinkphpTest/admin.php/Article/index | INFO: Tag[ view_parse ] --END-- [ RunTime:0.068522s ]
[ 2015-02-23T22:27:56+08:00 ] /thinkphpTest/admin.php/Article/index | INFO: Tag[ view_filter ] --START--
[ 2015-02-23T22:27:56+08:00 ] /thinkphpTest/admin.php/Article/index | INFO: Run ContentReplace Behavior [ RunTime:0.000503s ]
[ 2015-02-23T22:27:56+08:00 ] /thinkphpTest/admin.php/Article/index | INFO: Run TokenBuild Behavior [ RunTime:0.000603s ]
[ 2015-02-23T22:27:56+08:00 ] /thinkphpTest/admin.php/Article/index | INFO: Run WriteHtmlCache Behavior [ RunTime:0.000278s ]
[ 2015-02-23T22:27:56+08:00 ] /thinkphpTest/admin.php/Article/index | INFO: Run ShowRuntime Behavior [ RunTime:0.000506s ]
[ 2015-02-23T22:27:56+08:00 ] /thinkphpTest/admin.php/Article/index | INFO: Tag[ view_filter ] --END-- [ RunTime:0.002094s ]
[ 2015-02-23T22:27:56+08:00 ] /thinkphpTest/admin.php/Article/index | INFO: Tag[ view_end ] --START--
[ 2015-02-23T22:27:56+08:00 ] /thinkphpTest/admin.php/Article/index | INFO: Run ShowPageTrace Behavior [ RunTime:0.000645s ]
[ 2015-02-23T22:27:56+08:00 ] /thinkphpTest/admin.php/Article/index | INFO: Tag[ view_end ] --END-- [ RunTime:0.000746s ]
[ 2015-02-23T22:27:56+08:00 ] /thinkphpTest/admin.php/Article/resources/images/closelabel.gif | ERR: (ThinkException) 非法操作resources
[ 2015-02-23T23:05:55+08:00 ] /thinkphpTest/admin.php/Article/add | INFO: Tag[ route_check ] --START--
[ 2015-02-23T23:05:55+08:00 ] /thinkphpTest/admin.php/Article/add | INFO: Run CheckRoute Behavior [ RunTime:0.001296s ]
[ 2015-02-23T23:05:55+08:00 ] /thinkphpTest/admin.php/Article/add | INFO: Tag[ route_check ] --END-- [ RunTime:0.001398s ]
[ 2015-02-23T23:05:55+08:00 ] /thinkphpTest/admin.php/Article/add | INFO: Tag[ app_begin ] --START--
[ 2015-02-23T23:05:55+08:00 ] /thinkphpTest/admin.php/Article/add | INFO: Run ReadHtmlCache Behavior [ RunTime:0.000923s ]
[ 2015-02-23T23:05:55+08:00 ] /thinkphpTest/admin.php/Article/add | INFO: Tag[ app_begin ] --END-- [ RunTime:0.000978s ]
[ 2015-02-23T23:05:55+08:00 ] /thinkphpTest/admin.php/Article/add | INFO: Tag[ view_template ] --START--
[ 2015-02-23T23:05:55+08:00 ] /thinkphpTest/admin.php/Article/add | INFO: Run LocationTemplate Behavior [ RunTime:0.001346s ]
[ 2015-02-23T23:05:55+08:00 ] /thinkphpTest/admin.php/Article/add | INFO: Tag[ view_template ] --END-- [ RunTime:0.001411s ]
[ 2015-02-23T23:05:55+08:00 ] /thinkphpTest/admin.php/Article/add | INFO: Tag[ view_parse ] --START--
[ 2015-02-23T23:05:55+08:00 ] /thinkphpTest/admin.php/Article/add | NOTIC: [8] Undefined index:  dashboard 9ce4b9130cad61dbd0bbd49942681a43.php 第 42 行.
[ 2015-02-23T23:05:55+08:00 ] /thinkphpTest/admin.php/Article/add | NOTIC: [8] Undefined index:  memo 9ce4b9130cad61dbd0bbd49942681a43.php 第 46 行.
[ 2015-02-23T23:05:55+08:00 ] /thinkphpTest/admin.php/Article/add | NOTIC: [8] Undefined index:  new_memo 9ce4b9130cad61dbd0bbd49942681a43.php 第 50 行.
[ 2015-02-23T23:05:55+08:00 ] /thinkphpTest/admin.php/Article/add | NOTIC: [8] Undefined index:  manage_memo 9ce4b9130cad61dbd0bbd49942681a43.php 第 51 行.
[ 2015-02-23T23:05:55+08:00 ] /thinkphpTest/admin.php/Article/add | NOTIC: [8] Undefined index:  new_article 9ce4b9130cad61dbd0bbd49942681a43.php 第 58 行.
[ 2015-02-23T23:05:55+08:00 ] /thinkphpTest/admin.php/Article/add | NOTIC: [8] Undefined index:  manage_article 9ce4b9130cad61dbd0bbd49942681a43.php 第 59 行.
[ 2015-02-23T23:05:55+08:00 ] /thinkphpTest/admin.php/Article/add | NOTIC: [8] Undefined index:  manage_draft 9ce4b9130cad61dbd0bbd49942681a43.php 第 60 行.
[ 2015-02-23T23:05:55+08:00 ] /thinkphpTest/admin.php/Article/add | NOTIC: [8] Undefined variable: article_item 9ce4b9130cad61dbd0bbd49942681a43.php 第 95 行.
[ 2015-02-23T23:05:55+08:00 ] /thinkphpTest/admin.php/Article/add | NOTIC: [8] Undefined variable: article_item 9ce4b9130cad61dbd0bbd49942681a43.php 第 108 行.
[ 2015-02-23T23:05:55+08:00 ] /thinkphpTest/admin.php/Article/add | NOTIC: [8] Undefined variable: article_item 9ce4b9130cad61dbd0bbd49942681a43.php 第 111 行.
[ 2015-02-23T23:05:55+08:00 ] /thinkphpTest/admin.php/Article/add | NOTIC: [8] Undefined variable: article_item 9ce4b9130cad61dbd0bbd49942681a43.php 第 118 行.
[ 2015-02-23T23:05:55+08:00 ] /thinkphpTest/admin.php/Article/add | INFO: Run ParseTemplate Behavior [ RunTime:0.014783s ]
[ 2015-02-23T23:05:55+08:00 ] /thinkphpTest/admin.php/Article/add | INFO: Tag[ view_parse ] --END-- [ RunTime:0.014854s ]
[ 2015-02-23T23:05:55+08:00 ] /thinkphpTest/admin.php/Article/add | INFO: Tag[ view_filter ] --START--
[ 2015-02-23T23:05:55+08:00 ] /thinkphpTest/admin.php/Article/add | INFO: Run ContentReplace Behavior [ RunTime:0.001319s ]
[ 2015-02-23T23:05:55+08:00 ] /thinkphpTest/admin.php/Article/add | INFO: Run TokenBuild Behavior [ RunTime:0.001583s ]
[ 2015-02-23T23:05:55+08:00 ] /thinkphpTest/admin.php/Article/add | INFO: Run WriteHtmlCache Behavior [ RunTime:0.001191s ]
[ 2015-02-23T23:05:55+08:00 ] /thinkphpTest/admin.php/Article/add | INFO: Run ShowRuntime Behavior [ RunTime:0.001253s ]
[ 2015-02-23T23:05:55+08:00 ] /thinkphpTest/admin.php/Article/add | INFO: Tag[ view_filter ] --END-- [ RunTime:0.005634s ]
[ 2015-02-23T23:05:55+08:00 ] /thinkphpTest/admin.php/Article/add | INFO: Tag[ view_end ] --START--
[ 2015-02-23T23:05:55+08:00 ] /thinkphpTest/admin.php/Article/add | INFO: Run ShowPageTrace Behavior [ RunTime:0.000854s ]
[ 2015-02-23T23:05:55+08:00 ] /thinkphpTest/admin.php/Article/add | INFO: Tag[ view_end ] --END-- [ RunTime:0.000909s ]
[ 2015-02-23T23:05:55+08:00 ] /thinkphpTest/admin.php/Article/resources/images/closelabel.gif | ERR: (ThinkException) 非法操作resources
