[ 2015-03-01T23:15:49+08:00 ] /thinkphpTest/admin.php/Login/index | INFO: Tag[ route_check ] --START--
[ 2015-03-01T23:15:49+08:00 ] /thinkphpTest/admin.php/Login/index | INFO: Run CheckRoute Behavior [ RunTime:0.001323s ]
[ 2015-03-01T23:15:49+08:00 ] /thinkphpTest/admin.php/Login/index | INFO: Tag[ route_check ] --END-- [ RunTime:0.001428s ]
[ 2015-03-01T23:15:49+08:00 ] /thinkphpTest/admin.php/Login/index | INFO: Tag[ app_begin ] --START--
[ 2015-03-01T23:15:49+08:00 ] /thinkphpTest/admin.php/Login/index | INFO: Run ReadHtmlCache Behavior [ RunTime:0.001253s ]
[ 2015-03-01T23:15:49+08:00 ] /thinkphpTest/admin.php/Login/index | INFO: Tag[ app_begin ] --END-- [ RunTime:0.001307s ]
[ 2015-03-01T23:15:49+08:00 ] /thinkphpTest/admin.php/Login/index | INFO: Tag[ view_template ] --START--
[ 2015-03-01T23:15:49+08:00 ] /thinkphpTest/admin.php/Login/index | INFO: Run LocationTemplate Behavior [ RunTime:0.001849s ]
[ 2015-03-01T23:15:49+08:00 ] /thinkphpTest/admin.php/Login/index | INFO: Tag[ view_template ] --END-- [ RunTime:0.002015s ]
[ 2015-03-01T23:15:49+08:00 ] /thinkphpTest/admin.php/Login/index | INFO: Tag[ view_parse ] --START--
[ 2015-03-01T23:15:49+08:00 ] /thinkphpTest/admin.php/Login/index | INFO: Run ParseTemplate Behavior [ RunTime:0.018355s ]
[ 2015-03-01T23:15:49+08:00 ] /thinkphpTest/admin.php/Login/index | INFO: Tag[ view_parse ] --END-- [ RunTime:0.018467s ]
[ 2015-03-01T23:15:49+08:00 ] /thinkphpTest/admin.php/Login/index | INFO: Tag[ view_filter ] --START--
[ 2015-03-01T23:15:49+08:00 ] /thinkphpTest/admin.php/Login/index | INFO: Run ContentReplace Behavior [ RunTime:0.001191s ]
[ 2015-03-01T23:15:49+08:00 ] /thinkphpTest/admin.php/Login/index | INFO: Run TokenBuild Behavior [ RunTime:0.001145s ]
[ 2015-03-01T23:15:49+08:00 ] /thinkphpTest/admin.php/Login/index | INFO: Run WriteHtmlCache Behavior [ RunTime:0.001200s ]
[ 2015-03-01T23:15:49+08:00 ] /thinkphpTest/admin.php/Login/index | INFO: Run ShowRuntime Behavior [ RunTime:0.001164s ]
[ 2015-03-01T23:15:49+08:00 ] /thinkphpTest/admin.php/Login/index | INFO: Tag[ view_filter ] --END-- [ RunTime:0.004855s ]
[ 2015-03-01T23:15:49+08:00 ] /thinkphpTest/admin.php/Login/index | INFO: Tag[ view_end ] --START--
[ 2015-03-01T23:15:49+08:00 ] /thinkphpTest/admin.php/Login/index | INFO: Run ShowPageTrace Behavior [ RunTime:0.001166s ]
[ 2015-03-01T23:15:49+08:00 ] /thinkphpTest/admin.php/Login/index | INFO: Tag[ view_end ] --END-- [ RunTime:0.001218s ]
[ 2015-03-01T23:15:50+08:00 ] /thinkphpTest/admin.php/Login/resources/images/closelabel.gif | ERR: (ThinkException) 非法操作resources
[ 2015-03-01T23:15:50+08:00 ] /thinkphpTest/admin.php/Index/index | INFO: Tag[ route_check ] --START--
[ 2015-03-01T23:15:50+08:00 ] /thinkphpTest/admin.php/Index/index | INFO: Run CheckRoute Behavior [ RunTime:0.000795s ]
[ 2015-03-01T23:15:50+08:00 ] /thinkphpTest/admin.php/Index/index | INFO: Tag[ route_check ] --END-- [ RunTime:0.000894s ]
[ 2015-03-01T23:15:50+08:00 ] /thinkphpTest/admin.php/Index/index | INFO: Tag[ app_begin ] --START--
[ 2015-03-01T23:15:50+08:00 ] /thinkphpTest/admin.php/Index/index | INFO: Run ReadHtmlCache Behavior [ RunTime:0.000467s ]
[ 2015-03-01T23:15:50+08:00 ] /thinkphpTest/admin.php/Index/index | INFO: Tag[ app_begin ] --END-- [ RunTime:0.000529s ]
[ 2015-03-01T23:15:50+08:00 ] /thinkphpTest/admin.php/Index/index | INFO: Tag[ view_template ] --START--
[ 2015-03-01T23:15:50+08:00 ] /thinkphpTest/admin.php/Index/index | INFO: Run LocationTemplate Behavior [ RunTime:0.001316s ]
[ 2015-03-01T23:15:50+08:00 ] /thinkphpTest/admin.php/Index/index | INFO: Tag[ view_template ] --END-- [ RunTime:0.001375s ]
[ 2015-03-01T23:15:50+08:00 ] /thinkphpTest/admin.php/Index/index | INFO: Tag[ view_parse ] --START--
[ 2015-03-01T23:15:51+08:00 ] /thinkphpTest/admin.php/Index/index | NOTIC: [8] Undefined index:  memo 20eabf8d43f497715f3e1a7ec1a2f00f.php 第 42 行.
[ 2015-03-01T23:15:51+08:00 ] /thinkphpTest/admin.php/Index/index | NOTIC: [8] Undefined index:  new_memo 20eabf8d43f497715f3e1a7ec1a2f00f.php 第 46 行.
[ 2015-03-01T23:15:51+08:00 ] /thinkphpTest/admin.php/Index/index | NOTIC: [8] Undefined index:  manage_memo 20eabf8d43f497715f3e1a7ec1a2f00f.php 第 47 行.
[ 2015-03-01T23:15:51+08:00 ] /thinkphpTest/admin.php/Index/index | NOTIC: [8] Undefined index:  article 20eabf8d43f497715f3e1a7ec1a2f00f.php 第 52 行.
[ 2015-03-01T23:15:51+08:00 ] /thinkphpTest/admin.php/Index/index | NOTIC: [8] Undefined index:  new_article 20eabf8d43f497715f3e1a7ec1a2f00f.php 第 54 行.
[ 2015-03-01T23:15:51+08:00 ] /thinkphpTest/admin.php/Index/index | NOTIC: [8] Undefined index:  manage_article 20eabf8d43f497715f3e1a7ec1a2f00f.php 第 55 行.
[ 2015-03-01T23:15:51+08:00 ] /thinkphpTest/admin.php/Index/index | NOTIC: [8] Undefined index:  manage_draft 20eabf8d43f497715f3e1a7ec1a2f00f.php 第 56 行.
[ 2015-03-01T23:15:51+08:00 ] /thinkphpTest/admin.php/Index/index | INFO: Run ParseTemplate Behavior [ RunTime:0.027329s ]
[ 2015-03-01T23:15:51+08:00 ] /thinkphpTest/admin.php/Index/index | INFO: Tag[ view_parse ] --END-- [ RunTime:0.027397s ]
[ 2015-03-01T23:15:51+08:00 ] /thinkphpTest/admin.php/Index/index | INFO: Tag[ view_filter ] --START--
[ 2015-03-01T23:15:51+08:00 ] /thinkphpTest/admin.php/Index/index | INFO: Run ContentReplace Behavior [ RunTime:0.000815s ]
[ 2015-03-01T23:15:51+08:00 ] /thinkphpTest/admin.php/Index/index | INFO: Run TokenBuild Behavior [ RunTime:0.000787s ]
[ 2015-03-01T23:15:51+08:00 ] /thinkphpTest/admin.php/Index/index | INFO: Run WriteHtmlCache Behavior [ RunTime:0.000636s ]
[ 2015-03-01T23:15:51+08:00 ] /thinkphpTest/admin.php/Index/index | INFO: Run ShowRuntime Behavior [ RunTime:0.001300s ]
[ 2015-03-01T23:15:51+08:00 ] /thinkphpTest/admin.php/Index/index | INFO: Tag[ view_filter ] --END-- [ RunTime:0.003689s ]
[ 2015-03-01T23:15:51+08:00 ] /thinkphpTest/admin.php/Index/index | INFO: Tag[ view_end ] --START--
[ 2015-03-01T23:15:51+08:00 ] /thinkphpTest/admin.php/Index/index | INFO: Run ShowPageTrace Behavior [ RunTime:0.000764s ]
[ 2015-03-01T23:15:51+08:00 ] /thinkphpTest/admin.php/Index/index | INFO: Tag[ view_end ] --END-- [ RunTime:0.000817s ]
[ 2015-03-01T23:15:53+08:00 ] /thinkphpTest/admin.php/Article/add | INFO: Tag[ route_check ] --START--
[ 2015-03-01T23:15:53+08:00 ] /thinkphpTest/admin.php/Article/add | INFO: Run CheckRoute Behavior [ RunTime:0.001823s ]
[ 2015-03-01T23:15:53+08:00 ] /thinkphpTest/admin.php/Article/add | INFO: Tag[ route_check ] --END-- [ RunTime:0.001949s ]
[ 2015-03-01T23:15:53+08:00 ] /thinkphpTest/admin.php/Article/add | INFO: Tag[ app_begin ] --START--
[ 2015-03-01T23:15:53+08:00 ] /thinkphpTest/admin.php/Article/add | INFO: Run ReadHtmlCache Behavior [ RunTime:0.001511s ]
[ 2015-03-01T23:15:53+08:00 ] /thinkphpTest/admin.php/Article/add | INFO: Tag[ app_begin ] --END-- [ RunTime:0.001585s ]
[ 2015-03-01T23:15:53+08:00 ] /thinkphpTest/admin.php/Article/add | INFO: Tag[ view_template ] --START--
[ 2015-03-01T23:15:53+08:00 ] /thinkphpTest/admin.php/Article/add | INFO: Run LocationTemplate Behavior [ RunTime:0.003377s ]
[ 2015-03-01T23:15:53+08:00 ] /thinkphpTest/admin.php/Article/add | INFO: Tag[ view_template ] --END-- [ RunTime:0.003505s ]
[ 2015-03-01T23:15:53+08:00 ] /thinkphpTest/admin.php/Article/add | INFO: Tag[ view_parse ] --START--
[ 2015-03-01T23:15:53+08:00 ] /thinkphpTest/admin.php/Article/add | NOTIC: [8] Undefined index:  dashboard 9ce4b9130cad61dbd0bbd49942681a43.php 第 42 行.
[ 2015-03-01T23:15:53+08:00 ] /thinkphpTest/admin.php/Article/add | NOTIC: [8] Undefined index:  memo 9ce4b9130cad61dbd0bbd49942681a43.php 第 46 行.
[ 2015-03-01T23:15:53+08:00 ] /thinkphpTest/admin.php/Article/add | NOTIC: [8] Undefined index:  new_memo 9ce4b9130cad61dbd0bbd49942681a43.php 第 50 行.
[ 2015-03-01T23:15:53+08:00 ] /thinkphpTest/admin.php/Article/add | NOTIC: [8] Undefined index:  manage_memo 9ce4b9130cad61dbd0bbd49942681a43.php 第 51 行.
[ 2015-03-01T23:15:53+08:00 ] /thinkphpTest/admin.php/Article/add | NOTIC: [8] Undefined index:  new_article 9ce4b9130cad61dbd0bbd49942681a43.php 第 58 行.
[ 2015-03-01T23:15:53+08:00 ] /thinkphpTest/admin.php/Article/add | NOTIC: [8] Undefined index:  manage_article 9ce4b9130cad61dbd0bbd49942681a43.php 第 59 行.
[ 2015-03-01T23:15:53+08:00 ] /thinkphpTest/admin.php/Article/add | NOTIC: [8] Undefined index:  manage_draft 9ce4b9130cad61dbd0bbd49942681a43.php 第 60 行.
[ 2015-03-01T23:15:53+08:00 ] /thinkphpTest/admin.php/Article/add | NOTIC: [8] Undefined variable: article_item 9ce4b9130cad61dbd0bbd49942681a43.php 第 95 行.
[ 2015-03-01T23:15:53+08:00 ] /thinkphpTest/admin.php/Article/add | NOTIC: [8] Undefined variable: article_item 9ce4b9130cad61dbd0bbd49942681a43.php 第 108 行.
[ 2015-03-01T23:15:53+08:00 ] /thinkphpTest/admin.php/Article/add | NOTIC: [8] Undefined variable: article_item 9ce4b9130cad61dbd0bbd49942681a43.php 第 111 行.
[ 2015-03-01T23:15:53+08:00 ] /thinkphpTest/admin.php/Article/add | NOTIC: [8] Undefined variable: article_item 9ce4b9130cad61dbd0bbd49942681a43.php 第 118 行.
[ 2015-03-01T23:15:53+08:00 ] /thinkphpTest/admin.php/Article/add | INFO: Run ParseTemplate Behavior [ RunTime:0.029071s ]
[ 2015-03-01T23:15:53+08:00 ] /thinkphpTest/admin.php/Article/add | INFO: Tag[ view_parse ] --END-- [ RunTime:0.029158s ]
[ 2015-03-01T23:15:53+08:00 ] /thinkphpTest/admin.php/Article/add | INFO: Tag[ view_filter ] --START--
[ 2015-03-01T23:15:53+08:00 ] /thinkphpTest/admin.php/Article/add | INFO: Run ContentReplace Behavior [ RunTime:0.001152s ]
[ 2015-03-01T23:15:53+08:00 ] /thinkphpTest/admin.php/Article/add | INFO: Run TokenBuild Behavior [ RunTime:0.001317s ]
[ 2015-03-01T23:15:53+08:00 ] /thinkphpTest/admin.php/Article/add | INFO: Run WriteHtmlCache Behavior [ RunTime:0.001022s ]
[ 2015-03-01T23:15:53+08:00 ] /thinkphpTest/admin.php/Article/add | INFO: Run ShowRuntime Behavior [ RunTime:0.001156s ]
[ 2015-03-01T23:15:53+08:00 ] /thinkphpTest/admin.php/Article/add | INFO: Tag[ view_filter ] --END-- [ RunTime:0.004793s ]
[ 2015-03-01T23:15:53+08:00 ] /thinkphpTest/admin.php/Article/add | INFO: Tag[ view_end ] --START--
[ 2015-03-01T23:15:53+08:00 ] /thinkphpTest/admin.php/Article/add | INFO: Run ShowPageTrace Behavior [ RunTime:0.001165s ]
[ 2015-03-01T23:15:53+08:00 ] /thinkphpTest/admin.php/Article/add | INFO: Tag[ view_end ] --END-- [ RunTime:0.001236s ]
[ 2015-03-01T23:15:53+08:00 ] /thinkphpTest/admin.php/Article/resources/images/closelabel.gif | ERR: (ThinkException) 非法操作resources
[ 2015-03-01T23:17:36+08:00 ] /thinkphpTest/admin.php/Article/add | INFO: Tag[ route_check ] --START--
[ 2015-03-01T23:17:36+08:00 ] /thinkphpTest/admin.php/Article/add | INFO: Run CheckRoute Behavior [ RunTime:0.000796s ]
[ 2015-03-01T23:17:36+08:00 ] /thinkphpTest/admin.php/Article/add | INFO: Tag[ route_check ] --END-- [ RunTime:0.000896s ]
[ 2015-03-01T23:17:36+08:00 ] /thinkphpTest/admin.php/Article/add | INFO: Tag[ app_begin ] --START--
[ 2015-03-01T23:17:36+08:00 ] /thinkphpTest/admin.php/Article/add | INFO: Run ReadHtmlCache Behavior [ RunTime:0.000484s ]
[ 2015-03-01T23:17:36+08:00 ] /thinkphpTest/admin.php/Article/add | INFO: Tag[ app_begin ] --END-- [ RunTime:0.000539s ]
[ 2015-03-01T23:17:36+08:00 ] /thinkphpTest/admin.php/Article/add | INFO: Tag[ view_template ] --START--
[ 2015-03-01T23:17:36+08:00 ] /thinkphpTest/admin.php/Article/add | INFO: Run LocationTemplate Behavior [ RunTime:0.001931s ]
[ 2015-03-01T23:17:36+08:00 ] /thinkphpTest/admin.php/Article/add | INFO: Tag[ view_template ] --END-- [ RunTime:0.002005s ]
[ 2015-03-01T23:17:36+08:00 ] /thinkphpTest/admin.php/Article/add | INFO: Tag[ view_parse ] --START--
[ 2015-03-01T23:17:36+08:00 ] /thinkphpTest/admin.php/Article/add | NOTIC: [8] Undefined index:  dashboard 9ce4b9130cad61dbd0bbd49942681a43.php 第 42 行.
[ 2015-03-01T23:17:36+08:00 ] /thinkphpTest/admin.php/Article/add | NOTIC: [8] Undefined index:  memo 9ce4b9130cad61dbd0bbd49942681a43.php 第 46 行.
[ 2015-03-01T23:17:36+08:00 ] /thinkphpTest/admin.php/Article/add | NOTIC: [8] Undefined index:  new_memo 9ce4b9130cad61dbd0bbd49942681a43.php 第 50 行.
[ 2015-03-01T23:17:36+08:00 ] /thinkphpTest/admin.php/Article/add | NOTIC: [8] Undefined index:  manage_memo 9ce4b9130cad61dbd0bbd49942681a43.php 第 51 行.
[ 2015-03-01T23:17:36+08:00 ] /thinkphpTest/admin.php/Article/add | NOTIC: [8] Undefined index:  new_article 9ce4b9130cad61dbd0bbd49942681a43.php 第 58 行.
[ 2015-03-01T23:17:36+08:00 ] /thinkphpTest/admin.php/Article/add | NOTIC: [8] Undefined index:  manage_article 9ce4b9130cad61dbd0bbd49942681a43.php 第 59 行.
[ 2015-03-01T23:17:36+08:00 ] /thinkphpTest/admin.php/Article/add | NOTIC: [8] Undefined index:  manage_draft 9ce4b9130cad61dbd0bbd49942681a43.php 第 60 行.
[ 2015-03-01T23:17:36+08:00 ] /thinkphpTest/admin.php/Article/add | NOTIC: [8] Undefined variable: article_item 9ce4b9130cad61dbd0bbd49942681a43.php 第 95 行.
[ 2015-03-01T23:17:36+08:00 ] /thinkphpTest/admin.php/Article/add | NOTIC: [8] Undefined variable: article_item 9ce4b9130cad61dbd0bbd49942681a43.php 第 108 行.
[ 2015-03-01T23:17:36+08:00 ] /thinkphpTest/admin.php/Article/add | NOTIC: [8] Undefined variable: article_item 9ce4b9130cad61dbd0bbd49942681a43.php 第 111 行.
[ 2015-03-01T23:17:36+08:00 ] /thinkphpTest/admin.php/Article/add | NOTIC: [8] Undefined variable: article_item 9ce4b9130cad61dbd0bbd49942681a43.php 第 118 行.
[ 2015-03-01T23:17:36+08:00 ] /thinkphpTest/admin.php/Article/add | INFO: Run ParseTemplate Behavior [ RunTime:0.020038s ]
[ 2015-03-01T23:17:36+08:00 ] /thinkphpTest/admin.php/Article/add | INFO: Tag[ view_parse ] --END-- [ RunTime:0.020110s ]
[ 2015-03-01T23:17:36+08:00 ] /thinkphpTest/admin.php/Article/add | INFO: Tag[ view_filter ] --START--
[ 2015-03-01T23:17:36+08:00 ] /thinkphpTest/admin.php/Article/add | INFO: Run ContentReplace Behavior [ RunTime:0.000838s ]
[ 2015-03-01T23:17:36+08:00 ] /thinkphpTest/admin.php/Article/add | INFO: Run TokenBuild Behavior [ RunTime:0.000915s ]
[ 2015-03-01T23:17:36+08:00 ] /thinkphpTest/admin.php/Article/add | INFO: Run WriteHtmlCache Behavior [ RunTime:0.000639s ]
[ 2015-03-01T23:17:36+08:00 ] /thinkphpTest/admin.php/Article/add | INFO: Run ShowRuntime Behavior [ RunTime:0.000936s ]
[ 2015-03-01T23:17:36+08:00 ] /thinkphpTest/admin.php/Article/add | INFO: Tag[ view_filter ] --END-- [ RunTime:0.003482s ]
[ 2015-03-01T23:17:36+08:00 ] /thinkphpTest/admin.php/Article/add | INFO: Tag[ view_end ] --START--
[ 2015-03-01T23:17:36+08:00 ] /thinkphpTest/admin.php/Article/add | INFO: Run ShowPageTrace Behavior [ RunTime:0.000924s ]
[ 2015-03-01T23:17:36+08:00 ] /thinkphpTest/admin.php/Article/add | INFO: Tag[ view_end ] --END-- [ RunTime:0.000977s ]
[ 2015-03-01T23:17:36+08:00 ] /thinkphpTest/admin.php/Article/resources/images/closelabel.gif | ERR: (ThinkException) 非法操作resources
[ 2015-03-01T23:23:03+08:00 ] /thinkphpTest/admin.php/Article/add | INFO: Tag[ route_check ] --START--
[ 2015-03-01T23:23:03+08:00 ] /thinkphpTest/admin.php/Article/add | INFO: Run CheckRoute Behavior [ RunTime:0.001508s ]
[ 2015-03-01T23:23:03+08:00 ] /thinkphpTest/admin.php/Article/add | INFO: Tag[ route_check ] --END-- [ RunTime:0.001608s ]
[ 2015-03-01T23:23:03+08:00 ] /thinkphpTest/admin.php/Article/add | INFO: Tag[ app_begin ] --START--
[ 2015-03-01T23:23:03+08:00 ] /thinkphpTest/admin.php/Article/add | INFO: Run ReadHtmlCache Behavior [ RunTime:0.001293s ]
[ 2015-03-01T23:23:03+08:00 ] /thinkphpTest/admin.php/Article/add | INFO: Tag[ app_begin ] --END-- [ RunTime:0.001365s ]
[ 2015-03-01T23:23:03+08:00 ] /thinkphpTest/admin.php/Article/add | INFO: Tag[ view_template ] --START--
[ 2015-03-01T23:23:03+08:00 ] /thinkphpTest/admin.php/Article/add | INFO: Run LocationTemplate Behavior [ RunTime:0.001829s ]
[ 2015-03-01T23:23:03+08:00 ] /thinkphpTest/admin.php/Article/add | INFO: Tag[ view_template ] --END-- [ RunTime:0.001899s ]
[ 2015-03-01T23:23:03+08:00 ] /thinkphpTest/admin.php/Article/add | INFO: Tag[ view_parse ] --START--
[ 2015-03-01T23:23:03+08:00 ] /thinkphpTest/admin.php/Article/add | NOTIC: [8] Undefined index:  dashboard 9ce4b9130cad61dbd0bbd49942681a43.php 第 42 行.
[ 2015-03-01T23:23:03+08:00 ] /thinkphpTest/admin.php/Article/add | NOTIC: [8] Undefined index:  memo 9ce4b9130cad61dbd0bbd49942681a43.php 第 46 行.
[ 2015-03-01T23:23:03+08:00 ] /thinkphpTest/admin.php/Article/add | NOTIC: [8] Undefined index:  new_memo 9ce4b9130cad61dbd0bbd49942681a43.php 第 50 行.
[ 2015-03-01T23:23:03+08:00 ] /thinkphpTest/admin.php/Article/add | NOTIC: [8] Undefined index:  manage_memo 9ce4b9130cad61dbd0bbd49942681a43.php 第 51 行.
[ 2015-03-01T23:23:03+08:00 ] /thinkphpTest/admin.php/Article/add | NOTIC: [8] Undefined index:  new_article 9ce4b9130cad61dbd0bbd49942681a43.php 第 58 行.
[ 2015-03-01T23:23:03+08:00 ] /thinkphpTest/admin.php/Article/add | NOTIC: [8] Undefined index:  manage_article 9ce4b9130cad61dbd0bbd49942681a43.php 第 59 行.
[ 2015-03-01T23:23:03+08:00 ] /thinkphpTest/admin.php/Article/add | NOTIC: [8] Undefined index:  manage_draft 9ce4b9130cad61dbd0bbd49942681a43.php 第 60 行.
[ 2015-03-01T23:23:03+08:00 ] /thinkphpTest/admin.php/Article/add | NOTIC: [8] Undefined variable: article_item 9ce4b9130cad61dbd0bbd49942681a43.php 第 95 行.
[ 2015-03-01T23:23:03+08:00 ] /thinkphpTest/admin.php/Article/add | NOTIC: [8] Undefined variable: article_item 9ce4b9130cad61dbd0bbd49942681a43.php 第 108 行.
[ 2015-03-01T23:23:03+08:00 ] /thinkphpTest/admin.php/Article/add | NOTIC: [8] Undefined variable: article_item 9ce4b9130cad61dbd0bbd49942681a43.php 第 111 行.
[ 2015-03-01T23:23:03+08:00 ] /thinkphpTest/admin.php/Article/add | NOTIC: [8] Undefined variable: article_item 9ce4b9130cad61dbd0bbd49942681a43.php 第 118 行.
[ 2015-03-01T23:23:03+08:00 ] /thinkphpTest/admin.php/Article/add | INFO: Run ParseTemplate Behavior [ RunTime:0.015386s ]
[ 2015-03-01T23:23:03+08:00 ] /thinkphpTest/admin.php/Article/add | INFO: Tag[ view_parse ] --END-- [ RunTime:0.015450s ]
[ 2015-03-01T23:23:03+08:00 ] /thinkphpTest/admin.php/Article/add | INFO: Tag[ view_filter ] --START--
[ 2015-03-01T23:23:03+08:00 ] /thinkphpTest/admin.php/Article/add | INFO: Run ContentReplace Behavior [ RunTime:0.001157s ]
[ 2015-03-01T23:23:03+08:00 ] /thinkphpTest/admin.php/Article/add | INFO: Run TokenBuild Behavior [ RunTime:0.001189s ]
[ 2015-03-01T23:23:03+08:00 ] /thinkphpTest/admin.php/Article/add | INFO: Run WriteHtmlCache Behavior [ RunTime:0.000988s ]
[ 2015-03-01T23:23:03+08:00 ] /thinkphpTest/admin.php/Article/add | INFO: Run ShowRuntime Behavior [ RunTime:0.001198s ]
[ 2015-03-01T23:23:03+08:00 ] /thinkphpTest/admin.php/Article/add | INFO: Tag[ view_filter ] --END-- [ RunTime:0.004679s ]
[ 2015-03-01T23:23:03+08:00 ] /thinkphpTest/admin.php/Article/add | INFO: Tag[ view_end ] --START--
[ 2015-03-01T23:23:03+08:00 ] /thinkphpTest/admin.php/Article/add | INFO: Run ShowPageTrace Behavior [ RunTime:0.001164s ]
[ 2015-03-01T23:23:03+08:00 ] /thinkphpTest/admin.php/Article/add | INFO: Tag[ view_end ] --END-- [ RunTime:0.001214s ]
[ 2015-03-01T23:23:03+08:00 ] /thinkphpTest/admin.php/Article/resources/images/closelabel.gif | ERR: (ThinkException) 非法操作resources
[ 2015-03-01T23:31:08+08:00 ] /thinkphpTest/admin.php/ | INFO: Tag[ route_check ] --START--
[ 2015-03-01T23:31:08+08:00 ] /thinkphpTest/admin.php/ | INFO: Run CheckRoute Behavior [ RunTime:0.001666s ]
[ 2015-03-01T23:31:08+08:00 ] /thinkphpTest/admin.php/ | INFO: Tag[ route_check ] --END-- [ RunTime:0.001766s ]
[ 2015-03-01T23:31:08+08:00 ] /thinkphpTest/admin.php/ | INFO: Tag[ app_begin ] --START--
[ 2015-03-01T23:31:08+08:00 ] /thinkphpTest/admin.php/ | INFO: Run ReadHtmlCache Behavior [ RunTime:0.001350s ]
[ 2015-03-01T23:31:08+08:00 ] /thinkphpTest/admin.php/ | INFO: Tag[ app_begin ] --END-- [ RunTime:0.001403s ]
[ 2015-03-01T23:31:08+08:00 ] /thinkphpTest/admin.php/ | INFO: Tag[ view_template ] --START--
[ 2015-03-01T23:31:08+08:00 ] /thinkphpTest/admin.php/ | INFO: Run LocationTemplate Behavior [ RunTime:0.001863s ]
[ 2015-03-01T23:31:08+08:00 ] /thinkphpTest/admin.php/ | INFO: Tag[ view_template ] --END-- [ RunTime:0.001924s ]
[ 2015-03-01T23:31:08+08:00 ] /thinkphpTest/admin.php/ | INFO: Tag[ view_parse ] --START--
[ 2015-03-01T23:31:08+08:00 ] /thinkphpTest/admin.php/ | NOTIC: [8] Undefined index:  memo 20eabf8d43f497715f3e1a7ec1a2f00f.php 第 42 行.
[ 2015-03-01T23:31:08+08:00 ] /thinkphpTest/admin.php/ | NOTIC: [8] Undefined index:  new_memo 20eabf8d43f497715f3e1a7ec1a2f00f.php 第 46 行.
[ 2015-03-01T23:31:08+08:00 ] /thinkphpTest/admin.php/ | NOTIC: [8] Undefined index:  manage_memo 20eabf8d43f497715f3e1a7ec1a2f00f.php 第 47 行.
[ 2015-03-01T23:31:08+08:00 ] /thinkphpTest/admin.php/ | NOTIC: [8] Undefined index:  article 20eabf8d43f497715f3e1a7ec1a2f00f.php 第 52 行.
[ 2015-03-01T23:31:08+08:00 ] /thinkphpTest/admin.php/ | NOTIC: [8] Undefined index:  new_article 20eabf8d43f497715f3e1a7ec1a2f00f.php 第 54 行.
[ 2015-03-01T23:31:08+08:00 ] /thinkphpTest/admin.php/ | NOTIC: [8] Undefined index:  manage_article 20eabf8d43f497715f3e1a7ec1a2f00f.php 第 55 行.
[ 2015-03-01T23:31:08+08:00 ] /thinkphpTest/admin.php/ | NOTIC: [8] Undefined index:  manage_draft 20eabf8d43f497715f3e1a7ec1a2f00f.php 第 56 行.
[ 2015-03-01T23:31:08+08:00 ] /thinkphpTest/admin.php/ | INFO: Run ParseTemplate Behavior [ RunTime:0.019379s ]
[ 2015-03-01T23:31:08+08:00 ] /thinkphpTest/admin.php/ | INFO: Tag[ view_parse ] --END-- [ RunTime:0.019450s ]
[ 2015-03-01T23:31:08+08:00 ] /thinkphpTest/admin.php/ | INFO: Tag[ view_filter ] --START--
[ 2015-03-01T23:31:08+08:00 ] /thinkphpTest/admin.php/ | INFO: Run ContentReplace Behavior [ RunTime:0.001236s ]
[ 2015-03-01T23:31:08+08:00 ] /thinkphpTest/admin.php/ | INFO: Run TokenBuild Behavior [ RunTime:0.001194s ]
[ 2015-03-01T23:31:08+08:00 ] /thinkphpTest/admin.php/ | INFO: Run WriteHtmlCache Behavior [ RunTime:0.001037s ]
[ 2015-03-01T23:31:08+08:00 ] /thinkphpTest/admin.php/ | INFO: Run ShowRuntime Behavior [ RunTime:0.001180s ]
[ 2015-03-01T23:31:08+08:00 ] /thinkphpTest/admin.php/ | INFO: Tag[ view_filter ] --END-- [ RunTime:0.004799s ]
[ 2015-03-01T23:31:08+08:00 ] /thinkphpTest/admin.php/ | INFO: Tag[ view_end ] --START--
[ 2015-03-01T23:31:08+08:00 ] /thinkphpTest/admin.php/ | INFO: Run ShowPageTrace Behavior [ RunTime:0.001158s ]
[ 2015-03-01T23:31:08+08:00 ] /thinkphpTest/admin.php/ | INFO: Tag[ view_end ] --END-- [ RunTime:0.001220s ]
[ 2015-03-01T23:31:08+08:00 ] /thinkphpTest/admin.php/resources/images/closelabel.gif | ERR: (ThinkException) 无法加载模块resources
[ 2015-03-01T23:31:11+08:00 ] /thinkphpTest/admin.php/Article/add | INFO: Tag[ route_check ] --START--
[ 2015-03-01T23:31:11+08:00 ] /thinkphpTest/admin.php/Article/add | INFO: Run CheckRoute Behavior [ RunTime:0.001825s ]
[ 2015-03-01T23:31:11+08:00 ] /thinkphpTest/admin.php/Article/add | INFO: Tag[ route_check ] --END-- [ RunTime:0.001924s ]
[ 2015-03-01T23:31:11+08:00 ] /thinkphpTest/admin.php/Article/add | INFO: Tag[ app_begin ] --START--
[ 2015-03-01T23:31:11+08:00 ] /thinkphpTest/admin.php/Article/add | INFO: Run ReadHtmlCache Behavior [ RunTime:0.001309s ]
[ 2015-03-01T23:31:11+08:00 ] /thinkphpTest/admin.php/Article/add | INFO: Tag[ app_begin ] --END-- [ RunTime:0.001367s ]
[ 2015-03-01T23:31:11+08:00 ] /thinkphpTest/admin.php/Article/add | INFO: Tag[ view_template ] --START--
[ 2015-03-01T23:31:11+08:00 ] /thinkphpTest/admin.php/Article/add | INFO: Run LocationTemplate Behavior [ RunTime:0.002030s ]
[ 2015-03-01T23:31:11+08:00 ] /thinkphpTest/admin.php/Article/add | INFO: Tag[ view_template ] --END-- [ RunTime:0.002284s ]
[ 2015-03-01T23:31:11+08:00 ] /thinkphpTest/admin.php/Article/add | INFO: Tag[ view_parse ] --START--
[ 2015-03-01T23:31:11+08:00 ] /thinkphpTest/admin.php/Article/add | NOTIC: [8] Undefined index:  dashboard 9ce4b9130cad61dbd0bbd49942681a43.php 第 42 行.
[ 2015-03-01T23:31:11+08:00 ] /thinkphpTest/admin.php/Article/add | NOTIC: [8] Undefined index:  memo 9ce4b9130cad61dbd0bbd49942681a43.php 第 46 行.
[ 2015-03-01T23:31:11+08:00 ] /thinkphpTest/admin.php/Article/add | NOTIC: [8] Undefined index:  new_memo 9ce4b9130cad61dbd0bbd49942681a43.php 第 50 行.
[ 2015-03-01T23:31:11+08:00 ] /thinkphpTest/admin.php/Article/add | NOTIC: [8] Undefined index:  manage_memo 9ce4b9130cad61dbd0bbd49942681a43.php 第 51 行.
[ 2015-03-01T23:31:11+08:00 ] /thinkphpTest/admin.php/Article/add | NOTIC: [8] Undefined index:  new_article 9ce4b9130cad61dbd0bbd49942681a43.php 第 58 行.
[ 2015-03-01T23:31:11+08:00 ] /thinkphpTest/admin.php/Article/add | NOTIC: [8] Undefined index:  manage_article 9ce4b9130cad61dbd0bbd49942681a43.php 第 59 行.
[ 2015-03-01T23:31:11+08:00 ] /thinkphpTest/admin.php/Article/add | NOTIC: [8] Undefined index:  manage_draft 9ce4b9130cad61dbd0bbd49942681a43.php 第 60 行.
[ 2015-03-01T23:31:11+08:00 ] /thinkphpTest/admin.php/Article/add | NOTIC: [8] Undefined variable: article_item 9ce4b9130cad61dbd0bbd49942681a43.php 第 95 行.
[ 2015-03-01T23:31:11+08:00 ] /thinkphpTest/admin.php/Article/add | NOTIC: [8] Undefined variable: article_item 9ce4b9130cad61dbd0bbd49942681a43.php 第 108 行.
[ 2015-03-01T23:31:11+08:00 ] /thinkphpTest/admin.php/Article/add | NOTIC: [8] Undefined variable: article_item 9ce4b9130cad61dbd0bbd49942681a43.php 第 111 行.
[ 2015-03-01T23:31:11+08:00 ] /thinkphpTest/admin.php/Article/add | NOTIC: [8] Undefined variable: article_item 9ce4b9130cad61dbd0bbd49942681a43.php 第 118 行.
[ 2015-03-01T23:31:11+08:00 ] /thinkphpTest/admin.php/Article/add | INFO: Run ParseTemplate Behavior [ RunTime:0.022014s ]
[ 2015-03-01T23:31:11+08:00 ] /thinkphpTest/admin.php/Article/add | INFO: Tag[ view_parse ] --END-- [ RunTime:0.022120s ]
[ 2015-03-01T23:31:11+08:00 ] /thinkphpTest/admin.php/Article/add | INFO: Tag[ view_filter ] --START--
[ 2015-03-01T23:31:11+08:00 ] /thinkphpTest/admin.php/Article/add | INFO: Run ContentReplace Behavior [ RunTime:0.001204s ]
[ 2015-03-01T23:31:11+08:00 ] /thinkphpTest/admin.php/Article/add | INFO: Run TokenBuild Behavior [ RunTime:0.001223s ]
[ 2015-03-01T23:31:11+08:00 ] /thinkphpTest/admin.php/Article/add | INFO: Run WriteHtmlCache Behavior [ RunTime:0.001084s ]
[ 2015-03-01T23:31:11+08:00 ] /thinkphpTest/admin.php/Article/add | INFO: Run ShowRuntime Behavior [ RunTime:0.001276s ]
[ 2015-03-01T23:31:11+08:00 ] /thinkphpTest/admin.php/Article/add | INFO: Tag[ view_filter ] --END-- [ RunTime:0.004955s ]
[ 2015-03-01T23:31:11+08:00 ] /thinkphpTest/admin.php/Article/add | INFO: Tag[ view_end ] --START--
[ 2015-03-01T23:31:11+08:00 ] /thinkphpTest/admin.php/Article/add | INFO: Run ShowPageTrace Behavior [ RunTime:0.001248s ]
[ 2015-03-01T23:31:11+08:00 ] /thinkphpTest/admin.php/Article/add | INFO: Tag[ view_end ] --END-- [ RunTime:0.001303s ]
[ 2015-03-01T23:31:12+08:00 ] /thinkphpTest/admin.php/Article/resources/images/closelabel.gif | ERR: (ThinkException) 非法操作resources
[ 2015-03-01T23:31:13+08:00 ] /thinkphpTest/admin.php/resources/images/closelabel.gif | ERR: (ThinkException) 无法加载模块resources
[ 2015-03-01T23:31:14+08:00 ] /thinkphpTest/admin.php/Article/add | INFO: Tag[ route_check ] --START--
[ 2015-03-01T23:31:14+08:00 ] /thinkphpTest/admin.php/Article/add | INFO: Run CheckRoute Behavior [ RunTime:0.001774s ]
[ 2015-03-01T23:31:14+08:00 ] /thinkphpTest/admin.php/Article/add | INFO: Tag[ route_check ] --END-- [ RunTime:0.001885s ]
[ 2015-03-01T23:31:14+08:00 ] /thinkphpTest/admin.php/Article/add | INFO: Tag[ app_begin ] --START--
[ 2015-03-01T23:31:14+08:00 ] /thinkphpTest/admin.php/Article/add | INFO: Run ReadHtmlCache Behavior [ RunTime:0.001498s ]
[ 2015-03-01T23:31:14+08:00 ] /thinkphpTest/admin.php/Article/add | INFO: Tag[ app_begin ] --END-- [ RunTime:0.001569s ]
[ 2015-03-01T23:31:14+08:00 ] /thinkphpTest/admin.php/Article/add | INFO: Tag[ view_template ] --START--
[ 2015-03-01T23:31:14+08:00 ] /thinkphpTest/admin.php/Article/add | INFO: Run LocationTemplate Behavior [ RunTime:0.003285s ]
[ 2015-03-01T23:31:14+08:00 ] /thinkphpTest/admin.php/Article/add | INFO: Tag[ view_template ] --END-- [ RunTime:0.003469s ]
[ 2015-03-01T23:31:14+08:00 ] /thinkphpTest/admin.php/Article/add | INFO: Tag[ view_parse ] --START--
[ 2015-03-01T23:31:14+08:00 ] /thinkphpTest/admin.php/Article/add | NOTIC: [8] Undefined index:  dashboard 9ce4b9130cad61dbd0bbd49942681a43.php 第 42 行.
[ 2015-03-01T23:31:14+08:00 ] /thinkphpTest/admin.php/Article/add | NOTIC: [8] Undefined index:  memo 9ce4b9130cad61dbd0bbd49942681a43.php 第 46 行.
[ 2015-03-01T23:31:14+08:00 ] /thinkphpTest/admin.php/Article/add | NOTIC: [8] Undefined index:  new_memo 9ce4b9130cad61dbd0bbd49942681a43.php 第 50 行.
[ 2015-03-01T23:31:14+08:00 ] /thinkphpTest/admin.php/Article/add | NOTIC: [8] Undefined index:  manage_memo 9ce4b9130cad61dbd0bbd49942681a43.php 第 51 行.
[ 2015-03-01T23:31:14+08:00 ] /thinkphpTest/admin.php/Article/add | NOTIC: [8] Undefined index:  new_article 9ce4b9130cad61dbd0bbd49942681a43.php 第 58 行.
[ 2015-03-01T23:31:14+08:00 ] /thinkphpTest/admin.php/Article/add | NOTIC: [8] Undefined index:  manage_article 9ce4b9130cad61dbd0bbd49942681a43.php 第 59 行.
[ 2015-03-01T23:31:14+08:00 ] /thinkphpTest/admin.php/Article/add | NOTIC: [8] Undefined index:  manage_draft 9ce4b9130cad61dbd0bbd49942681a43.php 第 60 行.
[ 2015-03-01T23:31:14+08:00 ] /thinkphpTest/admin.php/Article/add | NOTIC: [8] Undefined variable: article_item 9ce4b9130cad61dbd0bbd49942681a43.php 第 95 行.
[ 2015-03-01T23:31:14+08:00 ] /thinkphpTest/admin.php/Article/add | NOTIC: [8] Undefined variable: article_item 9ce4b9130cad61dbd0bbd49942681a43.php 第 108 行.
[ 2015-03-01T23:31:14+08:00 ] /thinkphpTest/admin.php/Article/add | NOTIC: [8] Undefined variable: article_item 9ce4b9130cad61dbd0bbd49942681a43.php 第 111 行.
[ 2015-03-01T23:31:14+08:00 ] /thinkphpTest/admin.php/Article/add | NOTIC: [8] Undefined variable: article_item 9ce4b9130cad61dbd0bbd49942681a43.php 第 118 行.
[ 2015-03-01T23:31:14+08:00 ] /thinkphpTest/admin.php/Article/add | INFO: Run ParseTemplate Behavior [ RunTime:0.016951s ]
[ 2015-03-01T23:31:14+08:00 ] /thinkphpTest/admin.php/Article/add | INFO: Tag[ view_parse ] --END-- [ RunTime:0.017154s ]
[ 2015-03-01T23:31:14+08:00 ] /thinkphpTest/admin.php/Article/add | INFO: Tag[ view_filter ] --START--
[ 2015-03-01T23:31:14+08:00 ] /thinkphpTest/admin.php/Article/add | INFO: Run ContentReplace Behavior [ RunTime:0.001908s ]
[ 2015-03-01T23:31:14+08:00 ] /thinkphpTest/admin.php/Article/add | INFO: Run TokenBuild Behavior [ RunTime:0.001163s ]
[ 2015-03-01T23:31:14+08:00 ] /thinkphpTest/admin.php/Article/add | INFO: Run WriteHtmlCache Behavior [ RunTime:0.001052s ]
[ 2015-03-01T23:31:14+08:00 ] /thinkphpTest/admin.php/Article/add | INFO: Run ShowRuntime Behavior [ RunTime:0.001283s ]
[ 2015-03-01T23:31:14+08:00 ] /thinkphpTest/admin.php/Article/add | INFO: Tag[ view_filter ] --END-- [ RunTime:0.005592s ]
[ 2015-03-01T23:31:14+08:00 ] /thinkphpTest/admin.php/Article/add | INFO: Tag[ view_end ] --START--
[ 2015-03-01T23:31:14+08:00 ] /thinkphpTest/admin.php/Article/add | INFO: Run ShowPageTrace Behavior [ RunTime:0.001221s ]
[ 2015-03-01T23:31:14+08:00 ] /thinkphpTest/admin.php/Article/add | INFO: Tag[ view_end ] --END-- [ RunTime:0.001279s ]
[ 2015-03-01T23:31:14+08:00 ] /thinkphpTest/admin.php/Article/resources/images/closelabel.gif | ERR: (ThinkException) 非法操作resources
[ 2015-03-01T23:31:27+08:00 ] /thinkphpTest/admin.php/Article/save | INFO: Tag[ route_check ] --START--
[ 2015-03-01T23:31:27+08:00 ] /thinkphpTest/admin.php/Article/save | INFO: Run CheckRoute Behavior [ RunTime:0.001082s ]
[ 2015-03-01T23:31:27+08:00 ] /thinkphpTest/admin.php/Article/save | INFO: Tag[ route_check ] --END-- [ RunTime:0.001203s ]
[ 2015-03-01T23:31:27+08:00 ] /thinkphpTest/admin.php/Article/save | INFO: Tag[ app_begin ] --START--
[ 2015-03-01T23:31:27+08:00 ] /thinkphpTest/admin.php/Article/save | INFO: Run ReadHtmlCache Behavior [ RunTime:0.000863s ]
[ 2015-03-01T23:31:27+08:00 ] /thinkphpTest/admin.php/Article/save | INFO: Tag[ app_begin ] --END-- [ RunTime:0.001005s ]
[ 2015-03-01T23:31:27+08:00 ] /thinkphpTest/admin.php/Article/save | SQL: SHOW COLUMNS FROM `think_article` [ RunTime:0.005334s ]
[ 2015-03-01T23:31:27+08:00 ] /thinkphpTest/admin.php/Article/save | NOTIC: [4096] Argument 1 passed to ArticleAction::getAbstract() must be an instance of string, string given, called in D:\program\wamp\www\thinkphpTest\Admin\Lib\Action\ArticleAction.class.php on line 242 and defined ArticleAction.class.php 第 282 行.
[ 2015-03-01T23:31:27+08:00 ] /thinkphpTest/admin.php/Article/save | NOTIC: [8] Undefined index:  dropdown ArticleAction.class.php 第 247 行.
[ 2015-03-01T23:31:27+08:00 ] /thinkphpTest/admin.php/Article/save | SQL: INSERT INTO `think_article` (`title`,`content`,`abstract`,`author`,`createTime`,`lastModifyTime`,`isSubmitted`,`categoryId`) VALUES ('script','<p>afffffffff</p>','afffffffff','sch','2015-03-01 23:31:27','2015-03-01 23:31:27',0,null) [ RunTime:0.175069s ]
[ 2015-03-01T23:31:55+08:00 ] /thinkphpTest/admin.php/Article/save | INFO: Tag[ route_check ] --START--
[ 2015-03-01T23:31:55+08:00 ] /thinkphpTest/admin.php/Article/save | INFO: Run CheckRoute Behavior [ RunTime:0.001112s ]
[ 2015-03-01T23:31:55+08:00 ] /thinkphpTest/admin.php/Article/save | INFO: Tag[ route_check ] --END-- [ RunTime:0.001273s ]
[ 2015-03-01T23:31:55+08:00 ] /thinkphpTest/admin.php/Article/save | INFO: Tag[ app_begin ] --START--
[ 2015-03-01T23:31:55+08:00 ] /thinkphpTest/admin.php/Article/save | INFO: Run ReadHtmlCache Behavior [ RunTime:0.000701s ]
[ 2015-03-01T23:31:55+08:00 ] /thinkphpTest/admin.php/Article/save | INFO: Tag[ app_begin ] --END-- [ RunTime:0.000783s ]
[ 2015-03-01T23:31:55+08:00 ] /thinkphpTest/admin.php/Article/save | SQL: SHOW COLUMNS FROM `think_article` [ RunTime:0.057485s ]
[ 2015-03-01T23:31:55+08:00 ] /thinkphpTest/admin.php/Article/save | NOTIC: [4096] Argument 1 passed to ArticleAction::getAbstract() must be an instance of string, string given, called in D:\program\wamp\www\thinkphpTest\Admin\Lib\Action\ArticleAction.class.php on line 242 and defined ArticleAction.class.php 第 282 行.
[ 2015-03-01T23:31:55+08:00 ] /thinkphpTest/admin.php/Article/save | NOTIC: [8] Undefined index:  dropdown ArticleAction.class.php 第 247 行.
[ 2015-03-01T23:31:55+08:00 ] /thinkphpTest/admin.php/Article/save | SQL: INSERT INTO `think_article` (`title`,`content`,`abstract`,`author`,`createTime`,`lastModifyTime`,`isSubmitted`,`categoryId`) VALUES ('script','<p>afffffffff</p>','afffffffff','sch','2015-03-01 23:31:55','2015-03-01 23:31:55',0,null) [ RunTime:0.010857s ]
[ 2015-03-01T23:32:46+08:00 ] /thinkphpTest/admin.php/Article/add | INFO: Tag[ route_check ] --START--
[ 2015-03-01T23:32:46+08:00 ] /thinkphpTest/admin.php/Article/add | INFO: Run CheckRoute Behavior [ RunTime:0.002160s ]
[ 2015-03-01T23:32:46+08:00 ] /thinkphpTest/admin.php/Article/add | INFO: Tag[ route_check ] --END-- [ RunTime:0.002298s ]
[ 2015-03-01T23:32:46+08:00 ] /thinkphpTest/admin.php/Article/add | INFO: Tag[ app_begin ] --START--
[ 2015-03-01T23:32:46+08:00 ] /thinkphpTest/admin.php/Article/add | INFO: Run ReadHtmlCache Behavior [ RunTime:0.001539s ]
[ 2015-03-01T23:32:46+08:00 ] /thinkphpTest/admin.php/Article/add | INFO: Tag[ app_begin ] --END-- [ RunTime:0.001616s ]
[ 2015-03-01T23:32:46+08:00 ] /thinkphpTest/admin.php/Article/add | INFO: Tag[ view_template ] --START--
[ 2015-03-01T23:32:46+08:00 ] /thinkphpTest/admin.php/Article/add | INFO: Run LocationTemplate Behavior [ RunTime:0.007518s ]
[ 2015-03-01T23:32:46+08:00 ] /thinkphpTest/admin.php/Article/add | INFO: Tag[ view_template ] --END-- [ RunTime:0.007759s ]
[ 2015-03-01T23:32:46+08:00 ] /thinkphpTest/admin.php/Article/add | INFO: Tag[ view_parse ] --START--
[ 2015-03-01T23:32:46+08:00 ] /thinkphpTest/admin.php/Article/add | NOTIC: [8] Undefined index:  dashboard 9ce4b9130cad61dbd0bbd49942681a43.php 第 42 行.
[ 2015-03-01T23:32:46+08:00 ] /thinkphpTest/admin.php/Article/add | NOTIC: [8] Undefined index:  memo 9ce4b9130cad61dbd0bbd49942681a43.php 第 46 行.
[ 2015-03-01T23:32:46+08:00 ] /thinkphpTest/admin.php/Article/add | NOTIC: [8] Undefined index:  new_memo 9ce4b9130cad61dbd0bbd49942681a43.php 第 50 行.
[ 2015-03-01T23:32:46+08:00 ] /thinkphpTest/admin.php/Article/add | NOTIC: [8] Undefined index:  manage_memo 9ce4b9130cad61dbd0bbd49942681a43.php 第 51 行.
[ 2015-03-01T23:32:46+08:00 ] /thinkphpTest/admin.php/Article/add | NOTIC: [8] Undefined index:  new_article 9ce4b9130cad61dbd0bbd49942681a43.php 第 58 行.
[ 2015-03-01T23:32:46+08:00 ] /thinkphpTest/admin.php/Article/add | NOTIC: [8] Undefined index:  manage_article 9ce4b9130cad61dbd0bbd49942681a43.php 第 59 行.
[ 2015-03-01T23:32:46+08:00 ] /thinkphpTest/admin.php/Article/add | NOTIC: [8] Undefined index:  manage_draft 9ce4b9130cad61dbd0bbd49942681a43.php 第 60 行.
[ 2015-03-01T23:32:46+08:00 ] /thinkphpTest/admin.php/Article/add | NOTIC: [8] Undefined variable: article_item 9ce4b9130cad61dbd0bbd49942681a43.php 第 95 行.
[ 2015-03-01T23:32:46+08:00 ] /thinkphpTest/admin.php/Article/add | NOTIC: [8] Undefined variable: article_item 9ce4b9130cad61dbd0bbd49942681a43.php 第 108 行.
[ 2015-03-01T23:32:46+08:00 ] /thinkphpTest/admin.php/Article/add | NOTIC: [8] Undefined variable: article_item 9ce4b9130cad61dbd0bbd49942681a43.php 第 111 行.
[ 2015-03-01T23:32:46+08:00 ] /thinkphpTest/admin.php/Article/add | NOTIC: [8] Undefined variable: article_item 9ce4b9130cad61dbd0bbd49942681a43.php 第 118 行.
[ 2015-03-01T23:32:46+08:00 ] /thinkphpTest/admin.php/Article/add | INFO: Run ParseTemplate Behavior [ RunTime:0.023932s ]
[ 2015-03-01T23:32:46+08:00 ] /thinkphpTest/admin.php/Article/add | INFO: Tag[ view_parse ] --END-- [ RunTime:0.024033s ]
[ 2015-03-01T23:32:46+08:00 ] /thinkphpTest/admin.php/Article/add | INFO: Tag[ view_filter ] --START--
[ 2015-03-01T23:32:46+08:00 ] /thinkphpTest/admin.php/Article/add | INFO: Run ContentReplace Behavior [ RunTime:0.002016s ]
[ 2015-03-01T23:32:46+08:00 ] /thinkphpTest/admin.php/Article/add | INFO: Run TokenBuild Behavior [ RunTime:0.005461s ]
[ 2015-03-01T23:32:46+08:00 ] /thinkphpTest/admin.php/Article/add | INFO: Run WriteHtmlCache Behavior [ RunTime:0.001491s ]
[ 2015-03-01T23:32:46+08:00 ] /thinkphpTest/admin.php/Article/add | INFO: Run ShowRuntime Behavior [ RunTime:0.001307s ]
[ 2015-03-01T23:32:46+08:00 ] /thinkphpTest/admin.php/Article/add | INFO: Tag[ view_filter ] --END-- [ RunTime:0.010873s ]
[ 2015-03-01T23:32:46+08:00 ] /thinkphpTest/admin.php/Article/add | INFO: Tag[ view_end ] --START--
[ 2015-03-01T23:32:46+08:00 ] /thinkphpTest/admin.php/Article/add | INFO: Run ShowPageTrace Behavior [ RunTime:0.001932s ]
[ 2015-03-01T23:32:46+08:00 ] /thinkphpTest/admin.php/Article/add | INFO: Tag[ view_end ] --END-- [ RunTime:0.002011s ]
[ 2015-03-01T23:32:46+08:00 ] /thinkphpTest/admin.php/Article/resources/images/closelabel.gif | ERR: (ThinkException) 非法操作resources
[ 2015-03-01T23:32:50+08:00 ] /thinkphpTest/admin.php/Article/save | INFO: Tag[ route_check ] --START--
[ 2015-03-01T23:32:50+08:00 ] /thinkphpTest/admin.php/Article/save | INFO: Run CheckRoute Behavior [ RunTime:0.001762s ]
[ 2015-03-01T23:32:50+08:00 ] /thinkphpTest/admin.php/Article/save | INFO: Tag[ route_check ] --END-- [ RunTime:0.001870s ]
[ 2015-03-01T23:32:50+08:00 ] /thinkphpTest/admin.php/Article/save | INFO: Tag[ app_begin ] --START--
[ 2015-03-01T23:32:50+08:00 ] /thinkphpTest/admin.php/Article/save | INFO: Run ReadHtmlCache Behavior [ RunTime:0.001535s ]
[ 2015-03-01T23:32:50+08:00 ] /thinkphpTest/admin.php/Article/save | INFO: Tag[ app_begin ] --END-- [ RunTime:0.001603s ]
[ 2015-03-01T23:32:50+08:00 ] /thinkphpTest/admin.php/Article/save | SQL: SHOW COLUMNS FROM `think_article` [ RunTime:0.004686s ]
[ 2015-03-01T23:32:50+08:00 ] /thinkphpTest/admin.php/Article/save | NOTIC: [4096] Argument 1 passed to ArticleAction::getAbstract() must be an instance of string, string given, called in D:\program\wamp\www\thinkphpTest\Admin\Lib\Action\ArticleAction.class.php on line 242 and defined ArticleAction.class.php 第 282 行.
[ 2015-03-01T23:32:50+08:00 ] /thinkphpTest/admin.php/Article/save | NOTIC: [8] Undefined index:  dropdown ArticleAction.class.php 第 247 行.
[ 2015-03-01T23:32:50+08:00 ] /thinkphpTest/admin.php/Article/save | SQL: INSERT INTO `think_article` (`title`,`content`,`abstract`,`author`,`createTime`,`lastModifyTime`,`isSubmitted`,`categoryId`) VALUES ('a','<p>a</p>','a','sch','2015-03-01 23:32:50','2015-03-01 23:32:50',0,null) [ RunTime:0.004557s ]
[ 2015-03-01T23:34:47+08:00 ] /thinkphpTest/admin.php/Article/add | INFO: Tag[ route_check ] --START--
[ 2015-03-01T23:34:47+08:00 ] /thinkphpTest/admin.php/Article/add | INFO: Run CheckRoute Behavior [ RunTime:0.001731s ]
[ 2015-03-01T23:34:47+08:00 ] /thinkphpTest/admin.php/Article/add | INFO: Tag[ route_check ] --END-- [ RunTime:0.001849s ]
[ 2015-03-01T23:34:47+08:00 ] /thinkphpTest/admin.php/Article/add | INFO: Tag[ app_begin ] --START--
[ 2015-03-01T23:34:47+08:00 ] /thinkphpTest/admin.php/Article/add | INFO: Run ReadHtmlCache Behavior [ RunTime:0.001694s ]
[ 2015-03-01T23:34:47+08:00 ] /thinkphpTest/admin.php/Article/add | INFO: Tag[ app_begin ] --END-- [ RunTime:0.001789s ]
[ 2015-03-01T23:34:47+08:00 ] /thinkphpTest/admin.php/Article/add | INFO: Tag[ view_template ] --START--
[ 2015-03-01T23:34:47+08:00 ] /thinkphpTest/admin.php/Article/add | INFO: Run LocationTemplate Behavior [ RunTime:0.001835s ]
[ 2015-03-01T23:34:47+08:00 ] /thinkphpTest/admin.php/Article/add | INFO: Tag[ view_template ] --END-- [ RunTime:0.001898s ]
[ 2015-03-01T23:34:47+08:00 ] /thinkphpTest/admin.php/Article/add | INFO: Tag[ view_parse ] --START--
[ 2015-03-01T23:34:47+08:00 ] /thinkphpTest/admin.php/Article/add | NOTIC: [8] Undefined index:  dashboard 9ce4b9130cad61dbd0bbd49942681a43.php 第 42 行.
[ 2015-03-01T23:34:47+08:00 ] /thinkphpTest/admin.php/Article/add | NOTIC: [8] Undefined index:  memo 9ce4b9130cad61dbd0bbd49942681a43.php 第 46 行.
[ 2015-03-01T23:34:47+08:00 ] /thinkphpTest/admin.php/Article/add | NOTIC: [8] Undefined index:  new_memo 9ce4b9130cad61dbd0bbd49942681a43.php 第 50 行.
[ 2015-03-01T23:34:47+08:00 ] /thinkphpTest/admin.php/Article/add | NOTIC: [8] Undefined index:  manage_memo 9ce4b9130cad61dbd0bbd49942681a43.php 第 51 行.
[ 2015-03-01T23:34:47+08:00 ] /thinkphpTest/admin.php/Article/add | NOTIC: [8] Undefined index:  new_article 9ce4b9130cad61dbd0bbd49942681a43.php 第 58 行.
[ 2015-03-01T23:34:47+08:00 ] /thinkphpTest/admin.php/Article/add | NOTIC: [8] Undefined index:  manage_article 9ce4b9130cad61dbd0bbd49942681a43.php 第 59 行.
[ 2015-03-01T23:34:47+08:00 ] /thinkphpTest/admin.php/Article/add | NOTIC: [8] Undefined index:  manage_draft 9ce4b9130cad61dbd0bbd49942681a43.php 第 60 行.
[ 2015-03-01T23:34:47+08:00 ] /thinkphpTest/admin.php/Article/add | NOTIC: [8] Undefined variable: article_item 9ce4b9130cad61dbd0bbd49942681a43.php 第 95 行.
[ 2015-03-01T23:34:47+08:00 ] /thinkphpTest/admin.php/Article/add | NOTIC: [8] Undefined variable: article_item 9ce4b9130cad61dbd0bbd49942681a43.php 第 108 行.
[ 2015-03-01T23:34:47+08:00 ] /thinkphpTest/admin.php/Article/add | NOTIC: [8] Undefined variable: article_item 9ce4b9130cad61dbd0bbd49942681a43.php 第 111 行.
[ 2015-03-01T23:34:47+08:00 ] /thinkphpTest/admin.php/Article/add | NOTIC: [8] Undefined variable: article_item 9ce4b9130cad61dbd0bbd49942681a43.php 第 118 行.
[ 2015-03-01T23:34:47+08:00 ] /thinkphpTest/admin.php/Article/add | INFO: Run ParseTemplate Behavior [ RunTime:0.017470s ]
[ 2015-03-01T23:34:47+08:00 ] /thinkphpTest/admin.php/Article/add | INFO: Tag[ view_parse ] --END-- [ RunTime:0.017647s ]
[ 2015-03-01T23:34:47+08:00 ] /thinkphpTest/admin.php/Article/add | INFO: Tag[ view_filter ] --START--
[ 2015-03-01T23:34:47+08:00 ] /thinkphpTest/admin.php/Article/add | INFO: Run ContentReplace Behavior [ RunTime:0.002209s ]
[ 2015-03-01T23:34:47+08:00 ] /thinkphpTest/admin.php/Article/add | INFO: Run TokenBuild Behavior [ RunTime:0.001229s ]
[ 2015-03-01T23:34:47+08:00 ] /thinkphpTest/admin.php/Article/add | INFO: Run WriteHtmlCache Behavior [ RunTime:0.001040s ]
[ 2015-03-01T23:34:47+08:00 ] /thinkphpTest/admin.php/Article/add | INFO: Run ShowRuntime Behavior [ RunTime:0.001297s ]
[ 2015-03-01T23:34:47+08:00 ] /thinkphpTest/admin.php/Article/add | INFO: Tag[ view_filter ] --END-- [ RunTime:0.005968s ]
[ 2015-03-01T23:34:47+08:00 ] /thinkphpTest/admin.php/Article/add | INFO: Tag[ view_end ] --START--
[ 2015-03-01T23:34:47+08:00 ] /thinkphpTest/admin.php/Article/add | INFO: Run ShowPageTrace Behavior [ RunTime:0.001391s ]
[ 2015-03-01T23:34:47+08:00 ] /thinkphpTest/admin.php/Article/add | INFO: Tag[ view_end ] --END-- [ RunTime:0.001448s ]
[ 2015-03-01T23:34:47+08:00 ] /thinkphpTest/admin.php/Article/resources/images/closelabel.gif | ERR: (ThinkException) 非法操作resources
[ 2015-03-01T23:34:52+08:00 ] /thinkphpTest/admin.php/Article/save | INFO: Tag[ route_check ] --START--
[ 2015-03-01T23:34:52+08:00 ] /thinkphpTest/admin.php/Article/save | INFO: Run CheckRoute Behavior [ RunTime:0.001273s ]
[ 2015-03-01T23:34:52+08:00 ] /thinkphpTest/admin.php/Article/save | INFO: Tag[ route_check ] --END-- [ RunTime:0.001364s ]
[ 2015-03-01T23:34:52+08:00 ] /thinkphpTest/admin.php/Article/save | INFO: Tag[ app_begin ] --START--
[ 2015-03-01T23:34:52+08:00 ] /thinkphpTest/admin.php/Article/save | INFO: Run ReadHtmlCache Behavior [ RunTime:0.001428s ]
[ 2015-03-01T23:34:52+08:00 ] /thinkphpTest/admin.php/Article/save | INFO: Tag[ app_begin ] --END-- [ RunTime:0.001485s ]
[ 2015-03-01T23:34:52+08:00 ] /thinkphpTest/admin.php/Article/save | SQL: SHOW COLUMNS FROM `think_article` [ RunTime:0.004210s ]
[ 2015-03-01T23:34:52+08:00 ] /thinkphpTest/admin.php/Article/save | NOTIC: [4096] Argument 1 passed to ArticleAction::getAbstract() must be an instance of string, string given, called in D:\program\wamp\www\thinkphpTest\Admin\Lib\Action\ArticleAction.class.php on line 242 and defined ArticleAction.class.php 第 282 行.
[ 2015-03-01T23:34:52+08:00 ] /thinkphpTest/admin.php/Article/save | NOTIC: [8] Undefined index:  dropdown ArticleAction.class.php 第 247 行.
[ 2015-03-01T23:34:52+08:00 ] /thinkphpTest/admin.php/Article/save | SQL: INSERT INTO `think_article` (`title`,`content`,`abstract`,`author`,`createTime`,`lastModifyTime`,`isSubmitted`,`categoryId`) VALUES ('a','<p>f</p>','f','sch','2015-03-01 23:34:52','2015-03-01 23:34:52',0,null) [ RunTime:0.004528s ]
[ 2015-03-01T23:36:58+08:00 ] /thinkphpTest/admin.php/Article/save | INFO: Tag[ route_check ] --START--
[ 2015-03-01T23:36:58+08:00 ] /thinkphpTest/admin.php/Article/save | INFO: Run CheckRoute Behavior [ RunTime:0.001872s ]
[ 2015-03-01T23:36:58+08:00 ] /thinkphpTest/admin.php/Article/save | INFO: Tag[ route_check ] --END-- [ RunTime:0.002006s ]
[ 2015-03-01T23:36:58+08:00 ] /thinkphpTest/admin.php/Article/save | INFO: Tag[ app_begin ] --START--
[ 2015-03-01T23:36:58+08:00 ] /thinkphpTest/admin.php/Article/save | INFO: Run ReadHtmlCache Behavior [ RunTime:0.001407s ]
[ 2015-03-01T23:36:58+08:00 ] /thinkphpTest/admin.php/Article/save | INFO: Tag[ app_begin ] --END-- [ RunTime:0.001480s ]
[ 2015-03-01T23:36:58+08:00 ] /thinkphpTest/admin.php/Article/save | SQL: SHOW COLUMNS FROM `think_article` [ RunTime:0.006566s ]
[ 2015-03-01T23:36:58+08:00 ] /thinkphpTest/admin.php/Article/save | NOTIC: [4096] Argument 1 passed to ArticleAction::getAbstract() must be an instance of string, string given, called in D:\program\wamp\www\thinkphpTest\Admin\Lib\Action\ArticleAction.class.php on line 242 and defined ArticleAction.class.php 第 282 行.
[ 2015-03-01T23:36:58+08:00 ] /thinkphpTest/admin.php/Article/save | NOTIC: [8] Undefined index:  dropdown ArticleAction.class.php 第 247 行.
[ 2015-03-01T23:36:58+08:00 ] /thinkphpTest/admin.php/Article/save | SQL: INSERT INTO `think_article` (`title`,`content`,`abstract`,`author`,`createTime`,`lastModifyTime`,`isSubmitted`,`categoryId`) VALUES ('a','<p>f</p>','f','sch','2015-03-01 23:36:58','2015-03-01 23:36:58',0,null) [ RunTime:0.007421s ]
[ 2015-03-01T23:38:49+08:00 ] /thinkphpTest/admin.php/Article/save | INFO: Tag[ route_check ] --START--
[ 2015-03-01T23:38:49+08:00 ] /thinkphpTest/admin.php/Article/save | INFO: Run CheckRoute Behavior [ RunTime:0.001380s ]
[ 2015-03-01T23:38:49+08:00 ] /thinkphpTest/admin.php/Article/save | INFO: Tag[ route_check ] --END-- [ RunTime:0.001492s ]
[ 2015-03-01T23:38:49+08:00 ] /thinkphpTest/admin.php/Article/save | INFO: Tag[ app_begin ] --START--
[ 2015-03-01T23:38:49+08:00 ] /thinkphpTest/admin.php/Article/save | INFO: Run ReadHtmlCache Behavior [ RunTime:0.001094s ]
[ 2015-03-01T23:38:49+08:00 ] /thinkphpTest/admin.php/Article/save | INFO: Tag[ app_begin ] --END-- [ RunTime:0.001161s ]
[ 2015-03-01T23:38:49+08:00 ] /thinkphpTest/admin.php/Article/save | SQL: SHOW COLUMNS FROM `think_article` [ RunTime:0.004147s ]
[ 2015-03-01T23:38:49+08:00 ] /thinkphpTest/admin.php/Article/save | NOTIC: [4096] Argument 1 passed to ArticleAction::getAbstract() must be an instance of string, string given, called in D:\program\wamp\www\thinkphpTest\Admin\Lib\Action\ArticleAction.class.php on line 242 and defined ArticleAction.class.php 第 282 行.
[ 2015-03-01T23:38:49+08:00 ] /thinkphpTest/admin.php/Article/save | NOTIC: [8] Undefined index:  dropdown ArticleAction.class.php 第 247 行.
[ 2015-03-01T23:38:50+08:00 ] /thinkphpTest/admin.php/Article/save | SQL: INSERT INTO `think_article` (`title`,`content`,`abstract`,`author`,`createTime`,`lastModifyTime`,`isSubmitted`,`categoryId`) VALUES ('a','<p>f</p>','f','sch','2015-03-01 23:38:49','2015-03-01 23:38:49',0,null) [ RunTime:0.004540s ]
[ 2015-03-01T23:38:52+08:00 ] /thinkphpTest/admin.php/Article/save | INFO: Tag[ route_check ] --START--
[ 2015-03-01T23:38:52+08:00 ] /thinkphpTest/admin.php/Article/save | INFO: Run CheckRoute Behavior [ RunTime:0.000819s ]
[ 2015-03-01T23:38:52+08:00 ] /thinkphpTest/admin.php/Article/save | INFO: Tag[ route_check ] --END-- [ RunTime:0.000947s ]
[ 2015-03-01T23:38:52+08:00 ] /thinkphpTest/admin.php/Article/save | INFO: Tag[ app_begin ] --START--
[ 2015-03-01T23:38:52+08:00 ] /thinkphpTest/admin.php/Article/save | INFO: Run ReadHtmlCache Behavior [ RunTime:0.000522s ]
[ 2015-03-01T23:38:52+08:00 ] /thinkphpTest/admin.php/Article/save | INFO: Tag[ app_begin ] --END-- [ RunTime:0.000585s ]
[ 2015-03-01T23:38:52+08:00 ] /thinkphpTest/admin.php/Article/save | SQL: SHOW COLUMNS FROM `think_article` [ RunTime:0.003986s ]
[ 2015-03-01T23:38:52+08:00 ] /thinkphpTest/admin.php/Article/save | NOTIC: [4096] Argument 1 passed to ArticleAction::getAbstract() must be an instance of string, string given, called in D:\program\wamp\www\thinkphpTest\Admin\Lib\Action\ArticleAction.class.php on line 242 and defined ArticleAction.class.php 第 282 行.
[ 2015-03-01T23:38:52+08:00 ] /thinkphpTest/admin.php/Article/save | NOTIC: [8] Undefined index:  dropdown ArticleAction.class.php 第 247 行.
[ 2015-03-01T23:38:52+08:00 ] /thinkphpTest/admin.php/Article/save | SQL: INSERT INTO `think_article` (`title`,`content`,`abstract`,`author`,`createTime`,`lastModifyTime`,`isSubmitted`,`categoryId`) VALUES ('a','<p>f</p>','f','sch','2015-03-01 23:38:52','2015-03-01 23:38:52',0,null) [ RunTime:0.004578s ]
[ 2015-03-01T23:38:53+08:00 ] /thinkphpTest/admin.php/Article/add | INFO: Tag[ route_check ] --START--
[ 2015-03-01T23:38:53+08:00 ] /thinkphpTest/admin.php/Article/add | INFO: Run CheckRoute Behavior [ RunTime:0.000848s ]
[ 2015-03-01T23:38:53+08:00 ] /thinkphpTest/admin.php/Article/add | INFO: Tag[ route_check ] --END-- [ RunTime:0.000955s ]
[ 2015-03-01T23:38:53+08:00 ] /thinkphpTest/admin.php/Article/add | INFO: Tag[ app_begin ] --START--
[ 2015-03-01T23:38:53+08:00 ] /thinkphpTest/admin.php/Article/add | INFO: Run ReadHtmlCache Behavior [ RunTime:0.000566s ]
[ 2015-03-01T23:38:53+08:00 ] /thinkphpTest/admin.php/Article/add | INFO: Tag[ app_begin ] --END-- [ RunTime:0.000630s ]
[ 2015-03-01T23:38:53+08:00 ] /thinkphpTest/admin.php/Article/add | INFO: Tag[ view_template ] --START--
[ 2015-03-01T23:38:53+08:00 ] /thinkphpTest/admin.php/Article/add | INFO: Run LocationTemplate Behavior [ RunTime:0.002288s ]
[ 2015-03-01T23:38:53+08:00 ] /thinkphpTest/admin.php/Article/add | INFO: Tag[ view_template ] --END-- [ RunTime:0.002377s ]
[ 2015-03-01T23:38:53+08:00 ] /thinkphpTest/admin.php/Article/add | INFO: Tag[ view_parse ] --START--
[ 2015-03-01T23:38:53+08:00 ] /thinkphpTest/admin.php/Article/add | NOTIC: [8] Undefined index:  dashboard 9ce4b9130cad61dbd0bbd49942681a43.php 第 42 行.
[ 2015-03-01T23:38:53+08:00 ] /thinkphpTest/admin.php/Article/add | NOTIC: [8] Undefined index:  memo 9ce4b9130cad61dbd0bbd49942681a43.php 第 46 行.
[ 2015-03-01T23:38:53+08:00 ] /thinkphpTest/admin.php/Article/add | NOTIC: [8] Undefined index:  new_memo 9ce4b9130cad61dbd0bbd49942681a43.php 第 50 行.
[ 2015-03-01T23:38:53+08:00 ] /thinkphpTest/admin.php/Article/add | NOTIC: [8] Undefined index:  manage_memo 9ce4b9130cad61dbd0bbd49942681a43.php 第 51 行.
[ 2015-03-01T23:38:53+08:00 ] /thinkphpTest/admin.php/Article/add | NOTIC: [8] Undefined index:  new_article 9ce4b9130cad61dbd0bbd49942681a43.php 第 58 行.
[ 2015-03-01T23:38:53+08:00 ] /thinkphpTest/admin.php/Article/add | NOTIC: [8] Undefined index:  manage_article 9ce4b9130cad61dbd0bbd49942681a43.php 第 59 行.
[ 2015-03-01T23:38:53+08:00 ] /thinkphpTest/admin.php/Article/add | NOTIC: [8] Undefined index:  manage_draft 9ce4b9130cad61dbd0bbd49942681a43.php 第 60 行.
[ 2015-03-01T23:38:53+08:00 ] /thinkphpTest/admin.php/Article/add | NOTIC: [8] Undefined variable: article_item 9ce4b9130cad61dbd0bbd49942681a43.php 第 95 行.
[ 2015-03-01T23:38:53+08:00 ] /thinkphpTest/admin.php/Article/add | NOTIC: [8] Undefined variable: article_item 9ce4b9130cad61dbd0bbd49942681a43.php 第 108 行.
[ 2015-03-01T23:38:53+08:00 ] /thinkphpTest/admin.php/Article/add | NOTIC: [8] Undefined variable: article_item 9ce4b9130cad61dbd0bbd49942681a43.php 第 111 行.
[ 2015-03-01T23:38:53+08:00 ] /thinkphpTest/admin.php/Article/add | NOTIC: [8] Undefined variable: article_item 9ce4b9130cad61dbd0bbd49942681a43.php 第 118 行.
[ 2015-03-01T23:38:53+08:00 ] /thinkphpTest/admin.php/Article/add | INFO: Run ParseTemplate Behavior [ RunTime:0.016250s ]
[ 2015-03-01T23:38:53+08:00 ] /thinkphpTest/admin.php/Article/add | INFO: Tag[ view_parse ] --END-- [ RunTime:0.016318s ]
[ 2015-03-01T23:38:53+08:00 ] /thinkphpTest/admin.php/Article/add | INFO: Tag[ view_filter ] --START--
[ 2015-03-01T23:38:53+08:00 ] /thinkphpTest/admin.php/Article/add | INFO: Run ContentReplace Behavior [ RunTime:0.000769s ]
[ 2015-03-01T23:38:53+08:00 ] /thinkphpTest/admin.php/Article/add | INFO: Run TokenBuild Behavior [ RunTime:0.000783s ]
[ 2015-03-01T23:38:53+08:00 ] /thinkphpTest/admin.php/Article/add | INFO: Run WriteHtmlCache Behavior [ RunTime:0.000598s ]
[ 2015-03-01T23:38:53+08:00 ] /thinkphpTest/admin.php/Article/add | INFO: Run ShowRuntime Behavior [ RunTime:0.001235s ]
[ 2015-03-01T23:38:53+08:00 ] /thinkphpTest/admin.php/Article/add | INFO: Tag[ view_filter ] --END-- [ RunTime:0.003528s ]
[ 2015-03-01T23:38:53+08:00 ] /thinkphpTest/admin.php/Article/add | INFO: Tag[ view_end ] --START--
[ 2015-03-01T23:38:53+08:00 ] /thinkphpTest/admin.php/Article/add | INFO: Run ShowPageTrace Behavior [ RunTime:0.000845s ]
[ 2015-03-01T23:38:53+08:00 ] /thinkphpTest/admin.php/Article/add | INFO: Tag[ view_end ] --END-- [ RunTime:0.000916s ]
[ 2015-03-01T23:38:54+08:00 ] /thinkphpTest/admin.php/Article/resources/images/closelabel.gif | ERR: (ThinkException) 非法操作resources
[ 2015-03-01T23:39:02+08:00 ] /thinkphpTest/admin.php/Article/save | INFO: Tag[ route_check ] --START--
[ 2015-03-01T23:39:02+08:00 ] /thinkphpTest/admin.php/Article/save | INFO: Run CheckRoute Behavior [ RunTime:0.002269s ]
[ 2015-03-01T23:39:02+08:00 ] /thinkphpTest/admin.php/Article/save | INFO: Tag[ route_check ] --END-- [ RunTime:0.002500s ]
[ 2015-03-01T23:39:02+08:00 ] /thinkphpTest/admin.php/Article/save | INFO: Tag[ app_begin ] --START--
[ 2015-03-01T23:39:02+08:00 ] /thinkphpTest/admin.php/Article/save | INFO: Run ReadHtmlCache Behavior [ RunTime:0.001074s ]
[ 2015-03-01T23:39:02+08:00 ] /thinkphpTest/admin.php/Article/save | INFO: Tag[ app_begin ] --END-- [ RunTime:0.001138s ]
[ 2015-03-01T23:39:02+08:00 ] /thinkphpTest/admin.php/Article/save | SQL: SHOW COLUMNS FROM `think_article` [ RunTime:0.004654s ]
[ 2015-03-01T23:39:02+08:00 ] /thinkphpTest/admin.php/Article/save | NOTIC: [4096] Argument 1 passed to ArticleAction::getAbstract() must be an instance of string, string given, called in D:\program\wamp\www\thinkphpTest\Admin\Lib\Action\ArticleAction.class.php on line 242 and defined ArticleAction.class.php 第 282 行.
[ 2015-03-01T23:39:02+08:00 ] /thinkphpTest/admin.php/Article/save | NOTIC: [8] Undefined index:  dropdown ArticleAction.class.php 第 247 行.
[ 2015-03-01T23:39:02+08:00 ] /thinkphpTest/admin.php/Article/save | SQL: INSERT INTO `think_article` (`title`,`content`,`abstract`,`author`,`createTime`,`lastModifyTime`,`isSubmitted`,`categoryId`) VALUES ('fff','<p>fff</p>','fff','sch','2015-03-01 23:39:02','2015-03-01 23:39:02',0,null) [ RunTime:0.005841s ]
[ 2015-03-01T23:39:18+08:00 ] /thinkphpTest/admin.php | INFO: Tag[ app_begin ] --START--
[ 2015-03-01T23:39:18+08:00 ] /thinkphpTest/admin.php | INFO: Run ReadHtmlCache Behavior [ RunTime:0.001588s ]
[ 2015-03-01T23:39:18+08:00 ] /thinkphpTest/admin.php | INFO: Tag[ app_begin ] --END-- [ RunTime:0.001769s ]
[ 2015-03-01T23:39:18+08:00 ] /thinkphpTest/admin.php | INFO: Tag[ view_template ] --START--
[ 2015-03-01T23:39:18+08:00 ] /thinkphpTest/admin.php | INFO: Run LocationTemplate Behavior [ RunTime:0.001842s ]
[ 2015-03-01T23:39:18+08:00 ] /thinkphpTest/admin.php | INFO: Tag[ view_template ] --END-- [ RunTime:0.001916s ]
[ 2015-03-01T23:39:18+08:00 ] /thinkphpTest/admin.php | INFO: Tag[ view_parse ] --START--
[ 2015-03-01T23:39:18+08:00 ] /thinkphpTest/admin.php | NOTIC: [8] Undefined index:  memo 20eabf8d43f497715f3e1a7ec1a2f00f.php 第 42 行.
[ 2015-03-01T23:39:18+08:00 ] /thinkphpTest/admin.php | NOTIC: [8] Undefined index:  new_memo 20eabf8d43f497715f3e1a7ec1a2f00f.php 第 46 行.
[ 2015-03-01T23:39:18+08:00 ] /thinkphpTest/admin.php | NOTIC: [8] Undefined index:  manage_memo 20eabf8d43f497715f3e1a7ec1a2f00f.php 第 47 行.
[ 2015-03-01T23:39:18+08:00 ] /thinkphpTest/admin.php | NOTIC: [8] Undefined index:  article 20eabf8d43f497715f3e1a7ec1a2f00f.php 第 52 行.
[ 2015-03-01T23:39:18+08:00 ] /thinkphpTest/admin.php | NOTIC: [8] Undefined index:  new_article 20eabf8d43f497715f3e1a7ec1a2f00f.php 第 54 行.
[ 2015-03-01T23:39:18+08:00 ] /thinkphpTest/admin.php | NOTIC: [8] Undefined index:  manage_article 20eabf8d43f497715f3e1a7ec1a2f00f.php 第 55 行.
[ 2015-03-01T23:39:18+08:00 ] /thinkphpTest/admin.php | NOTIC: [8] Undefined index:  manage_draft 20eabf8d43f497715f3e1a7ec1a2f00f.php 第 56 行.
[ 2015-03-01T23:39:18+08:00 ] /thinkphpTest/admin.php | INFO: Run ParseTemplate Behavior [ RunTime:0.016234s ]
[ 2015-03-01T23:39:18+08:00 ] /thinkphpTest/admin.php | INFO: Tag[ view_parse ] --END-- [ RunTime:0.016304s ]
[ 2015-03-01T23:39:18+08:00 ] /thinkphpTest/admin.php | INFO: Tag[ view_filter ] --START--
[ 2015-03-01T23:39:18+08:00 ] /thinkphpTest/admin.php | INFO: Run ContentReplace Behavior [ RunTime:0.001485s ]
[ 2015-03-01T23:39:18+08:00 ] /thinkphpTest/admin.php | INFO: Run TokenBuild Behavior [ RunTime:0.001887s ]
[ 2015-03-01T23:39:18+08:00 ] /thinkphpTest/admin.php | INFO: Run WriteHtmlCache Behavior [ RunTime:0.001808s ]
[ 2015-03-01T23:39:18+08:00 ] /thinkphpTest/admin.php | INFO: Run ShowRuntime Behavior [ RunTime:0.001946s ]
[ 2015-03-01T23:39:18+08:00 ] /thinkphpTest/admin.php | INFO: Tag[ view_filter ] --END-- [ RunTime:0.007496s ]
[ 2015-03-01T23:39:18+08:00 ] /thinkphpTest/admin.php | INFO: Tag[ view_end ] --START--
[ 2015-03-01T23:39:18+08:00 ] /thinkphpTest/admin.php | INFO: Run ShowPageTrace Behavior [ RunTime:0.001371s ]
[ 2015-03-01T23:39:18+08:00 ] /thinkphpTest/admin.php | INFO: Tag[ view_end ] --END-- [ RunTime:0.001436s ]
[ 2015-03-01T23:39:22+08:00 ] /thinkphpTest/admin.php/Article/add | INFO: Tag[ route_check ] --START--
[ 2015-03-01T23:39:22+08:00 ] /thinkphpTest/admin.php/Article/add | INFO: Run CheckRoute Behavior [ RunTime:0.001505s ]
[ 2015-03-01T23:39:22+08:00 ] /thinkphpTest/admin.php/Article/add | INFO: Tag[ route_check ] --END-- [ RunTime:0.001602s ]
[ 2015-03-01T23:39:22+08:00 ] /thinkphpTest/admin.php/Article/add | INFO: Tag[ app_begin ] --START--
[ 2015-03-01T23:39:22+08:00 ] /thinkphpTest/admin.php/Article/add | INFO: Run ReadHtmlCache Behavior [ RunTime:0.001231s ]
[ 2015-03-01T23:39:22+08:00 ] /thinkphpTest/admin.php/Article/add | INFO: Tag[ app_begin ] --END-- [ RunTime:0.001285s ]
[ 2015-03-01T23:39:22+08:00 ] /thinkphpTest/admin.php/Article/add | INFO: Tag[ view_template ] --START--
[ 2015-03-01T23:39:22+08:00 ] /thinkphpTest/admin.php/Article/add | INFO: Run LocationTemplate Behavior [ RunTime:0.003038s ]
[ 2015-03-01T23:39:22+08:00 ] /thinkphpTest/admin.php/Article/add | INFO: Tag[ view_template ] --END-- [ RunTime:0.003214s ]
[ 2015-03-01T23:39:22+08:00 ] /thinkphpTest/admin.php/Article/add | INFO: Tag[ view_parse ] --START--
[ 2015-03-01T23:39:22+08:00 ] /thinkphpTest/admin.php/Article/add | NOTIC: [8] Undefined index:  dashboard 9ce4b9130cad61dbd0bbd49942681a43.php 第 42 行.
[ 2015-03-01T23:39:22+08:00 ] /thinkphpTest/admin.php/Article/add | NOTIC: [8] Undefined index:  memo 9ce4b9130cad61dbd0bbd49942681a43.php 第 46 行.
[ 2015-03-01T23:39:22+08:00 ] /thinkphpTest/admin.php/Article/add | NOTIC: [8] Undefined index:  new_memo 9ce4b9130cad61dbd0bbd49942681a43.php 第 50 行.
[ 2015-03-01T23:39:22+08:00 ] /thinkphpTest/admin.php/Article/add | NOTIC: [8] Undefined index:  manage_memo 9ce4b9130cad61dbd0bbd49942681a43.php 第 51 行.
[ 2015-03-01T23:39:22+08:00 ] /thinkphpTest/admin.php/Article/add | NOTIC: [8] Undefined index:  new_article 9ce4b9130cad61dbd0bbd49942681a43.php 第 58 行.
[ 2015-03-01T23:39:22+08:00 ] /thinkphpTest/admin.php/Article/add | NOTIC: [8] Undefined index:  manage_article 9ce4b9130cad61dbd0bbd49942681a43.php 第 59 行.
[ 2015-03-01T23:39:22+08:00 ] /thinkphpTest/admin.php/Article/add | NOTIC: [8] Undefined index:  manage_draft 9ce4b9130cad61dbd0bbd49942681a43.php 第 60 行.
[ 2015-03-01T23:39:22+08:00 ] /thinkphpTest/admin.php/Article/add | NOTIC: [8] Undefined variable: article_item 9ce4b9130cad61dbd0bbd49942681a43.php 第 95 行.
[ 2015-03-01T23:39:22+08:00 ] /thinkphpTest/admin.php/Article/add | NOTIC: [8] Undefined variable: article_item 9ce4b9130cad61dbd0bbd49942681a43.php 第 108 行.
[ 2015-03-01T23:39:22+08:00 ] /thinkphpTest/admin.php/Article/add | NOTIC: [8] Undefined variable: article_item 9ce4b9130cad61dbd0bbd49942681a43.php 第 111 行.
[ 2015-03-01T23:39:22+08:00 ] /thinkphpTest/admin.php/Article/add | NOTIC: [8] Undefined variable: article_item 9ce4b9130cad61dbd0bbd49942681a43.php 第 118 行.
[ 2015-03-01T23:39:22+08:00 ] /thinkphpTest/admin.php/Article/add | INFO: Run ParseTemplate Behavior [ RunTime:0.016904s ]
[ 2015-03-01T23:39:22+08:00 ] /thinkphpTest/admin.php/Article/add | INFO: Tag[ view_parse ] --END-- [ RunTime:0.016981s ]
[ 2015-03-01T23:39:22+08:00 ] /thinkphpTest/admin.php/Article/add | INFO: Tag[ view_filter ] --START--
[ 2015-03-01T23:39:22+08:00 ] /thinkphpTest/admin.php/Article/add | INFO: Run ContentReplace Behavior [ RunTime:0.001994s ]
[ 2015-03-01T23:39:22+08:00 ] /thinkphpTest/admin.php/Article/add | INFO: Run TokenBuild Behavior [ RunTime:0.002243s ]
[ 2015-03-01T23:39:22+08:00 ] /thinkphpTest/admin.php/Article/add | INFO: Run WriteHtmlCache Behavior [ RunTime:0.001019s ]
[ 2015-03-01T23:39:22+08:00 ] /thinkphpTest/admin.php/Article/add | INFO: Run ShowRuntime Behavior [ RunTime:0.001189s ]
[ 2015-03-01T23:39:22+08:00 ] /thinkphpTest/admin.php/Article/add | INFO: Tag[ view_filter ] --END-- [ RunTime:0.006724s ]
[ 2015-03-01T23:39:22+08:00 ] /thinkphpTest/admin.php/Article/add | INFO: Tag[ view_end ] --START--
[ 2015-03-01T23:39:22+08:00 ] /thinkphpTest/admin.php/Article/add | INFO: Run ShowPageTrace Behavior [ RunTime:0.001172s ]
[ 2015-03-01T23:39:22+08:00 ] /thinkphpTest/admin.php/Article/add | INFO: Tag[ view_end ] --END-- [ RunTime:0.001224s ]
[ 2015-03-01T23:39:22+08:00 ] /thinkphpTest/admin.php/Article/resources/images/closelabel.gif | ERR: (ThinkException) 非法操作resources
[ 2015-03-01T23:39:28+08:00 ] /thinkphpTest/admin.php/Article/save | INFO: Tag[ route_check ] --START--
[ 2015-03-01T23:39:28+08:00 ] /thinkphpTest/admin.php/Article/save | INFO: Run CheckRoute Behavior [ RunTime:0.001059s ]
[ 2015-03-01T23:39:28+08:00 ] /thinkphpTest/admin.php/Article/save | INFO: Tag[ route_check ] --END-- [ RunTime:0.001388s ]
[ 2015-03-01T23:39:28+08:00 ] /thinkphpTest/admin.php/Article/save | INFO: Tag[ app_begin ] --START--
[ 2015-03-01T23:39:28+08:00 ] /thinkphpTest/admin.php/Article/save | INFO: Run ReadHtmlCache Behavior [ RunTime:0.001270s ]
[ 2015-03-01T23:39:28+08:00 ] /thinkphpTest/admin.php/Article/save | INFO: Tag[ app_begin ] --END-- [ RunTime:0.001591s ]
[ 2015-03-01T23:39:28+08:00 ] /thinkphpTest/admin.php/Article/save | SQL: SHOW COLUMNS FROM `think_article` [ RunTime:0.006356s ]
[ 2015-03-01T23:39:28+08:00 ] /thinkphpTest/admin.php/Article/save | NOTIC: [4096] Argument 1 passed to ArticleAction::getAbstract() must be an instance of string, string given, called in D:\program\wamp\www\thinkphpTest\Admin\Lib\Action\ArticleAction.class.php on line 242 and defined ArticleAction.class.php 第 282 行.
[ 2015-03-01T23:39:28+08:00 ] /thinkphpTest/admin.php/Article/save | NOTIC: [8] Undefined index:  dropdown ArticleAction.class.php 第 247 行.
[ 2015-03-01T23:39:28+08:00 ] /thinkphpTest/admin.php/Article/save | SQL: INSERT INTO `think_article` (`title`,`content`,`abstract`,`author`,`createTime`,`lastModifyTime`,`isSubmitted`,`categoryId`) VALUES ('ggg','<p>fff</p>','fff','sch','2015-03-01 23:39:28','2015-03-01 23:39:28',0,null) [ RunTime:0.005687s ]
[ 2015-03-01T23:45:59+08:00 ] /thinkphpTest/admin.php/ | INFO: Tag[ route_check ] --START--
[ 2015-03-01T23:45:59+08:00 ] /thinkphpTest/admin.php/ | INFO: Run CheckRoute Behavior [ RunTime:0.001534s ]
[ 2015-03-01T23:45:59+08:00 ] /thinkphpTest/admin.php/ | INFO: Tag[ route_check ] --END-- [ RunTime:0.001637s ]
[ 2015-03-01T23:45:59+08:00 ] /thinkphpTest/admin.php/ | INFO: Tag[ app_begin ] --START--
[ 2015-03-01T23:45:59+08:00 ] /thinkphpTest/admin.php/ | INFO: Run ReadHtmlCache Behavior [ RunTime:0.001284s ]
[ 2015-03-01T23:45:59+08:00 ] /thinkphpTest/admin.php/ | INFO: Tag[ app_begin ] --END-- [ RunTime:0.001338s ]
[ 2015-03-01T23:45:59+08:00 ] /thinkphpTest/admin.php/ | INFO: Tag[ view_template ] --START--
[ 2015-03-01T23:45:59+08:00 ] /thinkphpTest/admin.php/ | INFO: Run LocationTemplate Behavior [ RunTime:0.001961s ]
[ 2015-03-01T23:45:59+08:00 ] /thinkphpTest/admin.php/ | INFO: Tag[ view_template ] --END-- [ RunTime:0.002151s ]
[ 2015-03-01T23:45:59+08:00 ] /thinkphpTest/admin.php/ | INFO: Tag[ view_parse ] --START--
[ 2015-03-01T23:45:59+08:00 ] /thinkphpTest/admin.php/ | NOTIC: [8] Undefined index:  memo 20eabf8d43f497715f3e1a7ec1a2f00f.php 第 42 行.
[ 2015-03-01T23:45:59+08:00 ] /thinkphpTest/admin.php/ | NOTIC: [8] Undefined index:  new_memo 20eabf8d43f497715f3e1a7ec1a2f00f.php 第 46 行.
[ 2015-03-01T23:45:59+08:00 ] /thinkphpTest/admin.php/ | NOTIC: [8] Undefined index:  manage_memo 20eabf8d43f497715f3e1a7ec1a2f00f.php 第 47 行.
[ 2015-03-01T23:45:59+08:00 ] /thinkphpTest/admin.php/ | NOTIC: [8] Undefined index:  article 20eabf8d43f497715f3e1a7ec1a2f00f.php 第 52 行.
[ 2015-03-01T23:45:59+08:00 ] /thinkphpTest/admin.php/ | NOTIC: [8] Undefined index:  new_article 20eabf8d43f497715f3e1a7ec1a2f00f.php 第 54 行.
[ 2015-03-01T23:45:59+08:00 ] /thinkphpTest/admin.php/ | NOTIC: [8] Undefined index:  manage_article 20eabf8d43f497715f3e1a7ec1a2f00f.php 第 55 行.
[ 2015-03-01T23:45:59+08:00 ] /thinkphpTest/admin.php/ | NOTIC: [8] Undefined index:  manage_draft 20eabf8d43f497715f3e1a7ec1a2f00f.php 第 56 行.
[ 2015-03-01T23:45:59+08:00 ] /thinkphpTest/admin.php/ | INFO: Run ParseTemplate Behavior [ RunTime:0.023529s ]
[ 2015-03-01T23:45:59+08:00 ] /thinkphpTest/admin.php/ | INFO: Tag[ view_parse ] --END-- [ RunTime:0.023597s ]
[ 2015-03-01T23:45:59+08:00 ] /thinkphpTest/admin.php/ | INFO: Tag[ view_filter ] --START--
[ 2015-03-01T23:45:59+08:00 ] /thinkphpTest/admin.php/ | INFO: Run ContentReplace Behavior [ RunTime:0.001272s ]
[ 2015-03-01T23:45:59+08:00 ] /thinkphpTest/admin.php/ | INFO: Run TokenBuild Behavior [ RunTime:0.001134s ]
[ 2015-03-01T23:45:59+08:00 ] /thinkphpTest/admin.php/ | INFO: Run WriteHtmlCache Behavior [ RunTime:0.001000s ]
[ 2015-03-01T23:45:59+08:00 ] /thinkphpTest/admin.php/ | INFO: Run ShowRuntime Behavior [ RunTime:0.001166s ]
[ 2015-03-01T23:45:59+08:00 ] /thinkphpTest/admin.php/ | INFO: Tag[ view_filter ] --END-- [ RunTime:0.004724s ]
[ 2015-03-01T23:45:59+08:00 ] /thinkphpTest/admin.php/ | INFO: Tag[ view_end ] --START--
[ 2015-03-01T23:45:59+08:00 ] /thinkphpTest/admin.php/ | INFO: Run ShowPageTrace Behavior [ RunTime:0.001240s ]
[ 2015-03-01T23:45:59+08:00 ] /thinkphpTest/admin.php/ | INFO: Tag[ view_end ] --END-- [ RunTime:0.001303s ]
[ 2015-03-01T23:46:00+08:00 ] /thinkphpTest/admin.php/resources/images/closelabel.gif | ERR: (ThinkException) 无法加载模块resources
[ 2015-03-01T23:48:05+08:00 ] /thinkphpTest/admin.php/Article/save | INFO: Tag[ route_check ] --START--
[ 2015-03-01T23:48:05+08:00 ] /thinkphpTest/admin.php/Article/save | INFO: Run CheckRoute Behavior [ RunTime:0.001675s ]
[ 2015-03-01T23:48:05+08:00 ] /thinkphpTest/admin.php/Article/save | INFO: Tag[ route_check ] --END-- [ RunTime:0.001799s ]
[ 2015-03-01T23:48:05+08:00 ] /thinkphpTest/admin.php/Article/save | INFO: Tag[ app_begin ] --START--
[ 2015-03-01T23:48:05+08:00 ] /thinkphpTest/admin.php/Article/save | INFO: Run ReadHtmlCache Behavior [ RunTime:0.001379s ]
[ 2015-03-01T23:48:05+08:00 ] /thinkphpTest/admin.php/Article/save | INFO: Tag[ app_begin ] --END-- [ RunTime:0.001448s ]
[ 2015-03-01T23:48:05+08:00 ] /thinkphpTest/admin.php/Article/save | SQL: SHOW COLUMNS FROM `think_article` [ RunTime:0.004190s ]
[ 2015-03-01T23:48:05+08:00 ] /thinkphpTest/admin.php/Article/save | NOTIC: [4096] Argument 1 passed to ArticleAction::getAbstract() must be an instance of string, string given, called in D:\program\wamp\www\thinkphpTest\Admin\Lib\Action\ArticleAction.class.php on line 242 and defined ArticleAction.class.php 第 282 行.
[ 2015-03-01T23:48:05+08:00 ] /thinkphpTest/admin.php/Article/save | NOTIC: [8] Undefined index:  dropdown ArticleAction.class.php 第 247 行.
[ 2015-03-01T23:48:05+08:00 ] /thinkphpTest/admin.php/Article/save | SQL: INSERT INTO `think_article` (`title`,`content`,`abstract`,`author`,`createTime`,`lastModifyTime`,`isSubmitted`,`categoryId`) VALUES ('ggg','<p>fff</p>','fff','sch','2015-03-01 23:48:05','2015-03-01 23:48:05',0,null) [ RunTime:0.004721s ]
[ 2015-03-01T23:48:20+08:00 ] /thinkphpTest/admin.php/Article/add | INFO: Tag[ route_check ] --START--
[ 2015-03-01T23:48:20+08:00 ] /thinkphpTest/admin.php/Article/add | INFO: Run CheckRoute Behavior [ RunTime:0.001965s ]
[ 2015-03-01T23:48:20+08:00 ] /thinkphpTest/admin.php/Article/add | INFO: Tag[ route_check ] --END-- [ RunTime:0.002088s ]
[ 2015-03-01T23:48:20+08:00 ] /thinkphpTest/admin.php/Article/add | INFO: Tag[ app_begin ] --START--
[ 2015-03-01T23:48:20+08:00 ] /thinkphpTest/admin.php/Article/add | INFO: Run ReadHtmlCache Behavior [ RunTime:0.001258s ]
[ 2015-03-01T23:48:20+08:00 ] /thinkphpTest/admin.php/Article/add | INFO: Tag[ app_begin ] --END-- [ RunTime:0.001327s ]
[ 2015-03-01T23:48:20+08:00 ] /thinkphpTest/admin.php/Article/add | INFO: Tag[ view_template ] --START--
[ 2015-03-01T23:48:20+08:00 ] /thinkphpTest/admin.php/Article/add | INFO: Run LocationTemplate Behavior [ RunTime:0.001838s ]
[ 2015-03-01T23:48:20+08:00 ] /thinkphpTest/admin.php/Article/add | INFO: Tag[ view_template ] --END-- [ RunTime:0.001898s ]
[ 2015-03-01T23:48:20+08:00 ] /thinkphpTest/admin.php/Article/add | INFO: Tag[ view_parse ] --START--
[ 2015-03-01T23:48:20+08:00 ] /thinkphpTest/admin.php/Article/add | NOTIC: [8] Undefined index:  dashboard 9ce4b9130cad61dbd0bbd49942681a43.php 第 42 行.
[ 2015-03-01T23:48:20+08:00 ] /thinkphpTest/admin.php/Article/add | NOTIC: [8] Undefined index:  memo 9ce4b9130cad61dbd0bbd49942681a43.php 第 46 行.
[ 2015-03-01T23:48:20+08:00 ] /thinkphpTest/admin.php/Article/add | NOTIC: [8] Undefined index:  new_memo 9ce4b9130cad61dbd0bbd49942681a43.php 第 50 行.
[ 2015-03-01T23:48:20+08:00 ] /thinkphpTest/admin.php/Article/add | NOTIC: [8] Undefined index:  manage_memo 9ce4b9130cad61dbd0bbd49942681a43.php 第 51 行.
[ 2015-03-01T23:48:20+08:00 ] /thinkphpTest/admin.php/Article/add | NOTIC: [8] Undefined index:  new_article 9ce4b9130cad61dbd0bbd49942681a43.php 第 58 行.
[ 2015-03-01T23:48:20+08:00 ] /thinkphpTest/admin.php/Article/add | NOTIC: [8] Undefined index:  manage_article 9ce4b9130cad61dbd0bbd49942681a43.php 第 59 行.
[ 2015-03-01T23:48:20+08:00 ] /thinkphpTest/admin.php/Article/add | NOTIC: [8] Undefined index:  manage_draft 9ce4b9130cad61dbd0bbd49942681a43.php 第 60 行.
[ 2015-03-01T23:48:20+08:00 ] /thinkphpTest/admin.php/Article/add | NOTIC: [8] Undefined variable: article_item 9ce4b9130cad61dbd0bbd49942681a43.php 第 95 行.
[ 2015-03-01T23:48:20+08:00 ] /thinkphpTest/admin.php/Article/add | NOTIC: [8] Undefined variable: article_item 9ce4b9130cad61dbd0bbd49942681a43.php 第 108 行.
[ 2015-03-01T23:48:20+08:00 ] /thinkphpTest/admin.php/Article/add | NOTIC: [8] Undefined variable: article_item 9ce4b9130cad61dbd0bbd49942681a43.php 第 111 行.
[ 2015-03-01T23:48:20+08:00 ] /thinkphpTest/admin.php/Article/add | NOTIC: [8] Undefined variable: article_item 9ce4b9130cad61dbd0bbd49942681a43.php 第 118 行.
[ 2015-03-01T23:48:20+08:00 ] /thinkphpTest/admin.php/Article/add | INFO: Run ParseTemplate Behavior [ RunTime:0.023602s ]
[ 2015-03-01T23:48:20+08:00 ] /thinkphpTest/admin.php/Article/add | INFO: Tag[ view_parse ] --END-- [ RunTime:0.023666s ]
[ 2015-03-01T23:48:20+08:00 ] /thinkphpTest/admin.php/Article/add | INFO: Tag[ view_filter ] --START--
[ 2015-03-01T23:48:20+08:00 ] /thinkphpTest/admin.php/Article/add | INFO: Run ContentReplace Behavior [ RunTime:0.001193s ]
[ 2015-03-01T23:48:20+08:00 ] /thinkphpTest/admin.php/Article/add | INFO: Run TokenBuild Behavior [ RunTime:0.001206s ]
[ 2015-03-01T23:48:20+08:00 ] /thinkphpTest/admin.php/Article/add | INFO: Run WriteHtmlCache Behavior [ RunTime:0.001003s ]
[ 2015-03-01T23:48:20+08:00 ] /thinkphpTest/admin.php/Article/add | INFO: Run ShowRuntime Behavior [ RunTime:0.001155s ]
[ 2015-03-01T23:48:20+08:00 ] /thinkphpTest/admin.php/Article/add | INFO: Tag[ view_filter ] --END-- [ RunTime:0.004705s ]
[ 2015-03-01T23:48:20+08:00 ] /thinkphpTest/admin.php/Article/add | INFO: Tag[ view_end ] --START--
[ 2015-03-01T23:48:20+08:00 ] /thinkphpTest/admin.php/Article/add | INFO: Run ShowPageTrace Behavior [ RunTime:0.001170s ]
[ 2015-03-01T23:48:20+08:00 ] /thinkphpTest/admin.php/Article/add | INFO: Tag[ view_end ] --END-- [ RunTime:0.001223s ]
[ 2015-03-01T23:48:21+08:00 ] /thinkphpTest/admin.php/Article/resources/images/closelabel.gif | ERR: (ThinkException) 非法操作resources
[ 2015-03-01T23:48:26+08:00 ] /thinkphpTest/admin.php/Article/save | INFO: Tag[ route_check ] --START--
[ 2015-03-01T23:48:26+08:00 ] /thinkphpTest/admin.php/Article/save | INFO: Run CheckRoute Behavior [ RunTime:0.001265s ]
[ 2015-03-01T23:48:26+08:00 ] /thinkphpTest/admin.php/Article/save | INFO: Tag[ route_check ] --END-- [ RunTime:0.001372s ]
[ 2015-03-01T23:48:26+08:00 ] /thinkphpTest/admin.php/Article/save | INFO: Tag[ app_begin ] --START--
[ 2015-03-01T23:48:26+08:00 ] /thinkphpTest/admin.php/Article/save | INFO: Run ReadHtmlCache Behavior [ RunTime:0.001519s ]
[ 2015-03-01T23:48:26+08:00 ] /thinkphpTest/admin.php/Article/save | INFO: Tag[ app_begin ] --END-- [ RunTime:0.001747s ]
[ 2015-03-01T23:48:26+08:00 ] /thinkphpTest/admin.php/Article/save | SQL: SHOW COLUMNS FROM `think_article` [ RunTime:0.006061s ]
[ 2015-03-01T23:48:26+08:00 ] /thinkphpTest/admin.php/Article/save | NOTIC: [4096] Argument 1 passed to ArticleAction::getAbstract() must be an instance of string, string given, called in D:\program\wamp\www\thinkphpTest\Admin\Lib\Action\ArticleAction.class.php on line 242 and defined ArticleAction.class.php 第 282 行.
[ 2015-03-01T23:48:26+08:00 ] /thinkphpTest/admin.php/Article/save | NOTIC: [8] Undefined index:  dropdown ArticleAction.class.php 第 247 行.
[ 2015-03-01T23:48:26+08:00 ] /thinkphpTest/admin.php/Article/save | SQL: INSERT INTO `think_article` (`title`,`content`,`abstract`,`author`,`createTime`,`lastModifyTime`,`isSubmitted`,`categoryId`) VALUES ('fa\'f','<p>发发发发</p>','发发发发','sch','2015-03-01 23:48:26','2015-03-01 23:48:26',0,null) [ RunTime:0.006353s ]
[ 2015-03-01T23:50:20+08:00 ] /thinkphpTest/admin.php/Article/save | INFO: Tag[ route_check ] --START--
[ 2015-03-01T23:50:20+08:00 ] /thinkphpTest/admin.php/Article/save | INFO: Run CheckRoute Behavior [ RunTime:0.001042s ]
[ 2015-03-01T23:50:20+08:00 ] /thinkphpTest/admin.php/Article/save | INFO: Tag[ route_check ] --END-- [ RunTime:0.001194s ]
[ 2015-03-01T23:50:20+08:00 ] /thinkphpTest/admin.php/Article/save | INFO: Tag[ app_begin ] --START--
[ 2015-03-01T23:50:20+08:00 ] /thinkphpTest/admin.php/Article/save | INFO: Run ReadHtmlCache Behavior [ RunTime:0.000705s ]
[ 2015-03-01T23:50:20+08:00 ] /thinkphpTest/admin.php/Article/save | INFO: Tag[ app_begin ] --END-- [ RunTime:0.000814s ]
[ 2015-03-01T23:50:20+08:00 ] /thinkphpTest/admin.php/Article/save | SQL: SHOW COLUMNS FROM `think_article` [ RunTime:0.005357s ]
[ 2015-03-01T23:50:20+08:00 ] /thinkphpTest/admin.php/Article/save | NOTIC: [4096] Argument 1 passed to ArticleAction::getAbstract() must be an instance of string, string given, called in D:\program\wamp\www\thinkphpTest\Admin\Lib\Action\ArticleAction.class.php on line 242 and defined ArticleAction.class.php 第 282 行.
[ 2015-03-01T23:50:20+08:00 ] /thinkphpTest/admin.php/Article/save | NOTIC: [8] Undefined index:  dropdown ArticleAction.class.php 第 247 行.
[ 2015-03-01T23:50:20+08:00 ] /thinkphpTest/admin.php/Article/save | SQL: INSERT INTO `think_article` (`title`,`content`,`abstract`,`author`,`createTime`,`lastModifyTime`,`isSubmitted`,`categoryId`) VALUES ('fa\'f','<p>发发发发</p>','发发发发','sch','2015-03-01 23:50:20','2015-03-01 23:50:20',0,null) [ RunTime:0.005724s ]
[ 2015-03-01T23:57:18+08:00 ] /thinkphpTest/admin.php/Article/save | INFO: Tag[ route_check ] --START--
[ 2015-03-01T23:57:18+08:00 ] /thinkphpTest/admin.php/Article/save | INFO: Run CheckRoute Behavior [ RunTime:0.002390s ]
[ 2015-03-01T23:57:18+08:00 ] /thinkphpTest/admin.php/Article/save | INFO: Tag[ route_check ] --END-- [ RunTime:0.002629s ]
[ 2015-03-01T23:57:18+08:00 ] /thinkphpTest/admin.php/Article/save | INFO: Tag[ app_begin ] --START--
[ 2015-03-01T23:57:18+08:00 ] /thinkphpTest/admin.php/Article/save | INFO: Run ReadHtmlCache Behavior [ RunTime:0.002281s ]
[ 2015-03-01T23:57:18+08:00 ] /thinkphpTest/admin.php/Article/save | INFO: Tag[ app_begin ] --END-- [ RunTime:0.002385s ]
[ 2015-03-01T23:57:18+08:00 ] /thinkphpTest/admin.php/Article/save | SQL: SHOW COLUMNS FROM `think_article` [ RunTime:0.004237s ]
[ 2015-03-01T23:57:18+08:00 ] /thinkphpTest/admin.php/Article/save | NOTIC: [4096] Argument 1 passed to ArticleAction::getAbstract() must be an instance of string, string given, called in D:\program\wamp\www\thinkphpTest\Admin\Lib\Action\ArticleAction.class.php on line 242 and defined ArticleAction.class.php 第 282 行.
[ 2015-03-01T23:57:18+08:00 ] /thinkphpTest/admin.php/Article/save | NOTIC: [8] Undefined index:  dropdown ArticleAction.class.php 第 247 行.
[ 2015-03-01T23:57:18+08:00 ] /thinkphpTest/admin.php/Article/save | SQL: INSERT INTO `think_article` (`title`,`content`,`abstract`,`author`,`createTime`,`lastModifyTime`,`isSubmitted`,`categoryId`) VALUES ('f\'f\'f','<p>f</p>','f','sch','2015-03-01 23:57:18','2015-03-01 23:57:18',0,null) [ RunTime:0.006816s ]
[ 2015-03-01T23:57:47+08:00 ] /thinkphpTest/admin.php/Article/save | INFO: Tag[ route_check ] --START--
[ 2015-03-01T23:57:47+08:00 ] /thinkphpTest/admin.php/Article/save | INFO: Run CheckRoute Behavior [ RunTime:0.001173s ]
[ 2015-03-01T23:57:47+08:00 ] /thinkphpTest/admin.php/Article/save | INFO: Tag[ route_check ] --END-- [ RunTime:0.001481s ]
[ 2015-03-01T23:57:47+08:00 ] /thinkphpTest/admin.php/Article/save | INFO: Tag[ app_begin ] --START--
[ 2015-03-01T23:57:47+08:00 ] /thinkphpTest/admin.php/Article/save | INFO: Run ReadHtmlCache Behavior [ RunTime:0.000896s ]
[ 2015-03-01T23:57:47+08:00 ] /thinkphpTest/admin.php/Article/save | INFO: Tag[ app_begin ] --END-- [ RunTime:0.001013s ]
[ 2015-03-01T23:57:47+08:00 ] /thinkphpTest/admin.php/Article/save | SQL: SHOW COLUMNS FROM `think_article` [ RunTime:0.006325s ]
[ 2015-03-01T23:57:47+08:00 ] /thinkphpTest/admin.php/Article/save | NOTIC: [4096] Argument 1 passed to ArticleAction::getAbstract() must be an instance of string, string given, called in D:\program\wamp\www\thinkphpTest\Admin\Lib\Action\ArticleAction.class.php on line 242 and defined ArticleAction.class.php 第 282 行.
[ 2015-03-01T23:57:47+08:00 ] /thinkphpTest/admin.php/Article/save | NOTIC: [8] Undefined index:  dropdown ArticleAction.class.php 第 247 行.
[ 2015-03-01T23:57:47+08:00 ] /thinkphpTest/admin.php/Article/save | SQL: INSERT INTO `think_article` (`title`,`content`,`abstract`,`author`,`createTime`,`lastModifyTime`,`isSubmitted`,`categoryId`) VALUES ('f\'f\'f','<p>f</p>','f','sch','2015-03-01 23:57:47','2015-03-01 23:57:47',0,null) [ RunTime:0.005267s ]
[ 2015-03-01T23:59:44+08:00 ] /thinkphpTest/admin.php/Article/save | INFO: Tag[ route_check ] --START--
[ 2015-03-01T23:59:44+08:00 ] /thinkphpTest/admin.php/Article/save | INFO: Run CheckRoute Behavior [ RunTime:0.002710s ]
[ 2015-03-01T23:59:44+08:00 ] /thinkphpTest/admin.php/Article/save | INFO: Tag[ route_check ] --END-- [ RunTime:0.003007s ]
[ 2015-03-01T23:59:44+08:00 ] /thinkphpTest/admin.php/Article/save | INFO: Tag[ app_begin ] --START--
[ 2015-03-01T23:59:44+08:00 ] /thinkphpTest/admin.php/Article/save | INFO: Run ReadHtmlCache Behavior [ RunTime:0.001840s ]
[ 2015-03-01T23:59:44+08:00 ] /thinkphpTest/admin.php/Article/save | INFO: Tag[ app_begin ] --END-- [ RunTime:0.002046s ]
[ 2015-03-01T23:59:44+08:00 ] /thinkphpTest/admin.php/Article/save | SQL: SHOW COLUMNS FROM `think_article` [ RunTime:0.004866s ]
[ 2015-03-01T23:59:44+08:00 ] /thinkphpTest/admin.php/Article/save | NOTIC: [4096] Argument 1 passed to ArticleAction::getAbstract() must be an instance of string, string given, called in D:\program\wamp\www\thinkphpTest\Admin\Lib\Action\ArticleAction.class.php on line 242 and defined ArticleAction.class.php 第 282 行.
[ 2015-03-01T23:59:44+08:00 ] /thinkphpTest/admin.php/Article/save | NOTIC: [8] Undefined index:  dropdown ArticleAction.class.php 第 247 行.
[ 2015-03-01T23:59:44+08:00 ] /thinkphpTest/admin.php/Article/save | SQL: INSERT INTO `think_article` (`title`,`content`,`abstract`,`author`,`createTime`,`lastModifyTime`,`isSubmitted`,`categoryId`) VALUES ('f\'f\'f','<p>f</p>','f','sch','2015-03-01 23:59:44','2015-03-01 23:59:44',0,null) [ RunTime:0.004737s ]
[ 2015-03-01T23:59:44+08:00 ] /thinkphpTest/admin.php/Article/save | INFO: Tag[ route_check ] --START--
[ 2015-03-01T23:59:44+08:00 ] /thinkphpTest/admin.php/Article/save | INFO: Run CheckRoute Behavior [ RunTime:0.000725s ]
[ 2015-03-01T23:59:44+08:00 ] /thinkphpTest/admin.php/Article/save | INFO: Tag[ route_check ] --END-- [ RunTime:0.000823s ]
[ 2015-03-01T23:59:44+08:00 ] /thinkphpTest/admin.php/Article/save | INFO: Tag[ app_begin ] --START--
[ 2015-03-01T23:59:44+08:00 ] /thinkphpTest/admin.php/Article/save | INFO: Run ReadHtmlCache Behavior [ RunTime:0.000494s ]
[ 2015-03-01T23:59:44+08:00 ] /thinkphpTest/admin.php/Article/save | INFO: Tag[ app_begin ] --END-- [ RunTime:0.000565s ]
[ 2015-03-01T23:59:44+08:00 ] /thinkphpTest/admin.php/Article/save | SQL: SHOW COLUMNS FROM `think_article` [ RunTime:0.004830s ]
[ 2015-03-01T23:59:44+08:00 ] /thinkphpTest/admin.php/Article/save | NOTIC: [4096] Argument 1 passed to ArticleAction::getAbstract() must be an instance of string, string given, called in D:\program\wamp\www\thinkphpTest\Admin\Lib\Action\ArticleAction.class.php on line 242 and defined ArticleAction.class.php 第 282 行.
[ 2015-03-01T23:59:44+08:00 ] /thinkphpTest/admin.php/Article/save | NOTIC: [8] Undefined index:  dropdown ArticleAction.class.php 第 247 行.
[ 2015-03-01T23:59:44+08:00 ] /thinkphpTest/admin.php/Article/save | SQL: INSERT INTO `think_article` (`title`,`content`,`abstract`,`author`,`createTime`,`lastModifyTime`,`isSubmitted`,`categoryId`) VALUES ('f\'f\'f','<p>f</p>','f','sch','2015-03-01 23:59:44','2015-03-01 23:59:44',0,null) [ RunTime:0.004667s ]
