[ 2015-02-18T23:25:58+08:00 ] /thinkphpTest/Public/Css/home/bootstrap.css.map | ERR: (ThinkException) 无法加载模块Public
[ 2015-02-18T23:25:58+08:00 ] /thinkphpTest/Public/Css/home/bootstrap-theme.css.map | ERR: (ThinkException) 无法加载模块Public
[ 2015-02-18T23:25:58+08:00 ] /thinkphpTest/index.php/Memo/index/page/1 | INFO: Tag[ route_check ] --START--
[ 2015-02-18T23:25:58+08:00 ] /thinkphpTest/index.php/Memo/index/page/1 | INFO: Run CheckRoute Behavior [ RunTime:0.001327s ]
[ 2015-02-18T23:25:58+08:00 ] /thinkphpTest/index.php/Memo/index/page/1 | INFO: Tag[ route_check ] --END-- [ RunTime:0.001486s ]
[ 2015-02-18T23:25:58+08:00 ] /thinkphpTest/index.php/Memo/index/page/1 | INFO: Tag[ app_begin ] --START--
[ 2015-02-18T23:25:58+08:00 ] /thinkphpTest/index.php/Memo/index/page/1 | INFO: Run ReadHtmlCache Behavior [ RunTime:0.000781s ]
[ 2015-02-18T23:25:58+08:00 ] /thinkphpTest/index.php/Memo/index/page/1 | INFO: Tag[ app_begin ] --END-- [ RunTime:0.000893s ]
[ 2015-02-18T23:25:59+08:00 ] /thinkphpTest/index.php/Memo/index/page/1 | SQL: SHOW COLUMNS FROM `think_memo` [ RunTime:0.005358s ]
[ 2015-02-18T23:25:59+08:00 ] /thinkphpTest/index.php/Memo/index/page/1 | SQL: SELECT COUNT(*) AS tp_count FROM `think_memo` LIMIT 1   [ RunTime:0.014015s ]
[ 2015-02-18T23:25:59+08:00 ] /thinkphpTest/index.php/Memo/index/page/1 | SQL: SELECT * FROM `think_memo` WHERE isSubmitted=1 LIMIT 0,5   [ RunTime:0.000329s ]
[ 2015-02-18T23:25:59+08:00 ] /thinkphpTest/index.php/Memo/index/page/1 | SQL: SELECT * FROM `think_memo` LIMIT 0,5   [ RunTime:0.000211s ]
[ 2015-02-18T23:25:59+08:00 ] /thinkphpTest/index.php/Memo/index/page/1 | INFO: Tag[ view_template ] --START--
[ 2015-02-18T23:25:59+08:00 ] /thinkphpTest/index.php/Memo/index/page/1 | INFO: Run LocationTemplate Behavior [ RunTime:0.002089s ]
[ 2015-02-18T23:25:59+08:00 ] /thinkphpTest/index.php/Memo/index/page/1 | INFO: Tag[ view_template ] --END-- [ RunTime:0.002208s ]
[ 2015-02-18T23:25:59+08:00 ] /thinkphpTest/index.php/Memo/index/page/1 | INFO: Tag[ view_parse ] --START--
[ 2015-02-18T23:25:59+08:00 ] /thinkphpTest/index.php/Memo/index/page/1 | INFO: Run ParseTemplate Behavior [ RunTime:0.024652s ]
[ 2015-02-18T23:25:59+08:00 ] /thinkphpTest/index.php/Memo/index/page/1 | INFO: Tag[ view_parse ] --END-- [ RunTime:0.024784s ]
[ 2015-02-18T23:25:59+08:00 ] /thinkphpTest/index.php/Memo/index/page/1 | INFO: Tag[ view_filter ] --START--
[ 2015-02-18T23:25:59+08:00 ] /thinkphpTest/index.php/Memo/index/page/1 | INFO: Run ContentReplace Behavior [ RunTime:0.001400s ]
[ 2015-02-18T23:25:59+08:00 ] /thinkphpTest/index.php/Memo/index/page/1 | INFO: Run TokenBuild Behavior [ RunTime:0.001084s ]
[ 2015-02-18T23:25:59+08:00 ] /thinkphpTest/index.php/Memo/index/page/1 | INFO: Run WriteHtmlCache Behavior [ RunTime:0.000695s ]
[ 2015-02-18T23:25:59+08:00 ] /thinkphpTest/index.php/Memo/index/page/1 | INFO: Run ShowRuntime Behavior [ RunTime:0.001073s ]
[ 2015-02-18T23:25:59+08:00 ] /thinkphpTest/index.php/Memo/index/page/1 | INFO: Tag[ view_filter ] --END-- [ RunTime:0.004536s ]
[ 2015-02-18T23:25:59+08:00 ] /thinkphpTest/index.php/Memo/index/page/1 | INFO: Tag[ view_end ] --START--
[ 2015-02-18T23:25:59+08:00 ] /thinkphpTest/index.php/Memo/index/page/1 | INFO: Run ShowPageTrace Behavior [ RunTime:0.001623s ]
[ 2015-02-18T23:25:59+08:00 ] /thinkphpTest/index.php/Memo/index/page/1 | INFO: Tag[ view_end ] --END-- [ RunTime:0.001761s ]
[ 2015-02-18T23:26:55+08:00 ] /thinkphpTest/index.php/Memo/index/page/1 | INFO: Tag[ route_check ] --START--
[ 2015-02-18T23:26:55+08:00 ] /thinkphpTest/index.php/Memo/index/page/1 | INFO: Run CheckRoute Behavior [ RunTime:0.001069s ]
[ 2015-02-18T23:26:55+08:00 ] /thinkphpTest/index.php/Memo/index/page/1 | INFO: Tag[ route_check ] --END-- [ RunTime:0.001152s ]
[ 2015-02-18T23:26:55+08:00 ] /thinkphpTest/index.php/Memo/index/page/1 | INFO: Tag[ app_begin ] --START--
[ 2015-02-18T23:26:55+08:00 ] /thinkphpTest/index.php/Memo/index/page/1 | INFO: Run ReadHtmlCache Behavior [ RunTime:0.000804s ]
[ 2015-02-18T23:26:55+08:00 ] /thinkphpTest/index.php/Memo/index/page/1 | INFO: Tag[ app_begin ] --END-- [ RunTime:0.000856s ]
[ 2015-02-18T23:26:56+08:00 ] /thinkphpTest/index.php/Memo/index/page/1 | SQL: SHOW COLUMNS FROM `think_memo` [ RunTime:0.004131s ]
[ 2015-02-18T23:26:56+08:00 ] /thinkphpTest/index.php/Memo/index/page/1 | SQL: SELECT COUNT(*) AS tp_count FROM `think_memo` LIMIT 1   [ RunTime:0.007482s ]
[ 2015-02-18T23:26:56+08:00 ] /thinkphpTest/index.php/Memo/index/page/1 | SQL: SELECT * FROM `think_memo` WHERE isSubmitted=1 LIMIT 0,5   [ RunTime:0.000303s ]
[ 2015-02-18T23:26:56+08:00 ] /thinkphpTest/index.php/Memo/index/page/1 | SQL: SELECT * FROM `think_memo` LIMIT 0,5   [ RunTime:0.000195s ]
[ 2015-02-18T23:26:56+08:00 ] /thinkphpTest/index.php/Memo/index/page/1 | INFO: Tag[ view_template ] --START--
[ 2015-02-18T23:26:56+08:00 ] /thinkphpTest/index.php/Memo/index/page/1 | INFO: Run LocationTemplate Behavior [ RunTime:0.000587s ]
[ 2015-02-18T23:26:56+08:00 ] /thinkphpTest/index.php/Memo/index/page/1 | INFO: Tag[ view_template ] --END-- [ RunTime:0.000668s ]
[ 2015-02-18T23:26:56+08:00 ] /thinkphpTest/index.php/Memo/index/page/1 | INFO: Tag[ view_parse ] --START--
[ 2015-02-18T23:26:56+08:00 ] /thinkphpTest/index.php/Memo/index/page/1 | INFO: Run ParseTemplate Behavior [ RunTime:0.009889s ]
[ 2015-02-18T23:26:56+08:00 ] /thinkphpTest/index.php/Memo/index/page/1 | INFO: Tag[ view_parse ] --END-- [ RunTime:0.009974s ]
[ 2015-02-18T23:26:56+08:00 ] /thinkphpTest/index.php/Memo/index/page/1 | INFO: Tag[ view_filter ] --START--
[ 2015-02-18T23:26:56+08:00 ] /thinkphpTest/index.php/Memo/index/page/1 | INFO: Run ContentReplace Behavior [ RunTime:0.000358s ]
[ 2015-02-18T23:26:56+08:00 ] /thinkphpTest/index.php/Memo/index/page/1 | INFO: Run TokenBuild Behavior [ RunTime:0.000321s ]
[ 2015-02-18T23:26:56+08:00 ] /thinkphpTest/index.php/Memo/index/page/1 | INFO: Run WriteHtmlCache Behavior [ RunTime:0.000195s ]
[ 2015-02-18T23:26:56+08:00 ] /thinkphpTest/index.php/Memo/index/page/1 | INFO: Run ShowRuntime Behavior [ RunTime:0.000387s ]
[ 2015-02-18T23:26:56+08:00 ] /thinkphpTest/index.php/Memo/index/page/1 | INFO: Tag[ view_filter ] --END-- [ RunTime:0.001397s ]
[ 2015-02-18T23:26:56+08:00 ] /thinkphpTest/index.php/Memo/index/page/1 | INFO: Tag[ view_end ] --START--
[ 2015-02-18T23:26:56+08:00 ] /thinkphpTest/index.php/Memo/index/page/1 | INFO: Run ShowPageTrace Behavior [ RunTime:0.000349s ]
[ 2015-02-18T23:26:56+08:00 ] /thinkphpTest/index.php/Memo/index/page/1 | INFO: Tag[ view_end ] --END-- [ RunTime:0.000396s ]
[ 2015-02-18T23:26:56+08:00 ] /thinkphpTest/Public/Css/home/bootstrap.css.map | ERR: (ThinkException) 无法加载模块Public
[ 2015-02-18T23:26:56+08:00 ] /thinkphpTest/Public/Css/home/bootstrap-theme.css.map | ERR: (ThinkException) 无法加载模块Public
[ 2015-02-18T23:26:56+08:00 ] /thinkphpTest/index.php/Memo/index/page/2 | INFO: Tag[ route_check ] --START--
[ 2015-02-18T23:26:56+08:00 ] /thinkphpTest/index.php/Memo/index/page/2 | INFO: Run CheckRoute Behavior [ RunTime:0.001332s ]
[ 2015-02-18T23:26:56+08:00 ] /thinkphpTest/index.php/Memo/index/page/2 | INFO: Tag[ route_check ] --END-- [ RunTime:0.001638s ]
[ 2015-02-18T23:26:56+08:00 ] /thinkphpTest/index.php/Memo/index/page/2 | INFO: Tag[ app_begin ] --START--
[ 2015-02-18T23:26:56+08:00 ] /thinkphpTest/index.php/Memo/index/page/2 | INFO: Run ReadHtmlCache Behavior [ RunTime:0.000865s ]
[ 2015-02-18T23:26:56+08:00 ] /thinkphpTest/index.php/Memo/index/page/2 | INFO: Tag[ app_begin ] --END-- [ RunTime:0.001006s ]
[ 2015-02-18T23:26:56+08:00 ] /thinkphpTest/index.php/Memo/index/page/2 | SQL: SHOW COLUMNS FROM `think_memo` [ RunTime:0.004274s ]
[ 2015-02-18T23:26:56+08:00 ] /thinkphpTest/index.php/Memo/index/page/2 | SQL: SELECT COUNT(*) AS tp_count FROM `think_memo` LIMIT 1   [ RunTime:0.008830s ]
[ 2015-02-18T23:26:56+08:00 ] /thinkphpTest/index.php/Memo/index/page/2 | SQL: SELECT * FROM `think_memo` WHERE isSubmitted=1 LIMIT 5,5   [ RunTime:0.000321s ]
[ 2015-02-18T23:26:56+08:00 ] /thinkphpTest/index.php/Memo/index/page/2 | SQL: SELECT * FROM `think_memo` LIMIT 5,5   [ RunTime:0.000169s ]
[ 2015-02-18T23:26:56+08:00 ] /thinkphpTest/index.php/Memo/index/page/2 | INFO: Tag[ view_template ] --START--
[ 2015-02-18T23:26:56+08:00 ] /thinkphpTest/index.php/Memo/index/page/2 | INFO: Run LocationTemplate Behavior [ RunTime:0.000481s ]
[ 2015-02-18T23:26:56+08:00 ] /thinkphpTest/index.php/Memo/index/page/2 | INFO: Tag[ view_template ] --END-- [ RunTime:0.000555s ]
[ 2015-02-18T23:26:56+08:00 ] /thinkphpTest/index.php/Memo/index/page/2 | INFO: Tag[ view_parse ] --START--
[ 2015-02-18T23:26:56+08:00 ] /thinkphpTest/index.php/Memo/index/page/2 | INFO: Run ParseTemplate Behavior [ RunTime:0.014797s ]
[ 2015-02-18T23:26:56+08:00 ] /thinkphpTest/index.php/Memo/index/page/2 | INFO: Tag[ view_parse ] --END-- [ RunTime:0.014889s ]
[ 2015-02-18T23:26:56+08:00 ] /thinkphpTest/index.php/Memo/index/page/2 | INFO: Tag[ view_filter ] --START--
[ 2015-02-18T23:26:56+08:00 ] /thinkphpTest/index.php/Memo/index/page/2 | INFO: Run ContentReplace Behavior [ RunTime:0.000352s ]
[ 2015-02-18T23:26:56+08:00 ] /thinkphpTest/index.php/Memo/index/page/2 | INFO: Run TokenBuild Behavior [ RunTime:0.000335s ]
[ 2015-02-18T23:26:56+08:00 ] /thinkphpTest/index.php/Memo/index/page/2 | INFO: Run WriteHtmlCache Behavior [ RunTime:0.000198s ]
[ 2015-02-18T23:26:56+08:00 ] /thinkphpTest/index.php/Memo/index/page/2 | INFO: Run ShowRuntime Behavior [ RunTime:0.000405s ]
[ 2015-02-18T23:26:56+08:00 ] /thinkphpTest/index.php/Memo/index/page/2 | INFO: Tag[ view_filter ] --END-- [ RunTime:0.001436s ]
[ 2015-02-18T23:26:56+08:00 ] /thinkphpTest/index.php/Memo/index/page/2 | INFO: Tag[ view_end ] --START--
[ 2015-02-18T23:26:56+08:00 ] /thinkphpTest/index.php/Memo/index/page/2 | INFO: Run ShowPageTrace Behavior [ RunTime:0.000379s ]
[ 2015-02-18T23:26:56+08:00 ] /thinkphpTest/index.php/Memo/index/page/2 | INFO: Tag[ view_end ] --END-- [ RunTime:0.000428s ]
[ 2015-02-18T23:26:56+08:00 ] /thinkphpTest/index.php/Memo/index/page/1 | INFO: Tag[ route_check ] --START--
[ 2015-02-18T23:26:56+08:00 ] /thinkphpTest/index.php/Memo/index/page/1 | INFO: Run CheckRoute Behavior [ RunTime:0.001168s ]
[ 2015-02-18T23:26:56+08:00 ] /thinkphpTest/index.php/Memo/index/page/1 | INFO: Tag[ route_check ] --END-- [ RunTime:0.001322s ]
[ 2015-02-18T23:26:56+08:00 ] /thinkphpTest/index.php/Memo/index/page/1 | INFO: Tag[ app_begin ] --START--
[ 2015-02-18T23:26:56+08:00 ] /thinkphpTest/index.php/Memo/index/page/1 | INFO: Run ReadHtmlCache Behavior [ RunTime:0.000749s ]
[ 2015-02-18T23:26:56+08:00 ] /thinkphpTest/index.php/Memo/index/page/1 | INFO: Tag[ app_begin ] --END-- [ RunTime:0.000847s ]
[ 2015-02-18T23:26:56+08:00 ] /thinkphpTest/index.php/Memo/index/page/1 | SQL: SHOW COLUMNS FROM `think_memo` [ RunTime:0.002743s ]
[ 2015-02-18T23:26:56+08:00 ] /thinkphpTest/index.php/Memo/index/page/1 | SQL: SELECT COUNT(*) AS tp_count FROM `think_memo` LIMIT 1   [ RunTime:0.008899s ]
[ 2015-02-18T23:26:56+08:00 ] /thinkphpTest/index.php/Memo/index/page/1 | SQL: SELECT * FROM `think_memo` WHERE isSubmitted=1 LIMIT 0,5   [ RunTime:0.000220s ]
[ 2015-02-18T23:26:56+08:00 ] /thinkphpTest/index.php/Memo/index/page/1 | SQL: SELECT * FROM `think_memo` LIMIT 0,5   [ RunTime:0.000119s ]
[ 2015-02-18T23:26:56+08:00 ] /thinkphpTest/index.php/Memo/index/page/1 | INFO: Tag[ view_template ] --START--
[ 2015-02-18T23:26:56+08:00 ] /thinkphpTest/index.php/Memo/index/page/1 | INFO: Run LocationTemplate Behavior [ RunTime:0.001371s ]
[ 2015-02-18T23:26:56+08:00 ] /thinkphpTest/index.php/Memo/index/page/1 | INFO: Tag[ view_template ] --END-- [ RunTime:0.001435s ]
[ 2015-02-18T23:26:56+08:00 ] /thinkphpTest/index.php/Memo/index/page/1 | INFO: Tag[ view_parse ] --START--
[ 2015-02-18T23:26:56+08:00 ] /thinkphpTest/index.php/Memo/index/page/1 | INFO: Run ParseTemplate Behavior [ RunTime:0.016042s ]
[ 2015-02-18T23:26:56+08:00 ] /thinkphpTest/index.php/Memo/index/page/1 | INFO: Tag[ view_parse ] --END-- [ RunTime:0.016150s ]
[ 2015-02-18T23:26:56+08:00 ] /thinkphpTest/index.php/Memo/index/page/1 | INFO: Tag[ view_filter ] --START--
[ 2015-02-18T23:26:56+08:00 ] /thinkphpTest/index.php/Memo/index/page/1 | INFO: Run ContentReplace Behavior [ RunTime:0.000894s ]
[ 2015-02-18T23:26:56+08:00 ] /thinkphpTest/index.php/Memo/index/page/1 | INFO: Run TokenBuild Behavior [ RunTime:0.000786s ]
[ 2015-02-18T23:26:56+08:00 ] /thinkphpTest/index.php/Memo/index/page/1 | INFO: Run WriteHtmlCache Behavior [ RunTime:0.000630s ]
[ 2015-02-18T23:26:56+08:00 ] /thinkphpTest/index.php/Memo/index/page/1 | INFO: Run ShowRuntime Behavior [ RunTime:0.000798s ]
[ 2015-02-18T23:26:56+08:00 ] /thinkphpTest/index.php/Memo/index/page/1 | INFO: Tag[ view_filter ] --END-- [ RunTime:0.003305s ]
[ 2015-02-18T23:26:56+08:00 ] /thinkphpTest/index.php/Memo/index/page/1 | INFO: Tag[ view_end ] --START--
[ 2015-02-18T23:26:56+08:00 ] /thinkphpTest/index.php/Memo/index/page/1 | INFO: Run ShowPageTrace Behavior [ RunTime:0.000790s ]
[ 2015-02-18T23:26:56+08:00 ] /thinkphpTest/index.php/Memo/index/page/1 | INFO: Tag[ view_end ] --END-- [ RunTime:0.000841s ]
[ 2015-02-18T23:28:09+08:00 ] /thinkphpTest/index.php/Memo/index/page/1 | INFO: Tag[ route_check ] --START--
[ 2015-02-18T23:28:09+08:00 ] /thinkphpTest/index.php/Memo/index/page/1 | INFO: Run CheckRoute Behavior [ RunTime:0.000803s ]
[ 2015-02-18T23:28:09+08:00 ] /thinkphpTest/index.php/Memo/index/page/1 | INFO: Tag[ route_check ] --END-- [ RunTime:0.000899s ]
[ 2015-02-18T23:28:09+08:00 ] /thinkphpTest/index.php/Memo/index/page/1 | INFO: Tag[ app_begin ] --START--
[ 2015-02-18T23:28:09+08:00 ] /thinkphpTest/index.php/Memo/index/page/1 | INFO: Run ReadHtmlCache Behavior [ RunTime:0.000729s ]
[ 2015-02-18T23:28:09+08:00 ] /thinkphpTest/index.php/Memo/index/page/1 | INFO: Tag[ app_begin ] --END-- [ RunTime:0.000829s ]
[ 2015-02-18T23:28:09+08:00 ] /thinkphpTest/index.php/Memo/index/page/1 | SQL: SHOW COLUMNS FROM `think_memo` [ RunTime:0.004216s ]
[ 2015-02-18T23:28:09+08:00 ] /thinkphpTest/index.php/Memo/index/page/1 | SQL: SELECT COUNT(*) AS tp_count FROM `think_memo` LIMIT 1   [ RunTime:0.011286s ]
[ 2015-02-18T23:28:09+08:00 ] /thinkphpTest/index.php/Memo/index/page/1 | SQL: SELECT * FROM `think_memo` WHERE isSubmitted=1 LIMIT 0,5   [ RunTime:0.000446s ]
[ 2015-02-18T23:28:09+08:00 ] /thinkphpTest/index.php/Memo/index/page/1 | SQL: SELECT * FROM `think_memo` LIMIT 0,5   [ RunTime:0.000237s ]
[ 2015-02-18T23:28:09+08:00 ] /thinkphpTest/index.php/Memo/index/page/1 | INFO: Tag[ view_template ] --START--
[ 2015-02-18T23:28:09+08:00 ] /thinkphpTest/index.php/Memo/index/page/1 | INFO: Run LocationTemplate Behavior [ RunTime:0.000479s ]
[ 2015-02-18T23:28:09+08:00 ] /thinkphpTest/index.php/Memo/index/page/1 | INFO: Tag[ view_template ] --END-- [ RunTime:0.000539s ]
[ 2015-02-18T23:28:09+08:00 ] /thinkphpTest/index.php/Memo/index/page/1 | INFO: Tag[ view_parse ] --START--
[ 2015-02-18T23:28:09+08:00 ] /thinkphpTest/index.php/Memo/index/page/1 | INFO: Run ParseTemplate Behavior [ RunTime:0.012716s ]
[ 2015-02-18T23:28:09+08:00 ] /thinkphpTest/index.php/Memo/index/page/1 | INFO: Tag[ view_parse ] --END-- [ RunTime:0.012797s ]
[ 2015-02-18T23:28:09+08:00 ] /thinkphpTest/index.php/Memo/index/page/1 | INFO: Tag[ view_filter ] --START--
[ 2015-02-18T23:28:09+08:00 ] /thinkphpTest/index.php/Memo/index/page/1 | INFO: Run ContentReplace Behavior [ RunTime:0.000329s ]
[ 2015-02-18T23:28:09+08:00 ] /thinkphpTest/index.php/Memo/index/page/1 | INFO: Run TokenBuild Behavior [ RunTime:0.000334s ]
[ 2015-02-18T23:28:09+08:00 ] /thinkphpTest/index.php/Memo/index/page/1 | INFO: Run WriteHtmlCache Behavior [ RunTime:0.000193s ]
[ 2015-02-18T23:28:09+08:00 ] /thinkphpTest/index.php/Memo/index/page/1 | INFO: Run ShowRuntime Behavior [ RunTime:0.000345s ]
[ 2015-02-18T23:28:09+08:00 ] /thinkphpTest/index.php/Memo/index/page/1 | INFO: Tag[ view_filter ] --END-- [ RunTime:0.001359s ]
[ 2015-02-18T23:28:09+08:00 ] /thinkphpTest/index.php/Memo/index/page/1 | INFO: Tag[ view_end ] --START--
[ 2015-02-18T23:28:09+08:00 ] /thinkphpTest/index.php/Memo/index/page/1 | INFO: Run ShowPageTrace Behavior [ RunTime:0.000348s ]
[ 2015-02-18T23:28:09+08:00 ] /thinkphpTest/index.php/Memo/index/page/1 | INFO: Tag[ view_end ] --END-- [ RunTime:0.000394s ]
[ 2015-02-18T23:28:09+08:00 ] /thinkphpTest/Public/Css/home/bootstrap.css.map | ERR: (ThinkException) 无法加载模块Public
[ 2015-02-18T23:28:09+08:00 ] /thinkphpTest/Public/Css/home/bootstrap-theme.css.map | ERR: (ThinkException) 无法加载模块Public
[ 2015-02-18T23:28:12+08:00 ] /thinkphpTest/index.php/Memo/index/page/2 | INFO: Tag[ route_check ] --START--
[ 2015-02-18T23:28:12+08:00 ] /thinkphpTest/index.php/Memo/index/page/2 | INFO: Run CheckRoute Behavior [ RunTime:0.002234s ]
[ 2015-02-18T23:28:12+08:00 ] /thinkphpTest/index.php/Memo/index/page/2 | INFO: Tag[ route_check ] --END-- [ RunTime:0.002690s ]
[ 2015-02-18T23:28:12+08:00 ] /thinkphpTest/index.php/Memo/index/page/2 | INFO: Tag[ app_begin ] --START--
[ 2015-02-18T23:28:12+08:00 ] /thinkphpTest/index.php/Memo/index/page/2 | INFO: Run ReadHtmlCache Behavior [ RunTime:0.001425s ]
[ 2015-02-18T23:28:12+08:00 ] /thinkphpTest/index.php/Memo/index/page/2 | INFO: Tag[ app_begin ] --END-- [ RunTime:0.001617s ]
[ 2015-02-18T23:28:12+08:00 ] /thinkphpTest/index.php/Memo/index/page/2 | SQL: SHOW COLUMNS FROM `think_memo` [ RunTime:0.004664s ]
[ 2015-02-18T23:28:12+08:00 ] /thinkphpTest/index.php/Memo/index/page/2 | SQL: SELECT COUNT(*) AS tp_count FROM `think_memo` LIMIT 1   [ RunTime:0.004881s ]
[ 2015-02-18T23:28:12+08:00 ] /thinkphpTest/index.php/Memo/index/page/2 | SQL: SELECT * FROM `think_memo` WHERE isSubmitted=1 LIMIT 5,5   [ RunTime:0.000244s ]
[ 2015-02-18T23:28:12+08:00 ] /thinkphpTest/index.php/Memo/index/page/2 | SQL: SELECT * FROM `think_memo` LIMIT 5,5   [ RunTime:0.000119s ]
[ 2015-02-18T23:28:12+08:00 ] /thinkphpTest/index.php/Memo/index/page/2 | INFO: Tag[ view_template ] --START--
[ 2015-02-18T23:28:12+08:00 ] /thinkphpTest/index.php/Memo/index/page/2 | INFO: Run LocationTemplate Behavior [ RunTime:0.001284s ]
[ 2015-02-18T23:28:12+08:00 ] /thinkphpTest/index.php/Memo/index/page/2 | INFO: Tag[ view_template ] --END-- [ RunTime:0.001340s ]
[ 2015-02-18T23:28:12+08:00 ] /thinkphpTest/index.php/Memo/index/page/2 | INFO: Tag[ view_parse ] --START--
[ 2015-02-18T23:28:12+08:00 ] /thinkphpTest/index.php/Memo/index/page/2 | INFO: Run ParseTemplate Behavior [ RunTime:0.012279s ]
[ 2015-02-18T23:28:12+08:00 ] /thinkphpTest/index.php/Memo/index/page/2 | INFO: Tag[ view_parse ] --END-- [ RunTime:0.012360s ]
[ 2015-02-18T23:28:12+08:00 ] /thinkphpTest/index.php/Memo/index/page/2 | INFO: Tag[ view_filter ] --START--
[ 2015-02-18T23:28:12+08:00 ] /thinkphpTest/index.php/Memo/index/page/2 | INFO: Run ContentReplace Behavior [ RunTime:0.000834s ]
[ 2015-02-18T23:28:12+08:00 ] /thinkphpTest/index.php/Memo/index/page/2 | INFO: Run TokenBuild Behavior [ RunTime:0.000862s ]
[ 2015-02-18T23:28:12+08:00 ] /thinkphpTest/index.php/Memo/index/page/2 | INFO: Run WriteHtmlCache Behavior [ RunTime:0.000625s ]
[ 2015-02-18T23:28:12+08:00 ] /thinkphpTest/index.php/Memo/index/page/2 | INFO: Run ShowRuntime Behavior [ RunTime:0.000819s ]
[ 2015-02-18T23:28:12+08:00 ] /thinkphpTest/index.php/Memo/index/page/2 | INFO: Tag[ view_filter ] --END-- [ RunTime:0.003309s ]
[ 2015-02-18T23:28:12+08:00 ] /thinkphpTest/index.php/Memo/index/page/2 | INFO: Tag[ view_end ] --START--
[ 2015-02-18T23:28:12+08:00 ] /thinkphpTest/index.php/Memo/index/page/2 | INFO: Run ShowPageTrace Behavior [ RunTime:0.001046s ]
[ 2015-02-18T23:28:12+08:00 ] /thinkphpTest/index.php/Memo/index/page/2 | INFO: Tag[ view_end ] --END-- [ RunTime:0.001114s ]
[ 2015-02-18T23:28:12+08:00 ] /thinkphpTest/index.php/Memo/index/page/1 | INFO: Tag[ route_check ] --START--
[ 2015-02-18T23:28:12+08:00 ] /thinkphpTest/index.php/Memo/index/page/1 | INFO: Run CheckRoute Behavior [ RunTime:0.000823s ]
[ 2015-02-18T23:28:12+08:00 ] /thinkphpTest/index.php/Memo/index/page/1 | INFO: Tag[ route_check ] --END-- [ RunTime:0.000918s ]
[ 2015-02-18T23:28:12+08:00 ] /thinkphpTest/index.php/Memo/index/page/1 | INFO: Tag[ app_begin ] --START--
[ 2015-02-18T23:28:12+08:00 ] /thinkphpTest/index.php/Memo/index/page/1 | INFO: Run ReadHtmlCache Behavior [ RunTime:0.000489s ]
[ 2015-02-18T23:28:12+08:00 ] /thinkphpTest/index.php/Memo/index/page/1 | INFO: Tag[ app_begin ] --END-- [ RunTime:0.000546s ]
[ 2015-02-18T23:28:12+08:00 ] /thinkphpTest/index.php/Memo/index/page/1 | SQL: SHOW COLUMNS FROM `think_memo` [ RunTime:0.003807s ]
[ 2015-02-18T23:28:12+08:00 ] /thinkphpTest/index.php/Memo/index/page/1 | SQL: SELECT COUNT(*) AS tp_count FROM `think_memo` LIMIT 1   [ RunTime:0.005551s ]
[ 2015-02-18T23:28:12+08:00 ] /thinkphpTest/index.php/Memo/index/page/1 | SQL: SELECT * FROM `think_memo` WHERE isSubmitted=1 LIMIT 0,5   [ RunTime:0.000306s ]
[ 2015-02-18T23:28:12+08:00 ] /thinkphpTest/index.php/Memo/index/page/1 | SQL: SELECT * FROM `think_memo` LIMIT 0,5   [ RunTime:0.000153s ]
[ 2015-02-18T23:28:12+08:00 ] /thinkphpTest/index.php/Memo/index/page/1 | INFO: Tag[ view_template ] --START--
[ 2015-02-18T23:28:12+08:00 ] /thinkphpTest/index.php/Memo/index/page/1 | INFO: Run LocationTemplate Behavior [ RunTime:0.000613s ]
[ 2015-02-18T23:28:12+08:00 ] /thinkphpTest/index.php/Memo/index/page/1 | INFO: Tag[ view_template ] --END-- [ RunTime:0.000711s ]
[ 2015-02-18T23:28:12+08:00 ] /thinkphpTest/index.php/Memo/index/page/1 | INFO: Tag[ view_parse ] --START--
[ 2015-02-18T23:28:12+08:00 ] /thinkphpTest/index.php/Memo/index/page/1 | INFO: Run ParseTemplate Behavior [ RunTime:0.015441s ]
[ 2015-02-18T23:28:12+08:00 ] /thinkphpTest/index.php/Memo/index/page/1 | INFO: Tag[ view_parse ] --END-- [ RunTime:0.015570s ]
[ 2015-02-18T23:28:12+08:00 ] /thinkphpTest/index.php/Memo/index/page/1 | INFO: Tag[ view_filter ] --START--
[ 2015-02-18T23:28:12+08:00 ] /thinkphpTest/index.php/Memo/index/page/1 | INFO: Run ContentReplace Behavior [ RunTime:0.000513s ]
[ 2015-02-18T23:28:12+08:00 ] /thinkphpTest/index.php/Memo/index/page/1 | INFO: Run TokenBuild Behavior [ RunTime:0.000589s ]
[ 2015-02-18T23:28:12+08:00 ] /thinkphpTest/index.php/Memo/index/page/1 | INFO: Run WriteHtmlCache Behavior [ RunTime:0.000323s ]
[ 2015-02-18T23:28:12+08:00 ] /thinkphpTest/index.php/Memo/index/page/1 | INFO: Run ShowRuntime Behavior [ RunTime:0.000559s ]
[ 2015-02-18T23:28:12+08:00 ] /thinkphpTest/index.php/Memo/index/page/1 | INFO: Tag[ view_filter ] --END-- [ RunTime:0.002259s ]
[ 2015-02-18T23:28:12+08:00 ] /thinkphpTest/index.php/Memo/index/page/1 | INFO: Tag[ view_end ] --START--
[ 2015-02-18T23:28:12+08:00 ] /thinkphpTest/index.php/Memo/index/page/1 | INFO: Run ShowPageTrace Behavior [ RunTime:0.000774s ]
[ 2015-02-18T23:28:12+08:00 ] /thinkphpTest/index.php/Memo/index/page/1 | INFO: Tag[ view_end ] --END-- [ RunTime:0.000882s ]
[ 2015-02-18T23:28:57+08:00 ] /thinkphpTest/index.php/Memo/index/page/1 | INFO: Tag[ route_check ] --START--
[ 2015-02-18T23:28:57+08:00 ] /thinkphpTest/index.php/Memo/index/page/1 | INFO: Run CheckRoute Behavior [ RunTime:0.001550s ]
[ 2015-02-18T23:28:57+08:00 ] /thinkphpTest/index.php/Memo/index/page/1 | INFO: Tag[ route_check ] --END-- [ RunTime:0.001650s ]
[ 2015-02-18T23:28:57+08:00 ] /thinkphpTest/index.php/Memo/index/page/1 | INFO: Tag[ app_begin ] --START--
[ 2015-02-18T23:28:57+08:00 ] /thinkphpTest/index.php/Memo/index/page/1 | INFO: Run ReadHtmlCache Behavior [ RunTime:0.001208s ]
[ 2015-02-18T23:28:57+08:00 ] /thinkphpTest/index.php/Memo/index/page/1 | INFO: Tag[ app_begin ] --END-- [ RunTime:0.001282s ]
[ 2015-02-18T23:28:57+08:00 ] /thinkphpTest/index.php/Memo/index/page/1 | SQL: SHOW COLUMNS FROM `think_memo` [ RunTime:0.004706s ]
[ 2015-02-18T23:28:57+08:00 ] /thinkphpTest/index.php/Memo/index/page/1 | SQL: SELECT COUNT(*) AS tp_count FROM `think_memo` LIMIT 1   [ RunTime:0.005146s ]
[ 2015-02-18T23:28:57+08:00 ] /thinkphpTest/index.php/Memo/index/page/1 | SQL: SELECT * FROM `think_memo` WHERE isSubmitted=1 LIMIT 0,5   [ RunTime:0.000289s ]
[ 2015-02-18T23:28:57+08:00 ] /thinkphpTest/index.php/Memo/index/page/1 | SQL: SELECT * FROM `think_memo` LIMIT 0,5   [ RunTime:0.000178s ]
[ 2015-02-18T23:28:57+08:00 ] /thinkphpTest/index.php/Memo/index/page/1 | INFO: Tag[ view_template ] --START--
[ 2015-02-18T23:28:57+08:00 ] /thinkphpTest/index.php/Memo/index/page/1 | INFO: Run LocationTemplate Behavior [ RunTime:0.001424s ]
[ 2015-02-18T23:28:57+08:00 ] /thinkphpTest/index.php/Memo/index/page/1 | INFO: Tag[ view_template ] --END-- [ RunTime:0.001483s ]
[ 2015-02-18T23:28:57+08:00 ] /thinkphpTest/index.php/Memo/index/page/1 | INFO: Tag[ view_parse ] --START--
[ 2015-02-18T23:28:57+08:00 ] /thinkphpTest/index.php/Memo/index/page/1 | INFO: Run ParseTemplate Behavior [ RunTime:0.013437s ]
[ 2015-02-18T23:28:57+08:00 ] /thinkphpTest/index.php/Memo/index/page/1 | INFO: Tag[ view_parse ] --END-- [ RunTime:0.013523s ]
[ 2015-02-18T23:28:57+08:00 ] /thinkphpTest/index.php/Memo/index/page/1 | INFO: Tag[ view_filter ] --START--
[ 2015-02-18T23:28:57+08:00 ] /thinkphpTest/index.php/Memo/index/page/1 | INFO: Run ContentReplace Behavior [ RunTime:0.000811s ]
[ 2015-02-18T23:28:57+08:00 ] /thinkphpTest/index.php/Memo/index/page/1 | INFO: Run TokenBuild Behavior [ RunTime:0.000757s ]
[ 2015-02-18T23:28:57+08:00 ] /thinkphpTest/index.php/Memo/index/page/1 | INFO: Run WriteHtmlCache Behavior [ RunTime:0.000685s ]
[ 2015-02-18T23:28:57+08:00 ] /thinkphpTest/index.php/Memo/index/page/1 | INFO: Run ShowRuntime Behavior [ RunTime:0.000803s ]
[ 2015-02-18T23:28:57+08:00 ] /thinkphpTest/index.php/Memo/index/page/1 | INFO: Tag[ view_filter ] --END-- [ RunTime:0.003213s ]
[ 2015-02-18T23:28:57+08:00 ] /thinkphpTest/index.php/Memo/index/page/1 | INFO: Tag[ view_end ] --START--
[ 2015-02-18T23:28:57+08:00 ] /thinkphpTest/index.php/Memo/index/page/1 | INFO: Run ShowPageTrace Behavior [ RunTime:0.000959s ]
[ 2015-02-18T23:28:57+08:00 ] /thinkphpTest/index.php/Memo/index/page/1 | INFO: Tag[ view_end ] --END-- [ RunTime:0.001026s ]
[ 2015-02-18T23:28:57+08:00 ] /thinkphpTest/Public/Css/home/bootstrap.css.map | ERR: (ThinkException) 无法加载模块Public
[ 2015-02-18T23:28:57+08:00 ] /thinkphpTest/Public/Css/home/bootstrap-theme.css.map | ERR: (ThinkException) 无法加载模块Public
[ 2015-02-18T23:28:57+08:00 ] /thinkphpTest/index.php/Memo/index/page/2 | INFO: Tag[ route_check ] --START--
[ 2015-02-18T23:28:57+08:00 ] /thinkphpTest/index.php/Memo/index/page/2 | INFO: Run CheckRoute Behavior [ RunTime:0.003107s ]
[ 2015-02-18T23:28:57+08:00 ] /thinkphpTest/index.php/Memo/index/page/2 | INFO: Tag[ route_check ] --END-- [ RunTime:0.003282s ]
[ 2015-02-18T23:28:57+08:00 ] /thinkphpTest/index.php/Memo/index/page/2 | INFO: Tag[ app_begin ] --START--
[ 2015-02-18T23:28:57+08:00 ] /thinkphpTest/index.php/Memo/index/page/2 | INFO: Run ReadHtmlCache Behavior [ RunTime:0.001737s ]
[ 2015-02-18T23:28:57+08:00 ] /thinkphpTest/index.php/Memo/index/page/2 | INFO: Tag[ app_begin ] --END-- [ RunTime:0.002118s ]
[ 2015-02-18T23:28:57+08:00 ] /thinkphpTest/index.php/Memo/index/page/2 | SQL: SHOW COLUMNS FROM `think_memo` [ RunTime:0.003591s ]
[ 2015-02-18T23:28:57+08:00 ] /thinkphpTest/index.php/Memo/index/page/2 | SQL: SELECT COUNT(*) AS tp_count FROM `think_memo` LIMIT 1   [ RunTime:0.011020s ]
[ 2015-02-18T23:28:57+08:00 ] /thinkphpTest/index.php/Memo/index/page/2 | SQL: SELECT * FROM `think_memo` WHERE isSubmitted=1 LIMIT 5,5   [ RunTime:0.000205s ]
[ 2015-02-18T23:28:57+08:00 ] /thinkphpTest/index.php/Memo/index/page/2 | SQL: SELECT * FROM `think_memo` LIMIT 5,5   [ RunTime:0.000131s ]
[ 2015-02-18T23:28:57+08:00 ] /thinkphpTest/index.php/Memo/index/page/2 | INFO: Tag[ view_template ] --START--
[ 2015-02-18T23:28:57+08:00 ] /thinkphpTest/index.php/Memo/index/page/2 | INFO: Run LocationTemplate Behavior [ RunTime:0.000412s ]
[ 2015-02-18T23:28:57+08:00 ] /thinkphpTest/index.php/Memo/index/page/2 | INFO: Tag[ view_template ] --END-- [ RunTime:0.000469s ]
[ 2015-02-18T23:28:57+08:00 ] /thinkphpTest/index.php/Memo/index/page/2 | INFO: Tag[ view_parse ] --START--
[ 2015-02-18T23:28:57+08:00 ] /thinkphpTest/index.php/Memo/index/page/2 | INFO: Run ParseTemplate Behavior [ RunTime:0.009428s ]
[ 2015-02-18T23:28:57+08:00 ] /thinkphpTest/index.php/Memo/index/page/2 | INFO: Tag[ view_parse ] --END-- [ RunTime:0.009510s ]
[ 2015-02-18T23:28:57+08:00 ] /thinkphpTest/index.php/Memo/index/page/2 | INFO: Tag[ view_filter ] --START--
[ 2015-02-18T23:28:57+08:00 ] /thinkphpTest/index.php/Memo/index/page/2 | INFO: Run ContentReplace Behavior [ RunTime:0.000336s ]
[ 2015-02-18T23:28:57+08:00 ] /thinkphpTest/index.php/Memo/index/page/2 | INFO: Run TokenBuild Behavior [ RunTime:0.000345s ]
[ 2015-02-18T23:28:57+08:00 ] /thinkphpTest/index.php/Memo/index/page/2 | INFO: Run WriteHtmlCache Behavior [ RunTime:0.000212s ]
[ 2015-02-18T23:28:57+08:00 ] /thinkphpTest/index.php/Memo/index/page/2 | INFO: Run ShowRuntime Behavior [ RunTime:0.000366s ]
[ 2015-02-18T23:28:57+08:00 ] /thinkphpTest/index.php/Memo/index/page/2 | INFO: Tag[ view_filter ] --END-- [ RunTime:0.001403s ]
[ 2015-02-18T23:28:57+08:00 ] /thinkphpTest/index.php/Memo/index/page/2 | INFO: Tag[ view_end ] --START--
[ 2015-02-18T23:28:57+08:00 ] /thinkphpTest/index.php/Memo/index/page/2 | INFO: Run ShowPageTrace Behavior [ RunTime:0.000410s ]
[ 2015-02-18T23:28:57+08:00 ] /thinkphpTest/index.php/Memo/index/page/2 | INFO: Tag[ view_end ] --END-- [ RunTime:0.000459s ]
[ 2015-02-18T23:28:57+08:00 ] /thinkphpTest/index.php/Memo/index/page/1 | INFO: Tag[ route_check ] --START--
[ 2015-02-18T23:28:57+08:00 ] /thinkphpTest/index.php/Memo/index/page/1 | INFO: Run CheckRoute Behavior [ RunTime:0.001813s ]
[ 2015-02-18T23:28:57+08:00 ] /thinkphpTest/index.php/Memo/index/page/1 | INFO: Tag[ route_check ] --END-- [ RunTime:0.001971s ]
[ 2015-02-18T23:28:57+08:00 ] /thinkphpTest/index.php/Memo/index/page/1 | INFO: Tag[ app_begin ] --START--
[ 2015-02-18T23:28:57+08:00 ] /thinkphpTest/index.php/Memo/index/page/1 | INFO: Run ReadHtmlCache Behavior [ RunTime:0.001869s ]
[ 2015-02-18T23:28:57+08:00 ] /thinkphpTest/index.php/Memo/index/page/1 | INFO: Tag[ app_begin ] --END-- [ RunTime:0.001973s ]
[ 2015-02-18T23:28:57+08:00 ] /thinkphpTest/index.php/Memo/index/page/1 | SQL: SHOW COLUMNS FROM `think_memo` [ RunTime:0.003376s ]
[ 2015-02-18T23:28:57+08:00 ] /thinkphpTest/index.php/Memo/index/page/1 | SQL: SELECT COUNT(*) AS tp_count FROM `think_memo` LIMIT 1   [ RunTime:0.003870s ]
[ 2015-02-18T23:28:57+08:00 ] /thinkphpTest/index.php/Memo/index/page/1 | SQL: SELECT * FROM `think_memo` WHERE isSubmitted=1 LIMIT 0,5   [ RunTime:0.000257s ]
[ 2015-02-18T23:28:57+08:00 ] /thinkphpTest/index.php/Memo/index/page/1 | SQL: SELECT * FROM `think_memo` LIMIT 0,5   [ RunTime:0.000131s ]
[ 2015-02-18T23:28:57+08:00 ] /thinkphpTest/index.php/Memo/index/page/1 | INFO: Tag[ view_template ] --START--
[ 2015-02-18T23:28:57+08:00 ] /thinkphpTest/index.php/Memo/index/page/1 | INFO: Run LocationTemplate Behavior [ RunTime:0.001975s ]
[ 2015-02-18T23:28:57+08:00 ] /thinkphpTest/index.php/Memo/index/page/1 | INFO: Tag[ view_template ] --END-- [ RunTime:0.002081s ]
[ 2015-02-18T23:28:57+08:00 ] /thinkphpTest/index.php/Memo/index/page/1 | INFO: Tag[ view_parse ] --START--
[ 2015-02-18T23:28:57+08:00 ] /thinkphpTest/index.php/Memo/index/page/1 | INFO: Run ParseTemplate Behavior [ RunTime:0.017131s ]
[ 2015-02-18T23:28:57+08:00 ] /thinkphpTest/index.php/Memo/index/page/1 | INFO: Tag[ view_parse ] --END-- [ RunTime:0.017233s ]
[ 2015-02-18T23:28:57+08:00 ] /thinkphpTest/index.php/Memo/index/page/1 | INFO: Tag[ view_filter ] --START--
[ 2015-02-18T23:28:57+08:00 ] /thinkphpTest/index.php/Memo/index/page/1 | INFO: Run ContentReplace Behavior [ RunTime:0.000789s ]
[ 2015-02-18T23:28:57+08:00 ] /thinkphpTest/index.php/Memo/index/page/1 | INFO: Run TokenBuild Behavior [ RunTime:0.000749s ]
[ 2015-02-18T23:28:57+08:00 ] /thinkphpTest/index.php/Memo/index/page/1 | INFO: Run WriteHtmlCache Behavior [ RunTime:0.000601s ]
[ 2015-02-18T23:28:57+08:00 ] /thinkphpTest/index.php/Memo/index/page/1 | INFO: Run ShowRuntime Behavior [ RunTime:0.000788s ]
[ 2015-02-18T23:28:57+08:00 ] /thinkphpTest/index.php/Memo/index/page/1 | INFO: Tag[ view_filter ] --END-- [ RunTime:0.003083s ]
[ 2015-02-18T23:28:57+08:00 ] /thinkphpTest/index.php/Memo/index/page/1 | INFO: Tag[ view_end ] --START--
[ 2015-02-18T23:28:57+08:00 ] /thinkphpTest/index.php/Memo/index/page/1 | INFO: Run ShowPageTrace Behavior [ RunTime:0.000787s ]
[ 2015-02-18T23:28:57+08:00 ] /thinkphpTest/index.php/Memo/index/page/1 | INFO: Tag[ view_end ] --END-- [ RunTime:0.000839s ]
[ 2015-02-18T23:30:35+08:00 ] /thinkphpTest/index.php/Memo/index/page/1 | INFO: Tag[ route_check ] --START--
[ 2015-02-18T23:30:35+08:00 ] /thinkphpTest/index.php/Memo/index/page/1 | INFO: Run CheckRoute Behavior [ RunTime:0.000872s ]
[ 2015-02-18T23:30:35+08:00 ] /thinkphpTest/index.php/Memo/index/page/1 | INFO: Tag[ route_check ] --END-- [ RunTime:0.000968s ]
[ 2015-02-18T23:30:35+08:00 ] /thinkphpTest/index.php/Memo/index/page/1 | INFO: Tag[ app_begin ] --START--
[ 2015-02-18T23:30:35+08:00 ] /thinkphpTest/index.php/Memo/index/page/1 | INFO: Run ReadHtmlCache Behavior [ RunTime:0.000517s ]
[ 2015-02-18T23:30:35+08:00 ] /thinkphpTest/index.php/Memo/index/page/1 | INFO: Tag[ app_begin ] --END-- [ RunTime:0.000579s ]
[ 2015-02-18T23:30:35+08:00 ] /thinkphpTest/index.php/Memo/index/page/1 | SQL: SHOW COLUMNS FROM `think_memo` [ RunTime:0.061851s ]
[ 2015-02-18T23:30:35+08:00 ] /thinkphpTest/index.php/Memo/index/page/1 | SQL: SELECT COUNT(*) AS tp_count FROM `think_memo` LIMIT 1   [ RunTime:0.006955s ]
[ 2015-02-18T23:30:35+08:00 ] /thinkphpTest/index.php/Memo/index/page/1 | SQL: SELECT * FROM `think_memo` WHERE isSubmitted=1 LIMIT 0,5   [ RunTime:0.000278s ]
[ 2015-02-18T23:30:35+08:00 ] /thinkphpTest/index.php/Memo/index/page/1 | SQL: SELECT * FROM `think_memo` LIMIT 0,5   [ RunTime:0.000163s ]
[ 2015-02-18T23:30:35+08:00 ] /thinkphpTest/index.php/Memo/index/page/1 | INFO: Tag[ view_template ] --START--
[ 2015-02-18T23:30:35+08:00 ] /thinkphpTest/index.php/Memo/index/page/1 | INFO: Run LocationTemplate Behavior [ RunTime:0.000471s ]
[ 2015-02-18T23:30:35+08:00 ] /thinkphpTest/index.php/Memo/index/page/1 | INFO: Tag[ view_template ] --END-- [ RunTime:0.000525s ]
[ 2015-02-18T23:30:35+08:00 ] /thinkphpTest/index.php/Memo/index/page/1 | INFO: Tag[ view_parse ] --START--
[ 2015-02-18T23:30:35+08:00 ] /thinkphpTest/index.php/Memo/index/page/1 | INFO: Run ParseTemplate Behavior [ RunTime:0.013434s ]
[ 2015-02-18T23:30:35+08:00 ] /thinkphpTest/index.php/Memo/index/page/1 | INFO: Tag[ view_parse ] --END-- [ RunTime:0.013527s ]
[ 2015-02-18T23:30:35+08:00 ] /thinkphpTest/index.php/Memo/index/page/1 | INFO: Tag[ view_filter ] --START--
[ 2015-02-18T23:30:35+08:00 ] /thinkphpTest/index.php/Memo/index/page/1 | INFO: Run ContentReplace Behavior [ RunTime:0.000444s ]
[ 2015-02-18T23:30:35+08:00 ] /thinkphpTest/index.php/Memo/index/page/1 | INFO: Run TokenBuild Behavior [ RunTime:0.000372s ]
[ 2015-02-18T23:30:35+08:00 ] /thinkphpTest/index.php/Memo/index/page/1 | INFO: Run WriteHtmlCache Behavior [ RunTime:0.000236s ]
[ 2015-02-18T23:30:35+08:00 ] /thinkphpTest/index.php/Memo/index/page/1 | INFO: Run ShowRuntime Behavior [ RunTime:0.000390s ]
[ 2015-02-18T23:30:35+08:00 ] /thinkphpTest/index.php/Memo/index/page/1 | INFO: Tag[ view_filter ] --END-- [ RunTime:0.001590s ]
[ 2015-02-18T23:30:35+08:00 ] /thinkphpTest/index.php/Memo/index/page/1 | INFO: Tag[ view_end ] --START--
[ 2015-02-18T23:30:35+08:00 ] /thinkphpTest/index.php/Memo/index/page/1 | INFO: Run ShowPageTrace Behavior [ RunTime:0.000487s ]
[ 2015-02-18T23:30:35+08:00 ] /thinkphpTest/index.php/Memo/index/page/1 | INFO: Tag[ view_end ] --END-- [ RunTime:0.000537s ]
[ 2015-02-18T23:30:35+08:00 ] /thinkphpTest/Public/Css/home/bootstrap.css.map | ERR: (ThinkException) 无法加载模块Public
[ 2015-02-18T23:30:36+08:00 ] /thinkphpTest/Public/Css/home/bootstrap-theme.css.map | ERR: (ThinkException) 无法加载模块Public
[ 2015-02-18T23:30:36+08:00 ] /thinkphpTest/index.php/Memo/index/page/1 | INFO: Tag[ route_check ] --START--
[ 2015-02-18T23:30:36+08:00 ] /thinkphpTest/index.php/Memo/index/page/1 | INFO: Run CheckRoute Behavior [ RunTime:0.001983s ]
[ 2015-02-18T23:30:36+08:00 ] /thinkphpTest/index.php/Memo/index/page/1 | INFO: Tag[ route_check ] --END-- [ RunTime:0.002156s ]
[ 2015-02-18T23:30:36+08:00 ] /thinkphpTest/index.php/Memo/index/page/1 | INFO: Tag[ app_begin ] --START--
[ 2015-02-18T23:30:36+08:00 ] /thinkphpTest/index.php/Memo/index/page/1 | INFO: Run ReadHtmlCache Behavior [ RunTime:0.001544s ]
[ 2015-02-18T23:30:36+08:00 ] /thinkphpTest/index.php/Memo/index/page/1 | INFO: Tag[ app_begin ] --END-- [ RunTime:0.001646s ]
[ 2015-02-18T23:30:36+08:00 ] /thinkphpTest/index.php/Memo/index/page/1 | SQL: SHOW COLUMNS FROM `think_memo` [ RunTime:0.004879s ]
[ 2015-02-18T23:30:36+08:00 ] /thinkphpTest/index.php/Memo/index/page/1 | SQL: SELECT COUNT(*) AS tp_count FROM `think_memo` LIMIT 1   [ RunTime:0.024709s ]
[ 2015-02-18T23:30:36+08:00 ] /thinkphpTest/index.php/Memo/index/page/1 | SQL: SELECT * FROM `think_memo` WHERE isSubmitted=1 LIMIT 0,5   [ RunTime:0.000209s ]
[ 2015-02-18T23:30:36+08:00 ] /thinkphpTest/index.php/Memo/index/page/1 | SQL: SELECT * FROM `think_memo` LIMIT 0,5   [ RunTime:0.000096s ]
[ 2015-02-18T23:30:36+08:00 ] /thinkphpTest/index.php/Memo/index/page/1 | INFO: Tag[ view_template ] --START--
[ 2015-02-18T23:30:36+08:00 ] /thinkphpTest/index.php/Memo/index/page/1 | INFO: Run LocationTemplate Behavior [ RunTime:0.001302s ]
[ 2015-02-18T23:30:36+08:00 ] /thinkphpTest/index.php/Memo/index/page/1 | INFO: Tag[ view_template ] --END-- [ RunTime:0.001361s ]
[ 2015-02-18T23:30:36+08:00 ] /thinkphpTest/index.php/Memo/index/page/1 | INFO: Tag[ view_parse ] --START--
[ 2015-02-18T23:30:36+08:00 ] /thinkphpTest/index.php/Memo/index/page/1 | INFO: Run ParseTemplate Behavior [ RunTime:0.011330s ]
[ 2015-02-18T23:30:36+08:00 ] /thinkphpTest/index.php/Memo/index/page/1 | INFO: Tag[ view_parse ] --END-- [ RunTime:0.011421s ]
[ 2015-02-18T23:30:36+08:00 ] /thinkphpTest/index.php/Memo/index/page/1 | INFO: Tag[ view_filter ] --START--
[ 2015-02-18T23:30:36+08:00 ] /thinkphpTest/index.php/Memo/index/page/1 | INFO: Run ContentReplace Behavior [ RunTime:0.000789s ]
[ 2015-02-18T23:30:36+08:00 ] /thinkphpTest/index.php/Memo/index/page/1 | INFO: Run TokenBuild Behavior [ RunTime:0.000743s ]
[ 2015-02-18T23:30:36+08:00 ] /thinkphpTest/index.php/Memo/index/page/1 | INFO: Run WriteHtmlCache Behavior [ RunTime:0.000839s ]
[ 2015-02-18T23:30:36+08:00 ] /thinkphpTest/index.php/Memo/index/page/1 | INFO: Run ShowRuntime Behavior [ RunTime:0.000826s ]
[ 2015-02-18T23:30:36+08:00 ] /thinkphpTest/index.php/Memo/index/page/1 | INFO: Tag[ view_filter ] --END-- [ RunTime:0.003357s ]
[ 2015-02-18T23:30:36+08:00 ] /thinkphpTest/index.php/Memo/index/page/1 | INFO: Tag[ view_end ] --START--
[ 2015-02-18T23:30:36+08:00 ] /thinkphpTest/index.php/Memo/index/page/1 | INFO: Run ShowPageTrace Behavior [ RunTime:0.000801s ]
[ 2015-02-18T23:30:36+08:00 ] /thinkphpTest/index.php/Memo/index/page/1 | INFO: Tag[ view_end ] --END-- [ RunTime:0.000853s ]
[ 2015-02-18T23:30:39+08:00 ] /thinkphpTest/index.php/Memo/index/page/1 | INFO: Tag[ route_check ] --START--
[ 2015-02-18T23:30:39+08:00 ] /thinkphpTest/index.php/Memo/index/page/1 | INFO: Run CheckRoute Behavior [ RunTime:0.001309s ]
[ 2015-02-18T23:30:39+08:00 ] /thinkphpTest/index.php/Memo/index/page/1 | INFO: Tag[ route_check ] --END-- [ RunTime:0.001447s ]
[ 2015-02-18T23:30:39+08:00 ] /thinkphpTest/index.php/Memo/index/page/1 | INFO: Tag[ app_begin ] --START--
[ 2015-02-18T23:30:39+08:00 ] /thinkphpTest/index.php/Memo/index/page/1 | INFO: Run ReadHtmlCache Behavior [ RunTime:0.000969s ]
[ 2015-02-18T23:30:39+08:00 ] /thinkphpTest/index.php/Memo/index/page/1 | INFO: Tag[ app_begin ] --END-- [ RunTime:0.001095s ]
[ 2015-02-18T23:30:39+08:00 ] /thinkphpTest/index.php/Memo/index/page/1 | SQL: SHOW COLUMNS FROM `think_memo` [ RunTime:0.003979s ]
[ 2015-02-18T23:30:39+08:00 ] /thinkphpTest/index.php/Memo/index/page/1 | SQL: SELECT COUNT(*) AS tp_count FROM `think_memo` LIMIT 1   [ RunTime:0.005935s ]
[ 2015-02-18T23:30:39+08:00 ] /thinkphpTest/index.php/Memo/index/page/1 | SQL: SELECT * FROM `think_memo` WHERE isSubmitted=1 LIMIT 0,5   [ RunTime:0.000302s ]
[ 2015-02-18T23:30:39+08:00 ] /thinkphpTest/index.php/Memo/index/page/1 | SQL: SELECT * FROM `think_memo` LIMIT 0,5   [ RunTime:0.000181s ]
[ 2015-02-18T23:30:39+08:00 ] /thinkphpTest/index.php/Memo/index/page/1 | INFO: Tag[ view_template ] --START--
[ 2015-02-18T23:30:39+08:00 ] /thinkphpTest/index.php/Memo/index/page/1 | INFO: Run LocationTemplate Behavior [ RunTime:0.000536s ]
[ 2015-02-18T23:30:39+08:00 ] /thinkphpTest/index.php/Memo/index/page/1 | INFO: Tag[ view_template ] --END-- [ RunTime:0.000589s ]
[ 2015-02-18T23:30:39+08:00 ] /thinkphpTest/index.php/Memo/index/page/1 | INFO: Tag[ view_parse ] --START--
[ 2015-02-18T23:30:39+08:00 ] /thinkphpTest/index.php/Memo/index/page/1 | INFO: Run ParseTemplate Behavior [ RunTime:0.010474s ]
[ 2015-02-18T23:30:39+08:00 ] /thinkphpTest/index.php/Memo/index/page/1 | INFO: Tag[ view_parse ] --END-- [ RunTime:0.010589s ]
[ 2015-02-18T23:30:39+08:00 ] /thinkphpTest/index.php/Memo/index/page/1 | INFO: Tag[ view_filter ] --START--
[ 2015-02-18T23:30:39+08:00 ] /thinkphpTest/index.php/Memo/index/page/1 | INFO: Run ContentReplace Behavior [ RunTime:0.000472s ]
[ 2015-02-18T23:30:39+08:00 ] /thinkphpTest/index.php/Memo/index/page/1 | INFO: Run TokenBuild Behavior [ RunTime:0.000490s ]
[ 2015-02-18T23:30:39+08:00 ] /thinkphpTest/index.php/Memo/index/page/1 | INFO: Run WriteHtmlCache Behavior [ RunTime:0.000391s ]
[ 2015-02-18T23:30:39+08:00 ] /thinkphpTest/index.php/Memo/index/page/1 | INFO: Run ShowRuntime Behavior [ RunTime:0.000669s ]
[ 2015-02-18T23:30:39+08:00 ] /thinkphpTest/index.php/Memo/index/page/1 | INFO: Tag[ view_filter ] --END-- [ RunTime:0.002236s ]
[ 2015-02-18T23:30:39+08:00 ] /thinkphpTest/index.php/Memo/index/page/1 | INFO: Tag[ view_end ] --START--
[ 2015-02-18T23:30:39+08:00 ] /thinkphpTest/index.php/Memo/index/page/1 | INFO: Run ShowPageTrace Behavior [ RunTime:0.000781s ]
[ 2015-02-18T23:30:39+08:00 ] /thinkphpTest/index.php/Memo/index/page/1 | INFO: Tag[ view_end ] --END-- [ RunTime:0.000861s ]
[ 2015-02-18T23:30:39+08:00 ] /thinkphpTest/Public/Css/home/bootstrap.css.map | ERR: (ThinkException) 无法加载模块Public
[ 2015-02-18T23:30:39+08:00 ] /thinkphpTest/Public/Css/home/bootstrap-theme.css.map | ERR: (ThinkException) 无法加载模块Public
[ 2015-02-18T23:30:39+08:00 ] /thinkphpTest/index.php/Memo/index/page/1 | INFO: Tag[ route_check ] --START--
[ 2015-02-18T23:30:39+08:00 ] /thinkphpTest/index.php/Memo/index/page/1 | INFO: Run CheckRoute Behavior [ RunTime:0.001115s ]
[ 2015-02-18T23:30:39+08:00 ] /thinkphpTest/index.php/Memo/index/page/1 | INFO: Tag[ route_check ] --END-- [ RunTime:0.001332s ]
[ 2015-02-18T23:30:39+08:00 ] /thinkphpTest/index.php/Memo/index/page/1 | INFO: Tag[ app_begin ] --START--
[ 2015-02-18T23:30:39+08:00 ] /thinkphpTest/index.php/Memo/index/page/1 | INFO: Run ReadHtmlCache Behavior [ RunTime:0.000478s ]
[ 2015-02-18T23:30:39+08:00 ] /thinkphpTest/index.php/Memo/index/page/1 | INFO: Tag[ app_begin ] --END-- [ RunTime:0.000533s ]
[ 2015-02-18T23:30:39+08:00 ] /thinkphpTest/index.php/Memo/index/page/1 | SQL: SHOW COLUMNS FROM `think_memo` [ RunTime:0.002517s ]
[ 2015-02-18T23:30:39+08:00 ] /thinkphpTest/index.php/Memo/index/page/1 | SQL: SELECT COUNT(*) AS tp_count FROM `think_memo` LIMIT 1   [ RunTime:0.003528s ]
[ 2015-02-18T23:30:39+08:00 ] /thinkphpTest/index.php/Memo/index/page/1 | SQL: SELECT * FROM `think_memo` WHERE isSubmitted=1 LIMIT 0,5   [ RunTime:0.000194s ]
[ 2015-02-18T23:30:39+08:00 ] /thinkphpTest/index.php/Memo/index/page/1 | SQL: SELECT * FROM `think_memo` LIMIT 0,5   [ RunTime:0.000099s ]
[ 2015-02-18T23:30:39+08:00 ] /thinkphpTest/index.php/Memo/index/page/1 | INFO: Tag[ view_template ] --START--
[ 2015-02-18T23:30:39+08:00 ] /thinkphpTest/index.php/Memo/index/page/1 | INFO: Run LocationTemplate Behavior [ RunTime:0.001278s ]
[ 2015-02-18T23:30:39+08:00 ] /thinkphpTest/index.php/Memo/index/page/1 | INFO: Tag[ view_template ] --END-- [ RunTime:0.001336s ]
[ 2015-02-18T23:30:39+08:00 ] /thinkphpTest/index.php/Memo/index/page/1 | INFO: Tag[ view_parse ] --START--
[ 2015-02-18T23:30:39+08:00 ] /thinkphpTest/index.php/Memo/index/page/1 | INFO: Run ParseTemplate Behavior [ RunTime:0.012123s ]
[ 2015-02-18T23:30:39+08:00 ] /thinkphpTest/index.php/Memo/index/page/1 | INFO: Tag[ view_parse ] --END-- [ RunTime:0.012207s ]
[ 2015-02-18T23:30:39+08:00 ] /thinkphpTest/index.php/Memo/index/page/1 | INFO: Tag[ view_filter ] --START--
[ 2015-02-18T23:30:39+08:00 ] /thinkphpTest/index.php/Memo/index/page/1 | INFO: Run ContentReplace Behavior [ RunTime:0.000848s ]
[ 2015-02-18T23:30:39+08:00 ] /thinkphpTest/index.php/Memo/index/page/1 | INFO: Run TokenBuild Behavior [ RunTime:0.000747s ]
[ 2015-02-18T23:30:39+08:00 ] /thinkphpTest/index.php/Memo/index/page/1 | INFO: Run WriteHtmlCache Behavior [ RunTime:0.000614s ]
[ 2015-02-18T23:30:39+08:00 ] /thinkphpTest/index.php/Memo/index/page/1 | INFO: Run ShowRuntime Behavior [ RunTime:0.000769s ]
[ 2015-02-18T23:30:39+08:00 ] /thinkphpTest/index.php/Memo/index/page/1 | INFO: Tag[ view_filter ] --END-- [ RunTime:0.003126s ]
[ 2015-02-18T23:30:39+08:00 ] /thinkphpTest/index.php/Memo/index/page/1 | INFO: Tag[ view_end ] --START--
[ 2015-02-18T23:30:39+08:00 ] /thinkphpTest/index.php/Memo/index/page/1 | INFO: Run ShowPageTrace Behavior [ RunTime:0.000770s ]
[ 2015-02-18T23:30:39+08:00 ] /thinkphpTest/index.php/Memo/index/page/1 | INFO: Tag[ view_end ] --END-- [ RunTime:0.000819s ]
[ 2015-02-18T23:30:41+08:00 ] /thinkphpTest/index.php/Memo/index/page/2 | INFO: Tag[ route_check ] --START--
[ 2015-02-18T23:30:41+08:00 ] /thinkphpTest/index.php/Memo/index/page/2 | INFO: Run CheckRoute Behavior [ RunTime:0.001592s ]
[ 2015-02-18T23:30:41+08:00 ] /thinkphpTest/index.php/Memo/index/page/2 | INFO: Tag[ route_check ] --END-- [ RunTime:0.001775s ]
[ 2015-02-18T23:30:41+08:00 ] /thinkphpTest/index.php/Memo/index/page/2 | INFO: Tag[ app_begin ] --START--
[ 2015-02-18T23:30:41+08:00 ] /thinkphpTest/index.php/Memo/index/page/2 | INFO: Run ReadHtmlCache Behavior [ RunTime:0.000814s ]
[ 2015-02-18T23:30:41+08:00 ] /thinkphpTest/index.php/Memo/index/page/2 | INFO: Tag[ app_begin ] --END-- [ RunTime:0.000898s ]
[ 2015-02-18T23:30:41+08:00 ] /thinkphpTest/index.php/Memo/index/page/2 | SQL: SHOW COLUMNS FROM `think_memo` [ RunTime:0.007415s ]
[ 2015-02-18T23:30:41+08:00 ] /thinkphpTest/index.php/Memo/index/page/2 | SQL: SELECT COUNT(*) AS tp_count FROM `think_memo` LIMIT 1   [ RunTime:0.015594s ]
[ 2015-02-18T23:30:41+08:00 ] /thinkphpTest/index.php/Memo/index/page/2 | SQL: SELECT * FROM `think_memo` WHERE isSubmitted=1 LIMIT 5,5   [ RunTime:0.000257s ]
[ 2015-02-18T23:30:41+08:00 ] /thinkphpTest/index.php/Memo/index/page/2 | SQL: SELECT * FROM `think_memo` LIMIT 5,5   [ RunTime:0.000134s ]
[ 2015-02-18T23:30:41+08:00 ] /thinkphpTest/index.php/Memo/index/page/2 | INFO: Tag[ view_template ] --START--
[ 2015-02-18T23:30:41+08:00 ] /thinkphpTest/index.php/Memo/index/page/2 | INFO: Run LocationTemplate Behavior [ RunTime:0.000444s ]
[ 2015-02-18T23:30:41+08:00 ] /thinkphpTest/index.php/Memo/index/page/2 | INFO: Tag[ view_template ] --END-- [ RunTime:0.000498s ]
[ 2015-02-18T23:30:41+08:00 ] /thinkphpTest/index.php/Memo/index/page/2 | INFO: Tag[ view_parse ] --START--
[ 2015-02-18T23:30:41+08:00 ] /thinkphpTest/index.php/Memo/index/page/2 | INFO: Run ParseTemplate Behavior [ RunTime:0.011893s ]
[ 2015-02-18T23:30:41+08:00 ] /thinkphpTest/index.php/Memo/index/page/2 | INFO: Tag[ view_parse ] --END-- [ RunTime:0.011978s ]
[ 2015-02-18T23:30:41+08:00 ] /thinkphpTest/index.php/Memo/index/page/2 | INFO: Tag[ view_filter ] --START--
[ 2015-02-18T23:30:41+08:00 ] /thinkphpTest/index.php/Memo/index/page/2 | INFO: Run ContentReplace Behavior [ RunTime:0.000349s ]
[ 2015-02-18T23:30:41+08:00 ] /thinkphpTest/index.php/Memo/index/page/2 | INFO: Run TokenBuild Behavior [ RunTime:0.000347s ]
[ 2015-02-18T23:30:41+08:00 ] /thinkphpTest/index.php/Memo/index/page/2 | INFO: Run WriteHtmlCache Behavior [ RunTime:0.000198s ]
[ 2015-02-18T23:30:41+08:00 ] /thinkphpTest/index.php/Memo/index/page/2 | INFO: Run ShowRuntime Behavior [ RunTime:0.000382s ]
[ 2015-02-18T23:30:41+08:00 ] /thinkphpTest/index.php/Memo/index/page/2 | INFO: Tag[ view_filter ] --END-- [ RunTime:0.001418s ]
[ 2015-02-18T23:30:41+08:00 ] /thinkphpTest/index.php/Memo/index/page/2 | INFO: Tag[ view_end ] --START--
[ 2015-02-18T23:30:41+08:00 ] /thinkphpTest/index.php/Memo/index/page/2 | INFO: Run ShowPageTrace Behavior [ RunTime:0.000388s ]
[ 2015-02-18T23:30:41+08:00 ] /thinkphpTest/index.php/Memo/index/page/2 | INFO: Tag[ view_end ] --END-- [ RunTime:0.000438s ]
[ 2015-02-18T23:30:41+08:00 ] /thinkphpTest/index.php/Memo/index/page/2 | INFO: Tag[ route_check ] --START--
[ 2015-02-18T23:30:41+08:00 ] /thinkphpTest/index.php/Memo/index/page/2 | INFO: Run CheckRoute Behavior [ RunTime:0.001729s ]
[ 2015-02-18T23:30:41+08:00 ] /thinkphpTest/index.php/Memo/index/page/2 | INFO: Tag[ route_check ] --END-- [ RunTime:0.002131s ]
[ 2015-02-18T23:30:41+08:00 ] /thinkphpTest/index.php/Memo/index/page/2 | INFO: Tag[ app_begin ] --START--
[ 2015-02-18T23:30:41+08:00 ] /thinkphpTest/index.php/Memo/index/page/2 | INFO: Run ReadHtmlCache Behavior [ RunTime:0.000878s ]
[ 2015-02-18T23:30:41+08:00 ] /thinkphpTest/index.php/Memo/index/page/2 | INFO: Tag[ app_begin ] --END-- [ RunTime:0.000990s ]
[ 2015-02-18T23:30:41+08:00 ] /thinkphpTest/index.php/Memo/index/page/2 | SQL: SHOW COLUMNS FROM `think_memo` [ RunTime:0.003727s ]
[ 2015-02-18T23:30:41+08:00 ] /thinkphpTest/index.php/Memo/index/page/2 | SQL: SELECT COUNT(*) AS tp_count FROM `think_memo` LIMIT 1   [ RunTime:0.005125s ]
[ 2015-02-18T23:30:41+08:00 ] /thinkphpTest/index.php/Memo/index/page/2 | SQL: SELECT * FROM `think_memo` WHERE isSubmitted=1 LIMIT 5,5   [ RunTime:0.000221s ]
[ 2015-02-18T23:30:41+08:00 ] /thinkphpTest/index.php/Memo/index/page/2 | SQL: SELECT * FROM `think_memo` LIMIT 5,5   [ RunTime:0.000097s ]
[ 2015-02-18T23:30:41+08:00 ] /thinkphpTest/index.php/Memo/index/page/2 | INFO: Tag[ view_template ] --START--
[ 2015-02-18T23:30:41+08:00 ] /thinkphpTest/index.php/Memo/index/page/2 | INFO: Run LocationTemplate Behavior [ RunTime:0.000430s ]
[ 2015-02-18T23:30:41+08:00 ] /thinkphpTest/index.php/Memo/index/page/2 | INFO: Tag[ view_template ] --END-- [ RunTime:0.000484s ]
[ 2015-02-18T23:30:41+08:00 ] /thinkphpTest/index.php/Memo/index/page/2 | INFO: Tag[ view_parse ] --START--
[ 2015-02-18T23:30:41+08:00 ] /thinkphpTest/index.php/Memo/index/page/2 | INFO: Run ParseTemplate Behavior [ RunTime:0.010342s ]
[ 2015-02-18T23:30:41+08:00 ] /thinkphpTest/index.php/Memo/index/page/2 | INFO: Tag[ view_parse ] --END-- [ RunTime:0.010426s ]
[ 2015-02-18T23:30:41+08:00 ] /thinkphpTest/index.php/Memo/index/page/2 | INFO: Tag[ view_filter ] --START--
[ 2015-02-18T23:30:41+08:00 ] /thinkphpTest/index.php/Memo/index/page/2 | INFO: Run ContentReplace Behavior [ RunTime:0.000370s ]
[ 2015-02-18T23:30:41+08:00 ] /thinkphpTest/index.php/Memo/index/page/2 | INFO: Run TokenBuild Behavior [ RunTime:0.000353s ]
[ 2015-02-18T23:30:41+08:00 ] /thinkphpTest/index.php/Memo/index/page/2 | INFO: Run WriteHtmlCache Behavior [ RunTime:0.000235s ]
[ 2015-02-18T23:30:41+08:00 ] /thinkphpTest/index.php/Memo/index/page/2 | INFO: Run ShowRuntime Behavior [ RunTime:0.000423s ]
[ 2015-02-18T23:30:41+08:00 ] /thinkphpTest/index.php/Memo/index/page/2 | INFO: Tag[ view_filter ] --END-- [ RunTime:0.001536s ]
[ 2015-02-18T23:30:41+08:00 ] /thinkphpTest/index.php/Memo/index/page/2 | INFO: Tag[ view_end ] --START--
[ 2015-02-18T23:30:41+08:00 ] /thinkphpTest/index.php/Memo/index/page/2 | INFO: Run ShowPageTrace Behavior [ RunTime:0.000380s ]
[ 2015-02-18T23:30:41+08:00 ] /thinkphpTest/index.php/Memo/index/page/2 | INFO: Tag[ view_end ] --END-- [ RunTime:0.000428s ]
[ 2015-02-18T23:31:05+08:00 ] /thinkphpTest/index.php/Memo/index/page/1 | INFO: Tag[ route_check ] --START--
[ 2015-02-18T23:31:05+08:00 ] /thinkphpTest/index.php/Memo/index/page/1 | INFO: Run CheckRoute Behavior [ RunTime:0.001115s ]
[ 2015-02-18T23:31:05+08:00 ] /thinkphpTest/index.php/Memo/index/page/1 | INFO: Tag[ route_check ] --END-- [ RunTime:0.001206s ]
[ 2015-02-18T23:31:05+08:00 ] /thinkphpTest/index.php/Memo/index/page/1 | INFO: Tag[ app_begin ] --START--
[ 2015-02-18T23:31:05+08:00 ] /thinkphpTest/index.php/Memo/index/page/1 | INFO: Run ReadHtmlCache Behavior [ RunTime:0.000880s ]
[ 2015-02-18T23:31:05+08:00 ] /thinkphpTest/index.php/Memo/index/page/1 | INFO: Tag[ app_begin ] --END-- [ RunTime:0.000949s ]
[ 2015-02-18T23:31:05+08:00 ] /thinkphpTest/index.php/Memo/index/page/1 | SQL: SHOW COLUMNS FROM `think_memo` [ RunTime:0.004028s ]
[ 2015-02-18T23:31:05+08:00 ] /thinkphpTest/index.php/Memo/index/page/1 | SQL: SELECT COUNT(*) AS tp_count FROM `think_memo` LIMIT 1   [ RunTime:0.019537s ]
[ 2015-02-18T23:31:05+08:00 ] /thinkphpTest/index.php/Memo/index/page/1 | SQL: SELECT * FROM `think_memo` WHERE isSubmitted=1 LIMIT 0,5   [ RunTime:0.000252s ]
[ 2015-02-18T23:31:05+08:00 ] /thinkphpTest/index.php/Memo/index/page/1 | SQL: SELECT * FROM `think_memo` LIMIT 0,5   [ RunTime:0.000348s ]
[ 2015-02-18T23:31:05+08:00 ] /thinkphpTest/index.php/Memo/index/page/1 | INFO: Tag[ view_template ] --START--
[ 2015-02-18T23:31:05+08:00 ] /thinkphpTest/index.php/Memo/index/page/1 | INFO: Run LocationTemplate Behavior [ RunTime:0.001546s ]
[ 2015-02-18T23:31:05+08:00 ] /thinkphpTest/index.php/Memo/index/page/1 | INFO: Tag[ view_template ] --END-- [ RunTime:0.001634s ]
[ 2015-02-18T23:31:05+08:00 ] /thinkphpTest/index.php/Memo/index/page/1 | INFO: Tag[ view_parse ] --START--
[ 2015-02-18T23:31:05+08:00 ] /thinkphpTest/index.php/Memo/index/page/1 | INFO: Run ParseTemplate Behavior [ RunTime:0.011512s ]
[ 2015-02-18T23:31:05+08:00 ] /thinkphpTest/index.php/Memo/index/page/1 | INFO: Tag[ view_parse ] --END-- [ RunTime:0.011631s ]
[ 2015-02-18T23:31:05+08:00 ] /thinkphpTest/index.php/Memo/index/page/1 | INFO: Tag[ view_filter ] --START--
[ 2015-02-18T23:31:05+08:00 ] /thinkphpTest/index.php/Memo/index/page/1 | INFO: Run ContentReplace Behavior [ RunTime:0.001231s ]
[ 2015-02-18T23:31:05+08:00 ] /thinkphpTest/index.php/Memo/index/page/1 | INFO: Run TokenBuild Behavior [ RunTime:0.001603s ]
[ 2015-02-18T23:31:05+08:00 ] /thinkphpTest/index.php/Memo/index/page/1 | INFO: Run WriteHtmlCache Behavior [ RunTime:0.001278s ]
[ 2015-02-18T23:31:05+08:00 ] /thinkphpTest/index.php/Memo/index/page/1 | INFO: Run ShowRuntime Behavior [ RunTime:0.000801s ]
[ 2015-02-18T23:31:05+08:00 ] /thinkphpTest/index.php/Memo/index/page/1 | INFO: Tag[ view_filter ] --END-- [ RunTime:0.005163s ]
[ 2015-02-18T23:31:05+08:00 ] /thinkphpTest/index.php/Memo/index/page/1 | INFO: Tag[ view_end ] --START--
[ 2015-02-18T23:31:05+08:00 ] /thinkphpTest/index.php/Memo/index/page/1 | INFO: Run ShowPageTrace Behavior [ RunTime:0.000754s ]
[ 2015-02-18T23:31:05+08:00 ] /thinkphpTest/index.php/Memo/index/page/1 | INFO: Tag[ view_end ] --END-- [ RunTime:0.000805s ]
[ 2015-02-18T23:31:05+08:00 ] /thinkphpTest/Public/Css/home/bootstrap.css.map | ERR: (ThinkException) 无法加载模块Public
[ 2015-02-18T23:31:05+08:00 ] /thinkphpTest/Public/Css/home/bootstrap-theme.css.map | ERR: (ThinkException) 无法加载模块Public
[ 2015-02-18T23:31:05+08:00 ] /thinkphpTest/index.php/Memo/index/page/1 | INFO: Tag[ route_check ] --START--
[ 2015-02-18T23:31:05+08:00 ] /thinkphpTest/index.php/Memo/index/page/1 | INFO: Run CheckRoute Behavior [ RunTime:0.002006s ]
[ 2015-02-18T23:31:05+08:00 ] /thinkphpTest/index.php/Memo/index/page/1 | INFO: Tag[ route_check ] --END-- [ RunTime:0.002256s ]
[ 2015-02-18T23:31:05+08:00 ] /thinkphpTest/index.php/Memo/index/page/1 | INFO: Tag[ app_begin ] --START--
[ 2015-02-18T23:31:05+08:00 ] /thinkphpTest/index.php/Memo/index/page/1 | INFO: Run ReadHtmlCache Behavior [ RunTime:0.001388s ]
[ 2015-02-18T23:31:05+08:00 ] /thinkphpTest/index.php/Memo/index/page/1 | INFO: Tag[ app_begin ] --END-- [ RunTime:0.001500s ]
[ 2015-02-18T23:31:05+08:00 ] /thinkphpTest/index.php/Memo/index/page/1 | SQL: SHOW COLUMNS FROM `think_memo` [ RunTime:0.002736s ]
[ 2015-02-18T23:31:05+08:00 ] /thinkphpTest/index.php/Memo/index/page/1 | SQL: SELECT COUNT(*) AS tp_count FROM `think_memo` LIMIT 1   [ RunTime:0.004100s ]
[ 2015-02-18T23:31:05+08:00 ] /thinkphpTest/index.php/Memo/index/page/1 | SQL: SELECT * FROM `think_memo` WHERE isSubmitted=1 LIMIT 0,5   [ RunTime:0.000290s ]
[ 2015-02-18T23:31:05+08:00 ] /thinkphpTest/index.php/Memo/index/page/1 | SQL: SELECT * FROM `think_memo` LIMIT 0,5   [ RunTime:0.000131s ]
[ 2015-02-18T23:31:05+08:00 ] /thinkphpTest/index.php/Memo/index/page/1 | INFO: Tag[ view_template ] --START--
[ 2015-02-18T23:31:05+08:00 ] /thinkphpTest/index.php/Memo/index/page/1 | INFO: Run LocationTemplate Behavior [ RunTime:0.001388s ]
[ 2015-02-18T23:31:05+08:00 ] /thinkphpTest/index.php/Memo/index/page/1 | INFO: Tag[ view_template ] --END-- [ RunTime:0.001465s ]
[ 2015-02-18T23:31:05+08:00 ] /thinkphpTest/index.php/Memo/index/page/1 | INFO: Tag[ view_parse ] --START--
[ 2015-02-18T23:31:05+08:00 ] /thinkphpTest/index.php/Memo/index/page/1 | INFO: Run ParseTemplate Behavior [ RunTime:0.011637s ]
[ 2015-02-18T23:31:05+08:00 ] /thinkphpTest/index.php/Memo/index/page/1 | INFO: Tag[ view_parse ] --END-- [ RunTime:0.011738s ]
[ 2015-02-18T23:31:05+08:00 ] /thinkphpTest/index.php/Memo/index/page/1 | INFO: Tag[ view_filter ] --START--
[ 2015-02-18T23:31:05+08:00 ] /thinkphpTest/index.php/Memo/index/page/1 | INFO: Run ContentReplace Behavior [ RunTime:0.000819s ]
[ 2015-02-18T23:31:05+08:00 ] /thinkphpTest/index.php/Memo/index/page/1 | INFO: Run TokenBuild Behavior [ RunTime:0.000749s ]
[ 2015-02-18T23:31:05+08:00 ] /thinkphpTest/index.php/Memo/index/page/1 | INFO: Run WriteHtmlCache Behavior [ RunTime:0.000608s ]
[ 2015-02-18T23:31:05+08:00 ] /thinkphpTest/index.php/Memo/index/page/1 | INFO: Run ShowRuntime Behavior [ RunTime:0.000783s ]
[ 2015-02-18T23:31:05+08:00 ] /thinkphpTest/index.php/Memo/index/page/1 | INFO: Tag[ view_filter ] --END-- [ RunTime:0.003114s ]
[ 2015-02-18T23:31:05+08:00 ] /thinkphpTest/index.php/Memo/index/page/1 | INFO: Tag[ view_end ] --START--
[ 2015-02-18T23:31:05+08:00 ] /thinkphpTest/index.php/Memo/index/page/1 | INFO: Run ShowPageTrace Behavior [ RunTime:0.000779s ]
[ 2015-02-18T23:31:05+08:00 ] /thinkphpTest/index.php/Memo/index/page/1 | INFO: Tag[ view_end ] --END-- [ RunTime:0.000832s ]
[ 2015-02-18T23:31:06+08:00 ] /thinkphpTest/index.php/Memo/index/page/2 | INFO: Tag[ route_check ] --START--
[ 2015-02-18T23:31:06+08:00 ] /thinkphpTest/index.php/Memo/index/page/2 | INFO: Run CheckRoute Behavior [ RunTime:0.001217s ]
[ 2015-02-18T23:31:06+08:00 ] /thinkphpTest/index.php/Memo/index/page/2 | INFO: Tag[ route_check ] --END-- [ RunTime:0.001378s ]
[ 2015-02-18T23:31:06+08:00 ] /thinkphpTest/index.php/Memo/index/page/2 | INFO: Tag[ app_begin ] --START--
[ 2015-02-18T23:31:06+08:00 ] /thinkphpTest/index.php/Memo/index/page/2 | INFO: Run ReadHtmlCache Behavior [ RunTime:0.000668s ]
[ 2015-02-18T23:31:06+08:00 ] /thinkphpTest/index.php/Memo/index/page/2 | INFO: Tag[ app_begin ] --END-- [ RunTime:0.000744s ]
[ 2015-02-18T23:31:06+08:00 ] /thinkphpTest/index.php/Memo/index/page/2 | SQL: SHOW COLUMNS FROM `think_memo` [ RunTime:0.004609s ]
[ 2015-02-18T23:31:06+08:00 ] /thinkphpTest/index.php/Memo/index/page/2 | SQL: SELECT COUNT(*) AS tp_count FROM `think_memo` LIMIT 1   [ RunTime:0.014843s ]
[ 2015-02-18T23:31:06+08:00 ] /thinkphpTest/index.php/Memo/index/page/2 | SQL: SELECT * FROM `think_memo` WHERE isSubmitted=1 LIMIT 5,5   [ RunTime:0.000527s ]
[ 2015-02-18T23:31:06+08:00 ] /thinkphpTest/index.php/Memo/index/page/2 | SQL: SELECT * FROM `think_memo` LIMIT 5,5   [ RunTime:0.000274s ]
[ 2015-02-18T23:31:06+08:00 ] /thinkphpTest/index.php/Memo/index/page/2 | INFO: Tag[ view_template ] --START--
[ 2015-02-18T23:31:06+08:00 ] /thinkphpTest/index.php/Memo/index/page/2 | INFO: Run LocationTemplate Behavior [ RunTime:0.000664s ]
[ 2015-02-18T23:31:06+08:00 ] /thinkphpTest/index.php/Memo/index/page/2 | INFO: Tag[ view_template ] --END-- [ RunTime:0.000770s ]
[ 2015-02-18T23:31:06+08:00 ] /thinkphpTest/index.php/Memo/index/page/2 | INFO: Tag[ view_parse ] --START--
[ 2015-02-18T23:31:06+08:00 ] /thinkphpTest/index.php/Memo/index/page/2 | INFO: Run ParseTemplate Behavior [ RunTime:0.012236s ]
[ 2015-02-18T23:31:06+08:00 ] /thinkphpTest/index.php/Memo/index/page/2 | INFO: Tag[ view_parse ] --END-- [ RunTime:0.012332s ]
[ 2015-02-18T23:31:06+08:00 ] /thinkphpTest/index.php/Memo/index/page/2 | INFO: Tag[ view_filter ] --START--
[ 2015-02-18T23:31:06+08:00 ] /thinkphpTest/index.php/Memo/index/page/2 | INFO: Run ContentReplace Behavior [ RunTime:0.000330s ]
[ 2015-02-18T23:31:06+08:00 ] /thinkphpTest/index.php/Memo/index/page/2 | INFO: Run TokenBuild Behavior [ RunTime:0.000332s ]
[ 2015-02-18T23:31:06+08:00 ] /thinkphpTest/index.php/Memo/index/page/2 | INFO: Run WriteHtmlCache Behavior [ RunTime:0.000206s ]
[ 2015-02-18T23:31:06+08:00 ] /thinkphpTest/index.php/Memo/index/page/2 | INFO: Run ShowRuntime Behavior [ RunTime:0.000366s ]
[ 2015-02-18T23:31:06+08:00 ] /thinkphpTest/index.php/Memo/index/page/2 | INFO: Tag[ view_filter ] --END-- [ RunTime:0.001372s ]
[ 2015-02-18T23:31:06+08:00 ] /thinkphpTest/index.php/Memo/index/page/2 | INFO: Tag[ view_end ] --START--
[ 2015-02-18T23:31:06+08:00 ] /thinkphpTest/index.php/Memo/index/page/2 | INFO: Run ShowPageTrace Behavior [ RunTime:0.000373s ]
[ 2015-02-18T23:31:06+08:00 ] /thinkphpTest/index.php/Memo/index/page/2 | INFO: Tag[ view_end ] --END-- [ RunTime:0.000422s ]
[ 2015-02-18T23:31:06+08:00 ] /thinkphpTest/index.php/Memo/index/page/2 | INFO: Tag[ route_check ] --START--
[ 2015-02-18T23:31:06+08:00 ] /thinkphpTest/index.php/Memo/index/page/2 | INFO: Run CheckRoute Behavior [ RunTime:0.001324s ]
[ 2015-02-18T23:31:06+08:00 ] /thinkphpTest/index.php/Memo/index/page/2 | INFO: Tag[ route_check ] --END-- [ RunTime:0.001607s ]
[ 2015-02-18T23:31:06+08:00 ] /thinkphpTest/index.php/Memo/index/page/2 | INFO: Tag[ app_begin ] --START--
[ 2015-02-18T23:31:06+08:00 ] /thinkphpTest/index.php/Memo/index/page/2 | INFO: Run ReadHtmlCache Behavior [ RunTime:0.000689s ]
[ 2015-02-18T23:31:06+08:00 ] /thinkphpTest/index.php/Memo/index/page/2 | INFO: Tag[ app_begin ] --END-- [ RunTime:0.000812s ]
[ 2015-02-18T23:31:06+08:00 ] /thinkphpTest/index.php/Memo/index/page/2 | SQL: SHOW COLUMNS FROM `think_memo` [ RunTime:0.003448s ]
[ 2015-02-18T23:31:06+08:00 ] /thinkphpTest/index.php/Memo/index/page/2 | SQL: SELECT COUNT(*) AS tp_count FROM `think_memo` LIMIT 1   [ RunTime:0.003592s ]
[ 2015-02-18T23:31:06+08:00 ] /thinkphpTest/index.php/Memo/index/page/2 | SQL: SELECT * FROM `think_memo` WHERE isSubmitted=1 LIMIT 5,5   [ RunTime:0.000201s ]
[ 2015-02-18T23:31:06+08:00 ] /thinkphpTest/index.php/Memo/index/page/2 | SQL: SELECT * FROM `think_memo` LIMIT 5,5   [ RunTime:0.000096s ]
[ 2015-02-18T23:31:06+08:00 ] /thinkphpTest/index.php/Memo/index/page/2 | INFO: Tag[ view_template ] --START--
[ 2015-02-18T23:31:06+08:00 ] /thinkphpTest/index.php/Memo/index/page/2 | INFO: Run LocationTemplate Behavior [ RunTime:0.001424s ]
[ 2015-02-18T23:31:06+08:00 ] /thinkphpTest/index.php/Memo/index/page/2 | INFO: Tag[ view_template ] --END-- [ RunTime:0.001518s ]
[ 2015-02-18T23:31:06+08:00 ] /thinkphpTest/index.php/Memo/index/page/2 | INFO: Tag[ view_parse ] --START--
[ 2015-02-18T23:31:06+08:00 ] /thinkphpTest/index.php/Memo/index/page/2 | INFO: Run ParseTemplate Behavior [ RunTime:0.015115s ]
[ 2015-02-18T23:31:06+08:00 ] /thinkphpTest/index.php/Memo/index/page/2 | INFO: Tag[ view_parse ] --END-- [ RunTime:0.015226s ]
[ 2015-02-18T23:31:06+08:00 ] /thinkphpTest/index.php/Memo/index/page/2 | INFO: Tag[ view_filter ] --START--
[ 2015-02-18T23:31:06+08:00 ] /thinkphpTest/index.php/Memo/index/page/2 | INFO: Run ContentReplace Behavior [ RunTime:0.000809s ]
[ 2015-02-18T23:31:06+08:00 ] /thinkphpTest/index.php/Memo/index/page/2 | INFO: Run TokenBuild Behavior [ RunTime:0.000771s ]
[ 2015-02-18T23:31:06+08:00 ] /thinkphpTest/index.php/Memo/index/page/2 | INFO: Run WriteHtmlCache Behavior [ RunTime:0.000635s ]
[ 2015-02-18T23:31:06+08:00 ] /thinkphpTest/index.php/Memo/index/page/2 | INFO: Run ShowRuntime Behavior [ RunTime:0.000834s ]
[ 2015-02-18T23:31:06+08:00 ] /thinkphpTest/index.php/Memo/index/page/2 | INFO: Tag[ view_filter ] --END-- [ RunTime:0.003226s ]
[ 2015-02-18T23:31:06+08:00 ] /thinkphpTest/index.php/Memo/index/page/2 | INFO: Tag[ view_end ] --START--
[ 2015-02-18T23:31:06+08:00 ] /thinkphpTest/index.php/Memo/index/page/2 | INFO: Run ShowPageTrace Behavior [ RunTime:0.001325s ]
[ 2015-02-18T23:31:06+08:00 ] /thinkphpTest/index.php/Memo/index/page/2 | INFO: Tag[ view_end ] --END-- [ RunTime:0.001458s ]
