[ 2015-03-02T00:19:28+08:00 ] /thinkphpTest/ueditor/themes/default/ueditor.css | ERR: (ThinkException) 无法加载模块ueditor
[ 2015-03-02T00:32:50+08:00 ] /thinkphpTest/ueditor/themes/default/ueditor.css | ERR: (ThinkException) 无法加载模块ueditor
[ 2015-03-02T00:32:51+08:00 ] /thinkphpTest/ueditor/themes/default/ueditor.css | ERR: (ThinkException) 无法加载模块ueditor
[ 2015-03-02T00:32:52+08:00 ] /thinkphpTest/ueditor/themes/default/ueditor.css | ERR: (ThinkException) 无法加载模块ueditor
[ 2015-03-02T00:32:52+08:00 ] /thinkphpTest/ueditor/themes/default/ueditor.css | ERR: (ThinkException) 无法加载模块ueditor
[ 2015-03-02T00:33:13+08:00 ] /thinkphpTest/ | INFO: Tag[ app_begin ] --START--
[ 2015-03-02T00:33:13+08:00 ] /thinkphpTest/ | INFO: Run ReadHtmlCache Behavior [ RunTime:0.002190s ]
[ 2015-03-02T00:33:13+08:00 ] /thinkphpTest/ | INFO: Tag[ app_begin ] --END-- [ RunTime:0.002372s ]
[ 2015-03-02T00:33:13+08:00 ] /thinkphpTest/ | NOTIC: [8] Undefined index:  customer_user BaseAction.class.php 第 7 行.
[ 2015-03-02T00:33:14+08:00 ] /thinkphpTest/ | SQL: SHOW COLUMNS FROM `think_article` [ RunTime:0.004170s ]
[ 2015-03-02T00:33:14+08:00 ] /thinkphpTest/ | SQL: SELECT COUNT(*) AS tp_count FROM `think_article` WHERE isSubmitted=1 LIMIT 1   [ RunTime:0.005595s ]
[ 2015-03-02T00:33:14+08:00 ] /thinkphpTest/ | SQL: SELECT * FROM `think_article` LEFT JOIN think_category on think_article.categoryId=think_category.categoryId WHERE isSubmitted=1 LIMIT 0,5   [ RunTime:0.001538s ]
[ 2015-03-02T00:33:14+08:00 ] /thinkphpTest/ | NOTIC: [8] Undefined variable: next_link_cate IndexAction.class.php 第 28 行.
[ 2015-03-02T00:33:14+08:00 ] /thinkphpTest/ | SQL: SHOW COLUMNS FROM `think_category` [ RunTime:0.004355s ]
[ 2015-03-02T00:33:14+08:00 ] /thinkphpTest/ | SQL: SELECT * FROM `think_category`  [ RunTime:0.008339s ]
[ 2015-03-02T00:33:14+08:00 ] /thinkphpTest/ | INFO: Tag[ view_template ] --START--
[ 2015-03-02T00:33:14+08:00 ] /thinkphpTest/ | INFO: Run LocationTemplate Behavior [ RunTime:0.002903s ]
[ 2015-03-02T00:33:14+08:00 ] /thinkphpTest/ | INFO: Tag[ view_template ] --END-- [ RunTime:0.003062s ]
[ 2015-03-02T00:33:14+08:00 ] /thinkphpTest/ | INFO: Tag[ view_parse ] --START--
[ 2015-03-02T00:33:14+08:00 ] /thinkphpTest/ | NOTIC: [8] Undefined index:  memo 7e4848229090366086cc7eeb3bfc0798.php 第 43 行.
[ 2015-03-02T00:33:14+08:00 ] /thinkphpTest/ | INFO: Run ParseTemplate Behavior [ RunTime:0.057177s ]
[ 2015-03-02T00:33:14+08:00 ] /thinkphpTest/ | INFO: Tag[ view_parse ] --END-- [ RunTime:0.057446s ]
[ 2015-03-02T00:33:14+08:00 ] /thinkphpTest/ | INFO: Tag[ view_filter ] --START--
[ 2015-03-02T00:33:14+08:00 ] /thinkphpTest/ | INFO: Run ContentReplace Behavior [ RunTime:0.001279s ]
[ 2015-03-02T00:33:14+08:00 ] /thinkphpTest/ | INFO: Run TokenBuild Behavior [ RunTime:0.001176s ]
[ 2015-03-02T00:33:14+08:00 ] /thinkphpTest/ | INFO: Run WriteHtmlCache Behavior [ RunTime:0.000985s ]
[ 2015-03-02T00:33:14+08:00 ] /thinkphpTest/ | INFO: Run ShowRuntime Behavior [ RunTime:0.001273s ]
[ 2015-03-02T00:33:14+08:00 ] /thinkphpTest/ | INFO: Tag[ view_filter ] --END-- [ RunTime:0.004879s ]
[ 2015-03-02T00:33:14+08:00 ] /thinkphpTest/ | INFO: Tag[ view_end ] --START--
[ 2015-03-02T00:33:14+08:00 ] /thinkphpTest/ | INFO: Run ShowPageTrace Behavior [ RunTime:0.001360s ]
[ 2015-03-02T00:33:14+08:00 ] /thinkphpTest/ | INFO: Tag[ view_end ] --END-- [ RunTime:0.001427s ]
[ 2015-03-02T00:33:14+08:00 ] /thinkphpTest/Public/Css/home/bootstrap.css.map | ERR: (ThinkException) 无法加载模块Public
[ 2015-03-02T00:33:14+08:00 ] /thinkphpTest/ | INFO: Tag[ app_begin ] --START--
[ 2015-03-02T00:33:14+08:00 ] /thinkphpTest/ | INFO: Run ReadHtmlCache Behavior [ RunTime:0.002300s ]
[ 2015-03-02T00:33:14+08:00 ] /thinkphpTest/ | INFO: Tag[ app_begin ] --END-- [ RunTime:0.002478s ]
[ 2015-03-02T00:33:14+08:00 ] /thinkphpTest/ | NOTIC: [8] Undefined index:  customer_user BaseAction.class.php 第 7 行.
[ 2015-03-02T00:33:14+08:00 ] /thinkphpTest/ | SQL: SHOW COLUMNS FROM `think_article` [ RunTime:0.005957s ]
[ 2015-03-02T00:33:14+08:00 ] /thinkphpTest/ | SQL: SELECT COUNT(*) AS tp_count FROM `think_article` WHERE isSubmitted=1 LIMIT 1   [ RunTime:0.008443s ]
[ 2015-03-02T00:33:14+08:00 ] /thinkphpTest/ | SQL: SELECT * FROM `think_article` LEFT JOIN think_category on think_article.categoryId=think_category.categoryId WHERE isSubmitted=1 LIMIT 0,5   [ RunTime:0.000223s ]
[ 2015-03-02T00:33:14+08:00 ] /thinkphpTest/ | NOTIC: [8] Undefined variable: next_link_cate IndexAction.class.php 第 28 行.
[ 2015-03-02T00:33:14+08:00 ] /thinkphpTest/ | SQL: SHOW COLUMNS FROM `think_category` [ RunTime:0.003304s ]
[ 2015-03-02T00:33:14+08:00 ] /thinkphpTest/ | SQL: SELECT * FROM `think_category`  [ RunTime:0.005386s ]
[ 2015-03-02T00:33:14+08:00 ] /thinkphpTest/ | INFO: Tag[ view_template ] --START--
[ 2015-03-02T00:33:14+08:00 ] /thinkphpTest/ | INFO: Run LocationTemplate Behavior [ RunTime:0.002588s ]
[ 2015-03-02T00:33:14+08:00 ] /thinkphpTest/ | INFO: Tag[ view_template ] --END-- [ RunTime:0.002725s ]
[ 2015-03-02T00:33:14+08:00 ] /thinkphpTest/ | INFO: Tag[ view_parse ] --START--
[ 2015-03-02T00:33:14+08:00 ] /thinkphpTest/ | NOTIC: [8] Undefined index:  memo 7e4848229090366086cc7eeb3bfc0798.php 第 43 行.
[ 2015-03-02T00:33:14+08:00 ] /thinkphpTest/ | INFO: Run ParseTemplate Behavior [ RunTime:0.018979s ]
[ 2015-03-02T00:33:14+08:00 ] /thinkphpTest/ | INFO: Tag[ view_parse ] --END-- [ RunTime:0.019049s ]
[ 2015-03-02T00:33:14+08:00 ] /thinkphpTest/ | INFO: Tag[ view_filter ] --START--
[ 2015-03-02T00:33:14+08:00 ] /thinkphpTest/ | INFO: Run ContentReplace Behavior [ RunTime:0.001190s ]
[ 2015-03-02T00:33:14+08:00 ] /thinkphpTest/ | INFO: Run TokenBuild Behavior [ RunTime:0.001166s ]
[ 2015-03-02T00:33:14+08:00 ] /thinkphpTest/ | INFO: Run WriteHtmlCache Behavior [ RunTime:0.001037s ]
[ 2015-03-02T00:33:14+08:00 ] /thinkphpTest/ | INFO: Run ShowRuntime Behavior [ RunTime:0.001207s ]
[ 2015-03-02T00:33:14+08:00 ] /thinkphpTest/ | INFO: Tag[ view_filter ] --END-- [ RunTime:0.004758s ]
[ 2015-03-02T00:33:14+08:00 ] /thinkphpTest/ | INFO: Tag[ view_end ] --START--
[ 2015-03-02T00:33:14+08:00 ] /thinkphpTest/ | INFO: Run ShowPageTrace Behavior [ RunTime:0.001199s ]
[ 2015-03-02T00:33:14+08:00 ] /thinkphpTest/ | INFO: Tag[ view_end ] --END-- [ RunTime:0.001256s ]
[ 2015-03-02T00:33:15+08:00 ] /thinkphpTest/Index/index | INFO: Tag[ route_check ] --START--
[ 2015-03-02T00:33:15+08:00 ] /thinkphpTest/Index/index | INFO: Run CheckRoute Behavior [ RunTime:0.002105s ]
[ 2015-03-02T00:33:15+08:00 ] /thinkphpTest/Index/index | INFO: Tag[ route_check ] --END-- [ RunTime:0.002257s ]
[ 2015-03-02T00:33:15+08:00 ] /thinkphpTest/Index/index | INFO: Tag[ app_begin ] --START--
[ 2015-03-02T00:33:15+08:00 ] /thinkphpTest/Index/index | INFO: Run ReadHtmlCache Behavior [ RunTime:0.001723s ]
[ 2015-03-02T00:33:15+08:00 ] /thinkphpTest/Index/index | INFO: Tag[ app_begin ] --END-- [ RunTime:0.001803s ]
[ 2015-03-02T00:33:15+08:00 ] /thinkphpTest/Index/index | NOTIC: [8] Undefined index:  customer_user BaseAction.class.php 第 7 行.
[ 2015-03-02T00:33:15+08:00 ] /thinkphpTest/Index/index | SQL: SHOW COLUMNS FROM `think_article` [ RunTime:0.008168s ]
[ 2015-03-02T00:33:15+08:00 ] /thinkphpTest/Index/index | SQL: SELECT COUNT(*) AS tp_count FROM `think_article` WHERE isSubmitted=1 LIMIT 1   [ RunTime:0.005551s ]
[ 2015-03-02T00:33:15+08:00 ] /thinkphpTest/Index/index | SQL: SELECT * FROM `think_article` LEFT JOIN think_category on think_article.categoryId=think_category.categoryId WHERE isSubmitted=1 LIMIT 0,5   [ RunTime:0.000332s ]
[ 2015-03-02T00:33:15+08:00 ] /thinkphpTest/Index/index | NOTIC: [8] Undefined variable: next_link_cate IndexAction.class.php 第 28 行.
[ 2015-03-02T00:33:15+08:00 ] /thinkphpTest/Index/index | SQL: SHOW COLUMNS FROM `think_category` [ RunTime:0.002631s ]
[ 2015-03-02T00:33:15+08:00 ] /thinkphpTest/Index/index | SQL: SELECT * FROM `think_category`  [ RunTime:0.002923s ]
[ 2015-03-02T00:33:15+08:00 ] /thinkphpTest/Index/index | INFO: Tag[ view_template ] --START--
[ 2015-03-02T00:33:15+08:00 ] /thinkphpTest/Index/index | INFO: Run LocationTemplate Behavior [ RunTime:0.002414s ]
[ 2015-03-02T00:33:15+08:00 ] /thinkphpTest/Index/index | INFO: Tag[ view_template ] --END-- [ RunTime:0.002552s ]
[ 2015-03-02T00:33:15+08:00 ] /thinkphpTest/Index/index | INFO: Tag[ view_parse ] --START--
[ 2015-03-02T00:33:15+08:00 ] /thinkphpTest/Index/index | NOTIC: [8] Undefined index:  memo 7e4848229090366086cc7eeb3bfc0798.php 第 43 行.
[ 2015-03-02T00:33:15+08:00 ] /thinkphpTest/Index/index | INFO: Run ParseTemplate Behavior [ RunTime:0.024436s ]
[ 2015-03-02T00:33:15+08:00 ] /thinkphpTest/Index/index | INFO: Tag[ view_parse ] --END-- [ RunTime:0.024540s ]
[ 2015-03-02T00:33:15+08:00 ] /thinkphpTest/Index/index | INFO: Tag[ view_filter ] --START--
[ 2015-03-02T00:33:15+08:00 ] /thinkphpTest/Index/index | INFO: Run ContentReplace Behavior [ RunTime:0.001236s ]
[ 2015-03-02T00:33:15+08:00 ] /thinkphpTest/Index/index | INFO: Run TokenBuild Behavior [ RunTime:0.001330s ]
[ 2015-03-02T00:33:15+08:00 ] /thinkphpTest/Index/index | INFO: Run WriteHtmlCache Behavior [ RunTime:0.001049s ]
[ 2015-03-02T00:33:15+08:00 ] /thinkphpTest/Index/index | INFO: Run ShowRuntime Behavior [ RunTime:0.001293s ]
[ 2015-03-02T00:33:15+08:00 ] /thinkphpTest/Index/index | INFO: Tag[ view_filter ] --END-- [ RunTime:0.005099s ]
[ 2015-03-02T00:33:15+08:00 ] /thinkphpTest/Index/index | INFO: Tag[ view_end ] --START--
[ 2015-03-02T00:33:15+08:00 ] /thinkphpTest/Index/index | INFO: Run ShowPageTrace Behavior [ RunTime:0.002079s ]
[ 2015-03-02T00:33:15+08:00 ] /thinkphpTest/Index/index | INFO: Tag[ view_end ] --END-- [ RunTime:0.002326s ]
[ 2015-03-02T00:33:15+08:00 ] /thinkphpTest/Public/Css/home/bootstrap.css.map | ERR: (ThinkException) 无法加载模块Public
[ 2015-03-02T00:33:15+08:00 ] /thinkphpTest/Index/index | INFO: Tag[ route_check ] --START--
[ 2015-03-02T00:33:15+08:00 ] /thinkphpTest/Index/index | INFO: Run CheckRoute Behavior [ RunTime:0.001549s ]
[ 2015-03-02T00:33:15+08:00 ] /thinkphpTest/Index/index | INFO: Tag[ route_check ] --END-- [ RunTime:0.001714s ]
[ 2015-03-02T00:33:15+08:00 ] /thinkphpTest/Index/index | INFO: Tag[ app_begin ] --START--
[ 2015-03-02T00:33:15+08:00 ] /thinkphpTest/Index/index | INFO: Run ReadHtmlCache Behavior [ RunTime:0.001098s ]
[ 2015-03-02T00:33:15+08:00 ] /thinkphpTest/Index/index | INFO: Tag[ app_begin ] --END-- [ RunTime:0.001253s ]
[ 2015-03-02T00:33:15+08:00 ] /thinkphpTest/Index/index | NOTIC: [8] Undefined index:  customer_user BaseAction.class.php 第 7 行.
[ 2015-03-02T00:33:15+08:00 ] /thinkphpTest/Index/index | SQL: SHOW COLUMNS FROM `think_article` [ RunTime:0.061814s ]
[ 2015-03-02T00:33:15+08:00 ] /thinkphpTest/Index/index | SQL: SELECT COUNT(*) AS tp_count FROM `think_article` WHERE isSubmitted=1 LIMIT 1   [ RunTime:0.006343s ]
[ 2015-03-02T00:33:15+08:00 ] /thinkphpTest/Index/index | SQL: SELECT * FROM `think_article` LEFT JOIN think_category on think_article.categoryId=think_category.categoryId WHERE isSubmitted=1 LIMIT 0,5   [ RunTime:0.000733s ]
[ 2015-03-02T00:33:15+08:00 ] /thinkphpTest/Index/index | NOTIC: [8] Undefined variable: next_link_cate IndexAction.class.php 第 28 行.
[ 2015-03-02T00:33:15+08:00 ] /thinkphpTest/Index/index | SQL: SHOW COLUMNS FROM `think_category` [ RunTime:0.004840s ]
[ 2015-03-02T00:33:15+08:00 ] /thinkphpTest/Index/index | SQL: SELECT * FROM `think_category`  [ RunTime:0.002941s ]
[ 2015-03-02T00:33:15+08:00 ] /thinkphpTest/Index/index | INFO: Tag[ view_template ] --START--
[ 2015-03-02T00:33:15+08:00 ] /thinkphpTest/Index/index | INFO: Run LocationTemplate Behavior [ RunTime:0.001851s ]
[ 2015-03-02T00:33:15+08:00 ] /thinkphpTest/Index/index | INFO: Tag[ view_template ] --END-- [ RunTime:0.001915s ]
[ 2015-03-02T00:33:15+08:00 ] /thinkphpTest/Index/index | INFO: Tag[ view_parse ] --START--
[ 2015-03-02T00:33:15+08:00 ] /thinkphpTest/Index/index | NOTIC: [8] Undefined index:  memo 7e4848229090366086cc7eeb3bfc0798.php 第 43 行.
[ 2015-03-02T00:33:15+08:00 ] /thinkphpTest/Index/index | INFO: Run ParseTemplate Behavior [ RunTime:0.016801s ]
[ 2015-03-02T00:33:15+08:00 ] /thinkphpTest/Index/index | INFO: Tag[ view_parse ] --END-- [ RunTime:0.016877s ]
[ 2015-03-02T00:33:15+08:00 ] /thinkphpTest/Index/index | INFO: Tag[ view_filter ] --START--
[ 2015-03-02T00:33:15+08:00 ] /thinkphpTest/Index/index | INFO: Run ContentReplace Behavior [ RunTime:0.000369s ]
[ 2015-03-02T00:33:15+08:00 ] /thinkphpTest/Index/index | INFO: Run TokenBuild Behavior [ RunTime:0.000391s ]
[ 2015-03-02T00:33:15+08:00 ] /thinkphpTest/Index/index | INFO: Run WriteHtmlCache Behavior [ RunTime:0.000210s ]
[ 2015-03-02T00:33:15+08:00 ] /thinkphpTest/Index/index | INFO: Run ShowRuntime Behavior [ RunTime:0.001038s ]
[ 2015-03-02T00:33:15+08:00 ] /thinkphpTest/Index/index | INFO: Tag[ view_filter ] --END-- [ RunTime:0.002157s ]
[ 2015-03-02T00:33:15+08:00 ] /thinkphpTest/Index/index | INFO: Tag[ view_end ] --START--
[ 2015-03-02T00:33:15+08:00 ] /thinkphpTest/Index/index | INFO: Run ShowPageTrace Behavior [ RunTime:0.000376s ]
[ 2015-03-02T00:33:15+08:00 ] /thinkphpTest/Index/index | INFO: Tag[ view_end ] --END-- [ RunTime:0.000430s ]
[ 2015-03-02T00:33:16+08:00 ] /thinkphpTest/Memo/index | INFO: Tag[ route_check ] --START--
[ 2015-03-02T00:33:16+08:00 ] /thinkphpTest/Memo/index | INFO: Run CheckRoute Behavior [ RunTime:0.000943s ]
[ 2015-03-02T00:33:16+08:00 ] /thinkphpTest/Memo/index | INFO: Tag[ route_check ] --END-- [ RunTime:0.001050s ]
[ 2015-03-02T00:33:16+08:00 ] /thinkphpTest/Memo/index | INFO: Tag[ app_begin ] --START--
[ 2015-03-02T00:33:16+08:00 ] /thinkphpTest/Memo/index | INFO: Run ReadHtmlCache Behavior [ RunTime:0.000572s ]
[ 2015-03-02T00:33:16+08:00 ] /thinkphpTest/Memo/index | INFO: Tag[ app_begin ] --END-- [ RunTime:0.000635s ]
[ 2015-03-02T00:33:16+08:00 ] /thinkphpTest/Memo/index | NOTIC: [8] Undefined index:  customer_user BaseAction.class.php 第 7 行.
[ 2015-03-02T00:33:16+08:00 ] /thinkphpTest/Memo/index | SQL: SHOW COLUMNS FROM `think_memo` [ RunTime:0.004792s ]
[ 2015-03-02T00:33:16+08:00 ] /thinkphpTest/Memo/index | SQL: SELECT COUNT(*) AS tp_count FROM `think_memo` LIMIT 1   [ RunTime:0.010951s ]
[ 2015-03-02T00:33:16+08:00 ] /thinkphpTest/Memo/index | SQL: SELECT * FROM `think_memo` LIMIT 0,10   [ RunTime:0.000279s ]
[ 2015-03-02T00:33:16+08:00 ] /thinkphpTest/Memo/index | INFO: Tag[ view_template ] --START--
[ 2015-03-02T00:33:16+08:00 ] /thinkphpTest/Memo/index | INFO: Run LocationTemplate Behavior [ RunTime:0.003234s ]
[ 2015-03-02T00:33:16+08:00 ] /thinkphpTest/Memo/index | INFO: Tag[ view_template ] --END-- [ RunTime:0.003514s ]
[ 2015-03-02T00:33:16+08:00 ] /thinkphpTest/Memo/index | INFO: Tag[ view_parse ] --START--
[ 2015-03-02T00:33:16+08:00 ] /thinkphpTest/Memo/index | NOTIC: [8] Undefined index:  index 2767ff004a369d449bef20cc368e0c28.php 第 44 行.
[ 2015-03-02T00:33:16+08:00 ] /thinkphpTest/Memo/index | INFO: Run ParseTemplate Behavior [ RunTime:0.043668s ]
[ 2015-03-02T00:33:16+08:00 ] /thinkphpTest/Memo/index | INFO: Tag[ view_parse ] --END-- [ RunTime:0.043762s ]
[ 2015-03-02T00:33:16+08:00 ] /thinkphpTest/Memo/index | INFO: Tag[ view_filter ] --START--
[ 2015-03-02T00:33:16+08:00 ] /thinkphpTest/Memo/index | INFO: Run ContentReplace Behavior [ RunTime:0.000383s ]
[ 2015-03-02T00:33:16+08:00 ] /thinkphpTest/Memo/index | INFO: Run TokenBuild Behavior [ RunTime:0.000382s ]
[ 2015-03-02T00:33:16+08:00 ] /thinkphpTest/Memo/index | INFO: Run WriteHtmlCache Behavior [ RunTime:0.000269s ]
[ 2015-03-02T00:33:16+08:00 ] /thinkphpTest/Memo/index | INFO: Run ShowRuntime Behavior [ RunTime:0.001532s ]
[ 2015-03-02T00:33:16+08:00 ] /thinkphpTest/Memo/index | INFO: Tag[ view_filter ] --END-- [ RunTime:0.002781s ]
[ 2015-03-02T00:33:16+08:00 ] /thinkphpTest/Memo/index | INFO: Tag[ view_end ] --START--
[ 2015-03-02T00:33:16+08:00 ] /thinkphpTest/Memo/index | INFO: Run ShowPageTrace Behavior [ RunTime:0.000630s ]
[ 2015-03-02T00:33:16+08:00 ] /thinkphpTest/Memo/index | INFO: Tag[ view_end ] --END-- [ RunTime:0.000725s ]
[ 2015-03-02T00:33:16+08:00 ] /thinkphpTest/Public/Css/home/bootstrap.css.map | ERR: (ThinkException) 无法加载模块Public
[ 2015-03-02T00:33:16+08:00 ] /thinkphpTest/Memo/index | INFO: Tag[ route_check ] --START--
[ 2015-03-02T00:33:16+08:00 ] /thinkphpTest/Memo/index | INFO: Run CheckRoute Behavior [ RunTime:0.002156s ]
[ 2015-03-02T00:33:16+08:00 ] /thinkphpTest/Memo/index | INFO: Tag[ route_check ] --END-- [ RunTime:0.002331s ]
[ 2015-03-02T00:33:16+08:00 ] /thinkphpTest/Memo/index | INFO: Tag[ app_begin ] --START--
[ 2015-03-02T00:33:16+08:00 ] /thinkphpTest/Memo/index | INFO: Run ReadHtmlCache Behavior [ RunTime:0.002701s ]
[ 2015-03-02T00:33:16+08:00 ] /thinkphpTest/Memo/index | INFO: Tag[ app_begin ] --END-- [ RunTime:0.002828s ]
[ 2015-03-02T00:33:16+08:00 ] /thinkphpTest/Memo/index | NOTIC: [8] Undefined index:  customer_user BaseAction.class.php 第 7 行.
[ 2015-03-02T00:33:16+08:00 ] /thinkphpTest/Memo/index | SQL: SHOW COLUMNS FROM `think_memo` [ RunTime:0.006085s ]
[ 2015-03-02T00:33:16+08:00 ] /thinkphpTest/Memo/index | SQL: SELECT COUNT(*) AS tp_count FROM `think_memo` LIMIT 1   [ RunTime:0.008220s ]
[ 2015-03-02T00:33:16+08:00 ] /thinkphpTest/Memo/index | SQL: SELECT * FROM `think_memo` LIMIT 0,10   [ RunTime:0.000293s ]
[ 2015-03-02T00:33:16+08:00 ] /thinkphpTest/Memo/index | INFO: Tag[ view_template ] --START--
[ 2015-03-02T00:33:16+08:00 ] /thinkphpTest/Memo/index | INFO: Run LocationTemplate Behavior [ RunTime:0.003745s ]
[ 2015-03-02T00:33:16+08:00 ] /thinkphpTest/Memo/index | INFO: Tag[ view_template ] --END-- [ RunTime:0.003873s ]
[ 2015-03-02T00:33:16+08:00 ] /thinkphpTest/Memo/index | INFO: Tag[ view_parse ] --START--
[ 2015-03-02T00:33:16+08:00 ] /thinkphpTest/Memo/index | NOTIC: [8] Undefined index:  index 2767ff004a369d449bef20cc368e0c28.php 第 44 行.
[ 2015-03-02T00:33:16+08:00 ] /thinkphpTest/Memo/index | INFO: Run ParseTemplate Behavior [ RunTime:0.020792s ]
[ 2015-03-02T00:33:16+08:00 ] /thinkphpTest/Memo/index | INFO: Tag[ view_parse ] --END-- [ RunTime:0.020956s ]
[ 2015-03-02T00:33:16+08:00 ] /thinkphpTest/Memo/index | INFO: Tag[ view_filter ] --START--
[ 2015-03-02T00:33:17+08:00 ] /thinkphpTest/Memo/index | INFO: Run ContentReplace Behavior [ RunTime:0.003866s ]
[ 2015-03-02T00:33:17+08:00 ] /thinkphpTest/Memo/index | INFO: Run TokenBuild Behavior [ RunTime:0.002443s ]
[ 2015-03-02T00:33:17+08:00 ] /thinkphpTest/Memo/index | INFO: Run WriteHtmlCache Behavior [ RunTime:0.001468s ]
[ 2015-03-02T00:33:17+08:00 ] /thinkphpTest/Memo/index | INFO: Run ShowRuntime Behavior [ RunTime:0.001557s ]
[ 2015-03-02T00:33:17+08:00 ] /thinkphpTest/Memo/index | INFO: Tag[ view_filter ] --END-- [ RunTime:0.009819s ]
[ 2015-03-02T00:33:17+08:00 ] /thinkphpTest/Memo/index | INFO: Tag[ view_end ] --START--
[ 2015-03-02T00:33:17+08:00 ] /thinkphpTest/Memo/index | INFO: Run ShowPageTrace Behavior [ RunTime:0.001273s ]
[ 2015-03-02T00:33:17+08:00 ] /thinkphpTest/Memo/index | INFO: Tag[ view_end ] --END-- [ RunTime:0.001333s ]
[ 2015-03-02T00:33:30+08:00 ] /thinkphpTest/Login/index | INFO: Tag[ route_check ] --START--
[ 2015-03-02T00:33:30+08:00 ] /thinkphpTest/Login/index | INFO: Run CheckRoute Behavior [ RunTime:0.002333s ]
[ 2015-03-02T00:33:30+08:00 ] /thinkphpTest/Login/index | INFO: Tag[ route_check ] --END-- [ RunTime:0.002559s ]
[ 2015-03-02T00:33:30+08:00 ] /thinkphpTest/Login/index | INFO: Tag[ app_begin ] --START--
[ 2015-03-02T00:33:30+08:00 ] /thinkphpTest/Login/index | INFO: Run ReadHtmlCache Behavior [ RunTime:0.001330s ]
[ 2015-03-02T00:33:30+08:00 ] /thinkphpTest/Login/index | INFO: Tag[ app_begin ] --END-- [ RunTime:0.001388s ]
[ 2015-03-02T00:33:30+08:00 ] /thinkphpTest/Login/index | INFO: Tag[ view_template ] --START--
[ 2015-03-02T00:33:30+08:00 ] /thinkphpTest/Login/index | INFO: Run LocationTemplate Behavior [ RunTime:0.002034s ]
[ 2015-03-02T00:33:30+08:00 ] /thinkphpTest/Login/index | INFO: Tag[ view_template ] --END-- [ RunTime:0.002157s ]
[ 2015-03-02T00:33:30+08:00 ] /thinkphpTest/Login/index | INFO: Tag[ view_parse ] --START--
[ 2015-03-02T00:33:30+08:00 ] /thinkphpTest/Login/index | INFO: Run ParseTemplate Behavior [ RunTime:0.016334s ]
[ 2015-03-02T00:33:30+08:00 ] /thinkphpTest/Login/index | INFO: Tag[ view_parse ] --END-- [ RunTime:0.016418s ]
[ 2015-03-02T00:33:30+08:00 ] /thinkphpTest/Login/index | INFO: Tag[ view_filter ] --START--
[ 2015-03-02T00:33:30+08:00 ] /thinkphpTest/Login/index | INFO: Run ContentReplace Behavior [ RunTime:0.001230s ]
[ 2015-03-02T00:33:30+08:00 ] /thinkphpTest/Login/index | INFO: Run TokenBuild Behavior [ RunTime:0.001240s ]
[ 2015-03-02T00:33:30+08:00 ] /thinkphpTest/Login/index | INFO: Run WriteHtmlCache Behavior [ RunTime:0.001625s ]
[ 2015-03-02T00:33:30+08:00 ] /thinkphpTest/Login/index | INFO: Run ShowRuntime Behavior [ RunTime:0.002038s ]
[ 2015-03-02T00:33:30+08:00 ] /thinkphpTest/Login/index | INFO: Tag[ view_filter ] --END-- [ RunTime:0.006431s ]
[ 2015-03-02T00:33:30+08:00 ] /thinkphpTest/Login/index | INFO: Tag[ view_end ] --START--
[ 2015-03-02T00:33:30+08:00 ] /thinkphpTest/Login/index | INFO: Run ShowPageTrace Behavior [ RunTime:0.001405s ]
[ 2015-03-02T00:33:30+08:00 ] /thinkphpTest/Login/index | INFO: Tag[ view_end ] --END-- [ RunTime:0.001465s ]
[ 2015-03-02T00:33:30+08:00 ] /thinkphpTest/Login/index | INFO: Tag[ route_check ] --START--
[ 2015-03-02T00:33:30+08:00 ] /thinkphpTest/Login/index | INFO: Run CheckRoute Behavior [ RunTime:0.001349s ]
[ 2015-03-02T00:33:30+08:00 ] /thinkphpTest/Login/index | INFO: Tag[ route_check ] --END-- [ RunTime:0.001451s ]
[ 2015-03-02T00:33:30+08:00 ] /thinkphpTest/Login/index | INFO: Tag[ app_begin ] --START--
[ 2015-03-02T00:33:30+08:00 ] /thinkphpTest/Login/index | INFO: Run ReadHtmlCache Behavior [ RunTime:0.001597s ]
[ 2015-03-02T00:33:30+08:00 ] /thinkphpTest/Login/index | INFO: Tag[ app_begin ] --END-- [ RunTime:0.001832s ]
[ 2015-03-02T00:33:30+08:00 ] /thinkphpTest/Login/index | INFO: Tag[ view_template ] --START--
[ 2015-03-02T00:33:30+08:00 ] /thinkphpTest/Login/index | INFO: Run LocationTemplate Behavior [ RunTime:0.001918s ]
[ 2015-03-02T00:33:30+08:00 ] /thinkphpTest/Login/index | INFO: Tag[ view_template ] --END-- [ RunTime:0.001996s ]
[ 2015-03-02T00:33:30+08:00 ] /thinkphpTest/Login/index | INFO: Tag[ view_parse ] --START--
[ 2015-03-02T00:33:30+08:00 ] /thinkphpTest/Login/index | INFO: Run ParseTemplate Behavior [ RunTime:0.014047s ]
[ 2015-03-02T00:33:30+08:00 ] /thinkphpTest/Login/index | INFO: Tag[ view_parse ] --END-- [ RunTime:0.014167s ]
[ 2015-03-02T00:33:30+08:00 ] /thinkphpTest/Login/index | INFO: Tag[ view_filter ] --START--
[ 2015-03-02T00:33:30+08:00 ] /thinkphpTest/Login/index | INFO: Run ContentReplace Behavior [ RunTime:0.001254s ]
[ 2015-03-02T00:33:30+08:00 ] /thinkphpTest/Login/index | INFO: Run TokenBuild Behavior [ RunTime:0.001197s ]
[ 2015-03-02T00:33:30+08:00 ] /thinkphpTest/Login/index | INFO: Run WriteHtmlCache Behavior [ RunTime:0.001037s ]
[ 2015-03-02T00:33:30+08:00 ] /thinkphpTest/Login/index | INFO: Run ShowRuntime Behavior [ RunTime:0.001208s ]
[ 2015-03-02T00:33:30+08:00 ] /thinkphpTest/Login/index | INFO: Tag[ view_filter ] --END-- [ RunTime:0.004869s ]
[ 2015-03-02T00:33:30+08:00 ] /thinkphpTest/Login/index | INFO: Tag[ view_end ] --START--
[ 2015-03-02T00:33:30+08:00 ] /thinkphpTest/Login/index | INFO: Run ShowPageTrace Behavior [ RunTime:0.001227s ]
[ 2015-03-02T00:33:30+08:00 ] /thinkphpTest/Login/index | INFO: Tag[ view_end ] --END-- [ RunTime:0.001280s ]
[ 2015-03-02T00:33:33+08:00 ] /thinkphpTest/Login/register | INFO: Tag[ route_check ] --START--
[ 2015-03-02T00:33:33+08:00 ] /thinkphpTest/Login/register | INFO: Run CheckRoute Behavior [ RunTime:0.001321s ]
[ 2015-03-02T00:33:33+08:00 ] /thinkphpTest/Login/register | INFO: Tag[ route_check ] --END-- [ RunTime:0.001415s ]
[ 2015-03-02T00:33:33+08:00 ] /thinkphpTest/Login/register | INFO: Tag[ app_begin ] --START--
[ 2015-03-02T00:33:33+08:00 ] /thinkphpTest/Login/register | INFO: Run ReadHtmlCache Behavior [ RunTime:0.001228s ]
[ 2015-03-02T00:33:33+08:00 ] /thinkphpTest/Login/register | INFO: Tag[ app_begin ] --END-- [ RunTime:0.001280s ]
[ 2015-03-02T00:33:33+08:00 ] /thinkphpTest/Login/register | INFO: Tag[ view_template ] --START--
[ 2015-03-02T00:33:33+08:00 ] /thinkphpTest/Login/register | INFO: Run LocationTemplate Behavior [ RunTime:0.003246s ]
[ 2015-03-02T00:33:33+08:00 ] /thinkphpTest/Login/register | INFO: Tag[ view_template ] --END-- [ RunTime:0.003466s ]
[ 2015-03-02T00:33:33+08:00 ] /thinkphpTest/Login/register | INFO: Tag[ view_parse ] --START--
[ 2015-03-02T00:33:33+08:00 ] /thinkphpTest/Login/register | INFO: Run ParseTemplate Behavior [ RunTime:0.016692s ]
[ 2015-03-02T00:33:33+08:00 ] /thinkphpTest/Login/register | INFO: Tag[ view_parse ] --END-- [ RunTime:0.016776s ]
[ 2015-03-02T00:33:33+08:00 ] /thinkphpTest/Login/register | INFO: Tag[ view_filter ] --START--
[ 2015-03-02T00:33:33+08:00 ] /thinkphpTest/Login/register | INFO: Run ContentReplace Behavior [ RunTime:0.001430s ]
[ 2015-03-02T00:33:33+08:00 ] /thinkphpTest/Login/register | INFO: Run TokenBuild Behavior [ RunTime:0.003834s ]
[ 2015-03-02T00:33:33+08:00 ] /thinkphpTest/Login/register | INFO: Run WriteHtmlCache Behavior [ RunTime:0.001089s ]
[ 2015-03-02T00:33:33+08:00 ] /thinkphpTest/Login/register | INFO: Run ShowRuntime Behavior [ RunTime:0.001311s ]
[ 2015-03-02T00:33:33+08:00 ] /thinkphpTest/Login/register | INFO: Tag[ view_filter ] --END-- [ RunTime:0.007892s ]
[ 2015-03-02T00:33:33+08:00 ] /thinkphpTest/Login/register | INFO: Tag[ view_end ] --START--
[ 2015-03-02T00:33:33+08:00 ] /thinkphpTest/Login/register | INFO: Run ShowPageTrace Behavior [ RunTime:0.001382s ]
[ 2015-03-02T00:33:33+08:00 ] /thinkphpTest/Login/register | INFO: Tag[ view_end ] --END-- [ RunTime:0.001438s ]
[ 2015-03-02T00:33:33+08:00 ] /thinkphpTest/Login/register | INFO: Tag[ route_check ] --START--
[ 2015-03-02T00:33:33+08:00 ] /thinkphpTest/Login/register | INFO: Run CheckRoute Behavior [ RunTime:0.001427s ]
[ 2015-03-02T00:33:33+08:00 ] /thinkphpTest/Login/register | INFO: Tag[ route_check ] --END-- [ RunTime:0.001540s ]
[ 2015-03-02T00:33:33+08:00 ] /thinkphpTest/Login/register | INFO: Tag[ app_begin ] --START--
[ 2015-03-02T00:33:33+08:00 ] /thinkphpTest/Login/register | INFO: Run ReadHtmlCache Behavior [ RunTime:0.001484s ]
[ 2015-03-02T00:33:33+08:00 ] /thinkphpTest/Login/register | INFO: Tag[ app_begin ] --END-- [ RunTime:0.001555s ]
[ 2015-03-02T00:33:33+08:00 ] /thinkphpTest/Login/register | INFO: Tag[ view_template ] --START--
[ 2015-03-02T00:33:33+08:00 ] /thinkphpTest/Login/register | INFO: Run LocationTemplate Behavior [ RunTime:0.002868s ]
[ 2015-03-02T00:33:33+08:00 ] /thinkphpTest/Login/register | INFO: Tag[ view_template ] --END-- [ RunTime:0.002996s ]
[ 2015-03-02T00:33:33+08:00 ] /thinkphpTest/Login/register | INFO: Tag[ view_parse ] --START--
[ 2015-03-02T00:33:33+08:00 ] /thinkphpTest/Login/register | INFO: Run ParseTemplate Behavior [ RunTime:0.014175s ]
[ 2015-03-02T00:33:33+08:00 ] /thinkphpTest/Login/register | INFO: Tag[ view_parse ] --END-- [ RunTime:0.014268s ]
[ 2015-03-02T00:33:33+08:00 ] /thinkphpTest/Login/register | INFO: Tag[ view_filter ] --START--
[ 2015-03-02T00:33:33+08:00 ] /thinkphpTest/Login/register | INFO: Run ContentReplace Behavior [ RunTime:0.001151s ]
[ 2015-03-02T00:33:33+08:00 ] /thinkphpTest/Login/register | INFO: Run TokenBuild Behavior [ RunTime:0.001164s ]
[ 2015-03-02T00:33:33+08:00 ] /thinkphpTest/Login/register | INFO: Run WriteHtmlCache Behavior [ RunTime:0.000990s ]
[ 2015-03-02T00:33:33+08:00 ] /thinkphpTest/Login/register | INFO: Run ShowRuntime Behavior [ RunTime:0.001146s ]
[ 2015-03-02T00:33:33+08:00 ] /thinkphpTest/Login/register | INFO: Tag[ view_filter ] --END-- [ RunTime:0.004601s ]
[ 2015-03-02T00:33:33+08:00 ] /thinkphpTest/Login/register | INFO: Tag[ view_end ] --START--
[ 2015-03-02T00:33:33+08:00 ] /thinkphpTest/Login/register | INFO: Run ShowPageTrace Behavior [ RunTime:0.001197s ]
[ 2015-03-02T00:33:33+08:00 ] /thinkphpTest/Login/register | INFO: Tag[ view_end ] --END-- [ RunTime:0.001250s ]
[ 2015-03-02T00:33:39+08:00 ] /thinkphpTest/Login/createCode?code=2798 | INFO: Tag[ route_check ] --START--
[ 2015-03-02T00:33:39+08:00 ] /thinkphpTest/Login/createCode?code=2798 | INFO: Run CheckRoute Behavior [ RunTime:0.000796s ]
[ 2015-03-02T00:33:39+08:00 ] /thinkphpTest/Login/createCode?code=2798 | INFO: Tag[ route_check ] --END-- [ RunTime:0.000893s ]
[ 2015-03-02T00:33:39+08:00 ] /thinkphpTest/Login/createCode?code=2798 | INFO: Tag[ app_begin ] --START--
[ 2015-03-02T00:33:39+08:00 ] /thinkphpTest/Login/createCode?code=2798 | INFO: Run ReadHtmlCache Behavior [ RunTime:0.000478s ]
[ 2015-03-02T00:33:39+08:00 ] /thinkphpTest/Login/createCode?code=2798 | INFO: Tag[ app_begin ] --END-- [ RunTime:0.000531s ]
[ 2015-03-02T00:33:44+08:00 ] /thinkphpTest/Login/index | INFO: Tag[ route_check ] --START--
[ 2015-03-02T00:33:44+08:00 ] /thinkphpTest/Login/index | INFO: Run CheckRoute Behavior [ RunTime:0.000818s ]
[ 2015-03-02T00:33:44+08:00 ] /thinkphpTest/Login/index | INFO: Tag[ route_check ] --END-- [ RunTime:0.000911s ]
[ 2015-03-02T00:33:44+08:00 ] /thinkphpTest/Login/index | INFO: Tag[ app_begin ] --START--
[ 2015-03-02T00:33:44+08:00 ] /thinkphpTest/Login/index | INFO: Run ReadHtmlCache Behavior [ RunTime:0.000518s ]
[ 2015-03-02T00:33:44+08:00 ] /thinkphpTest/Login/index | INFO: Tag[ app_begin ] --END-- [ RunTime:0.000582s ]
[ 2015-03-02T00:33:44+08:00 ] /thinkphpTest/Login/index | INFO: Tag[ view_template ] --START--
[ 2015-03-02T00:33:44+08:00 ] /thinkphpTest/Login/index | INFO: Run LocationTemplate Behavior [ RunTime:0.001573s ]
[ 2015-03-02T00:33:44+08:00 ] /thinkphpTest/Login/index | INFO: Tag[ view_template ] --END-- [ RunTime:0.001637s ]
[ 2015-03-02T00:33:44+08:00 ] /thinkphpTest/Login/index | INFO: Tag[ view_parse ] --START--
[ 2015-03-02T00:33:44+08:00 ] /thinkphpTest/Login/index | INFO: Run ParseTemplate Behavior [ RunTime:0.011677s ]
[ 2015-03-02T00:33:44+08:00 ] /thinkphpTest/Login/index | INFO: Tag[ view_parse ] --END-- [ RunTime:0.011758s ]
[ 2015-03-02T00:33:44+08:00 ] /thinkphpTest/Login/index | INFO: Tag[ view_filter ] --START--
[ 2015-03-02T00:33:44+08:00 ] /thinkphpTest/Login/index | INFO: Run ContentReplace Behavior [ RunTime:0.000440s ]
[ 2015-03-02T00:33:44+08:00 ] /thinkphpTest/Login/index | INFO: Run TokenBuild Behavior [ RunTime:0.000432s ]
[ 2015-03-02T00:33:44+08:00 ] /thinkphpTest/Login/index | INFO: Run WriteHtmlCache Behavior [ RunTime:0.000249s ]
[ 2015-03-02T00:33:44+08:00 ] /thinkphpTest/Login/index | INFO: Run ShowRuntime Behavior [ RunTime:0.001102s ]
[ 2015-03-02T00:33:44+08:00 ] /thinkphpTest/Login/index | INFO: Tag[ view_filter ] --END-- [ RunTime:0.002386s ]
[ 2015-03-02T00:33:44+08:00 ] /thinkphpTest/Login/index | INFO: Tag[ view_end ] --START--
[ 2015-03-02T00:33:44+08:00 ] /thinkphpTest/Login/index | INFO: Run ShowPageTrace Behavior [ RunTime:0.000467s ]
[ 2015-03-02T00:33:44+08:00 ] /thinkphpTest/Login/index | INFO: Tag[ view_end ] --END-- [ RunTime:0.000520s ]
[ 2015-03-02T00:33:44+08:00 ] /thinkphpTest/Login/index | INFO: Tag[ route_check ] --START--
[ 2015-03-02T00:33:44+08:00 ] /thinkphpTest/Login/index | INFO: Run CheckRoute Behavior [ RunTime:0.002167s ]
[ 2015-03-02T00:33:44+08:00 ] /thinkphpTest/Login/index | INFO: Tag[ route_check ] --END-- [ RunTime:0.002486s ]
[ 2015-03-02T00:33:44+08:00 ] /thinkphpTest/Login/index | INFO: Tag[ app_begin ] --START--
[ 2015-03-02T00:33:44+08:00 ] /thinkphpTest/Login/index | INFO: Run ReadHtmlCache Behavior [ RunTime:0.000898s ]
[ 2015-03-02T00:33:44+08:00 ] /thinkphpTest/Login/index | INFO: Tag[ app_begin ] --END-- [ RunTime:0.001016s ]
[ 2015-03-02T00:33:44+08:00 ] /thinkphpTest/Login/index | INFO: Tag[ view_template ] --START--
[ 2015-03-02T00:33:44+08:00 ] /thinkphpTest/Login/index | INFO: Run LocationTemplate Behavior [ RunTime:0.001457s ]
[ 2015-03-02T00:33:44+08:00 ] /thinkphpTest/Login/index | INFO: Tag[ view_template ] --END-- [ RunTime:0.001549s ]
[ 2015-03-02T00:33:44+08:00 ] /thinkphpTest/Login/index | INFO: Tag[ view_parse ] --START--
[ 2015-03-02T00:33:44+08:00 ] /thinkphpTest/Login/index | INFO: Run ParseTemplate Behavior [ RunTime:0.012078s ]
[ 2015-03-02T00:33:44+08:00 ] /thinkphpTest/Login/index | INFO: Tag[ view_parse ] --END-- [ RunTime:0.012171s ]
[ 2015-03-02T00:33:44+08:00 ] /thinkphpTest/Login/index | INFO: Tag[ view_filter ] --START--
[ 2015-03-02T00:33:44+08:00 ] /thinkphpTest/Login/index | INFO: Run ContentReplace Behavior [ RunTime:0.000348s ]
[ 2015-03-02T00:33:44+08:00 ] /thinkphpTest/Login/index | INFO: Run TokenBuild Behavior [ RunTime:0.000374s ]
[ 2015-03-02T00:33:44+08:00 ] /thinkphpTest/Login/index | INFO: Run WriteHtmlCache Behavior [ RunTime:0.000211s ]
[ 2015-03-02T00:33:44+08:00 ] /thinkphpTest/Login/index | INFO: Run ShowRuntime Behavior [ RunTime:0.001025s ]
[ 2015-03-02T00:33:44+08:00 ] /thinkphpTest/Login/index | INFO: Tag[ view_filter ] --END-- [ RunTime:0.002111s ]
[ 2015-03-02T00:33:44+08:00 ] /thinkphpTest/Login/index | INFO: Tag[ view_end ] --START--
[ 2015-03-02T00:33:44+08:00 ] /thinkphpTest/Login/index | INFO: Run ShowPageTrace Behavior [ RunTime:0.000378s ]
[ 2015-03-02T00:33:44+08:00 ] /thinkphpTest/Login/index | INFO: Tag[ view_end ] --END-- [ RunTime:0.000430s ]
[ 2015-03-02T00:33:45+08:00 ] /thinkphpTest/index.php/Login/createCode?code=a5b3 | INFO: Tag[ route_check ] --START--
[ 2015-03-02T00:33:45+08:00 ] /thinkphpTest/index.php/Login/createCode?code=a5b3 | INFO: Run CheckRoute Behavior [ RunTime:0.001052s ]
[ 2015-03-02T00:33:45+08:00 ] /thinkphpTest/index.php/Login/createCode?code=a5b3 | INFO: Tag[ route_check ] --END-- [ RunTime:0.001147s ]
[ 2015-03-02T00:33:45+08:00 ] /thinkphpTest/index.php/Login/createCode?code=a5b3 | INFO: Tag[ app_begin ] --START--
[ 2015-03-02T00:33:45+08:00 ] /thinkphpTest/index.php/Login/createCode?code=a5b3 | INFO: Run ReadHtmlCache Behavior [ RunTime:0.000668s ]
[ 2015-03-02T00:33:45+08:00 ] /thinkphpTest/index.php/Login/createCode?code=a5b3 | INFO: Tag[ app_begin ] --END-- [ RunTime:0.000722s ]
[ 2015-03-02T00:34:22+08:00 ] /thinkphpTest/Login/index | INFO: Tag[ route_check ] --START--
[ 2015-03-02T00:34:22+08:00 ] /thinkphpTest/Login/index | INFO: Run CheckRoute Behavior [ RunTime:0.001396s ]
[ 2015-03-02T00:34:22+08:00 ] /thinkphpTest/Login/index | INFO: Tag[ route_check ] --END-- [ RunTime:0.001507s ]
[ 2015-03-02T00:34:22+08:00 ] /thinkphpTest/Login/index | INFO: Tag[ app_begin ] --START--
[ 2015-03-02T00:34:22+08:00 ] /thinkphpTest/Login/index | INFO: Run ReadHtmlCache Behavior [ RunTime:0.001342s ]
[ 2015-03-02T00:34:22+08:00 ] /thinkphpTest/Login/index | INFO: Tag[ app_begin ] --END-- [ RunTime:0.001405s ]
[ 2015-03-02T00:34:22+08:00 ] /thinkphpTest/Login/index | INFO: Tag[ view_template ] --START--
[ 2015-03-02T00:34:22+08:00 ] /thinkphpTest/Login/index | INFO: Run LocationTemplate Behavior [ RunTime:0.003836s ]
[ 2015-03-02T00:34:22+08:00 ] /thinkphpTest/Login/index | INFO: Tag[ view_template ] --END-- [ RunTime:0.004151s ]
[ 2015-03-02T00:34:22+08:00 ] /thinkphpTest/Login/index | INFO: Tag[ view_parse ] --START--
[ 2015-03-02T00:34:22+08:00 ] /thinkphpTest/Login/index | INFO: Run ParseTemplate Behavior [ RunTime:0.019342s ]
[ 2015-03-02T00:34:22+08:00 ] /thinkphpTest/Login/index | INFO: Tag[ view_parse ] --END-- [ RunTime:0.019484s ]
[ 2015-03-02T00:34:22+08:00 ] /thinkphpTest/Login/index | INFO: Tag[ view_filter ] --START--
[ 2015-03-02T00:34:22+08:00 ] /thinkphpTest/Login/index | INFO: Run ContentReplace Behavior [ RunTime:0.001797s ]
[ 2015-03-02T00:34:22+08:00 ] /thinkphpTest/Login/index | INFO: Run TokenBuild Behavior [ RunTime:0.001640s ]
[ 2015-03-02T00:34:22+08:00 ] /thinkphpTest/Login/index | INFO: Run WriteHtmlCache Behavior [ RunTime:0.001062s ]
[ 2015-03-02T00:34:22+08:00 ] /thinkphpTest/Login/index | INFO: Run ShowRuntime Behavior [ RunTime:0.001250s ]
[ 2015-03-02T00:34:22+08:00 ] /thinkphpTest/Login/index | INFO: Tag[ view_filter ] --END-- [ RunTime:0.006000s ]
[ 2015-03-02T00:34:22+08:00 ] /thinkphpTest/Login/index | INFO: Tag[ view_end ] --START--
[ 2015-03-02T00:34:22+08:00 ] /thinkphpTest/Login/index | INFO: Run ShowPageTrace Behavior [ RunTime:0.001418s ]
[ 2015-03-02T00:34:22+08:00 ] /thinkphpTest/Login/index | INFO: Tag[ view_end ] --END-- [ RunTime:0.001474s ]
[ 2015-03-02T00:34:22+08:00 ] /thinkphpTest/Login/index | INFO: Tag[ route_check ] --START--
[ 2015-03-02T00:34:22+08:00 ] /thinkphpTest/Login/index | INFO: Run CheckRoute Behavior [ RunTime:0.002768s ]
[ 2015-03-02T00:34:22+08:00 ] /thinkphpTest/Login/index | INFO: Tag[ route_check ] --END-- [ RunTime:0.003392s ]
[ 2015-03-02T00:34:22+08:00 ] /thinkphpTest/Login/index | INFO: Tag[ app_begin ] --START--
[ 2015-03-02T00:34:22+08:00 ] /thinkphpTest/Login/index | INFO: Run ReadHtmlCache Behavior [ RunTime:0.001143s ]
[ 2015-03-02T00:34:22+08:00 ] /thinkphpTest/Login/index | INFO: Tag[ app_begin ] --END-- [ RunTime:0.001309s ]
[ 2015-03-02T00:34:22+08:00 ] /thinkphpTest/Login/index | INFO: Tag[ view_template ] --START--
[ 2015-03-02T00:34:22+08:00 ] /thinkphpTest/Login/index | INFO: Run LocationTemplate Behavior [ RunTime:0.001966s ]
[ 2015-03-02T00:34:22+08:00 ] /thinkphpTest/Login/index | INFO: Tag[ view_template ] --END-- [ RunTime:0.002096s ]
[ 2015-03-02T00:34:22+08:00 ] /thinkphpTest/Login/index | INFO: Tag[ view_parse ] --START--
[ 2015-03-02T00:34:22+08:00 ] /thinkphpTest/Login/index | INFO: Run ParseTemplate Behavior [ RunTime:0.012523s ]
[ 2015-03-02T00:34:22+08:00 ] /thinkphpTest/Login/index | INFO: Tag[ view_parse ] --END-- [ RunTime:0.012626s ]
[ 2015-03-02T00:34:22+08:00 ] /thinkphpTest/Login/index | INFO: Tag[ view_filter ] --START--
[ 2015-03-02T00:34:22+08:00 ] /thinkphpTest/Login/index | INFO: Run ContentReplace Behavior [ RunTime:0.000382s ]
[ 2015-03-02T00:34:22+08:00 ] /thinkphpTest/Login/index | INFO: Run TokenBuild Behavior [ RunTime:0.000428s ]
[ 2015-03-02T00:34:22+08:00 ] /thinkphpTest/Login/index | INFO: Run WriteHtmlCache Behavior [ RunTime:0.000240s ]
[ 2015-03-02T00:34:22+08:00 ] /thinkphpTest/Login/index | INFO: Run ShowRuntime Behavior [ RunTime:0.001066s ]
[ 2015-03-02T00:34:22+08:00 ] /thinkphpTest/Login/index | INFO: Tag[ view_filter ] --END-- [ RunTime:0.002294s ]
[ 2015-03-02T00:34:22+08:00 ] /thinkphpTest/Login/index | INFO: Tag[ view_end ] --START--
[ 2015-03-02T00:34:22+08:00 ] /thinkphpTest/Login/index | INFO: Run ShowPageTrace Behavior [ RunTime:0.000397s ]
[ 2015-03-02T00:34:22+08:00 ] /thinkphpTest/Login/index | INFO: Tag[ view_end ] --END-- [ RunTime:0.000455s ]
[ 2015-03-02T00:34:23+08:00 ] /thinkphpTest/Login/createCode?code=fa48 | INFO: Tag[ route_check ] --START--
[ 2015-03-02T00:34:23+08:00 ] /thinkphpTest/Login/createCode?code=fa48 | INFO: Run CheckRoute Behavior [ RunTime:0.000788s ]
[ 2015-03-02T00:34:23+08:00 ] /thinkphpTest/Login/createCode?code=fa48 | INFO: Tag[ route_check ] --END-- [ RunTime:0.000880s ]
[ 2015-03-02T00:34:23+08:00 ] /thinkphpTest/Login/createCode?code=fa48 | INFO: Tag[ app_begin ] --START--
[ 2015-03-02T00:34:23+08:00 ] /thinkphpTest/Login/createCode?code=fa48 | INFO: Run ReadHtmlCache Behavior [ RunTime:0.000470s ]
[ 2015-03-02T00:34:23+08:00 ] /thinkphpTest/Login/createCode?code=fa48 | INFO: Tag[ app_begin ] --END-- [ RunTime:0.000524s ]
[ 2015-03-02T00:34:23+08:00 ] /thinkphpTest/Login/createCode?code=fa48 | NOTIC: [2] imagettftext() [<a href='function.imagettftext'>function.imagettftext</a>]: Invalid font filename LoginAction.class.php 第 94 行.
[ 2015-03-02T00:34:23+08:00 ] /thinkphpTest/Login/createCode?code=fa48 | NOTIC: [2] imagettftext() [<a href='function.imagettftext'>function.imagettftext</a>]: Invalid font filename LoginAction.class.php 第 94 行.
[ 2015-03-02T00:34:23+08:00 ] /thinkphpTest/Login/createCode?code=fa48 | NOTIC: [2] imagettftext() [<a href='function.imagettftext'>function.imagettftext</a>]: Invalid font filename LoginAction.class.php 第 94 行.
[ 2015-03-02T00:34:23+08:00 ] /thinkphpTest/Login/createCode?code=fa48 | NOTIC: [2] imagettftext() [<a href='function.imagettftext'>function.imagettftext</a>]: Invalid font filename LoginAction.class.php 第 94 行.
[ 2015-03-02T00:35:22+08:00 ] /thinkphpTest/Login/index | INFO: Tag[ route_check ] --START--
[ 2015-03-02T00:35:22+08:00 ] /thinkphpTest/Login/index | INFO: Run CheckRoute Behavior [ RunTime:0.001999s ]
[ 2015-03-02T00:35:22+08:00 ] /thinkphpTest/Login/index | INFO: Tag[ route_check ] --END-- [ RunTime:0.002312s ]
[ 2015-03-02T00:35:22+08:00 ] /thinkphpTest/Login/index | INFO: Tag[ app_begin ] --START--
[ 2015-03-02T00:35:22+08:00 ] /thinkphpTest/Login/index | INFO: Run ReadHtmlCache Behavior [ RunTime:0.000922s ]
[ 2015-03-02T00:35:22+08:00 ] /thinkphpTest/Login/index | INFO: Tag[ app_begin ] --END-- [ RunTime:0.000990s ]
[ 2015-03-02T00:35:22+08:00 ] /thinkphpTest/Login/index | INFO: Tag[ view_template ] --START--
[ 2015-03-02T00:35:22+08:00 ] /thinkphpTest/Login/index | INFO: Run LocationTemplate Behavior [ RunTime:0.001447s ]
[ 2015-03-02T00:35:22+08:00 ] /thinkphpTest/Login/index | INFO: Tag[ view_template ] --END-- [ RunTime:0.001508s ]
[ 2015-03-02T00:35:22+08:00 ] /thinkphpTest/Login/index | INFO: Tag[ view_parse ] --START--
[ 2015-03-02T00:35:22+08:00 ] /thinkphpTest/Login/index | INFO: Run ParseTemplate Behavior [ RunTime:0.011424s ]
[ 2015-03-02T00:35:22+08:00 ] /thinkphpTest/Login/index | INFO: Tag[ view_parse ] --END-- [ RunTime:0.011505s ]
[ 2015-03-02T00:35:22+08:00 ] /thinkphpTest/Login/index | INFO: Tag[ view_filter ] --START--
[ 2015-03-02T00:35:22+08:00 ] /thinkphpTest/Login/index | INFO: Run ContentReplace Behavior [ RunTime:0.000755s ]
[ 2015-03-02T00:35:22+08:00 ] /thinkphpTest/Login/index | INFO: Run TokenBuild Behavior [ RunTime:0.000744s ]
[ 2015-03-02T00:35:22+08:00 ] /thinkphpTest/Login/index | INFO: Run WriteHtmlCache Behavior [ RunTime:0.000634s ]
[ 2015-03-02T00:35:22+08:00 ] /thinkphpTest/Login/index | INFO: Run ShowRuntime Behavior [ RunTime:0.001160s ]
[ 2015-03-02T00:35:22+08:00 ] /thinkphpTest/Login/index | INFO: Tag[ view_filter ] --END-- [ RunTime:0.003447s ]
[ 2015-03-02T00:35:22+08:00 ] /thinkphpTest/Login/index | INFO: Tag[ view_end ] --START--
[ 2015-03-02T00:35:22+08:00 ] /thinkphpTest/Login/index | INFO: Run ShowPageTrace Behavior [ RunTime:0.000788s ]
[ 2015-03-02T00:35:22+08:00 ] /thinkphpTest/Login/index | INFO: Tag[ view_end ] --END-- [ RunTime:0.000841s ]
[ 2015-03-02T00:35:22+08:00 ] /thinkphpTest/Login/index | INFO: Tag[ route_check ] --START--
[ 2015-03-02T00:35:22+08:00 ] /thinkphpTest/Login/index | INFO: Run CheckRoute Behavior [ RunTime:0.001220s ]
[ 2015-03-02T00:35:22+08:00 ] /thinkphpTest/Login/index | INFO: Tag[ route_check ] --END-- [ RunTime:0.001320s ]
[ 2015-03-02T00:35:22+08:00 ] /thinkphpTest/Login/index | INFO: Tag[ app_begin ] --START--
[ 2015-03-02T00:35:22+08:00 ] /thinkphpTest/Login/index | INFO: Run ReadHtmlCache Behavior [ RunTime:0.001332s ]
[ 2015-03-02T00:35:22+08:00 ] /thinkphpTest/Login/index | INFO: Tag[ app_begin ] --END-- [ RunTime:0.001411s ]
[ 2015-03-02T00:35:22+08:00 ] /thinkphpTest/Login/index | INFO: Tag[ view_template ] --START--
[ 2015-03-02T00:35:22+08:00 ] /thinkphpTest/Login/index | INFO: Run LocationTemplate Behavior [ RunTime:0.001894s ]
[ 2015-03-02T00:35:22+08:00 ] /thinkphpTest/Login/index | INFO: Tag[ view_template ] --END-- [ RunTime:0.001965s ]
[ 2015-03-02T00:35:22+08:00 ] /thinkphpTest/Login/index | INFO: Tag[ view_parse ] --START--
[ 2015-03-02T00:35:22+08:00 ] /thinkphpTest/Login/index | INFO: Run ParseTemplate Behavior [ RunTime:0.012392s ]
[ 2015-03-02T00:35:22+08:00 ] /thinkphpTest/Login/index | INFO: Tag[ view_parse ] --END-- [ RunTime:0.012476s ]
[ 2015-03-02T00:35:22+08:00 ] /thinkphpTest/Login/index | INFO: Tag[ view_filter ] --START--
[ 2015-03-02T00:35:22+08:00 ] /thinkphpTest/Login/index | INFO: Run ContentReplace Behavior [ RunTime:0.001172s ]
[ 2015-03-02T00:35:22+08:00 ] /thinkphpTest/Login/index | INFO: Run TokenBuild Behavior [ RunTime:0.001178s ]
[ 2015-03-02T00:35:22+08:00 ] /thinkphpTest/Login/index | INFO: Run WriteHtmlCache Behavior [ RunTime:0.001004s ]
[ 2015-03-02T00:35:22+08:00 ] /thinkphpTest/Login/index | INFO: Run ShowRuntime Behavior [ RunTime:0.001173s ]
[ 2015-03-02T00:35:22+08:00 ] /thinkphpTest/Login/index | INFO: Tag[ view_filter ] --END-- [ RunTime:0.004681s ]
[ 2015-03-02T00:35:22+08:00 ] /thinkphpTest/Login/index | INFO: Tag[ view_end ] --START--
[ 2015-03-02T00:35:22+08:00 ] /thinkphpTest/Login/index | INFO: Run ShowPageTrace Behavior [ RunTime:0.001158s ]
[ 2015-03-02T00:35:22+08:00 ] /thinkphpTest/Login/index | INFO: Tag[ view_end ] --END-- [ RunTime:0.001222s ]
[ 2015-03-02T00:35:23+08:00 ] /thinkphpTest/Login/createCode?code=9b23 | INFO: Tag[ route_check ] --START--
[ 2015-03-02T00:35:23+08:00 ] /thinkphpTest/Login/createCode?code=9b23 | INFO: Run CheckRoute Behavior [ RunTime:0.000816s ]
[ 2015-03-02T00:35:23+08:00 ] /thinkphpTest/Login/createCode?code=9b23 | INFO: Tag[ route_check ] --END-- [ RunTime:0.000913s ]
[ 2015-03-02T00:35:23+08:00 ] /thinkphpTest/Login/createCode?code=9b23 | INFO: Tag[ app_begin ] --START--
[ 2015-03-02T00:35:23+08:00 ] /thinkphpTest/Login/createCode?code=9b23 | INFO: Run ReadHtmlCache Behavior [ RunTime:0.001352s ]
[ 2015-03-02T00:35:23+08:00 ] /thinkphpTest/Login/createCode?code=9b23 | INFO: Tag[ app_begin ] --END-- [ RunTime:0.001408s ]
[ 2015-03-02T00:35:23+08:00 ] /thinkphpTest/Login/createCode?code=9b23 | NOTIC: [2] imagettftext() [<a href='function.imagettftext'>function.imagettftext</a>]: Invalid font filename LoginAction.class.php 第 94 行.
[ 2015-03-02T00:35:23+08:00 ] /thinkphpTest/Login/createCode?code=9b23 | NOTIC: [2] imagettftext() [<a href='function.imagettftext'>function.imagettftext</a>]: Invalid font filename LoginAction.class.php 第 94 行.
[ 2015-03-02T00:35:23+08:00 ] /thinkphpTest/Login/createCode?code=9b23 | NOTIC: [2] imagettftext() [<a href='function.imagettftext'>function.imagettftext</a>]: Invalid font filename LoginAction.class.php 第 94 行.
[ 2015-03-02T00:35:23+08:00 ] /thinkphpTest/Login/createCode?code=9b23 | NOTIC: [2] imagettftext() [<a href='function.imagettftext'>function.imagettftext</a>]: Invalid font filename LoginAction.class.php 第 94 行.
[ 2015-03-02T00:35:36+08:00 ] /thinkphpTest/Login/register | INFO: Tag[ route_check ] --START--
[ 2015-03-02T00:35:36+08:00 ] /thinkphpTest/Login/register | INFO: Run CheckRoute Behavior [ RunTime:0.001767s ]
[ 2015-03-02T00:35:36+08:00 ] /thinkphpTest/Login/register | INFO: Tag[ route_check ] --END-- [ RunTime:0.001892s ]
[ 2015-03-02T00:35:36+08:00 ] /thinkphpTest/Login/register | INFO: Tag[ app_begin ] --START--
[ 2015-03-02T00:35:36+08:00 ] /thinkphpTest/Login/register | INFO: Run ReadHtmlCache Behavior [ RunTime:0.001750s ]
[ 2015-03-02T00:35:36+08:00 ] /thinkphpTest/Login/register | INFO: Tag[ app_begin ] --END-- [ RunTime:0.001943s ]
[ 2015-03-02T00:35:36+08:00 ] /thinkphpTest/Login/register | INFO: Tag[ view_template ] --START--
[ 2015-03-02T00:35:36+08:00 ] /thinkphpTest/Login/register | INFO: Run LocationTemplate Behavior [ RunTime:0.001524s ]
[ 2015-03-02T00:35:36+08:00 ] /thinkphpTest/Login/register | INFO: Tag[ view_template ] --END-- [ RunTime:0.001596s ]
[ 2015-03-02T00:35:36+08:00 ] /thinkphpTest/Login/register | INFO: Tag[ view_parse ] --START--
[ 2015-03-02T00:35:36+08:00 ] /thinkphpTest/Login/register | INFO: Run ParseTemplate Behavior [ RunTime:0.013815s ]
[ 2015-03-02T00:35:36+08:00 ] /thinkphpTest/Login/register | INFO: Tag[ view_parse ] --END-- [ RunTime:0.013899s ]
[ 2015-03-02T00:35:36+08:00 ] /thinkphpTest/Login/register | INFO: Tag[ view_filter ] --START--
[ 2015-03-02T00:35:36+08:00 ] /thinkphpTest/Login/register | INFO: Run ContentReplace Behavior [ RunTime:0.000804s ]
[ 2015-03-02T00:35:36+08:00 ] /thinkphpTest/Login/register | INFO: Run TokenBuild Behavior [ RunTime:0.000816s ]
[ 2015-03-02T00:35:36+08:00 ] /thinkphpTest/Login/register | INFO: Run WriteHtmlCache Behavior [ RunTime:0.000646s ]
[ 2015-03-02T00:35:36+08:00 ] /thinkphpTest/Login/register | INFO: Run ShowRuntime Behavior [ RunTime:0.001214s ]
[ 2015-03-02T00:35:36+08:00 ] /thinkphpTest/Login/register | INFO: Tag[ view_filter ] --END-- [ RunTime:0.003662s ]
[ 2015-03-02T00:35:36+08:00 ] /thinkphpTest/Login/register | INFO: Tag[ view_end ] --START--
[ 2015-03-02T00:35:36+08:00 ] /thinkphpTest/Login/register | INFO: Run ShowPageTrace Behavior [ RunTime:0.000788s ]
[ 2015-03-02T00:35:36+08:00 ] /thinkphpTest/Login/register | INFO: Tag[ view_end ] --END-- [ RunTime:0.000852s ]
[ 2015-03-02T00:35:36+08:00 ] /thinkphpTest/Login/register | INFO: Tag[ route_check ] --START--
[ 2015-03-02T00:35:36+08:00 ] /thinkphpTest/Login/register | INFO: Run CheckRoute Behavior [ RunTime:0.001063s ]
[ 2015-03-02T00:35:36+08:00 ] /thinkphpTest/Login/register | INFO: Tag[ route_check ] --END-- [ RunTime:0.001226s ]
[ 2015-03-02T00:35:36+08:00 ] /thinkphpTest/Login/register | INFO: Tag[ app_begin ] --START--
[ 2015-03-02T00:35:36+08:00 ] /thinkphpTest/Login/register | INFO: Run ReadHtmlCache Behavior [ RunTime:0.000670s ]
[ 2015-03-02T00:35:36+08:00 ] /thinkphpTest/Login/register | INFO: Tag[ app_begin ] --END-- [ RunTime:0.000769s ]
[ 2015-03-02T00:35:36+08:00 ] /thinkphpTest/Login/register | INFO: Tag[ view_template ] --START--
[ 2015-03-02T00:35:36+08:00 ] /thinkphpTest/Login/register | INFO: Run LocationTemplate Behavior [ RunTime:0.001150s ]
[ 2015-03-02T00:35:36+08:00 ] /thinkphpTest/Login/register | INFO: Tag[ view_template ] --END-- [ RunTime:0.001212s ]
[ 2015-03-02T00:35:36+08:00 ] /thinkphpTest/Login/register | INFO: Tag[ view_parse ] --START--
[ 2015-03-02T00:35:36+08:00 ] /thinkphpTest/Login/register | INFO: Run ParseTemplate Behavior [ RunTime:0.011452s ]
[ 2015-03-02T00:35:36+08:00 ] /thinkphpTest/Login/register | INFO: Tag[ view_parse ] --END-- [ RunTime:0.011552s ]
[ 2015-03-02T00:35:36+08:00 ] /thinkphpTest/Login/register | INFO: Tag[ view_filter ] --START--
[ 2015-03-02T00:35:36+08:00 ] /thinkphpTest/Login/register | INFO: Run ContentReplace Behavior [ RunTime:0.000353s ]
[ 2015-03-02T00:35:36+08:00 ] /thinkphpTest/Login/register | INFO: Run TokenBuild Behavior [ RunTime:0.000354s ]
[ 2015-03-02T00:35:36+08:00 ] /thinkphpTest/Login/register | INFO: Run WriteHtmlCache Behavior [ RunTime:0.000234s ]
[ 2015-03-02T00:35:36+08:00 ] /thinkphpTest/Login/register | INFO: Run ShowRuntime Behavior [ RunTime:0.001021s ]
[ 2015-03-02T00:35:36+08:00 ] /thinkphpTest/Login/register | INFO: Tag[ view_filter ] --END-- [ RunTime:0.002114s ]
[ 2015-03-02T00:35:36+08:00 ] /thinkphpTest/Login/register | INFO: Tag[ view_end ] --START--
[ 2015-03-02T00:35:36+08:00 ] /thinkphpTest/Login/register | INFO: Run ShowPageTrace Behavior [ RunTime:0.000367s ]
[ 2015-03-02T00:35:36+08:00 ] /thinkphpTest/Login/register | INFO: Tag[ view_end ] --END-- [ RunTime:0.000418s ]
[ 2015-03-02T00:35:40+08:00 ] /thinkphpTest/Login/ajaxCheck?data=sch&type=userName | INFO: Tag[ route_check ] --START--
[ 2015-03-02T00:35:40+08:00 ] /thinkphpTest/Login/ajaxCheck?data=sch&type=userName | INFO: Run CheckRoute Behavior [ RunTime:0.000727s ]
[ 2015-03-02T00:35:40+08:00 ] /thinkphpTest/Login/ajaxCheck?data=sch&type=userName | INFO: Tag[ route_check ] --END-- [ RunTime:0.000818s ]
[ 2015-03-02T00:35:40+08:00 ] /thinkphpTest/Login/ajaxCheck?data=sch&type=userName | INFO: Tag[ app_begin ] --START--
[ 2015-03-02T00:35:40+08:00 ] /thinkphpTest/Login/ajaxCheck?data=sch&type=userName | INFO: Run ReadHtmlCache Behavior [ RunTime:0.000429s ]
[ 2015-03-02T00:35:40+08:00 ] /thinkphpTest/Login/ajaxCheck?data=sch&type=userName | INFO: Tag[ app_begin ] --END-- [ RunTime:0.000486s ]
[ 2015-03-02T00:35:40+08:00 ] /thinkphpTest/Login/ajaxCheck?data=sch&type=userName | SQL: SHOW COLUMNS FROM `think_user` [ RunTime:0.004613s ]
[ 2015-03-02T00:35:40+08:00 ] /thinkphpTest/Login/ajaxCheck?data=sch&type=userName | SQL: SELECT * FROM `think_user` WHERE userName='sch' LIMIT 1   [ RunTime:0.004787s ]
[ 2015-03-02T00:35:41+08:00 ] /thinkphpTest/Login/ajaxCheck?data=schh&type=userName | INFO: Tag[ route_check ] --START--
[ 2015-03-02T00:35:41+08:00 ] /thinkphpTest/Login/ajaxCheck?data=schh&type=userName | INFO: Run CheckRoute Behavior [ RunTime:0.000695s ]
[ 2015-03-02T00:35:41+08:00 ] /thinkphpTest/Login/ajaxCheck?data=schh&type=userName | INFO: Tag[ route_check ] --END-- [ RunTime:0.000784s ]
[ 2015-03-02T00:35:41+08:00 ] /thinkphpTest/Login/ajaxCheck?data=schh&type=userName | INFO: Tag[ app_begin ] --START--
[ 2015-03-02T00:35:41+08:00 ] /thinkphpTest/Login/ajaxCheck?data=schh&type=userName | INFO: Run ReadHtmlCache Behavior [ RunTime:0.000426s ]
[ 2015-03-02T00:35:41+08:00 ] /thinkphpTest/Login/ajaxCheck?data=schh&type=userName | INFO: Tag[ app_begin ] --END-- [ RunTime:0.000494s ]
[ 2015-03-02T00:35:41+08:00 ] /thinkphpTest/Login/ajaxCheck?data=schh&type=userName | SQL: SHOW COLUMNS FROM `think_user` [ RunTime:0.004036s ]
[ 2015-03-02T00:35:41+08:00 ] /thinkphpTest/Login/ajaxCheck?data=schh&type=userName | SQL: SELECT * FROM `think_user` WHERE userName='schh' LIMIT 1   [ RunTime:0.005257s ]
[ 2015-03-02T00:40:26+08:00 ] /thinkphpTest/ueditor/themes/default/ueditor.css | ERR: (ThinkException) 无法加载模块ueditor
[ 2015-03-02T00:40:30+08:00 ] /thinkphpTest/ | INFO: Tag[ app_begin ] --START--
[ 2015-03-02T00:40:30+08:00 ] /thinkphpTest/ | INFO: Run ReadHtmlCache Behavior [ RunTime:0.001695s ]
[ 2015-03-02T00:40:30+08:00 ] /thinkphpTest/ | INFO: Tag[ app_begin ] --END-- [ RunTime:0.001931s ]
[ 2015-03-02T00:40:30+08:00 ] /thinkphpTest/ | NOTIC: [8] Undefined index:  customer_user BaseAction.class.php 第 7 行.
[ 2015-03-02T00:40:30+08:00 ] /thinkphpTest/ | SQL: SHOW COLUMNS FROM `think_article` [ RunTime:0.006583s ]
[ 2015-03-02T00:40:30+08:00 ] /thinkphpTest/ | SQL: SELECT COUNT(*) AS tp_count FROM `think_article` WHERE isSubmitted=1 LIMIT 1   [ RunTime:0.005383s ]
[ 2015-03-02T00:40:30+08:00 ] /thinkphpTest/ | SQL: SELECT * FROM `think_article` LEFT JOIN think_category on think_article.categoryId=think_category.categoryId WHERE isSubmitted=1 LIMIT 0,5   [ RunTime:0.000368s ]
[ 2015-03-02T00:40:30+08:00 ] /thinkphpTest/ | NOTIC: [8] Undefined variable: next_link_cate IndexAction.class.php 第 28 行.
[ 2015-03-02T00:40:30+08:00 ] /thinkphpTest/ | SQL: SHOW COLUMNS FROM `think_category` [ RunTime:0.002604s ]
[ 2015-03-02T00:40:30+08:00 ] /thinkphpTest/ | SQL: SELECT * FROM `think_category`  [ RunTime:0.002941s ]
[ 2015-03-02T00:40:30+08:00 ] /thinkphpTest/ | INFO: Tag[ view_template ] --START--
[ 2015-03-02T00:40:30+08:00 ] /thinkphpTest/ | INFO: Run LocationTemplate Behavior [ RunTime:0.002284s ]
[ 2015-03-02T00:40:30+08:00 ] /thinkphpTest/ | INFO: Tag[ view_template ] --END-- [ RunTime:0.002356s ]
[ 2015-03-02T00:40:30+08:00 ] /thinkphpTest/ | INFO: Tag[ view_parse ] --START--
[ 2015-03-02T00:40:30+08:00 ] /thinkphpTest/ | NOTIC: [8] Undefined index:  memo 7e4848229090366086cc7eeb3bfc0798.php 第 43 行.
[ 2015-03-02T00:40:30+08:00 ] /thinkphpTest/ | INFO: Run ParseTemplate Behavior [ RunTime:0.021748s ]
[ 2015-03-02T00:40:30+08:00 ] /thinkphpTest/ | INFO: Tag[ view_parse ] --END-- [ RunTime:0.021822s ]
[ 2015-03-02T00:40:30+08:00 ] /thinkphpTest/ | INFO: Tag[ view_filter ] --START--
[ 2015-03-02T00:40:30+08:00 ] /thinkphpTest/ | INFO: Run ContentReplace Behavior [ RunTime:0.000845s ]
[ 2015-03-02T00:40:30+08:00 ] /thinkphpTest/ | INFO: Run TokenBuild Behavior [ RunTime:0.000771s ]
[ 2015-03-02T00:40:30+08:00 ] /thinkphpTest/ | INFO: Run WriteHtmlCache Behavior [ RunTime:0.000595s ]
[ 2015-03-02T00:40:30+08:00 ] /thinkphpTest/ | INFO: Run ShowRuntime Behavior [ RunTime:0.001266s ]
[ 2015-03-02T00:40:30+08:00 ] /thinkphpTest/ | INFO: Tag[ view_filter ] --END-- [ RunTime:0.003646s ]
[ 2015-03-02T00:40:30+08:00 ] /thinkphpTest/ | INFO: Tag[ view_end ] --START--
[ 2015-03-02T00:40:30+08:00 ] /thinkphpTest/ | INFO: Run ShowPageTrace Behavior [ RunTime:0.000795s ]
[ 2015-03-02T00:40:30+08:00 ] /thinkphpTest/ | INFO: Tag[ view_end ] --END-- [ RunTime:0.000857s ]
[ 2015-03-02T00:40:31+08:00 ] /thinkphpTest/ | INFO: Tag[ app_begin ] --START--
[ 2015-03-02T00:40:31+08:00 ] /thinkphpTest/ | INFO: Run ReadHtmlCache Behavior [ RunTime:0.000502s ]
[ 2015-03-02T00:40:31+08:00 ] /thinkphpTest/ | INFO: Tag[ app_begin ] --END-- [ RunTime:0.000599s ]
[ 2015-03-02T00:40:31+08:00 ] /thinkphpTest/ | NOTIC: [8] Undefined index:  customer_user BaseAction.class.php 第 7 行.
[ 2015-03-02T00:40:31+08:00 ] /thinkphpTest/ | SQL: SHOW COLUMNS FROM `think_article` [ RunTime:0.005312s ]
[ 2015-03-02T00:40:31+08:00 ] /thinkphpTest/ | SQL: SELECT COUNT(*) AS tp_count FROM `think_article` WHERE isSubmitted=1 LIMIT 1   [ RunTime:0.005738s ]
[ 2015-03-02T00:40:31+08:00 ] /thinkphpTest/ | SQL: SELECT * FROM `think_article` LEFT JOIN think_category on think_article.categoryId=think_category.categoryId WHERE isSubmitted=1 LIMIT 0,5   [ RunTime:0.000262s ]
[ 2015-03-02T00:40:31+08:00 ] /thinkphpTest/ | NOTIC: [8] Undefined variable: next_link_cate IndexAction.class.php 第 28 行.
[ 2015-03-02T00:40:31+08:00 ] /thinkphpTest/ | SQL: SHOW COLUMNS FROM `think_category` [ RunTime:0.002683s ]
[ 2015-03-02T00:40:31+08:00 ] /thinkphpTest/ | SQL: SELECT * FROM `think_category`  [ RunTime:0.003102s ]
[ 2015-03-02T00:40:31+08:00 ] /thinkphpTest/ | INFO: Tag[ view_template ] --START--
[ 2015-03-02T00:40:31+08:00 ] /thinkphpTest/ | INFO: Run LocationTemplate Behavior [ RunTime:0.002436s ]
[ 2015-03-02T00:40:31+08:00 ] /thinkphpTest/ | INFO: Tag[ view_template ] --END-- [ RunTime:0.002554s ]
[ 2015-03-02T00:40:31+08:00 ] /thinkphpTest/ | INFO: Tag[ view_parse ] --START--
[ 2015-03-02T00:40:31+08:00 ] /thinkphpTest/ | NOTIC: [8] Undefined index:  memo 7e4848229090366086cc7eeb3bfc0798.php 第 43 行.
[ 2015-03-02T00:40:31+08:00 ] /thinkphpTest/ | INFO: Run ParseTemplate Behavior [ RunTime:0.022702s ]
[ 2015-03-02T00:40:31+08:00 ] /thinkphpTest/ | INFO: Tag[ view_parse ] --END-- [ RunTime:0.022794s ]
[ 2015-03-02T00:40:31+08:00 ] /thinkphpTest/ | INFO: Tag[ view_filter ] --START--
[ 2015-03-02T00:40:31+08:00 ] /thinkphpTest/ | INFO: Run ContentReplace Behavior [ RunTime:0.000360s ]
[ 2015-03-02T00:40:31+08:00 ] /thinkphpTest/ | INFO: Run TokenBuild Behavior [ RunTime:0.000360s ]
[ 2015-03-02T00:40:31+08:00 ] /thinkphpTest/ | INFO: Run WriteHtmlCache Behavior [ RunTime:0.000217s ]
[ 2015-03-02T00:40:31+08:00 ] /thinkphpTest/ | INFO: Run ShowRuntime Behavior [ RunTime:0.001066s ]
[ 2015-03-02T00:40:31+08:00 ] /thinkphpTest/ | INFO: Tag[ view_filter ] --END-- [ RunTime:0.002168s ]
[ 2015-03-02T00:40:31+08:00 ] /thinkphpTest/ | INFO: Tag[ view_end ] --START--
[ 2015-03-02T00:40:31+08:00 ] /thinkphpTest/ | INFO: Run ShowPageTrace Behavior [ RunTime:0.000355s ]
[ 2015-03-02T00:40:31+08:00 ] /thinkphpTest/ | INFO: Tag[ view_end ] --END-- [ RunTime:0.000406s ]
[ 2015-03-02T00:40:32+08:00 ] /thinkphpTest/Index/index | INFO: Tag[ route_check ] --START--
[ 2015-03-02T00:40:32+08:00 ] /thinkphpTest/Index/index | INFO: Run CheckRoute Behavior [ RunTime:0.001566s ]
[ 2015-03-02T00:40:32+08:00 ] /thinkphpTest/Index/index | INFO: Tag[ route_check ] --END-- [ RunTime:0.001768s ]
[ 2015-03-02T00:40:32+08:00 ] /thinkphpTest/Index/index | INFO: Tag[ app_begin ] --START--
[ 2015-03-02T00:40:32+08:00 ] /thinkphpTest/Index/index | INFO: Run ReadHtmlCache Behavior [ RunTime:0.000529s ]
[ 2015-03-02T00:40:32+08:00 ] /thinkphpTest/Index/index | INFO: Tag[ app_begin ] --END-- [ RunTime:0.000599s ]
[ 2015-03-02T00:40:32+08:00 ] /thinkphpTest/Index/index | NOTIC: [8] Undefined index:  customer_user BaseAction.class.php 第 7 行.
[ 2015-03-02T00:40:32+08:00 ] /thinkphpTest/Index/index | SQL: SHOW COLUMNS FROM `think_article` [ RunTime:0.004089s ]
[ 2015-03-02T00:40:32+08:00 ] /thinkphpTest/Index/index | SQL: SELECT COUNT(*) AS tp_count FROM `think_article` WHERE isSubmitted=1 LIMIT 1   [ RunTime:0.004664s ]
[ 2015-03-02T00:40:32+08:00 ] /thinkphpTest/Index/index | SQL: SELECT * FROM `think_article` LEFT JOIN think_category on think_article.categoryId=think_category.categoryId WHERE isSubmitted=1 LIMIT 0,5   [ RunTime:0.000328s ]
[ 2015-03-02T00:40:32+08:00 ] /thinkphpTest/Index/index | NOTIC: [8] Undefined variable: next_link_cate IndexAction.class.php 第 28 行.
[ 2015-03-02T00:40:32+08:00 ] /thinkphpTest/Index/index | SQL: SHOW COLUMNS FROM `think_category` [ RunTime:0.002589s ]
[ 2015-03-02T00:40:32+08:00 ] /thinkphpTest/Index/index | SQL: SELECT * FROM `think_category`  [ RunTime:0.006261s ]
[ 2015-03-02T00:40:32+08:00 ] /thinkphpTest/Index/index | INFO: Tag[ view_template ] --START--
[ 2015-03-02T00:40:32+08:00 ] /thinkphpTest/Index/index | INFO: Run LocationTemplate Behavior [ RunTime:0.001464s ]
[ 2015-03-02T00:40:32+08:00 ] /thinkphpTest/Index/index | INFO: Tag[ view_template ] --END-- [ RunTime:0.001531s ]
[ 2015-03-02T00:40:32+08:00 ] /thinkphpTest/Index/index | INFO: Tag[ view_parse ] --START--
[ 2015-03-02T00:40:32+08:00 ] /thinkphpTest/Index/index | NOTIC: [8] Undefined index:  memo 7e4848229090366086cc7eeb3bfc0798.php 第 43 行.
[ 2015-03-02T00:40:32+08:00 ] /thinkphpTest/Index/index | INFO: Run ParseTemplate Behavior [ RunTime:0.017119s ]
[ 2015-03-02T00:40:32+08:00 ] /thinkphpTest/Index/index | INFO: Tag[ view_parse ] --END-- [ RunTime:0.017198s ]
[ 2015-03-02T00:40:32+08:00 ] /thinkphpTest/Index/index | INFO: Tag[ view_filter ] --START--
[ 2015-03-02T00:40:32+08:00 ] /thinkphpTest/Index/index | INFO: Run ContentReplace Behavior [ RunTime:0.000408s ]
[ 2015-03-02T00:40:32+08:00 ] /thinkphpTest/Index/index | INFO: Run TokenBuild Behavior [ RunTime:0.000376s ]
[ 2015-03-02T00:40:32+08:00 ] /thinkphpTest/Index/index | INFO: Run WriteHtmlCache Behavior [ RunTime:0.000220s ]
[ 2015-03-02T00:40:32+08:00 ] /thinkphpTest/Index/index | INFO: Run ShowRuntime Behavior [ RunTime:0.001071s ]
[ 2015-03-02T00:40:32+08:00 ] /thinkphpTest/Index/index | INFO: Tag[ view_filter ] --END-- [ RunTime:0.002231s ]
[ 2015-03-02T00:40:32+08:00 ] /thinkphpTest/Index/index | INFO: Tag[ view_end ] --START--
[ 2015-03-02T00:40:32+08:00 ] /thinkphpTest/Index/index | INFO: Run ShowPageTrace Behavior [ RunTime:0.000429s ]
[ 2015-03-02T00:40:32+08:00 ] /thinkphpTest/Index/index | INFO: Tag[ view_end ] --END-- [ RunTime:0.000488s ]
[ 2015-03-02T00:40:32+08:00 ] /thinkphpTest/Index/index | INFO: Tag[ route_check ] --START--
[ 2015-03-02T00:40:32+08:00 ] /thinkphpTest/Index/index | INFO: Run CheckRoute Behavior [ RunTime:0.001057s ]
[ 2015-03-02T00:40:32+08:00 ] /thinkphpTest/Index/index | INFO: Tag[ route_check ] --END-- [ RunTime:0.001167s ]
[ 2015-03-02T00:40:32+08:00 ] /thinkphpTest/Index/index | INFO: Tag[ app_begin ] --START--
[ 2015-03-02T00:40:32+08:00 ] /thinkphpTest/Index/index | INFO: Run ReadHtmlCache Behavior [ RunTime:0.000544s ]
[ 2015-03-02T00:40:32+08:00 ] /thinkphpTest/Index/index | INFO: Tag[ app_begin ] --END-- [ RunTime:0.000620s ]
[ 2015-03-02T00:40:32+08:00 ] /thinkphpTest/Index/index | NOTIC: [8] Undefined index:  customer_user BaseAction.class.php 第 7 行.
[ 2015-03-02T00:40:32+08:00 ] /thinkphpTest/Index/index | SQL: SHOW COLUMNS FROM `think_article` [ RunTime:0.004087s ]
[ 2015-03-02T00:40:32+08:00 ] /thinkphpTest/Index/index | SQL: SELECT COUNT(*) AS tp_count FROM `think_article` WHERE isSubmitted=1 LIMIT 1   [ RunTime:0.007331s ]
[ 2015-03-02T00:40:32+08:00 ] /thinkphpTest/Index/index | SQL: SELECT * FROM `think_article` LEFT JOIN think_category on think_article.categoryId=think_category.categoryId WHERE isSubmitted=1 LIMIT 0,5   [ RunTime:0.000256s ]
[ 2015-03-02T00:40:32+08:00 ] /thinkphpTest/Index/index | NOTIC: [8] Undefined variable: next_link_cate IndexAction.class.php 第 28 行.
[ 2015-03-02T00:40:32+08:00 ] /thinkphpTest/Index/index | SQL: SHOW COLUMNS FROM `think_category` [ RunTime:0.002622s ]
[ 2015-03-02T00:40:32+08:00 ] /thinkphpTest/Index/index | SQL: SELECT * FROM `think_category`  [ RunTime:0.003759s ]
[ 2015-03-02T00:40:32+08:00 ] /thinkphpTest/Index/index | INFO: Tag[ view_template ] --START--
[ 2015-03-02T00:40:32+08:00 ] /thinkphpTest/Index/index | INFO: Run LocationTemplate Behavior [ RunTime:0.001443s ]
[ 2015-03-02T00:40:32+08:00 ] /thinkphpTest/Index/index | INFO: Tag[ view_template ] --END-- [ RunTime:0.001549s ]
[ 2015-03-02T00:40:32+08:00 ] /thinkphpTest/Index/index | INFO: Tag[ view_parse ] --START--
[ 2015-03-02T00:40:32+08:00 ] /thinkphpTest/Index/index | NOTIC: [8] Undefined index:  memo 7e4848229090366086cc7eeb3bfc0798.php 第 43 行.
[ 2015-03-02T00:40:32+08:00 ] /thinkphpTest/Index/index | INFO: Run ParseTemplate Behavior [ RunTime:0.016783s ]
[ 2015-03-02T00:40:32+08:00 ] /thinkphpTest/Index/index | INFO: Tag[ view_parse ] --END-- [ RunTime:0.016876s ]
[ 2015-03-02T00:40:32+08:00 ] /thinkphpTest/Index/index | INFO: Tag[ view_filter ] --START--
[ 2015-03-02T00:40:32+08:00 ] /thinkphpTest/Index/index | INFO: Run ContentReplace Behavior [ RunTime:0.000368s ]
[ 2015-03-02T00:40:32+08:00 ] /thinkphpTest/Index/index | INFO: Run TokenBuild Behavior [ RunTime:0.000370s ]
[ 2015-03-02T00:40:32+08:00 ] /thinkphpTest/Index/index | INFO: Run WriteHtmlCache Behavior [ RunTime:0.000211s ]
[ 2015-03-02T00:40:32+08:00 ] /thinkphpTest/Index/index | INFO: Run ShowRuntime Behavior [ RunTime:0.001041s ]
[ 2015-03-02T00:40:32+08:00 ] /thinkphpTest/Index/index | INFO: Tag[ view_filter ] --END-- [ RunTime:0.002145s ]
[ 2015-03-02T00:40:32+08:00 ] /thinkphpTest/Index/index | INFO: Tag[ view_end ] --START--
[ 2015-03-02T00:40:32+08:00 ] /thinkphpTest/Index/index | INFO: Run ShowPageTrace Behavior [ RunTime:0.000370s ]
[ 2015-03-02T00:40:32+08:00 ] /thinkphpTest/Index/index | INFO: Tag[ view_end ] --END-- [ RunTime:0.000433s ]
