[ 2015-05-23T19:03:42+08:00 ] /thinkphpTest/ | INFO: Tag[ app_begin ] --START--
[ 2015-05-23T19:03:42+08:00 ] /thinkphpTest/ | INFO: Run ReadHtmlCache Behavior [ RunTime:0.036433s ]
[ 2015-05-23T19:03:42+08:00 ] /thinkphpTest/ | INFO: Tag[ app_begin ] --END-- [ RunTime:0.051236s ]
[ 2015-05-23T19:03:42+08:00 ] /thinkphpTest/ | NOTIC: [8] Undefined index:  customer_user BaseAction.class.php 第 7 行.
[ 2015-05-23T19:03:43+08:00 ] /thinkphpTest/ | SQL: SHOW COLUMNS FROM `think_article` [ RunTime:0.087308s ]
[ 2015-05-23T19:03:43+08:00 ] /thinkphpTest/ | SQL: SELECT COUNT(*) AS tp_count FROM `think_article` WHERE isSubmitted=1 LIMIT 1   [ RunTime:0.076823s ]
[ 2015-05-23T19:03:43+08:00 ] /thinkphpTest/ | SQL: SELECT * FROM `think_article` LEFT JOIN think_category on think_article.categoryId=think_category.categoryId WHERE isSubmitted=1 ORDER BY id LIMIT 0,5   [ RunTime:0.033186s ]
[ 2015-05-23T19:03:43+08:00 ] /thinkphpTest/ | NOTIC: [8] Undefined variable: next_link_cate IndexAction.class.php 第 28 行.
[ 2015-05-23T19:03:43+08:00 ] /thinkphpTest/ | SQL: SHOW COLUMNS FROM `think_category` [ RunTime:0.004716s ]
[ 2015-05-23T19:03:43+08:00 ] /thinkphpTest/ | SQL: SELECT * FROM `think_category`  [ RunTime:0.006512s ]
[ 2015-05-23T19:03:43+08:00 ] /thinkphpTest/ | INFO: Tag[ view_template ] --START--
[ 2015-05-23T19:03:43+08:00 ] /thinkphpTest/ | INFO: Run LocationTemplate Behavior [ RunTime:0.058903s ]
[ 2015-05-23T19:03:43+08:00 ] /thinkphpTest/ | INFO: Tag[ view_template ] --END-- [ RunTime:0.058991s ]
[ 2015-05-23T19:03:43+08:00 ] /thinkphpTest/ | INFO: Tag[ view_parse ] --START--
[ 2015-05-23T19:03:43+08:00 ] /thinkphpTest/ | NOTIC: [8] Undefined index:  memo 7e4848229090366086cc7eeb3bfc0798.php 第 43 行.
[ 2015-05-23T19:03:43+08:00 ] /thinkphpTest/ | NOTIC: [8] Undefined index:  works 7e4848229090366086cc7eeb3bfc0798.php 第 44 行.
[ 2015-05-23T19:03:43+08:00 ] /thinkphpTest/ | INFO: Run ParseTemplate Behavior [ RunTime:0.296416s ]
[ 2015-05-23T19:03:43+08:00 ] /thinkphpTest/ | INFO: Tag[ view_parse ] --END-- [ RunTime:0.296486s ]
[ 2015-05-23T19:03:43+08:00 ] /thinkphpTest/ | INFO: Tag[ view_filter ] --START--
[ 2015-05-23T19:03:43+08:00 ] /thinkphpTest/ | INFO: Run ContentReplace Behavior [ RunTime:0.033923s ]
[ 2015-05-23T19:03:43+08:00 ] /thinkphpTest/ | INFO: Run TokenBuild Behavior [ RunTime:0.019838s ]
[ 2015-05-23T19:03:43+08:00 ] /thinkphpTest/ | INFO: Run WriteHtmlCache Behavior [ RunTime:0.029663s ]
[ 2015-05-23T19:03:43+08:00 ] /thinkphpTest/ | INFO: Run ShowRuntime Behavior [ RunTime:0.005452s ]
[ 2015-05-23T19:03:43+08:00 ] /thinkphpTest/ | INFO: Tag[ view_filter ] --END-- [ RunTime:0.089152s ]
[ 2015-05-23T19:03:43+08:00 ] /thinkphpTest/ | INFO: Tag[ view_end ] --START--
[ 2015-05-23T19:03:43+08:00 ] /thinkphpTest/ | INFO: Run ShowPageTrace Behavior [ RunTime:0.015826s ]
[ 2015-05-23T19:03:43+08:00 ] /thinkphpTest/ | INFO: Tag[ view_end ] --END-- [ RunTime:0.015906s ]
[ 2015-05-23T19:03:44+08:00 ] /thinkphpTest/ | INFO: Tag[ app_begin ] --START--
[ 2015-05-23T19:03:44+08:00 ] /thinkphpTest/ | INFO: Run ReadHtmlCache Behavior [ RunTime:0.000674s ]
[ 2015-05-23T19:03:44+08:00 ] /thinkphpTest/ | INFO: Tag[ app_begin ] --END-- [ RunTime:0.000853s ]
[ 2015-05-23T19:03:44+08:00 ] /thinkphpTest/ | NOTIC: [8] Undefined index:  customer_user BaseAction.class.php 第 7 行.
[ 2015-05-23T19:03:44+08:00 ] /thinkphpTest/ | SQL: SHOW COLUMNS FROM `think_article` [ RunTime:0.005717s ]
[ 2015-05-23T19:03:44+08:00 ] /thinkphpTest/ | SQL: SELECT COUNT(*) AS tp_count FROM `think_article` WHERE isSubmitted=1 LIMIT 1   [ RunTime:0.007015s ]
[ 2015-05-23T19:03:44+08:00 ] /thinkphpTest/ | SQL: SELECT * FROM `think_article` LEFT JOIN think_category on think_article.categoryId=think_category.categoryId WHERE isSubmitted=1 ORDER BY id LIMIT 0,5   [ RunTime:0.000258s ]
[ 2015-05-23T19:03:44+08:00 ] /thinkphpTest/ | NOTIC: [8] Undefined variable: next_link_cate IndexAction.class.php 第 28 行.
[ 2015-05-23T19:03:44+08:00 ] /thinkphpTest/ | SQL: SHOW COLUMNS FROM `think_category` [ RunTime:0.002803s ]
[ 2015-05-23T19:03:44+08:00 ] /thinkphpTest/ | SQL: SELECT * FROM `think_category`  [ RunTime:0.003349s ]
[ 2015-05-23T19:03:44+08:00 ] /thinkphpTest/ | INFO: Tag[ view_template ] --START--
[ 2015-05-23T19:03:44+08:00 ] /thinkphpTest/ | INFO: Run LocationTemplate Behavior [ RunTime:0.000569s ]
[ 2015-05-23T19:03:44+08:00 ] /thinkphpTest/ | INFO: Tag[ view_template ] --END-- [ RunTime:0.000626s ]
[ 2015-05-23T19:03:44+08:00 ] /thinkphpTest/ | INFO: Tag[ view_parse ] --START--
[ 2015-05-23T19:03:44+08:00 ] /thinkphpTest/ | NOTIC: [8] Undefined index:  memo 7e4848229090366086cc7eeb3bfc0798.php 第 43 行.
[ 2015-05-23T19:03:44+08:00 ] /thinkphpTest/ | NOTIC: [8] Undefined index:  works 7e4848229090366086cc7eeb3bfc0798.php 第 44 行.
[ 2015-05-23T19:03:44+08:00 ] /thinkphpTest/ | INFO: Run ParseTemplate Behavior [ RunTime:0.015570s ]
[ 2015-05-23T19:03:44+08:00 ] /thinkphpTest/ | INFO: Tag[ view_parse ] --END-- [ RunTime:0.015637s ]
[ 2015-05-23T19:03:44+08:00 ] /thinkphpTest/ | INFO: Tag[ view_filter ] --START--
[ 2015-05-23T19:03:44+08:00 ] /thinkphpTest/ | INFO: Run ContentReplace Behavior [ RunTime:0.000335s ]
[ 2015-05-23T19:03:44+08:00 ] /thinkphpTest/ | INFO: Run TokenBuild Behavior [ RunTime:0.000367s ]
[ 2015-05-23T19:03:44+08:00 ] /thinkphpTest/ | INFO: Run WriteHtmlCache Behavior [ RunTime:0.000197s ]
[ 2015-05-23T19:03:44+08:00 ] /thinkphpTest/ | INFO: Run ShowRuntime Behavior [ RunTime:0.000379s ]
[ 2015-05-23T19:03:44+08:00 ] /thinkphpTest/ | INFO: Tag[ view_filter ] --END-- [ RunTime:0.001414s ]
[ 2015-05-23T19:03:44+08:00 ] /thinkphpTest/ | INFO: Tag[ view_end ] --START--
[ 2015-05-23T19:03:44+08:00 ] /thinkphpTest/ | INFO: Run ShowPageTrace Behavior [ RunTime:0.000501s ]
[ 2015-05-23T19:03:44+08:00 ] /thinkphpTest/ | INFO: Tag[ view_end ] --END-- [ RunTime:0.000561s ]
[ 2015-05-23T19:03:45+08:00 ] /thinkphpTest/Index/blog/id/49 | INFO: Tag[ route_check ] --START--
[ 2015-05-23T19:03:45+08:00 ] /thinkphpTest/Index/blog/id/49 | INFO: Run CheckRoute Behavior [ RunTime:0.017503s ]
[ 2015-05-23T19:03:45+08:00 ] /thinkphpTest/Index/blog/id/49 | INFO: Tag[ route_check ] --END-- [ RunTime:0.017620s ]
[ 2015-05-23T19:03:45+08:00 ] /thinkphpTest/Index/blog/id/49 | INFO: Tag[ app_begin ] --START--
[ 2015-05-23T19:03:45+08:00 ] /thinkphpTest/Index/blog/id/49 | INFO: Run ReadHtmlCache Behavior [ RunTime:0.000625s ]
[ 2015-05-23T19:03:45+08:00 ] /thinkphpTest/Index/blog/id/49 | INFO: Tag[ app_begin ] --END-- [ RunTime:0.000680s ]
[ 2015-05-23T19:03:45+08:00 ] /thinkphpTest/Index/blog/id/49 | NOTIC: [8] Undefined index:  customer_user BaseAction.class.php 第 7 行.
[ 2015-05-23T19:03:45+08:00 ] /thinkphpTest/Index/blog/id/49 | SQL: SHOW COLUMNS FROM `think_article` [ RunTime:0.005143s ]
[ 2015-05-23T19:03:45+08:00 ] /thinkphpTest/Index/blog/id/49 | SQL: SELECT * FROM `think_article` LEFT JOIN think_category on think_article.categoryId=think_category.categoryId WHERE id=49 LIMIT 1   [ RunTime:0.010527s ]
[ 2015-05-23T19:03:45+08:00 ] /thinkphpTest/Index/blog/id/49 | SQL: SELECT `id` FROM `think_article` WHERE id<49 and isSubmitted=1 ORDER BY id desc LIMIT 1   [ RunTime:0.000346s ]
[ 2015-05-23T19:03:45+08:00 ] /thinkphpTest/Index/blog/id/49 | SQL: SELECT `id` FROM `think_article` WHERE id>49 and isSubmitted=1 ORDER BY id LIMIT 1   [ RunTime:0.000227s ]
[ 2015-05-23T19:03:45+08:00 ] /thinkphpTest/Index/blog/id/49 | SQL: SHOW COLUMNS FROM `think_category` [ RunTime:0.002772s ]
[ 2015-05-23T19:03:45+08:00 ] /thinkphpTest/Index/blog/id/49 | SQL: SELECT * FROM `think_category`  [ RunTime:0.003558s ]
[ 2015-05-23T19:03:45+08:00 ] /thinkphpTest/Index/blog/id/49 | INFO: Tag[ view_template ] --START--
[ 2015-05-23T19:03:45+08:00 ] /thinkphpTest/Index/blog/id/49 | INFO: Run LocationTemplate Behavior [ RunTime:0.011068s ]
[ 2015-05-23T19:03:45+08:00 ] /thinkphpTest/Index/blog/id/49 | INFO: Tag[ view_template ] --END-- [ RunTime:0.011162s ]
[ 2015-05-23T19:03:45+08:00 ] /thinkphpTest/Index/blog/id/49 | INFO: Tag[ view_parse ] --START--
[ 2015-05-23T19:03:45+08:00 ] /thinkphpTest/Index/blog/id/49 | NOTIC: [8] Undefined index:  memo 2387c9611647ca5bbeeb0c2824eaf5f8.php 第 44 行.
[ 2015-05-23T19:03:45+08:00 ] /thinkphpTest/Index/blog/id/49 | NOTIC: [8] Undefined index:  works 2387c9611647ca5bbeeb0c2824eaf5f8.php 第 45 行.
[ 2015-05-23T19:03:45+08:00 ] /thinkphpTest/Index/blog/id/49 | INFO: Run ParseTemplate Behavior [ RunTime:0.059168s ]
[ 2015-05-23T19:03:45+08:00 ] /thinkphpTest/Index/blog/id/49 | INFO: Tag[ view_parse ] --END-- [ RunTime:0.059252s ]
[ 2015-05-23T19:03:45+08:00 ] /thinkphpTest/Index/blog/id/49 | INFO: Tag[ view_filter ] --START--
[ 2015-05-23T19:03:45+08:00 ] /thinkphpTest/Index/blog/id/49 | INFO: Run ContentReplace Behavior [ RunTime:0.000463s ]
[ 2015-05-23T19:03:45+08:00 ] /thinkphpTest/Index/blog/id/49 | INFO: Run TokenBuild Behavior [ RunTime:0.000411s ]
[ 2015-05-23T19:03:45+08:00 ] /thinkphpTest/Index/blog/id/49 | INFO: Run WriteHtmlCache Behavior [ RunTime:0.000240s ]
[ 2015-05-23T19:03:45+08:00 ] /thinkphpTest/Index/blog/id/49 | INFO: Run ShowRuntime Behavior [ RunTime:0.000489s ]
[ 2015-05-23T19:03:45+08:00 ] /thinkphpTest/Index/blog/id/49 | INFO: Tag[ view_filter ] --END-- [ RunTime:0.001777s ]
[ 2015-05-23T19:03:45+08:00 ] /thinkphpTest/Index/blog/id/49 | INFO: Tag[ view_end ] --START--
[ 2015-05-23T19:03:45+08:00 ] /thinkphpTest/Index/blog/id/49 | INFO: Run ShowPageTrace Behavior [ RunTime:0.000949s ]
[ 2015-05-23T19:03:45+08:00 ] /thinkphpTest/Index/blog/id/49 | INFO: Tag[ view_end ] --END-- [ RunTime:0.001074s ]
[ 2015-05-23T19:03:46+08:00 ] /thinkphpTest/Index/blog/id/49 | INFO: Tag[ route_check ] --START--
[ 2015-05-23T19:03:46+08:00 ] /thinkphpTest/Index/blog/id/49 | INFO: Run CheckRoute Behavior [ RunTime:0.001151s ]
[ 2015-05-23T19:03:46+08:00 ] /thinkphpTest/Index/blog/id/49 | INFO: Tag[ route_check ] --END-- [ RunTime:0.001305s ]
[ 2015-05-23T19:03:46+08:00 ] /thinkphpTest/Index/blog/id/49 | INFO: Tag[ app_begin ] --START--
[ 2015-05-23T19:03:46+08:00 ] /thinkphpTest/Index/blog/id/49 | INFO: Run ReadHtmlCache Behavior [ RunTime:0.000724s ]
[ 2015-05-23T19:03:46+08:00 ] /thinkphpTest/Index/blog/id/49 | INFO: Tag[ app_begin ] --END-- [ RunTime:0.000815s ]
[ 2015-05-23T19:03:46+08:00 ] /thinkphpTest/Index/blog/id/49 | NOTIC: [8] Undefined index:  customer_user BaseAction.class.php 第 7 行.
[ 2015-05-23T19:03:46+08:00 ] /thinkphpTest/Index/blog/id/49 | SQL: SHOW COLUMNS FROM `think_article` [ RunTime:0.007536s ]
[ 2015-05-23T19:03:46+08:00 ] /thinkphpTest/Index/blog/id/49 | SQL: SELECT * FROM `think_article` LEFT JOIN think_category on think_article.categoryId=think_category.categoryId WHERE id=49 LIMIT 1   [ RunTime:0.010309s ]
[ 2015-05-23T19:03:46+08:00 ] /thinkphpTest/Index/blog/id/49 | SQL: SELECT `id` FROM `think_article` WHERE id<49 and isSubmitted=1 ORDER BY id desc LIMIT 1   [ RunTime:0.000116s ]
[ 2015-05-23T19:03:46+08:00 ] /thinkphpTest/Index/blog/id/49 | SQL: SELECT `id` FROM `think_article` WHERE id>49 and isSubmitted=1 ORDER BY id LIMIT 1   [ RunTime:0.000094s ]
[ 2015-05-23T19:03:46+08:00 ] /thinkphpTest/Index/blog/id/49 | SQL: SHOW COLUMNS FROM `think_category` [ RunTime:0.002397s ]
[ 2015-05-23T19:03:46+08:00 ] /thinkphpTest/Index/blog/id/49 | SQL: SELECT * FROM `think_category`  [ RunTime:0.004089s ]
[ 2015-05-23T19:03:46+08:00 ] /thinkphpTest/Index/blog/id/49 | INFO: Tag[ view_template ] --START--
[ 2015-05-23T19:03:46+08:00 ] /thinkphpTest/Index/blog/id/49 | INFO: Run LocationTemplate Behavior [ RunTime:0.001201s ]
[ 2015-05-23T19:03:46+08:00 ] /thinkphpTest/Index/blog/id/49 | INFO: Tag[ view_template ] --END-- [ RunTime:0.001265s ]
[ 2015-05-23T19:03:46+08:00 ] /thinkphpTest/Index/blog/id/49 | INFO: Tag[ view_parse ] --START--
[ 2015-05-23T19:03:46+08:00 ] /thinkphpTest/Index/blog/id/49 | NOTIC: [8] Undefined index:  memo 2387c9611647ca5bbeeb0c2824eaf5f8.php 第 44 行.
[ 2015-05-23T19:03:46+08:00 ] /thinkphpTest/Index/blog/id/49 | NOTIC: [8] Undefined index:  works 2387c9611647ca5bbeeb0c2824eaf5f8.php 第 45 行.
[ 2015-05-23T19:03:46+08:00 ] /thinkphpTest/Index/blog/id/49 | INFO: Run ParseTemplate Behavior [ RunTime:0.010800s ]
[ 2015-05-23T19:03:46+08:00 ] /thinkphpTest/Index/blog/id/49 | INFO: Tag[ view_parse ] --END-- [ RunTime:0.010884s ]
[ 2015-05-23T19:03:46+08:00 ] /thinkphpTest/Index/blog/id/49 | INFO: Tag[ view_filter ] --START--
[ 2015-05-23T19:03:46+08:00 ] /thinkphpTest/Index/blog/id/49 | INFO: Run ContentReplace Behavior [ RunTime:0.000410s ]
[ 2015-05-23T19:03:46+08:00 ] /thinkphpTest/Index/blog/id/49 | INFO: Run TokenBuild Behavior [ RunTime:0.000380s ]
[ 2015-05-23T19:03:46+08:00 ] /thinkphpTest/Index/blog/id/49 | INFO: Run WriteHtmlCache Behavior [ RunTime:0.000211s ]
[ 2015-05-23T19:03:46+08:00 ] /thinkphpTest/Index/blog/id/49 | INFO: Run ShowRuntime Behavior [ RunTime:0.000384s ]
[ 2015-05-23T19:03:46+08:00 ] /thinkphpTest/Index/blog/id/49 | INFO: Tag[ view_filter ] --END-- [ RunTime:0.001534s ]
[ 2015-05-23T19:03:46+08:00 ] /thinkphpTest/Index/blog/id/49 | INFO: Tag[ view_end ] --START--
[ 2015-05-23T19:03:46+08:00 ] /thinkphpTest/Index/blog/id/49 | INFO: Run ShowPageTrace Behavior [ RunTime:0.000432s ]
[ 2015-05-23T19:03:46+08:00 ] /thinkphpTest/Index/blog/id/49 | INFO: Tag[ view_end ] --END-- [ RunTime:0.000512s ]
