[ 2015-03-01T23:15:51+08:00 ] /thinkphpTest/ueditor/themes/default/ueditor.css | ERR: (ThinkException) 无法加载模块ueditor
[ 2015-03-01T23:23:08+08:00 ] /thinkphpTest/ | INFO: Tag[ app_begin ] --START--
[ 2015-03-01T23:23:08+08:00 ] /thinkphpTest/ | INFO: Run ReadHtmlCache Behavior [ RunTime:0.002772s ]
[ 2015-03-01T23:23:08+08:00 ] /thinkphpTest/ | INFO: Tag[ app_begin ] --END-- [ RunTime:0.003113s ]
[ 2015-03-01T23:23:08+08:00 ] /thinkphpTest/ | NOTIC: [8] Undefined index:  customer_user BaseAction.class.php 第 7 行.
[ 2015-03-01T23:23:08+08:00 ] /thinkphpTest/ | SQL: SHOW COLUMNS FROM `think_article` [ RunTime:0.007909s ]
[ 2015-03-01T23:23:08+08:00 ] /thinkphpTest/ | SQL: SELECT COUNT(*) AS tp_count FROM `think_article` WHERE isSubmitted=1 LIMIT 1   [ RunTime:0.005526s ]
[ 2015-03-01T23:23:08+08:00 ] /thinkphpTest/ | SQL: SELECT * FROM `think_article` LEFT JOIN think_category on think_article.categoryId=think_category.categoryId WHERE isSubmitted=1 LIMIT 0,5   [ RunTime:0.119744s ]
[ 2015-03-01T23:23:08+08:00 ] /thinkphpTest/ | NOTIC: [8] Undefined variable: next_link_cate IndexAction.class.php 第 28 行.
[ 2015-03-01T23:23:08+08:00 ] /thinkphpTest/ | SQL: SHOW COLUMNS FROM `think_category` [ RunTime:0.017367s ]
[ 2015-03-01T23:23:08+08:00 ] /thinkphpTest/ | SQL: SELECT * FROM `think_category`  [ RunTime:0.015345s ]
[ 2015-03-01T23:23:08+08:00 ] /thinkphpTest/ | INFO: Tag[ view_template ] --START--
[ 2015-03-01T23:23:08+08:00 ] /thinkphpTest/ | INFO: Run LocationTemplate Behavior [ RunTime:0.005812s ]
[ 2015-03-01T23:23:08+08:00 ] /thinkphpTest/ | INFO: Tag[ view_template ] --END-- [ RunTime:0.005985s ]
[ 2015-03-01T23:23:08+08:00 ] /thinkphpTest/ | INFO: Tag[ view_parse ] --START--
[ 2015-03-01T23:23:08+08:00 ] /thinkphpTest/ | NOTIC: [8] Undefined index:  memo 7e4848229090366086cc7eeb3bfc0798.php 第 43 行.
[ 2015-03-01T23:23:08+08:00 ] /thinkphpTest/ | INFO: Run ParseTemplate Behavior [ RunTime:0.048402s ]
[ 2015-03-01T23:23:08+08:00 ] /thinkphpTest/ | INFO: Tag[ view_parse ] --END-- [ RunTime:0.048517s ]
[ 2015-03-01T23:23:08+08:00 ] /thinkphpTest/ | INFO: Tag[ view_filter ] --START--
[ 2015-03-01T23:23:08+08:00 ] /thinkphpTest/ | INFO: Run ContentReplace Behavior [ RunTime:0.000770s ]
[ 2015-03-01T23:23:08+08:00 ] /thinkphpTest/ | INFO: Run TokenBuild Behavior [ RunTime:0.000765s ]
[ 2015-03-01T23:23:08+08:00 ] /thinkphpTest/ | INFO: Run WriteHtmlCache Behavior [ RunTime:0.000640s ]
[ 2015-03-01T23:23:08+08:00 ] /thinkphpTest/ | INFO: Run ShowRuntime Behavior [ RunTime:0.001386s ]
[ 2015-03-01T23:23:08+08:00 ] /thinkphpTest/ | INFO: Tag[ view_filter ] --END-- [ RunTime:0.003722s ]
[ 2015-03-01T23:23:08+08:00 ] /thinkphpTest/ | INFO: Tag[ view_end ] --START--
[ 2015-03-01T23:23:08+08:00 ] /thinkphpTest/ | INFO: Run ShowPageTrace Behavior [ RunTime:0.000874s ]
[ 2015-03-01T23:23:08+08:00 ] /thinkphpTest/ | INFO: Tag[ view_end ] --END-- [ RunTime:0.000936s ]
[ 2015-03-01T23:23:09+08:00 ] /thinkphpTest/ | INFO: Tag[ app_begin ] --START--
[ 2015-03-01T23:23:09+08:00 ] /thinkphpTest/ | INFO: Run ReadHtmlCache Behavior [ RunTime:0.000721s ]
[ 2015-03-01T23:23:09+08:00 ] /thinkphpTest/ | INFO: Tag[ app_begin ] --END-- [ RunTime:0.000828s ]
[ 2015-03-01T23:23:09+08:00 ] /thinkphpTest/ | NOTIC: [8] Undefined index:  customer_user BaseAction.class.php 第 7 行.
[ 2015-03-01T23:23:09+08:00 ] /thinkphpTest/ | SQL: SHOW COLUMNS FROM `think_article` [ RunTime:0.004389s ]
[ 2015-03-01T23:23:09+08:00 ] /thinkphpTest/ | SQL: SELECT COUNT(*) AS tp_count FROM `think_article` WHERE isSubmitted=1 LIMIT 1   [ RunTime:0.004652s ]
[ 2015-03-01T23:23:09+08:00 ] /thinkphpTest/ | SQL: SELECT * FROM `think_article` LEFT JOIN think_category on think_article.categoryId=think_category.categoryId WHERE isSubmitted=1 LIMIT 0,5   [ RunTime:0.000373s ]
[ 2015-03-01T23:23:09+08:00 ] /thinkphpTest/ | NOTIC: [8] Undefined variable: next_link_cate IndexAction.class.php 第 28 行.
[ 2015-03-01T23:23:09+08:00 ] /thinkphpTest/ | SQL: SHOW COLUMNS FROM `think_category` [ RunTime:0.002422s ]
[ 2015-03-01T23:23:09+08:00 ] /thinkphpTest/ | SQL: SELECT * FROM `think_category`  [ RunTime:0.014754s ]
[ 2015-03-01T23:23:09+08:00 ] /thinkphpTest/ | INFO: Tag[ view_template ] --START--
[ 2015-03-01T23:23:09+08:00 ] /thinkphpTest/ | INFO: Run LocationTemplate Behavior [ RunTime:0.001837s ]
[ 2015-03-01T23:23:09+08:00 ] /thinkphpTest/ | INFO: Tag[ view_template ] --END-- [ RunTime:0.001897s ]
[ 2015-03-01T23:23:09+08:00 ] /thinkphpTest/ | INFO: Tag[ view_parse ] --START--
[ 2015-03-01T23:23:09+08:00 ] /thinkphpTest/ | NOTIC: [8] Undefined index:  memo 7e4848229090366086cc7eeb3bfc0798.php 第 43 行.
[ 2015-03-01T23:23:09+08:00 ] /thinkphpTest/ | INFO: Run ParseTemplate Behavior [ RunTime:0.018084s ]
[ 2015-03-01T23:23:09+08:00 ] /thinkphpTest/ | INFO: Tag[ view_parse ] --END-- [ RunTime:0.018161s ]
[ 2015-03-01T23:23:09+08:00 ] /thinkphpTest/ | INFO: Tag[ view_filter ] --START--
[ 2015-03-01T23:23:09+08:00 ] /thinkphpTest/ | INFO: Run ContentReplace Behavior [ RunTime:0.000390s ]
[ 2015-03-01T23:23:09+08:00 ] /thinkphpTest/ | INFO: Run TokenBuild Behavior [ RunTime:0.000366s ]
[ 2015-03-01T23:23:09+08:00 ] /thinkphpTest/ | INFO: Run WriteHtmlCache Behavior [ RunTime:0.000212s ]
[ 2015-03-01T23:23:09+08:00 ] /thinkphpTest/ | INFO: Run ShowRuntime Behavior [ RunTime:0.001139s ]
[ 2015-03-01T23:23:09+08:00 ] /thinkphpTest/ | INFO: Tag[ view_filter ] --END-- [ RunTime:0.002262s ]
[ 2015-03-01T23:23:09+08:00 ] /thinkphpTest/ | INFO: Tag[ view_end ] --START--
[ 2015-03-01T23:23:09+08:00 ] /thinkphpTest/ | INFO: Run ShowPageTrace Behavior [ RunTime:0.000410s ]
[ 2015-03-01T23:23:09+08:00 ] /thinkphpTest/ | INFO: Tag[ view_end ] --END-- [ RunTime:0.000465s ]
[ 2015-03-01T23:24:53+08:00 ] /thinkphpTest/ | INFO: Tag[ app_begin ] --START--
[ 2015-03-01T23:24:53+08:00 ] /thinkphpTest/ | INFO: Run ReadHtmlCache Behavior [ RunTime:0.001719s ]
[ 2015-03-01T23:24:53+08:00 ] /thinkphpTest/ | INFO: Tag[ app_begin ] --END-- [ RunTime:0.002349s ]
[ 2015-03-01T23:24:53+08:00 ] /thinkphpTest/ | NOTIC: [8] Undefined index:  customer_user BaseAction.class.php 第 7 行.
[ 2015-03-01T23:24:53+08:00 ] /thinkphpTest/ | SQL: SHOW COLUMNS FROM `think_article` [ RunTime:0.004863s ]
[ 2015-03-01T23:24:53+08:00 ] /thinkphpTest/ | SQL: SELECT COUNT(*) AS tp_count FROM `think_article` WHERE isSubmitted=1 LIMIT 1   [ RunTime:0.009161s ]
[ 2015-03-01T23:24:53+08:00 ] /thinkphpTest/ | SQL: SELECT * FROM `think_article` LEFT JOIN think_category on think_article.categoryId=think_category.categoryId WHERE isSubmitted=1 LIMIT 0,5   [ RunTime:0.000350s ]
[ 2015-03-01T23:24:53+08:00 ] /thinkphpTest/ | NOTIC: [8] Undefined variable: next_link_cate IndexAction.class.php 第 28 行.
[ 2015-03-01T23:24:53+08:00 ] /thinkphpTest/ | SQL: SHOW COLUMNS FROM `think_category` [ RunTime:0.003034s ]
[ 2015-03-01T23:24:53+08:00 ] /thinkphpTest/ | SQL: SELECT * FROM `think_category`  [ RunTime:0.002853s ]
[ 2015-03-01T23:24:53+08:00 ] /thinkphpTest/ | INFO: Tag[ view_template ] --START--
[ 2015-03-01T23:24:53+08:00 ] /thinkphpTest/ | INFO: Run LocationTemplate Behavior [ RunTime:0.001546s ]
[ 2015-03-01T23:24:53+08:00 ] /thinkphpTest/ | INFO: Tag[ view_template ] --END-- [ RunTime:0.001604s ]
[ 2015-03-01T23:24:53+08:00 ] /thinkphpTest/ | INFO: Tag[ view_parse ] --START--
[ 2015-03-01T23:24:53+08:00 ] /thinkphpTest/ | NOTIC: [8] Undefined index:  memo 7e4848229090366086cc7eeb3bfc0798.php 第 43 行.
[ 2015-03-01T23:24:53+08:00 ] /thinkphpTest/ | INFO: Run ParseTemplate Behavior [ RunTime:0.028277s ]
[ 2015-03-01T23:24:53+08:00 ] /thinkphpTest/ | INFO: Tag[ view_parse ] --END-- [ RunTime:0.028348s ]
[ 2015-03-01T23:24:53+08:00 ] /thinkphpTest/ | INFO: Tag[ view_filter ] --START--
[ 2015-03-01T23:24:53+08:00 ] /thinkphpTest/ | INFO: Run ContentReplace Behavior [ RunTime:0.000856s ]
[ 2015-03-01T23:24:53+08:00 ] /thinkphpTest/ | INFO: Run TokenBuild Behavior [ RunTime:0.000797s ]
[ 2015-03-01T23:24:53+08:00 ] /thinkphpTest/ | INFO: Run WriteHtmlCache Behavior [ RunTime:0.000641s ]
[ 2015-03-01T23:24:53+08:00 ] /thinkphpTest/ | INFO: Run ShowRuntime Behavior [ RunTime:0.000817s ]
[ 2015-03-01T23:24:53+08:00 ] /thinkphpTest/ | INFO: Tag[ view_filter ] --END-- [ RunTime:0.003282s ]
[ 2015-03-01T23:24:53+08:00 ] /thinkphpTest/ | INFO: Tag[ view_end ] --START--
[ 2015-03-01T23:24:53+08:00 ] /thinkphpTest/ | INFO: Run ShowPageTrace Behavior [ RunTime:0.000794s ]
[ 2015-03-01T23:24:53+08:00 ] /thinkphpTest/ | INFO: Tag[ view_end ] --END-- [ RunTime:0.000845s ]
[ 2015-03-01T23:24:53+08:00 ] /thinkphpTest/ | INFO: Tag[ app_begin ] --START--
[ 2015-03-01T23:24:53+08:00 ] /thinkphpTest/ | INFO: Run ReadHtmlCache Behavior [ RunTime:0.001325s ]
[ 2015-03-01T23:24:53+08:00 ] /thinkphpTest/ | INFO: Tag[ app_begin ] --END-- [ RunTime:0.001421s ]
[ 2015-03-01T23:24:53+08:00 ] /thinkphpTest/ | NOTIC: [8] Undefined index:  customer_user BaseAction.class.php 第 7 行.
[ 2015-03-01T23:24:53+08:00 ] /thinkphpTest/ | SQL: SHOW COLUMNS FROM `think_article` [ RunTime:0.004023s ]
[ 2015-03-01T23:24:53+08:00 ] /thinkphpTest/ | SQL: SELECT COUNT(*) AS tp_count FROM `think_article` WHERE isSubmitted=1 LIMIT 1   [ RunTime:0.004870s ]
[ 2015-03-01T23:24:53+08:00 ] /thinkphpTest/ | SQL: SELECT * FROM `think_article` LEFT JOIN think_category on think_article.categoryId=think_category.categoryId WHERE isSubmitted=1 LIMIT 0,5   [ RunTime:0.000274s ]
[ 2015-03-01T23:24:53+08:00 ] /thinkphpTest/ | NOTIC: [8] Undefined variable: next_link_cate IndexAction.class.php 第 28 行.
[ 2015-03-01T23:24:53+08:00 ] /thinkphpTest/ | SQL: SHOW COLUMNS FROM `think_category` [ RunTime:0.002466s ]
[ 2015-03-01T23:24:53+08:00 ] /thinkphpTest/ | SQL: SELECT * FROM `think_category`  [ RunTime:0.002938s ]
[ 2015-03-01T23:24:53+08:00 ] /thinkphpTest/ | INFO: Tag[ view_template ] --START--
[ 2015-03-01T23:24:53+08:00 ] /thinkphpTest/ | INFO: Run LocationTemplate Behavior [ RunTime:0.002281s ]
[ 2015-03-01T23:24:53+08:00 ] /thinkphpTest/ | INFO: Tag[ view_template ] --END-- [ RunTime:0.002347s ]
[ 2015-03-01T23:24:53+08:00 ] /thinkphpTest/ | INFO: Tag[ view_parse ] --START--
[ 2015-03-01T23:24:53+08:00 ] /thinkphpTest/ | NOTIC: [8] Undefined index:  memo 7e4848229090366086cc7eeb3bfc0798.php 第 43 行.
[ 2015-03-01T23:24:53+08:00 ] /thinkphpTest/ | INFO: Run ParseTemplate Behavior [ RunTime:0.019596s ]
[ 2015-03-01T23:24:53+08:00 ] /thinkphpTest/ | INFO: Tag[ view_parse ] --END-- [ RunTime:0.019667s ]
[ 2015-03-01T23:24:53+08:00 ] /thinkphpTest/ | INFO: Tag[ view_filter ] --START--
[ 2015-03-01T23:24:53+08:00 ] /thinkphpTest/ | INFO: Run ContentReplace Behavior [ RunTime:0.001209s ]
[ 2015-03-01T23:24:53+08:00 ] /thinkphpTest/ | INFO: Run TokenBuild Behavior [ RunTime:0.001194s ]
[ 2015-03-01T23:24:53+08:00 ] /thinkphpTest/ | INFO: Run WriteHtmlCache Behavior [ RunTime:0.001025s ]
[ 2015-03-01T23:24:53+08:00 ] /thinkphpTest/ | INFO: Run ShowRuntime Behavior [ RunTime:0.001208s ]
[ 2015-03-01T23:24:53+08:00 ] /thinkphpTest/ | INFO: Tag[ view_filter ] --END-- [ RunTime:0.004795s ]
[ 2015-03-01T23:24:53+08:00 ] /thinkphpTest/ | INFO: Tag[ view_end ] --START--
[ 2015-03-01T23:24:53+08:00 ] /thinkphpTest/ | INFO: Run ShowPageTrace Behavior [ RunTime:0.001207s ]
[ 2015-03-01T23:24:53+08:00 ] /thinkphpTest/ | INFO: Tag[ view_end ] --END-- [ RunTime:0.001263s ]
[ 2015-03-01T23:24:54+08:00 ] /thinkphpTest/Index/index | INFO: Tag[ route_check ] --START--
[ 2015-03-01T23:24:54+08:00 ] /thinkphpTest/Index/index | INFO: Run CheckRoute Behavior [ RunTime:0.001910s ]
[ 2015-03-01T23:24:54+08:00 ] /thinkphpTest/Index/index | INFO: Tag[ route_check ] --END-- [ RunTime:0.002113s ]
[ 2015-03-01T23:24:54+08:00 ] /thinkphpTest/Index/index | INFO: Tag[ app_begin ] --START--
[ 2015-03-01T23:24:54+08:00 ] /thinkphpTest/Index/index | INFO: Run ReadHtmlCache Behavior [ RunTime:0.001658s ]
[ 2015-03-01T23:24:54+08:00 ] /thinkphpTest/Index/index | INFO: Tag[ app_begin ] --END-- [ RunTime:0.001727s ]
[ 2015-03-01T23:24:54+08:00 ] /thinkphpTest/Index/index | NOTIC: [8] Undefined index:  customer_user BaseAction.class.php 第 7 行.
[ 2015-03-01T23:24:54+08:00 ] /thinkphpTest/Index/index | SQL: SHOW COLUMNS FROM `think_article` [ RunTime:0.006518s ]
[ 2015-03-01T23:24:54+08:00 ] /thinkphpTest/Index/index | SQL: SELECT COUNT(*) AS tp_count FROM `think_article` WHERE isSubmitted=1 LIMIT 1   [ RunTime:0.005572s ]
[ 2015-03-01T23:24:54+08:00 ] /thinkphpTest/Index/index | SQL: SELECT * FROM `think_article` LEFT JOIN think_category on think_article.categoryId=think_category.categoryId WHERE isSubmitted=1 LIMIT 0,5   [ RunTime:0.000342s ]
[ 2015-03-01T23:24:54+08:00 ] /thinkphpTest/Index/index | NOTIC: [8] Undefined variable: next_link_cate IndexAction.class.php 第 28 行.
[ 2015-03-01T23:24:54+08:00 ] /thinkphpTest/Index/index | SQL: SHOW COLUMNS FROM `think_category` [ RunTime:0.002655s ]
[ 2015-03-01T23:24:54+08:00 ] /thinkphpTest/Index/index | SQL: SELECT * FROM `think_category`  [ RunTime:0.002871s ]
[ 2015-03-01T23:24:54+08:00 ] /thinkphpTest/Index/index | INFO: Tag[ view_template ] --START--
[ 2015-03-01T23:24:54+08:00 ] /thinkphpTest/Index/index | INFO: Run LocationTemplate Behavior [ RunTime:0.001970s ]
[ 2015-03-01T23:24:54+08:00 ] /thinkphpTest/Index/index | INFO: Tag[ view_template ] --END-- [ RunTime:0.002035s ]
[ 2015-03-01T23:24:54+08:00 ] /thinkphpTest/Index/index | INFO: Tag[ view_parse ] --START--
[ 2015-03-01T23:24:54+08:00 ] /thinkphpTest/Index/index | NOTIC: [8] Undefined index:  memo 7e4848229090366086cc7eeb3bfc0798.php 第 43 行.
[ 2015-03-01T23:24:54+08:00 ] /thinkphpTest/Index/index | INFO: Run ParseTemplate Behavior [ RunTime:0.021510s ]
[ 2015-03-01T23:24:54+08:00 ] /thinkphpTest/Index/index | INFO: Tag[ view_parse ] --END-- [ RunTime:0.021591s ]
[ 2015-03-01T23:24:54+08:00 ] /thinkphpTest/Index/index | INFO: Tag[ view_filter ] --START--
[ 2015-03-01T23:24:54+08:00 ] /thinkphpTest/Index/index | INFO: Run ContentReplace Behavior [ RunTime:0.001258s ]
[ 2015-03-01T23:24:54+08:00 ] /thinkphpTest/Index/index | INFO: Run TokenBuild Behavior [ RunTime:0.001563s ]
[ 2015-03-01T23:24:54+08:00 ] /thinkphpTest/Index/index | INFO: Run WriteHtmlCache Behavior [ RunTime:0.000998s ]
[ 2015-03-01T23:24:54+08:00 ] /thinkphpTest/Index/index | INFO: Run ShowRuntime Behavior [ RunTime:0.001151s ]
[ 2015-03-01T23:24:54+08:00 ] /thinkphpTest/Index/index | INFO: Tag[ view_filter ] --END-- [ RunTime:0.005153s ]
[ 2015-03-01T23:24:54+08:00 ] /thinkphpTest/Index/index | INFO: Tag[ view_end ] --START--
[ 2015-03-01T23:24:54+08:00 ] /thinkphpTest/Index/index | INFO: Run ShowPageTrace Behavior [ RunTime:0.001240s ]
[ 2015-03-01T23:24:54+08:00 ] /thinkphpTest/Index/index | INFO: Tag[ view_end ] --END-- [ RunTime:0.001294s ]
[ 2015-03-01T23:24:54+08:00 ] /thinkphpTest/Index/index | INFO: Tag[ route_check ] --START--
[ 2015-03-01T23:24:54+08:00 ] /thinkphpTest/Index/index | INFO: Run CheckRoute Behavior [ RunTime:0.002298s ]
[ 2015-03-01T23:24:54+08:00 ] /thinkphpTest/Index/index | INFO: Tag[ route_check ] --END-- [ RunTime:0.002465s ]
[ 2015-03-01T23:24:54+08:00 ] /thinkphpTest/Index/index | INFO: Tag[ app_begin ] --START--
[ 2015-03-01T23:24:54+08:00 ] /thinkphpTest/Index/index | INFO: Run ReadHtmlCache Behavior [ RunTime:0.001461s ]
[ 2015-03-01T23:24:54+08:00 ] /thinkphpTest/Index/index | INFO: Tag[ app_begin ] --END-- [ RunTime:0.001543s ]
[ 2015-03-01T23:24:54+08:00 ] /thinkphpTest/Index/index | NOTIC: [8] Undefined index:  customer_user BaseAction.class.php 第 7 行.
[ 2015-03-01T23:24:54+08:00 ] /thinkphpTest/Index/index | SQL: SHOW COLUMNS FROM `think_article` [ RunTime:0.004122s ]
[ 2015-03-01T23:24:54+08:00 ] /thinkphpTest/Index/index | SQL: SELECT COUNT(*) AS tp_count FROM `think_article` WHERE isSubmitted=1 LIMIT 1   [ RunTime:0.004839s ]
[ 2015-03-01T23:24:54+08:00 ] /thinkphpTest/Index/index | SQL: SELECT * FROM `think_article` LEFT JOIN think_category on think_article.categoryId=think_category.categoryId WHERE isSubmitted=1 LIMIT 0,5   [ RunTime:0.000339s ]
[ 2015-03-01T23:24:54+08:00 ] /thinkphpTest/Index/index | NOTIC: [8] Undefined variable: next_link_cate IndexAction.class.php 第 28 行.
[ 2015-03-01T23:24:54+08:00 ] /thinkphpTest/Index/index | SQL: SHOW COLUMNS FROM `think_category` [ RunTime:0.002666s ]
[ 2015-03-01T23:24:54+08:00 ] /thinkphpTest/Index/index | SQL: SELECT * FROM `think_category`  [ RunTime:0.002863s ]
[ 2015-03-01T23:24:54+08:00 ] /thinkphpTest/Index/index | INFO: Tag[ view_template ] --START--
[ 2015-03-01T23:24:54+08:00 ] /thinkphpTest/Index/index | INFO: Run LocationTemplate Behavior [ RunTime:0.001868s ]
[ 2015-03-01T23:24:54+08:00 ] /thinkphpTest/Index/index | INFO: Tag[ view_template ] --END-- [ RunTime:0.001931s ]
[ 2015-03-01T23:24:54+08:00 ] /thinkphpTest/Index/index | INFO: Tag[ view_parse ] --START--
[ 2015-03-01T23:24:54+08:00 ] /thinkphpTest/Index/index | NOTIC: [8] Undefined index:  memo 7e4848229090366086cc7eeb3bfc0798.php 第 43 行.
[ 2015-03-01T23:24:54+08:00 ] /thinkphpTest/Index/index | INFO: Run ParseTemplate Behavior [ RunTime:0.019264s ]
[ 2015-03-01T23:24:54+08:00 ] /thinkphpTest/Index/index | INFO: Tag[ view_parse ] --END-- [ RunTime:0.019375s ]
[ 2015-03-01T23:24:54+08:00 ] /thinkphpTest/Index/index | INFO: Tag[ view_filter ] --START--
[ 2015-03-01T23:24:54+08:00 ] /thinkphpTest/Index/index | INFO: Run ContentReplace Behavior [ RunTime:0.001209s ]
[ 2015-03-01T23:24:54+08:00 ] /thinkphpTest/Index/index | INFO: Run TokenBuild Behavior [ RunTime:0.001163s ]
[ 2015-03-01T23:24:54+08:00 ] /thinkphpTest/Index/index | INFO: Run WriteHtmlCache Behavior [ RunTime:0.000989s ]
[ 2015-03-01T23:24:54+08:00 ] /thinkphpTest/Index/index | INFO: Run ShowRuntime Behavior [ RunTime:0.001231s ]
[ 2015-03-01T23:24:54+08:00 ] /thinkphpTest/Index/index | INFO: Tag[ view_filter ] --END-- [ RunTime:0.004751s ]
[ 2015-03-01T23:24:54+08:00 ] /thinkphpTest/Index/index | INFO: Tag[ view_end ] --START--
[ 2015-03-01T23:24:54+08:00 ] /thinkphpTest/Index/index | INFO: Run ShowPageTrace Behavior [ RunTime:0.001192s ]
[ 2015-03-01T23:24:54+08:00 ] /thinkphpTest/Index/index | INFO: Tag[ view_end ] --END-- [ RunTime:0.001255s ]
[ 2015-03-01T23:24:56+08:00 ] /thinkphpTest/Login/index | INFO: Tag[ route_check ] --START--
[ 2015-03-01T23:24:56+08:00 ] /thinkphpTest/Login/index | INFO: Run CheckRoute Behavior [ RunTime:0.003169s ]
[ 2015-03-01T23:24:56+08:00 ] /thinkphpTest/Login/index | INFO: Tag[ route_check ] --END-- [ RunTime:0.003373s ]
[ 2015-03-01T23:24:56+08:00 ] /thinkphpTest/Login/index | INFO: Tag[ app_begin ] --START--
[ 2015-03-01T23:24:56+08:00 ] /thinkphpTest/Login/index | INFO: Run ReadHtmlCache Behavior [ RunTime:0.001558s ]
[ 2015-03-01T23:24:56+08:00 ] /thinkphpTest/Login/index | INFO: Tag[ app_begin ] --END-- [ RunTime:0.001680s ]
[ 2015-03-01T23:24:56+08:00 ] /thinkphpTest/Login/index | INFO: Tag[ view_template ] --START--
[ 2015-03-01T23:24:56+08:00 ] /thinkphpTest/Login/index | INFO: Run LocationTemplate Behavior [ RunTime:0.002077s ]
[ 2015-03-01T23:24:56+08:00 ] /thinkphpTest/Login/index | INFO: Tag[ view_template ] --END-- [ RunTime:0.002182s ]
[ 2015-03-01T23:24:56+08:00 ] /thinkphpTest/Login/index | INFO: Tag[ view_parse ] --START--
[ 2015-03-01T23:24:56+08:00 ] /thinkphpTest/Login/index | INFO: Run ParseTemplate Behavior [ RunTime:0.016572s ]
[ 2015-03-01T23:24:56+08:00 ] /thinkphpTest/Login/index | INFO: Tag[ view_parse ] --END-- [ RunTime:0.016689s ]
[ 2015-03-01T23:24:56+08:00 ] /thinkphpTest/Login/index | INFO: Tag[ view_filter ] --START--
[ 2015-03-01T23:24:56+08:00 ] /thinkphpTest/Login/index | INFO: Run ContentReplace Behavior [ RunTime:0.001326s ]
[ 2015-03-01T23:24:56+08:00 ] /thinkphpTest/Login/index | INFO: Run TokenBuild Behavior [ RunTime:0.001214s ]
[ 2015-03-01T23:24:56+08:00 ] /thinkphpTest/Login/index | INFO: Run WriteHtmlCache Behavior [ RunTime:0.001387s ]
[ 2015-03-01T23:24:56+08:00 ] /thinkphpTest/Login/index | INFO: Run ShowRuntime Behavior [ RunTime:0.002703s ]
[ 2015-03-01T23:24:56+08:00 ] /thinkphpTest/Login/index | INFO: Tag[ view_filter ] --END-- [ RunTime:0.006973s ]
[ 2015-03-01T23:24:56+08:00 ] /thinkphpTest/Login/index | INFO: Tag[ view_end ] --START--
[ 2015-03-01T23:24:56+08:00 ] /thinkphpTest/Login/index | INFO: Run ShowPageTrace Behavior [ RunTime:0.001399s ]
[ 2015-03-01T23:24:56+08:00 ] /thinkphpTest/Login/index | INFO: Tag[ view_end ] --END-- [ RunTime:0.001456s ]
[ 2015-03-01T23:24:56+08:00 ] /thinkphpTest/Login/index | INFO: Tag[ route_check ] --START--
[ 2015-03-01T23:24:56+08:00 ] /thinkphpTest/Login/index | INFO: Run CheckRoute Behavior [ RunTime:0.002237s ]
[ 2015-03-01T23:24:56+08:00 ] /thinkphpTest/Login/index | INFO: Tag[ route_check ] --END-- [ RunTime:0.002398s ]
[ 2015-03-01T23:24:56+08:00 ] /thinkphpTest/Login/index | INFO: Tag[ app_begin ] --START--
[ 2015-03-01T23:24:56+08:00 ] /thinkphpTest/Login/index | INFO: Run ReadHtmlCache Behavior [ RunTime:0.000586s ]
[ 2015-03-01T23:24:56+08:00 ] /thinkphpTest/Login/index | INFO: Tag[ app_begin ] --END-- [ RunTime:0.000644s ]
[ 2015-03-01T23:24:56+08:00 ] /thinkphpTest/Login/index | INFO: Tag[ view_template ] --START--
[ 2015-03-01T23:24:56+08:00 ] /thinkphpTest/Login/index | INFO: Run LocationTemplate Behavior [ RunTime:0.002479s ]
[ 2015-03-01T23:24:56+08:00 ] /thinkphpTest/Login/index | INFO: Tag[ view_template ] --END-- [ RunTime:0.002599s ]
[ 2015-03-01T23:24:56+08:00 ] /thinkphpTest/Login/index | INFO: Tag[ view_parse ] --START--
[ 2015-03-01T23:24:56+08:00 ] /thinkphpTest/Login/index | INFO: Run ParseTemplate Behavior [ RunTime:0.015796s ]
[ 2015-03-01T23:24:56+08:00 ] /thinkphpTest/Login/index | INFO: Tag[ view_parse ] --END-- [ RunTime:0.015898s ]
[ 2015-03-01T23:24:56+08:00 ] /thinkphpTest/Login/index | INFO: Tag[ view_filter ] --START--
[ 2015-03-01T23:24:56+08:00 ] /thinkphpTest/Login/index | INFO: Run ContentReplace Behavior [ RunTime:0.000368s ]
[ 2015-03-01T23:24:56+08:00 ] /thinkphpTest/Login/index | INFO: Run TokenBuild Behavior [ RunTime:0.000425s ]
[ 2015-03-01T23:24:56+08:00 ] /thinkphpTest/Login/index | INFO: Run WriteHtmlCache Behavior [ RunTime:0.000218s ]
[ 2015-03-01T23:24:56+08:00 ] /thinkphpTest/Login/index | INFO: Run ShowRuntime Behavior [ RunTime:0.001000s ]
[ 2015-03-01T23:24:56+08:00 ] /thinkphpTest/Login/index | INFO: Tag[ view_filter ] --END-- [ RunTime:0.002165s ]
[ 2015-03-01T23:24:56+08:00 ] /thinkphpTest/Login/index | INFO: Tag[ view_end ] --START--
[ 2015-03-01T23:24:56+08:00 ] /thinkphpTest/Login/index | INFO: Run ShowPageTrace Behavior [ RunTime:0.000361s ]
[ 2015-03-01T23:24:56+08:00 ] /thinkphpTest/Login/index | INFO: Tag[ view_end ] --END-- [ RunTime:0.000411s ]
[ 2015-03-01T23:25:40+08:00 ] /thinkphpTest/Login/index | INFO: Tag[ route_check ] --START--
[ 2015-03-01T23:25:40+08:00 ] /thinkphpTest/Login/index | INFO: Run CheckRoute Behavior [ RunTime:0.002190s ]
[ 2015-03-01T23:25:40+08:00 ] /thinkphpTest/Login/index | INFO: Tag[ route_check ] --END-- [ RunTime:0.002555s ]
[ 2015-03-01T23:25:40+08:00 ] /thinkphpTest/Login/index | INFO: Tag[ app_begin ] --START--
[ 2015-03-01T23:25:40+08:00 ] /thinkphpTest/Login/index | INFO: Run ReadHtmlCache Behavior [ RunTime:0.001445s ]
[ 2015-03-01T23:25:40+08:00 ] /thinkphpTest/Login/index | INFO: Tag[ app_begin ] --END-- [ RunTime:0.001540s ]
[ 2015-03-01T23:25:40+08:00 ] /thinkphpTest/Login/index | INFO: Tag[ view_template ] --START--
[ 2015-03-01T23:25:40+08:00 ] /thinkphpTest/Login/index | INFO: Run LocationTemplate Behavior [ RunTime:0.002137s ]
[ 2015-03-01T23:25:40+08:00 ] /thinkphpTest/Login/index | INFO: Tag[ view_template ] --END-- [ RunTime:0.002216s ]
[ 2015-03-01T23:25:40+08:00 ] /thinkphpTest/Login/index | INFO: Tag[ view_parse ] --START--
[ 2015-03-01T23:25:40+08:00 ] /thinkphpTest/Login/index | INFO: Run ParseTemplate Behavior [ RunTime:0.016106s ]
[ 2015-03-01T23:25:40+08:00 ] /thinkphpTest/Login/index | INFO: Tag[ view_parse ] --END-- [ RunTime:0.016202s ]
[ 2015-03-01T23:25:40+08:00 ] /thinkphpTest/Login/index | INFO: Tag[ view_filter ] --START--
[ 2015-03-01T23:25:40+08:00 ] /thinkphpTest/Login/index | INFO: Run ContentReplace Behavior [ RunTime:0.000849s ]
[ 2015-03-01T23:25:40+08:00 ] /thinkphpTest/Login/index | INFO: Run TokenBuild Behavior [ RunTime:0.000843s ]
[ 2015-03-01T23:25:40+08:00 ] /thinkphpTest/Login/index | INFO: Run WriteHtmlCache Behavior [ RunTime:0.000681s ]
[ 2015-03-01T23:25:40+08:00 ] /thinkphpTest/Login/index | INFO: Run ShowRuntime Behavior [ RunTime:0.001373s ]
[ 2015-03-01T23:25:40+08:00 ] /thinkphpTest/Login/index | INFO: Tag[ view_filter ] --END-- [ RunTime:0.003931s ]
[ 2015-03-01T23:25:40+08:00 ] /thinkphpTest/Login/index | INFO: Tag[ view_end ] --START--
[ 2015-03-01T23:25:40+08:00 ] /thinkphpTest/Login/index | INFO: Run ShowPageTrace Behavior [ RunTime:0.001347s ]
[ 2015-03-01T23:25:40+08:00 ] /thinkphpTest/Login/index | INFO: Tag[ view_end ] --END-- [ RunTime:0.001529s ]
[ 2015-03-01T23:25:40+08:00 ] /thinkphpTest/Login/index | INFO: Tag[ route_check ] --START--
[ 2015-03-01T23:25:40+08:00 ] /thinkphpTest/Login/index | INFO: Run CheckRoute Behavior [ RunTime:0.003102s ]
[ 2015-03-01T23:25:40+08:00 ] /thinkphpTest/Login/index | INFO: Tag[ route_check ] --END-- [ RunTime:0.003445s ]
[ 2015-03-01T23:25:40+08:00 ] /thinkphpTest/Login/index | INFO: Tag[ app_begin ] --START--
[ 2015-03-01T23:25:40+08:00 ] /thinkphpTest/Login/index | INFO: Run ReadHtmlCache Behavior [ RunTime:0.002713s ]
[ 2015-03-01T23:25:40+08:00 ] /thinkphpTest/Login/index | INFO: Tag[ app_begin ] --END-- [ RunTime:0.002878s ]
[ 2015-03-01T23:25:40+08:00 ] /thinkphpTest/Login/index | INFO: Tag[ view_template ] --START--
[ 2015-03-01T23:25:40+08:00 ] /thinkphpTest/Login/index | INFO: Run LocationTemplate Behavior [ RunTime:0.001944s ]
[ 2015-03-01T23:25:40+08:00 ] /thinkphpTest/Login/index | INFO: Tag[ view_template ] --END-- [ RunTime:0.002011s ]
[ 2015-03-01T23:25:40+08:00 ] /thinkphpTest/Login/index | INFO: Tag[ view_parse ] --START--
[ 2015-03-01T23:25:40+08:00 ] /thinkphpTest/Login/index | INFO: Run ParseTemplate Behavior [ RunTime:0.020042s ]
[ 2015-03-01T23:25:40+08:00 ] /thinkphpTest/Login/index | INFO: Tag[ view_parse ] --END-- [ RunTime:0.020123s ]
[ 2015-03-01T23:25:40+08:00 ] /thinkphpTest/Login/index | INFO: Tag[ view_filter ] --START--
[ 2015-03-01T23:25:40+08:00 ] /thinkphpTest/Login/index | INFO: Run ContentReplace Behavior [ RunTime:0.001432s ]
[ 2015-03-01T23:25:40+08:00 ] /thinkphpTest/Login/index | INFO: Run TokenBuild Behavior [ RunTime:0.003071s ]
[ 2015-03-01T23:25:40+08:00 ] /thinkphpTest/Login/index | INFO: Run WriteHtmlCache Behavior [ RunTime:0.003645s ]
[ 2015-03-01T23:25:40+08:00 ] /thinkphpTest/Login/index | INFO: Run ShowRuntime Behavior [ RunTime:0.001280s ]
[ 2015-03-01T23:25:40+08:00 ] /thinkphpTest/Login/index | INFO: Tag[ view_filter ] --END-- [ RunTime:0.009836s ]
[ 2015-03-01T23:25:40+08:00 ] /thinkphpTest/Login/index | INFO: Tag[ view_end ] --START--
[ 2015-03-01T23:25:40+08:00 ] /thinkphpTest/Login/index | INFO: Run ShowPageTrace Behavior [ RunTime:0.001262s ]
[ 2015-03-01T23:25:40+08:00 ] /thinkphpTest/Login/index | INFO: Tag[ view_end ] --END-- [ RunTime:0.001319s ]
[ 2015-03-01T23:25:40+08:00 ] /thinkphpTest/Index/index | INFO: Tag[ route_check ] --START--
[ 2015-03-01T23:25:40+08:00 ] /thinkphpTest/Index/index | INFO: Run CheckRoute Behavior [ RunTime:0.001780s ]
[ 2015-03-01T23:25:40+08:00 ] /thinkphpTest/Index/index | INFO: Tag[ route_check ] --END-- [ RunTime:0.001916s ]
[ 2015-03-01T23:25:40+08:00 ] /thinkphpTest/Index/index | INFO: Tag[ app_begin ] --START--
[ 2015-03-01T23:25:40+08:00 ] /thinkphpTest/Index/index | INFO: Run ReadHtmlCache Behavior [ RunTime:0.002687s ]
[ 2015-03-01T23:25:40+08:00 ] /thinkphpTest/Index/index | INFO: Tag[ app_begin ] --END-- [ RunTime:0.002841s ]
[ 2015-03-01T23:25:40+08:00 ] /thinkphpTest/Index/index | NOTIC: [8] Undefined index:  customer_user BaseAction.class.php 第 7 行.
[ 2015-03-01T23:25:40+08:00 ] /thinkphpTest/Index/index | SQL: SHOW COLUMNS FROM `think_article` [ RunTime:0.004319s ]
[ 2015-03-01T23:25:40+08:00 ] /thinkphpTest/Index/index | SQL: SELECT COUNT(*) AS tp_count FROM `think_article` WHERE isSubmitted=1 LIMIT 1   [ RunTime:0.004630s ]
[ 2015-03-01T23:25:40+08:00 ] /thinkphpTest/Index/index | SQL: SELECT * FROM `think_article` LEFT JOIN think_category on think_article.categoryId=think_category.categoryId WHERE isSubmitted=1 LIMIT 0,5   [ RunTime:0.000382s ]
[ 2015-03-01T23:25:40+08:00 ] /thinkphpTest/Index/index | NOTIC: [8] Undefined variable: next_link_cate IndexAction.class.php 第 28 行.
[ 2015-03-01T23:25:40+08:00 ] /thinkphpTest/Index/index | SQL: SHOW COLUMNS FROM `think_category` [ RunTime:0.004816s ]
[ 2015-03-01T23:25:40+08:00 ] /thinkphpTest/Index/index | SQL: SELECT * FROM `think_category`  [ RunTime:0.002962s ]
[ 2015-03-01T23:25:40+08:00 ] /thinkphpTest/Index/index | INFO: Tag[ view_template ] --START--
[ 2015-03-01T23:25:40+08:00 ] /thinkphpTest/Index/index | INFO: Run LocationTemplate Behavior [ RunTime:0.002377s ]
[ 2015-03-01T23:25:40+08:00 ] /thinkphpTest/Index/index | INFO: Tag[ view_template ] --END-- [ RunTime:0.002461s ]
[ 2015-03-01T23:25:40+08:00 ] /thinkphpTest/Index/index | INFO: Tag[ view_parse ] --START--
[ 2015-03-01T23:25:40+08:00 ] /thinkphpTest/Index/index | NOTIC: [8] Undefined index:  memo 7e4848229090366086cc7eeb3bfc0798.php 第 43 行.
[ 2015-03-01T23:25:40+08:00 ] /thinkphpTest/Index/index | INFO: Run ParseTemplate Behavior [ RunTime:0.021872s ]
[ 2015-03-01T23:25:40+08:00 ] /thinkphpTest/Index/index | INFO: Tag[ view_parse ] --END-- [ RunTime:0.022025s ]
[ 2015-03-01T23:25:40+08:00 ] /thinkphpTest/Index/index | INFO: Tag[ view_filter ] --START--
[ 2015-03-01T23:25:40+08:00 ] /thinkphpTest/Index/index | INFO: Run ContentReplace Behavior [ RunTime:0.002017s ]
[ 2015-03-01T23:25:40+08:00 ] /thinkphpTest/Index/index | INFO: Run TokenBuild Behavior [ RunTime:0.001149s ]
[ 2015-03-01T23:25:40+08:00 ] /thinkphpTest/Index/index | INFO: Run WriteHtmlCache Behavior [ RunTime:0.000988s ]
[ 2015-03-01T23:25:40+08:00 ] /thinkphpTest/Index/index | INFO: Run ShowRuntime Behavior [ RunTime:0.001158s ]
[ 2015-03-01T23:25:40+08:00 ] /thinkphpTest/Index/index | INFO: Tag[ view_filter ] --END-- [ RunTime:0.005511s ]
[ 2015-03-01T23:25:40+08:00 ] /thinkphpTest/Index/index | INFO: Tag[ view_end ] --START--
[ 2015-03-01T23:25:40+08:00 ] /thinkphpTest/Index/index | INFO: Run ShowPageTrace Behavior [ RunTime:0.001279s ]
[ 2015-03-01T23:25:40+08:00 ] /thinkphpTest/Index/index | INFO: Tag[ view_end ] --END-- [ RunTime:0.001334s ]
[ 2015-03-01T23:25:41+08:00 ] /thinkphpTest/Index/index | INFO: Tag[ route_check ] --START--
[ 2015-03-01T23:25:41+08:00 ] /thinkphpTest/Index/index | INFO: Run CheckRoute Behavior [ RunTime:0.001292s ]
[ 2015-03-01T23:25:41+08:00 ] /thinkphpTest/Index/index | INFO: Tag[ route_check ] --END-- [ RunTime:0.001384s ]
[ 2015-03-01T23:25:41+08:00 ] /thinkphpTest/Index/index | INFO: Tag[ app_begin ] --START--
[ 2015-03-01T23:25:41+08:00 ] /thinkphpTest/Index/index | INFO: Run ReadHtmlCache Behavior [ RunTime:0.001546s ]
[ 2015-03-01T23:25:41+08:00 ] /thinkphpTest/Index/index | INFO: Tag[ app_begin ] --END-- [ RunTime:0.001647s ]
[ 2015-03-01T23:25:41+08:00 ] /thinkphpTest/Index/index | NOTIC: [8] Undefined index:  customer_user BaseAction.class.php 第 7 行.
[ 2015-03-01T23:25:41+08:00 ] /thinkphpTest/Index/index | SQL: SHOW COLUMNS FROM `think_article` [ RunTime:0.004026s ]
[ 2015-03-01T23:25:41+08:00 ] /thinkphpTest/Index/index | SQL: SELECT COUNT(*) AS tp_count FROM `think_article` WHERE isSubmitted=1 LIMIT 1   [ RunTime:0.004708s ]
[ 2015-03-01T23:25:41+08:00 ] /thinkphpTest/Index/index | SQL: SELECT * FROM `think_article` LEFT JOIN think_category on think_article.categoryId=think_category.categoryId WHERE isSubmitted=1 LIMIT 0,5   [ RunTime:0.000350s ]
[ 2015-03-01T23:25:41+08:00 ] /thinkphpTest/Index/index | NOTIC: [8] Undefined variable: next_link_cate IndexAction.class.php 第 28 行.
[ 2015-03-01T23:25:41+08:00 ] /thinkphpTest/Index/index | SQL: SHOW COLUMNS FROM `think_category` [ RunTime:0.003068s ]
[ 2015-03-01T23:25:41+08:00 ] /thinkphpTest/Index/index | SQL: SELECT * FROM `think_category`  [ RunTime:0.002758s ]
[ 2015-03-01T23:25:41+08:00 ] /thinkphpTest/Index/index | INFO: Tag[ view_template ] --START--
[ 2015-03-01T23:25:41+08:00 ] /thinkphpTest/Index/index | INFO: Run LocationTemplate Behavior [ RunTime:0.002010s ]
[ 2015-03-01T23:25:41+08:00 ] /thinkphpTest/Index/index | INFO: Tag[ view_template ] --END-- [ RunTime:0.002071s ]
[ 2015-03-01T23:25:41+08:00 ] /thinkphpTest/Index/index | INFO: Tag[ view_parse ] --START--
[ 2015-03-01T23:25:41+08:00 ] /thinkphpTest/Index/index | NOTIC: [8] Undefined index:  memo 7e4848229090366086cc7eeb3bfc0798.php 第 43 行.
[ 2015-03-01T23:25:41+08:00 ] /thinkphpTest/Index/index | INFO: Run ParseTemplate Behavior [ RunTime:0.019754s ]
[ 2015-03-01T23:25:41+08:00 ] /thinkphpTest/Index/index | INFO: Tag[ view_parse ] --END-- [ RunTime:0.019821s ]
[ 2015-03-01T23:25:41+08:00 ] /thinkphpTest/Index/index | INFO: Tag[ view_filter ] --START--
[ 2015-03-01T23:25:41+08:00 ] /thinkphpTest/Index/index | INFO: Run ContentReplace Behavior [ RunTime:0.001247s ]
[ 2015-03-01T23:25:41+08:00 ] /thinkphpTest/Index/index | INFO: Run TokenBuild Behavior [ RunTime:0.001130s ]
[ 2015-03-01T23:25:41+08:00 ] /thinkphpTest/Index/index | INFO: Run WriteHtmlCache Behavior [ RunTime:0.001028s ]
[ 2015-03-01T23:25:41+08:00 ] /thinkphpTest/Index/index | INFO: Run ShowRuntime Behavior [ RunTime:0.001170s ]
[ 2015-03-01T23:25:41+08:00 ] /thinkphpTest/Index/index | INFO: Tag[ view_filter ] --END-- [ RunTime:0.004762s ]
[ 2015-03-01T23:25:41+08:00 ] /thinkphpTest/Index/index | INFO: Tag[ view_end ] --START--
[ 2015-03-01T23:25:41+08:00 ] /thinkphpTest/Index/index | INFO: Run ShowPageTrace Behavior [ RunTime:0.001231s ]
[ 2015-03-01T23:25:41+08:00 ] /thinkphpTest/Index/index | INFO: Tag[ view_end ] --END-- [ RunTime:0.001283s ]
[ 2015-03-01T23:25:42+08:00 ] /thinkphpTest/Login/index | INFO: Tag[ route_check ] --START--
[ 2015-03-01T23:25:42+08:00 ] /thinkphpTest/Login/index | INFO: Run CheckRoute Behavior [ RunTime:0.001753s ]
[ 2015-03-01T23:25:42+08:00 ] /thinkphpTest/Login/index | INFO: Tag[ route_check ] --END-- [ RunTime:0.001879s ]
[ 2015-03-01T23:25:42+08:00 ] /thinkphpTest/Login/index | INFO: Tag[ app_begin ] --START--
[ 2015-03-01T23:25:42+08:00 ] /thinkphpTest/Login/index | INFO: Run ReadHtmlCache Behavior [ RunTime:0.002144s ]
[ 2015-03-01T23:25:42+08:00 ] /thinkphpTest/Login/index | INFO: Tag[ app_begin ] --END-- [ RunTime:0.002240s ]
[ 2015-03-01T23:25:42+08:00 ] /thinkphpTest/Login/index | INFO: Tag[ view_template ] --START--
[ 2015-03-01T23:25:42+08:00 ] /thinkphpTest/Login/index | INFO: Run LocationTemplate Behavior [ RunTime:0.002230s ]
[ 2015-03-01T23:25:42+08:00 ] /thinkphpTest/Login/index | INFO: Tag[ view_template ] --END-- [ RunTime:0.002313s ]
[ 2015-03-01T23:25:42+08:00 ] /thinkphpTest/Login/index | INFO: Tag[ view_parse ] --START--
[ 2015-03-01T23:25:42+08:00 ] /thinkphpTest/Login/index | INFO: Run ParseTemplate Behavior [ RunTime:0.017440s ]
[ 2015-03-01T23:25:42+08:00 ] /thinkphpTest/Login/index | INFO: Tag[ view_parse ] --END-- [ RunTime:0.017527s ]
[ 2015-03-01T23:25:42+08:00 ] /thinkphpTest/Login/index | INFO: Tag[ view_filter ] --START--
[ 2015-03-01T23:25:42+08:00 ] /thinkphpTest/Login/index | INFO: Run ContentReplace Behavior [ RunTime:0.001216s ]
[ 2015-03-01T23:25:42+08:00 ] /thinkphpTest/Login/index | INFO: Run TokenBuild Behavior [ RunTime:0.001331s ]
[ 2015-03-01T23:25:42+08:00 ] /thinkphpTest/Login/index | INFO: Run WriteHtmlCache Behavior [ RunTime:0.002546s ]
[ 2015-03-01T23:25:42+08:00 ] /thinkphpTest/Login/index | INFO: Run ShowRuntime Behavior [ RunTime:0.001989s ]
[ 2015-03-01T23:25:42+08:00 ] /thinkphpTest/Login/index | INFO: Tag[ view_filter ] --END-- [ RunTime:0.007323s ]
[ 2015-03-01T23:25:42+08:00 ] /thinkphpTest/Login/index | INFO: Tag[ view_end ] --START--
[ 2015-03-01T23:25:42+08:00 ] /thinkphpTest/Login/index | INFO: Run ShowPageTrace Behavior [ RunTime:0.001799s ]
[ 2015-03-01T23:25:42+08:00 ] /thinkphpTest/Login/index | INFO: Tag[ view_end ] --END-- [ RunTime:0.001880s ]
[ 2015-03-01T23:25:42+08:00 ] /thinkphpTest/Login/index | INFO: Tag[ route_check ] --START--
[ 2015-03-01T23:25:42+08:00 ] /thinkphpTest/Login/index | INFO: Run CheckRoute Behavior [ RunTime:0.001618s ]
[ 2015-03-01T23:25:42+08:00 ] /thinkphpTest/Login/index | INFO: Tag[ route_check ] --END-- [ RunTime:0.001729s ]
[ 2015-03-01T23:25:42+08:00 ] /thinkphpTest/Login/index | INFO: Tag[ app_begin ] --START--
[ 2015-03-01T23:25:42+08:00 ] /thinkphpTest/Login/index | INFO: Run ReadHtmlCache Behavior [ RunTime:0.001514s ]
[ 2015-03-01T23:25:42+08:00 ] /thinkphpTest/Login/index | INFO: Tag[ app_begin ] --END-- [ RunTime:0.001593s ]
[ 2015-03-01T23:25:42+08:00 ] /thinkphpTest/Login/index | INFO: Tag[ view_template ] --START--
[ 2015-03-01T23:25:42+08:00 ] /thinkphpTest/Login/index | INFO: Run LocationTemplate Behavior [ RunTime:0.002690s ]
[ 2015-03-01T23:25:42+08:00 ] /thinkphpTest/Login/index | INFO: Tag[ view_template ] --END-- [ RunTime:0.002791s ]
[ 2015-03-01T23:25:42+08:00 ] /thinkphpTest/Login/index | INFO: Tag[ view_parse ] --START--
[ 2015-03-01T23:25:42+08:00 ] /thinkphpTest/Login/index | INFO: Run ParseTemplate Behavior [ RunTime:0.020279s ]
[ 2015-03-01T23:25:42+08:00 ] /thinkphpTest/Login/index | INFO: Tag[ view_parse ] --END-- [ RunTime:0.020381s ]
[ 2015-03-01T23:25:42+08:00 ] /thinkphpTest/Login/index | INFO: Tag[ view_filter ] --START--
[ 2015-03-01T23:25:42+08:00 ] /thinkphpTest/Login/index | INFO: Run ContentReplace Behavior [ RunTime:0.001439s ]
[ 2015-03-01T23:25:42+08:00 ] /thinkphpTest/Login/index | INFO: Run TokenBuild Behavior [ RunTime:0.001314s ]
[ 2015-03-01T23:25:42+08:00 ] /thinkphpTest/Login/index | INFO: Run WriteHtmlCache Behavior [ RunTime:0.001189s ]
[ 2015-03-01T23:25:42+08:00 ] /thinkphpTest/Login/index | INFO: Run ShowRuntime Behavior [ RunTime:0.001667s ]
[ 2015-03-01T23:25:42+08:00 ] /thinkphpTest/Login/index | INFO: Tag[ view_filter ] --END-- [ RunTime:0.005861s ]
[ 2015-03-01T23:25:42+08:00 ] /thinkphpTest/Login/index | INFO: Tag[ view_end ] --START--
[ 2015-03-01T23:25:42+08:00 ] /thinkphpTest/Login/index | INFO: Run ShowPageTrace Behavior [ RunTime:0.001546s ]
[ 2015-03-01T23:25:42+08:00 ] /thinkphpTest/Login/index | INFO: Tag[ view_end ] --END-- [ RunTime:0.001643s ]
[ 2015-03-01T23:28:08+08:00 ] /thinkphpTest/Login/index | INFO: Tag[ route_check ] --START--
[ 2015-03-01T23:28:08+08:00 ] /thinkphpTest/Login/index | INFO: Run CheckRoute Behavior [ RunTime:0.001850s ]
[ 2015-03-01T23:28:08+08:00 ] /thinkphpTest/Login/index | INFO: Tag[ route_check ] --END-- [ RunTime:0.002048s ]
[ 2015-03-01T23:28:08+08:00 ] /thinkphpTest/Login/index | INFO: Tag[ app_begin ] --START--
[ 2015-03-01T23:28:08+08:00 ] /thinkphpTest/Login/index | INFO: Run ReadHtmlCache Behavior [ RunTime:0.001342s ]
[ 2015-03-01T23:28:08+08:00 ] /thinkphpTest/Login/index | INFO: Tag[ app_begin ] --END-- [ RunTime:0.001401s ]
[ 2015-03-01T23:28:08+08:00 ] /thinkphpTest/Login/index | INFO: Tag[ view_template ] --START--
[ 2015-03-01T23:28:08+08:00 ] /thinkphpTest/Login/index | INFO: Run LocationTemplate Behavior [ RunTime:0.001933s ]
[ 2015-03-01T23:28:08+08:00 ] /thinkphpTest/Login/index | INFO: Tag[ view_template ] --END-- [ RunTime:0.001994s ]
[ 2015-03-01T23:28:08+08:00 ] /thinkphpTest/Login/index | INFO: Tag[ view_parse ] --START--
[ 2015-03-01T23:28:08+08:00 ] /thinkphpTest/Login/index | INFO: Run ParseTemplate Behavior [ RunTime:0.063520s ]
[ 2015-03-01T23:28:08+08:00 ] /thinkphpTest/Login/index | INFO: Tag[ view_parse ] --END-- [ RunTime:0.063625s ]
[ 2015-03-01T23:28:08+08:00 ] /thinkphpTest/Login/index | INFO: Tag[ view_filter ] --START--
[ 2015-03-01T23:28:08+08:00 ] /thinkphpTest/Login/index | INFO: Run ContentReplace Behavior [ RunTime:0.002848s ]
[ 2015-03-01T23:28:08+08:00 ] /thinkphpTest/Login/index | INFO: Run TokenBuild Behavior [ RunTime:0.003140s ]
[ 2015-03-01T23:28:08+08:00 ] /thinkphpTest/Login/index | INFO: Run WriteHtmlCache Behavior [ RunTime:0.002632s ]
[ 2015-03-01T23:28:08+08:00 ] /thinkphpTest/Login/index | INFO: Run ShowRuntime Behavior [ RunTime:0.003172s ]
[ 2015-03-01T23:28:08+08:00 ] /thinkphpTest/Login/index | INFO: Tag[ view_filter ] --END-- [ RunTime:0.012180s ]
[ 2015-03-01T23:28:08+08:00 ] /thinkphpTest/Login/index | INFO: Tag[ view_end ] --START--
[ 2015-03-01T23:28:08+08:00 ] /thinkphpTest/Login/index | INFO: Run ShowPageTrace Behavior [ RunTime:0.003973s ]
[ 2015-03-01T23:28:08+08:00 ] /thinkphpTest/Login/index | INFO: Tag[ view_end ] --END-- [ RunTime:0.004244s ]
[ 2015-03-01T23:28:08+08:00 ] /thinkphpTest/Login/index | INFO: Tag[ route_check ] --START--
[ 2015-03-01T23:28:08+08:00 ] /thinkphpTest/Login/index | INFO: Run CheckRoute Behavior [ RunTime:0.001459s ]
[ 2015-03-01T23:28:08+08:00 ] /thinkphpTest/Login/index | INFO: Tag[ route_check ] --END-- [ RunTime:0.001596s ]
[ 2015-03-01T23:28:08+08:00 ] /thinkphpTest/Login/index | INFO: Tag[ app_begin ] --START--
[ 2015-03-01T23:28:08+08:00 ] /thinkphpTest/Login/index | INFO: Run ReadHtmlCache Behavior [ RunTime:0.001275s ]
[ 2015-03-01T23:28:08+08:00 ] /thinkphpTest/Login/index | INFO: Tag[ app_begin ] --END-- [ RunTime:0.001365s ]
[ 2015-03-01T23:28:08+08:00 ] /thinkphpTest/Login/index | INFO: Tag[ view_template ] --START--
[ 2015-03-01T23:28:08+08:00 ] /thinkphpTest/Login/index | INFO: Run LocationTemplate Behavior [ RunTime:0.001838s ]
[ 2015-03-01T23:28:08+08:00 ] /thinkphpTest/Login/index | INFO: Tag[ view_template ] --END-- [ RunTime:0.001927s ]
[ 2015-03-01T23:28:08+08:00 ] /thinkphpTest/Login/index | INFO: Tag[ view_parse ] --START--
[ 2015-03-01T23:28:08+08:00 ] /thinkphpTest/Login/index | INFO: Run ParseTemplate Behavior [ RunTime:0.014288s ]
[ 2015-03-01T23:28:08+08:00 ] /thinkphpTest/Login/index | INFO: Tag[ view_parse ] --END-- [ RunTime:0.014369s ]
[ 2015-03-01T23:28:08+08:00 ] /thinkphpTest/Login/index | INFO: Tag[ view_filter ] --START--
[ 2015-03-01T23:28:08+08:00 ] /thinkphpTest/Login/index | INFO: Run ContentReplace Behavior [ RunTime:0.000844s ]
[ 2015-03-01T23:28:08+08:00 ] /thinkphpTest/Login/index | INFO: Run TokenBuild Behavior [ RunTime:0.000817s ]
[ 2015-03-01T23:28:08+08:00 ] /thinkphpTest/Login/index | INFO: Run WriteHtmlCache Behavior [ RunTime:0.000637s ]
[ 2015-03-01T23:28:08+08:00 ] /thinkphpTest/Login/index | INFO: Run ShowRuntime Behavior [ RunTime:0.001268s ]
[ 2015-03-01T23:28:08+08:00 ] /thinkphpTest/Login/index | INFO: Tag[ view_filter ] --END-- [ RunTime:0.003740s ]
[ 2015-03-01T23:28:08+08:00 ] /thinkphpTest/Login/index | INFO: Tag[ view_end ] --START--
[ 2015-03-01T23:28:08+08:00 ] /thinkphpTest/Login/index | INFO: Run ShowPageTrace Behavior [ RunTime:0.002353s ]
[ 2015-03-01T23:28:08+08:00 ] /thinkphpTest/Login/index | INFO: Tag[ view_end ] --END-- [ RunTime:0.002501s ]
[ 2015-03-01T23:28:23+08:00 ] /thinkphpTest/Login/index | INFO: Tag[ route_check ] --START--
[ 2015-03-01T23:28:23+08:00 ] /thinkphpTest/Login/index | INFO: Run CheckRoute Behavior [ RunTime:0.000827s ]
[ 2015-03-01T23:28:23+08:00 ] /thinkphpTest/Login/index | INFO: Tag[ route_check ] --END-- [ RunTime:0.000921s ]
[ 2015-03-01T23:28:23+08:00 ] /thinkphpTest/Login/index | INFO: Tag[ app_begin ] --START--
[ 2015-03-01T23:28:23+08:00 ] /thinkphpTest/Login/index | INFO: Run ReadHtmlCache Behavior [ RunTime:0.000493s ]
[ 2015-03-01T23:28:23+08:00 ] /thinkphpTest/Login/index | INFO: Tag[ app_begin ] --END-- [ RunTime:0.000548s ]
[ 2015-03-01T23:28:23+08:00 ] /thinkphpTest/Login/index | INFO: Tag[ view_template ] --START--
[ 2015-03-01T23:28:23+08:00 ] /thinkphpTest/Login/index | INFO: Run LocationTemplate Behavior [ RunTime:0.001365s ]
[ 2015-03-01T23:28:23+08:00 ] /thinkphpTest/Login/index | INFO: Tag[ view_template ] --END-- [ RunTime:0.001427s ]
[ 2015-03-01T23:28:23+08:00 ] /thinkphpTest/Login/index | INFO: Tag[ view_parse ] --START--
[ 2015-03-01T23:28:23+08:00 ] /thinkphpTest/Login/index | INFO: Run ParseTemplate Behavior [ RunTime:0.013201s ]
[ 2015-03-01T23:28:23+08:00 ] /thinkphpTest/Login/index | INFO: Tag[ view_parse ] --END-- [ RunTime:0.013283s ]
[ 2015-03-01T23:28:23+08:00 ] /thinkphpTest/Login/index | INFO: Tag[ view_filter ] --START--
[ 2015-03-01T23:28:23+08:00 ] /thinkphpTest/Login/index | INFO: Run ContentReplace Behavior [ RunTime:0.000417s ]
[ 2015-03-01T23:28:23+08:00 ] /thinkphpTest/Login/index | INFO: Run TokenBuild Behavior [ RunTime:0.000427s ]
[ 2015-03-01T23:28:23+08:00 ] /thinkphpTest/Login/index | INFO: Run WriteHtmlCache Behavior [ RunTime:0.000247s ]
[ 2015-03-01T23:28:23+08:00 ] /thinkphpTest/Login/index | INFO: Run ShowRuntime Behavior [ RunTime:0.001616s ]
[ 2015-03-01T23:28:23+08:00 ] /thinkphpTest/Login/index | INFO: Tag[ view_filter ] --END-- [ RunTime:0.003018s ]
[ 2015-03-01T23:28:23+08:00 ] /thinkphpTest/Login/index | INFO: Tag[ view_end ] --START--
[ 2015-03-01T23:28:23+08:00 ] /thinkphpTest/Login/index | INFO: Run ShowPageTrace Behavior [ RunTime:0.000996s ]
[ 2015-03-01T23:28:23+08:00 ] /thinkphpTest/Login/index | INFO: Tag[ view_end ] --END-- [ RunTime:0.001089s ]
[ 2015-03-01T23:28:23+08:00 ] /thinkphpTest/Login/index | INFO: Tag[ route_check ] --START--
[ 2015-03-01T23:28:23+08:00 ] /thinkphpTest/Login/index | INFO: Run CheckRoute Behavior [ RunTime:0.001351s ]
[ 2015-03-01T23:28:23+08:00 ] /thinkphpTest/Login/index | INFO: Tag[ route_check ] --END-- [ RunTime:0.001449s ]
[ 2015-03-01T23:28:23+08:00 ] /thinkphpTest/Login/index | INFO: Tag[ app_begin ] --START--
[ 2015-03-01T23:28:23+08:00 ] /thinkphpTest/Login/index | INFO: Run ReadHtmlCache Behavior [ RunTime:0.001339s ]
[ 2015-03-01T23:28:23+08:00 ] /thinkphpTest/Login/index | INFO: Tag[ app_begin ] --END-- [ RunTime:0.001398s ]
[ 2015-03-01T23:28:23+08:00 ] /thinkphpTest/Login/index | INFO: Tag[ view_template ] --START--
[ 2015-03-01T23:28:23+08:00 ] /thinkphpTest/Login/index | INFO: Run LocationTemplate Behavior [ RunTime:0.002117s ]
[ 2015-03-01T23:28:23+08:00 ] /thinkphpTest/Login/index | INFO: Tag[ view_template ] --END-- [ RunTime:0.002350s ]
[ 2015-03-01T23:28:23+08:00 ] /thinkphpTest/Login/index | INFO: Tag[ view_parse ] --START--
[ 2015-03-01T23:28:23+08:00 ] /thinkphpTest/Login/index | INFO: Run ParseTemplate Behavior [ RunTime:0.013949s ]
[ 2015-03-01T23:28:23+08:00 ] /thinkphpTest/Login/index | INFO: Tag[ view_parse ] --END-- [ RunTime:0.014102s ]
[ 2015-03-01T23:28:23+08:00 ] /thinkphpTest/Login/index | INFO: Tag[ view_filter ] --START--
[ 2015-03-01T23:28:23+08:00 ] /thinkphpTest/Login/index | INFO: Run ContentReplace Behavior [ RunTime:0.001190s ]
[ 2015-03-01T23:28:23+08:00 ] /thinkphpTest/Login/index | INFO: Run TokenBuild Behavior [ RunTime:0.001571s ]
[ 2015-03-01T23:28:23+08:00 ] /thinkphpTest/Login/index | INFO: Run WriteHtmlCache Behavior [ RunTime:0.001034s ]
[ 2015-03-01T23:28:23+08:00 ] /thinkphpTest/Login/index | INFO: Run ShowRuntime Behavior [ RunTime:0.001194s ]
[ 2015-03-01T23:28:23+08:00 ] /thinkphpTest/Login/index | INFO: Tag[ view_filter ] --END-- [ RunTime:0.005164s ]
[ 2015-03-01T23:28:23+08:00 ] /thinkphpTest/Login/index | INFO: Tag[ view_end ] --START--
[ 2015-03-01T23:28:23+08:00 ] /thinkphpTest/Login/index | INFO: Run ShowPageTrace Behavior [ RunTime:0.001345s ]
[ 2015-03-01T23:28:23+08:00 ] /thinkphpTest/Login/index | INFO: Tag[ view_end ] --END-- [ RunTime:0.001403s ]
[ 2015-03-01T23:28:39+08:00 ] /thinkphpTest/Login/index | INFO: Tag[ route_check ] --START--
[ 2015-03-01T23:28:39+08:00 ] /thinkphpTest/Login/index | INFO: Run CheckRoute Behavior [ RunTime:0.001428s ]
[ 2015-03-01T23:28:39+08:00 ] /thinkphpTest/Login/index | INFO: Tag[ route_check ] --END-- [ RunTime:0.001525s ]
[ 2015-03-01T23:28:39+08:00 ] /thinkphpTest/Login/index | INFO: Tag[ app_begin ] --START--
[ 2015-03-01T23:28:39+08:00 ] /thinkphpTest/Login/index | INFO: Run ReadHtmlCache Behavior [ RunTime:0.001417s ]
[ 2015-03-01T23:28:39+08:00 ] /thinkphpTest/Login/index | INFO: Tag[ app_begin ] --END-- [ RunTime:0.001488s ]
[ 2015-03-01T23:28:39+08:00 ] /thinkphpTest/Login/index | INFO: Tag[ view_template ] --START--
[ 2015-03-01T23:28:39+08:00 ] /thinkphpTest/Login/index | INFO: Run LocationTemplate Behavior [ RunTime:0.003419s ]
[ 2015-03-01T23:28:39+08:00 ] /thinkphpTest/Login/index | INFO: Tag[ view_template ] --END-- [ RunTime:0.003612s ]
[ 2015-03-01T23:28:39+08:00 ] /thinkphpTest/Login/index | INFO: Tag[ view_parse ] --START--
[ 2015-03-01T23:28:39+08:00 ] /thinkphpTest/Login/index | INFO: Run ParseTemplate Behavior [ RunTime:0.019119s ]
[ 2015-03-01T23:28:39+08:00 ] /thinkphpTest/Login/index | INFO: Tag[ view_parse ] --END-- [ RunTime:0.019233s ]
[ 2015-03-01T23:28:39+08:00 ] /thinkphpTest/Login/index | INFO: Tag[ view_filter ] --START--
[ 2015-03-01T23:28:39+08:00 ] /thinkphpTest/Login/index | INFO: Run ContentReplace Behavior [ RunTime:0.001537s ]
[ 2015-03-01T23:28:39+08:00 ] /thinkphpTest/Login/index | INFO: Run TokenBuild Behavior [ RunTime:0.001610s ]
[ 2015-03-01T23:28:39+08:00 ] /thinkphpTest/Login/index | INFO: Run WriteHtmlCache Behavior [ RunTime:0.001449s ]
[ 2015-03-01T23:28:39+08:00 ] /thinkphpTest/Login/index | INFO: Run ShowRuntime Behavior [ RunTime:0.001967s ]
[ 2015-03-01T23:28:39+08:00 ] /thinkphpTest/Login/index | INFO: Tag[ view_filter ] --END-- [ RunTime:0.006823s ]
[ 2015-03-01T23:28:39+08:00 ] /thinkphpTest/Login/index | INFO: Tag[ view_end ] --START--
[ 2015-03-01T23:28:39+08:00 ] /thinkphpTest/Login/index | INFO: Run ShowPageTrace Behavior [ RunTime:0.003730s ]
[ 2015-03-01T23:28:39+08:00 ] /thinkphpTest/Login/index | INFO: Tag[ view_end ] --END-- [ RunTime:0.004056s ]
[ 2015-03-01T23:28:39+08:00 ] /thinkphpTest/Login/index | INFO: Tag[ route_check ] --START--
[ 2015-03-01T23:28:39+08:00 ] /thinkphpTest/Login/index | INFO: Run CheckRoute Behavior [ RunTime:0.001165s ]
[ 2015-03-01T23:28:39+08:00 ] /thinkphpTest/Login/index | INFO: Tag[ route_check ] --END-- [ RunTime:0.001263s ]
[ 2015-03-01T23:28:39+08:00 ] /thinkphpTest/Login/index | INFO: Tag[ app_begin ] --START--
[ 2015-03-01T23:28:39+08:00 ] /thinkphpTest/Login/index | INFO: Run ReadHtmlCache Behavior [ RunTime:0.000897s ]
[ 2015-03-01T23:28:39+08:00 ] /thinkphpTest/Login/index | INFO: Tag[ app_begin ] --END-- [ RunTime:0.000952s ]
[ 2015-03-01T23:28:39+08:00 ] /thinkphpTest/Login/index | INFO: Tag[ view_template ] --START--
[ 2015-03-01T23:28:39+08:00 ] /thinkphpTest/Login/index | INFO: Run LocationTemplate Behavior [ RunTime:0.001429s ]
[ 2015-03-01T23:28:39+08:00 ] /thinkphpTest/Login/index | INFO: Tag[ view_template ] --END-- [ RunTime:0.001495s ]
[ 2015-03-01T23:28:39+08:00 ] /thinkphpTest/Login/index | INFO: Tag[ view_parse ] --START--
[ 2015-03-01T23:28:39+08:00 ] /thinkphpTest/Login/index | INFO: Run ParseTemplate Behavior [ RunTime:0.012620s ]
[ 2015-03-01T23:28:39+08:00 ] /thinkphpTest/Login/index | INFO: Tag[ view_parse ] --END-- [ RunTime:0.012701s ]
[ 2015-03-01T23:28:39+08:00 ] /thinkphpTest/Login/index | INFO: Tag[ view_filter ] --START--
[ 2015-03-01T23:28:39+08:00 ] /thinkphpTest/Login/index | INFO: Run ContentReplace Behavior [ RunTime:0.000820s ]
[ 2015-03-01T23:28:39+08:00 ] /thinkphpTest/Login/index | INFO: Run TokenBuild Behavior [ RunTime:0.000797s ]
[ 2015-03-01T23:28:39+08:00 ] /thinkphpTest/Login/index | INFO: Run WriteHtmlCache Behavior [ RunTime:0.000649s ]
[ 2015-03-01T23:28:39+08:00 ] /thinkphpTest/Login/index | INFO: Run ShowRuntime Behavior [ RunTime:0.000834s ]
[ 2015-03-01T23:28:39+08:00 ] /thinkphpTest/Login/index | INFO: Tag[ view_filter ] --END-- [ RunTime:0.003255s ]
[ 2015-03-01T23:28:39+08:00 ] /thinkphpTest/Login/index | INFO: Tag[ view_end ] --START--
[ 2015-03-01T23:28:39+08:00 ] /thinkphpTest/Login/index | INFO: Run ShowPageTrace Behavior [ RunTime:0.000826s ]
[ 2015-03-01T23:28:39+08:00 ] /thinkphpTest/Login/index | INFO: Tag[ view_end ] --END-- [ RunTime:0.000879s ]
[ 2015-03-01T23:28:56+08:00 ] /thinkphpTest/Login/index | INFO: Tag[ route_check ] --START--
[ 2015-03-01T23:28:56+08:00 ] /thinkphpTest/Login/index | INFO: Run CheckRoute Behavior [ RunTime:0.001834s ]
[ 2015-03-01T23:28:56+08:00 ] /thinkphpTest/Login/index | INFO: Tag[ route_check ] --END-- [ RunTime:0.001950s ]
[ 2015-03-01T23:28:56+08:00 ] /thinkphpTest/Login/index | INFO: Tag[ app_begin ] --START--
[ 2015-03-01T23:28:56+08:00 ] /thinkphpTest/Login/index | INFO: Run ReadHtmlCache Behavior [ RunTime:0.001520s ]
[ 2015-03-01T23:28:56+08:00 ] /thinkphpTest/Login/index | INFO: Tag[ app_begin ] --END-- [ RunTime:0.001593s ]
[ 2015-03-01T23:28:56+08:00 ] /thinkphpTest/Login/index | INFO: Tag[ view_template ] --START--
[ 2015-03-01T23:28:56+08:00 ] /thinkphpTest/Login/index | INFO: Run LocationTemplate Behavior [ RunTime:0.002241s ]
[ 2015-03-01T23:28:56+08:00 ] /thinkphpTest/Login/index | INFO: Tag[ view_template ] --END-- [ RunTime:0.002312s ]
[ 2015-03-01T23:28:56+08:00 ] /thinkphpTest/Login/index | INFO: Tag[ view_parse ] --START--
[ 2015-03-01T23:28:56+08:00 ] /thinkphpTest/Login/index | INFO: Run ParseTemplate Behavior [ RunTime:0.025081s ]
[ 2015-03-01T23:28:56+08:00 ] /thinkphpTest/Login/index | INFO: Tag[ view_parse ] --END-- [ RunTime:0.025165s ]
[ 2015-03-01T23:28:56+08:00 ] /thinkphpTest/Login/index | INFO: Tag[ view_filter ] --START--
[ 2015-03-01T23:28:56+08:00 ] /thinkphpTest/Login/index | INFO: Run ContentReplace Behavior [ RunTime:0.001150s ]
[ 2015-03-01T23:28:56+08:00 ] /thinkphpTest/Login/index | INFO: Run TokenBuild Behavior [ RunTime:0.001477s ]
[ 2015-03-01T23:28:56+08:00 ] /thinkphpTest/Login/index | INFO: Run WriteHtmlCache Behavior [ RunTime:0.001347s ]
[ 2015-03-01T23:28:56+08:00 ] /thinkphpTest/Login/index | INFO: Run ShowRuntime Behavior [ RunTime:0.001195s ]
[ 2015-03-01T23:28:56+08:00 ] /thinkphpTest/Login/index | INFO: Tag[ view_filter ] --END-- [ RunTime:0.005368s ]
[ 2015-03-01T23:28:56+08:00 ] /thinkphpTest/Login/index | INFO: Tag[ view_end ] --START--
[ 2015-03-01T23:28:56+08:00 ] /thinkphpTest/Login/index | INFO: Run ShowPageTrace Behavior [ RunTime:0.001204s ]
[ 2015-03-01T23:28:56+08:00 ] /thinkphpTest/Login/index | INFO: Tag[ view_end ] --END-- [ RunTime:0.001265s ]
[ 2015-03-01T23:28:56+08:00 ] /thinkphpTest/Login/index | INFO: Tag[ route_check ] --START--
[ 2015-03-01T23:28:56+08:00 ] /thinkphpTest/Login/index | INFO: Run CheckRoute Behavior [ RunTime:0.001555s ]
[ 2015-03-01T23:28:56+08:00 ] /thinkphpTest/Login/index | INFO: Tag[ route_check ] --END-- [ RunTime:0.001653s ]
[ 2015-03-01T23:28:56+08:00 ] /thinkphpTest/Login/index | INFO: Tag[ app_begin ] --START--
[ 2015-03-01T23:28:56+08:00 ] /thinkphpTest/Login/index | INFO: Run ReadHtmlCache Behavior [ RunTime:0.001302s ]
[ 2015-03-01T23:28:56+08:00 ] /thinkphpTest/Login/index | INFO: Tag[ app_begin ] --END-- [ RunTime:0.001358s ]
[ 2015-03-01T23:28:56+08:00 ] /thinkphpTest/Login/index | INFO: Tag[ view_template ] --START--
[ 2015-03-01T23:28:56+08:00 ] /thinkphpTest/Login/index | INFO: Run LocationTemplate Behavior [ RunTime:0.001920s ]
[ 2015-03-01T23:28:56+08:00 ] /thinkphpTest/Login/index | INFO: Tag[ view_template ] --END-- [ RunTime:0.001982s ]
[ 2015-03-01T23:28:56+08:00 ] /thinkphpTest/Login/index | INFO: Tag[ view_parse ] --START--
[ 2015-03-01T23:28:56+08:00 ] /thinkphpTest/Login/index | INFO: Run ParseTemplate Behavior [ RunTime:0.015650s ]
[ 2015-03-01T23:28:56+08:00 ] /thinkphpTest/Login/index | INFO: Tag[ view_parse ] --END-- [ RunTime:0.015733s ]
[ 2015-03-01T23:28:56+08:00 ] /thinkphpTest/Login/index | INFO: Tag[ view_filter ] --START--
[ 2015-03-01T23:28:56+08:00 ] /thinkphpTest/Login/index | INFO: Run ContentReplace Behavior [ RunTime:0.001186s ]
[ 2015-03-01T23:28:56+08:00 ] /thinkphpTest/Login/index | INFO: Run TokenBuild Behavior [ RunTime:0.001189s ]
[ 2015-03-01T23:28:56+08:00 ] /thinkphpTest/Login/index | INFO: Run WriteHtmlCache Behavior [ RunTime:0.001038s ]
[ 2015-03-01T23:28:56+08:00 ] /thinkphpTest/Login/index | INFO: Run ShowRuntime Behavior [ RunTime:0.001212s ]
[ 2015-03-01T23:28:56+08:00 ] /thinkphpTest/Login/index | INFO: Tag[ view_filter ] --END-- [ RunTime:0.004783s ]
[ 2015-03-01T23:28:56+08:00 ] /thinkphpTest/Login/index | INFO: Tag[ view_end ] --START--
[ 2015-03-01T23:28:56+08:00 ] /thinkphpTest/Login/index | INFO: Run ShowPageTrace Behavior [ RunTime:0.001224s ]
[ 2015-03-01T23:28:56+08:00 ] /thinkphpTest/Login/index | INFO: Tag[ view_end ] --END-- [ RunTime:0.001279s ]
[ 2015-03-01T23:28:56+08:00 ] /thinkphpTest/Login/index | INFO: Tag[ route_check ] --START--
[ 2015-03-01T23:28:56+08:00 ] /thinkphpTest/Login/index | INFO: Run CheckRoute Behavior [ RunTime:0.001334s ]
[ 2015-03-01T23:28:56+08:00 ] /thinkphpTest/Login/index | INFO: Tag[ route_check ] --END-- [ RunTime:0.001425s ]
[ 2015-03-01T23:28:56+08:00 ] /thinkphpTest/Login/index | INFO: Tag[ app_begin ] --START--
[ 2015-03-01T23:28:56+08:00 ] /thinkphpTest/Login/index | INFO: Run ReadHtmlCache Behavior [ RunTime:0.001835s ]
[ 2015-03-01T23:28:56+08:00 ] /thinkphpTest/Login/index | INFO: Tag[ app_begin ] --END-- [ RunTime:0.001995s ]
[ 2015-03-01T23:28:56+08:00 ] /thinkphpTest/Login/index | INFO: Tag[ view_template ] --START--
[ 2015-03-01T23:28:56+08:00 ] /thinkphpTest/Login/index | INFO: Run LocationTemplate Behavior [ RunTime:0.001916s ]
[ 2015-03-01T23:28:56+08:00 ] /thinkphpTest/Login/index | INFO: Tag[ view_template ] --END-- [ RunTime:0.001978s ]
[ 2015-03-01T23:28:56+08:00 ] /thinkphpTest/Login/index | INFO: Tag[ view_parse ] --START--
[ 2015-03-01T23:28:56+08:00 ] /thinkphpTest/Login/index | INFO: Run ParseTemplate Behavior [ RunTime:0.014356s ]
[ 2015-03-01T23:28:56+08:00 ] /thinkphpTest/Login/index | INFO: Tag[ view_parse ] --END-- [ RunTime:0.014439s ]
[ 2015-03-01T23:28:56+08:00 ] /thinkphpTest/Login/index | INFO: Tag[ view_filter ] --START--
[ 2015-03-01T23:28:56+08:00 ] /thinkphpTest/Login/index | INFO: Run ContentReplace Behavior [ RunTime:0.001233s ]
[ 2015-03-01T23:28:56+08:00 ] /thinkphpTest/Login/index | INFO: Run TokenBuild Behavior [ RunTime:0.001222s ]
[ 2015-03-01T23:28:56+08:00 ] /thinkphpTest/Login/index | INFO: Run WriteHtmlCache Behavior [ RunTime:0.001037s ]
[ 2015-03-01T23:28:56+08:00 ] /thinkphpTest/Login/index | INFO: Run ShowRuntime Behavior [ RunTime:0.001217s ]
[ 2015-03-01T23:28:56+08:00 ] /thinkphpTest/Login/index | INFO: Tag[ view_filter ] --END-- [ RunTime:0.004869s ]
[ 2015-03-01T23:28:56+08:00 ] /thinkphpTest/Login/index | INFO: Tag[ view_end ] --START--
[ 2015-03-01T23:28:56+08:00 ] /thinkphpTest/Login/index | INFO: Run ShowPageTrace Behavior [ RunTime:0.001240s ]
[ 2015-03-01T23:28:56+08:00 ] /thinkphpTest/Login/index | INFO: Tag[ view_end ] --END-- [ RunTime:0.001294s ]
[ 2015-03-01T23:28:56+08:00 ] /thinkphpTest/Login/index | INFO: Tag[ route_check ] --START--
[ 2015-03-01T23:28:56+08:00 ] /thinkphpTest/Login/index | INFO: Run CheckRoute Behavior [ RunTime:0.002166s ]
[ 2015-03-01T23:28:56+08:00 ] /thinkphpTest/Login/index | INFO: Tag[ route_check ] --END-- [ RunTime:0.002342s ]
[ 2015-03-01T23:28:56+08:00 ] /thinkphpTest/Login/index | INFO: Tag[ app_begin ] --START--
[ 2015-03-01T23:28:56+08:00 ] /thinkphpTest/Login/index | INFO: Run ReadHtmlCache Behavior [ RunTime:0.001485s ]
[ 2015-03-01T23:28:56+08:00 ] /thinkphpTest/Login/index | INFO: Tag[ app_begin ] --END-- [ RunTime:0.001555s ]
[ 2015-03-01T23:28:56+08:00 ] /thinkphpTest/Login/index | INFO: Tag[ view_template ] --START--
[ 2015-03-01T23:28:56+08:00 ] /thinkphpTest/Login/index | INFO: Run LocationTemplate Behavior [ RunTime:0.001907s ]
[ 2015-03-01T23:28:56+08:00 ] /thinkphpTest/Login/index | INFO: Tag[ view_template ] --END-- [ RunTime:0.001968s ]
[ 2015-03-01T23:28:56+08:00 ] /thinkphpTest/Login/index | INFO: Tag[ view_parse ] --START--
[ 2015-03-01T23:28:56+08:00 ] /thinkphpTest/Login/index | INFO: Run ParseTemplate Behavior [ RunTime:0.014034s ]
[ 2015-03-01T23:28:56+08:00 ] /thinkphpTest/Login/index | INFO: Tag[ view_parse ] --END-- [ RunTime:0.014116s ]
[ 2015-03-01T23:28:56+08:00 ] /thinkphpTest/Login/index | INFO: Tag[ view_filter ] --START--
[ 2015-03-01T23:28:56+08:00 ] /thinkphpTest/Login/index | INFO: Run ContentReplace Behavior [ RunTime:0.001641s ]
[ 2015-03-01T23:28:56+08:00 ] /thinkphpTest/Login/index | INFO: Run TokenBuild Behavior [ RunTime:0.001288s ]
[ 2015-03-01T23:28:56+08:00 ] /thinkphpTest/Login/index | INFO: Run WriteHtmlCache Behavior [ RunTime:0.001423s ]
[ 2015-03-01T23:28:56+08:00 ] /thinkphpTest/Login/index | INFO: Run ShowRuntime Behavior [ RunTime:0.001236s ]
[ 2015-03-01T23:28:56+08:00 ] /thinkphpTest/Login/index | INFO: Tag[ view_filter ] --END-- [ RunTime:0.005792s ]
[ 2015-03-01T23:28:56+08:00 ] /thinkphpTest/Login/index | INFO: Tag[ view_end ] --START--
[ 2015-03-01T23:28:56+08:00 ] /thinkphpTest/Login/index | INFO: Run ShowPageTrace Behavior [ RunTime:0.001225s ]
[ 2015-03-01T23:28:56+08:00 ] /thinkphpTest/Login/index | INFO: Tag[ view_end ] --END-- [ RunTime:0.001281s ]
[ 2015-03-01T23:29:10+08:00 ] /thinkphpTest/Index/index | INFO: Tag[ route_check ] --START--
[ 2015-03-01T23:29:10+08:00 ] /thinkphpTest/Index/index | INFO: Run CheckRoute Behavior [ RunTime:0.002480s ]
[ 2015-03-01T23:29:10+08:00 ] /thinkphpTest/Index/index | INFO: Tag[ route_check ] --END-- [ RunTime:0.002635s ]
[ 2015-03-01T23:29:10+08:00 ] /thinkphpTest/Index/index | INFO: Tag[ app_begin ] --START--
[ 2015-03-01T23:29:10+08:00 ] /thinkphpTest/Index/index | INFO: Run ReadHtmlCache Behavior [ RunTime:0.003122s ]
[ 2015-03-01T23:29:10+08:00 ] /thinkphpTest/Index/index | INFO: Tag[ app_begin ] --END-- [ RunTime:0.003425s ]
[ 2015-03-01T23:29:10+08:00 ] /thinkphpTest/Index/index | NOTIC: [8] Undefined index:  customer_user BaseAction.class.php 第 7 行.
[ 2015-03-01T23:29:10+08:00 ] /thinkphpTest/Index/index | SQL: SHOW COLUMNS FROM `think_article` [ RunTime:0.004682s ]
[ 2015-03-01T23:29:10+08:00 ] /thinkphpTest/Index/index | SQL: SELECT COUNT(*) AS tp_count FROM `think_article` WHERE isSubmitted=1 LIMIT 1   [ RunTime:0.005013s ]
[ 2015-03-01T23:29:10+08:00 ] /thinkphpTest/Index/index | SQL: SELECT * FROM `think_article` LEFT JOIN think_category on think_article.categoryId=think_category.categoryId WHERE isSubmitted=1 LIMIT 0,5   [ RunTime:0.000333s ]
[ 2015-03-01T23:29:10+08:00 ] /thinkphpTest/Index/index | NOTIC: [8] Undefined variable: next_link_cate IndexAction.class.php 第 28 行.
[ 2015-03-01T23:29:10+08:00 ] /thinkphpTest/Index/index | SQL: SHOW COLUMNS FROM `think_category` [ RunTime:0.002654s ]
[ 2015-03-01T23:29:10+08:00 ] /thinkphpTest/Index/index | SQL: SELECT * FROM `think_category`  [ RunTime:0.003352s ]
[ 2015-03-01T23:29:10+08:00 ] /thinkphpTest/Index/index | INFO: Tag[ view_template ] --START--
[ 2015-03-01T23:29:10+08:00 ] /thinkphpTest/Index/index | INFO: Run LocationTemplate Behavior [ RunTime:0.002199s ]
[ 2015-03-01T23:29:10+08:00 ] /thinkphpTest/Index/index | INFO: Tag[ view_template ] --END-- [ RunTime:0.002273s ]
[ 2015-03-01T23:29:10+08:00 ] /thinkphpTest/Index/index | INFO: Tag[ view_parse ] --START--
[ 2015-03-01T23:29:10+08:00 ] /thinkphpTest/Index/index | NOTIC: [8] Undefined index:  memo 7e4848229090366086cc7eeb3bfc0798.php 第 43 行.
[ 2015-03-01T23:29:10+08:00 ] /thinkphpTest/Index/index | INFO: Run ParseTemplate Behavior [ RunTime:0.022816s ]
[ 2015-03-01T23:29:10+08:00 ] /thinkphpTest/Index/index | INFO: Tag[ view_parse ] --END-- [ RunTime:0.022888s ]
[ 2015-03-01T23:29:10+08:00 ] /thinkphpTest/Index/index | INFO: Tag[ view_filter ] --START--
[ 2015-03-01T23:29:10+08:00 ] /thinkphpTest/Index/index | INFO: Run ContentReplace Behavior [ RunTime:0.001231s ]
[ 2015-03-01T23:29:10+08:00 ] /thinkphpTest/Index/index | INFO: Run TokenBuild Behavior [ RunTime:0.001173s ]
[ 2015-03-01T23:29:10+08:00 ] /thinkphpTest/Index/index | INFO: Run WriteHtmlCache Behavior [ RunTime:0.001067s ]
[ 2015-03-01T23:29:10+08:00 ] /thinkphpTest/Index/index | INFO: Run ShowRuntime Behavior [ RunTime:0.001187s ]
[ 2015-03-01T23:29:10+08:00 ] /thinkphpTest/Index/index | INFO: Tag[ view_filter ] --END-- [ RunTime:0.004810s ]
[ 2015-03-01T23:29:10+08:00 ] /thinkphpTest/Index/index | INFO: Tag[ view_end ] --START--
[ 2015-03-01T23:29:10+08:00 ] /thinkphpTest/Index/index | INFO: Run ShowPageTrace Behavior [ RunTime:0.001216s ]
[ 2015-03-01T23:29:10+08:00 ] /thinkphpTest/Index/index | INFO: Tag[ view_end ] --END-- [ RunTime:0.001269s ]
[ 2015-03-01T23:29:10+08:00 ] /thinkphpTest/Index/index | INFO: Tag[ route_check ] --START--
[ 2015-03-01T23:29:10+08:00 ] /thinkphpTest/Index/index | INFO: Run CheckRoute Behavior [ RunTime:0.001490s ]
[ 2015-03-01T23:29:10+08:00 ] /thinkphpTest/Index/index | INFO: Tag[ route_check ] --END-- [ RunTime:0.001608s ]
[ 2015-03-01T23:29:10+08:00 ] /thinkphpTest/Index/index | INFO: Tag[ app_begin ] --START--
[ 2015-03-01T23:29:10+08:00 ] /thinkphpTest/Index/index | INFO: Run ReadHtmlCache Behavior [ RunTime:0.001367s ]
[ 2015-03-01T23:29:10+08:00 ] /thinkphpTest/Index/index | INFO: Tag[ app_begin ] --END-- [ RunTime:0.001424s ]
[ 2015-03-01T23:29:10+08:00 ] /thinkphpTest/Index/index | NOTIC: [8] Undefined index:  customer_user BaseAction.class.php 第 7 行.
[ 2015-03-01T23:29:10+08:00 ] /thinkphpTest/Index/index | SQL: SHOW COLUMNS FROM `think_article` [ RunTime:0.004845s ]
[ 2015-03-01T23:29:10+08:00 ] /thinkphpTest/Index/index | SQL: SELECT COUNT(*) AS tp_count FROM `think_article` WHERE isSubmitted=1 LIMIT 1   [ RunTime:0.005135s ]
[ 2015-03-01T23:29:10+08:00 ] /thinkphpTest/Index/index | SQL: SELECT * FROM `think_article` LEFT JOIN think_category on think_article.categoryId=think_category.categoryId WHERE isSubmitted=1 LIMIT 0,5   [ RunTime:0.000268s ]
[ 2015-03-01T23:29:10+08:00 ] /thinkphpTest/Index/index | NOTIC: [8] Undefined variable: next_link_cate IndexAction.class.php 第 28 行.
[ 2015-03-01T23:29:10+08:00 ] /thinkphpTest/Index/index | SQL: SHOW COLUMNS FROM `think_category` [ RunTime:0.002465s ]
[ 2015-03-01T23:29:10+08:00 ] /thinkphpTest/Index/index | SQL: SELECT * FROM `think_category`  [ RunTime:0.002871s ]
[ 2015-03-01T23:29:10+08:00 ] /thinkphpTest/Index/index | INFO: Tag[ view_template ] --START--
[ 2015-03-01T23:29:10+08:00 ] /thinkphpTest/Index/index | INFO: Run LocationTemplate Behavior [ RunTime:0.001781s ]
[ 2015-03-01T23:29:10+08:00 ] /thinkphpTest/Index/index | INFO: Tag[ view_template ] --END-- [ RunTime:0.001839s ]
[ 2015-03-01T23:29:10+08:00 ] /thinkphpTest/Index/index | INFO: Tag[ view_parse ] --START--
[ 2015-03-01T23:29:10+08:00 ] /thinkphpTest/Index/index | NOTIC: [8] Undefined index:  memo 7e4848229090366086cc7eeb3bfc0798.php 第 43 行.
[ 2015-03-01T23:29:10+08:00 ] /thinkphpTest/Index/index | INFO: Run ParseTemplate Behavior [ RunTime:0.019063s ]
[ 2015-03-01T23:29:10+08:00 ] /thinkphpTest/Index/index | INFO: Tag[ view_parse ] --END-- [ RunTime:0.019146s ]
[ 2015-03-01T23:29:10+08:00 ] /thinkphpTest/Index/index | INFO: Tag[ view_filter ] --START--
[ 2015-03-01T23:29:10+08:00 ] /thinkphpTest/Index/index | INFO: Run ContentReplace Behavior [ RunTime:0.001301s ]
[ 2015-03-01T23:29:10+08:00 ] /thinkphpTest/Index/index | INFO: Run TokenBuild Behavior [ RunTime:0.001185s ]
[ 2015-03-01T23:29:10+08:00 ] /thinkphpTest/Index/index | INFO: Run WriteHtmlCache Behavior [ RunTime:0.001048s ]
[ 2015-03-01T23:29:10+08:00 ] /thinkphpTest/Index/index | INFO: Run ShowRuntime Behavior [ RunTime:0.001300s ]
[ 2015-03-01T23:29:10+08:00 ] /thinkphpTest/Index/index | INFO: Tag[ view_filter ] --END-- [ RunTime:0.005002s ]
[ 2015-03-01T23:29:10+08:00 ] /thinkphpTest/Index/index | INFO: Tag[ view_end ] --START--
[ 2015-03-01T23:29:10+08:00 ] /thinkphpTest/Index/index | INFO: Run ShowPageTrace Behavior [ RunTime:0.001267s ]
[ 2015-03-01T23:29:10+08:00 ] /thinkphpTest/Index/index | INFO: Tag[ view_end ] --END-- [ RunTime:0.001324s ]
[ 2015-03-01T23:29:11+08:00 ] /thinkphpTest/Memo/index | INFO: Tag[ route_check ] --START--
[ 2015-03-01T23:29:11+08:00 ] /thinkphpTest/Memo/index | INFO: Run CheckRoute Behavior [ RunTime:0.002134s ]
[ 2015-03-01T23:29:11+08:00 ] /thinkphpTest/Memo/index | INFO: Tag[ route_check ] --END-- [ RunTime:0.002284s ]
[ 2015-03-01T23:29:11+08:00 ] /thinkphpTest/Memo/index | INFO: Tag[ app_begin ] --START--
[ 2015-03-01T23:29:11+08:00 ] /thinkphpTest/Memo/index | INFO: Run ReadHtmlCache Behavior [ RunTime:0.001538s ]
[ 2015-03-01T23:29:11+08:00 ] /thinkphpTest/Memo/index | INFO: Tag[ app_begin ] --END-- [ RunTime:0.001606s ]
[ 2015-03-01T23:29:11+08:00 ] /thinkphpTest/Memo/index | NOTIC: [8] Undefined index:  customer_user BaseAction.class.php 第 7 行.
[ 2015-03-01T23:29:11+08:00 ] /thinkphpTest/Memo/index | SQL: SHOW COLUMNS FROM `think_memo` [ RunTime:0.007577s ]
[ 2015-03-01T23:29:11+08:00 ] /thinkphpTest/Memo/index | SQL: SELECT COUNT(*) AS tp_count FROM `think_memo` LIMIT 1   [ RunTime:0.005929s ]
[ 2015-03-01T23:29:11+08:00 ] /thinkphpTest/Memo/index | SQL: SELECT * FROM `think_memo` LIMIT 0,10   [ RunTime:0.000547s ]
[ 2015-03-01T23:29:11+08:00 ] /thinkphpTest/Memo/index | INFO: Tag[ view_template ] --START--
[ 2015-03-01T23:29:11+08:00 ] /thinkphpTest/Memo/index | INFO: Run LocationTemplate Behavior [ RunTime:0.002884s ]
[ 2015-03-01T23:29:11+08:00 ] /thinkphpTest/Memo/index | INFO: Tag[ view_template ] --END-- [ RunTime:0.002982s ]
[ 2015-03-01T23:29:11+08:00 ] /thinkphpTest/Memo/index | INFO: Tag[ view_parse ] --START--
[ 2015-03-01T23:29:11+08:00 ] /thinkphpTest/Memo/index | NOTIC: [8] Undefined index:  index 2767ff004a369d449bef20cc368e0c28.php 第 44 行.
[ 2015-03-01T23:29:11+08:00 ] /thinkphpTest/Memo/index | INFO: Run ParseTemplate Behavior [ RunTime:0.040407s ]
[ 2015-03-01T23:29:11+08:00 ] /thinkphpTest/Memo/index | INFO: Tag[ view_parse ] --END-- [ RunTime:0.040488s ]
[ 2015-03-01T23:29:11+08:00 ] /thinkphpTest/Memo/index | INFO: Tag[ view_filter ] --START--
[ 2015-03-01T23:29:11+08:00 ] /thinkphpTest/Memo/index | INFO: Run ContentReplace Behavior [ RunTime:0.001525s ]
[ 2015-03-01T23:29:11+08:00 ] /thinkphpTest/Memo/index | INFO: Run TokenBuild Behavior [ RunTime:0.001392s ]
[ 2015-03-01T23:29:11+08:00 ] /thinkphpTest/Memo/index | INFO: Run WriteHtmlCache Behavior [ RunTime:0.001632s ]
[ 2015-03-01T23:29:11+08:00 ] /thinkphpTest/Memo/index | INFO: Run ShowRuntime Behavior [ RunTime:0.002485s ]
[ 2015-03-01T23:29:11+08:00 ] /thinkphpTest/Memo/index | INFO: Tag[ view_filter ] --END-- [ RunTime:0.007354s ]
[ 2015-03-01T23:29:11+08:00 ] /thinkphpTest/Memo/index | INFO: Tag[ view_end ] --START--
[ 2015-03-01T23:29:11+08:00 ] /thinkphpTest/Memo/index | INFO: Run ShowPageTrace Behavior [ RunTime:0.001791s ]
[ 2015-03-01T23:29:11+08:00 ] /thinkphpTest/Memo/index | INFO: Tag[ view_end ] --END-- [ RunTime:0.001890s ]
[ 2015-03-01T23:29:11+08:00 ] /thinkphpTest/Memo/index | INFO: Tag[ route_check ] --START--
[ 2015-03-01T23:29:11+08:00 ] /thinkphpTest/Memo/index | INFO: Run CheckRoute Behavior [ RunTime:0.003222s ]
[ 2015-03-01T23:29:11+08:00 ] /thinkphpTest/Memo/index | INFO: Tag[ route_check ] --END-- [ RunTime:0.003431s ]
[ 2015-03-01T23:29:11+08:00 ] /thinkphpTest/Memo/index | INFO: Tag[ app_begin ] --START--
[ 2015-03-01T23:29:11+08:00 ] /thinkphpTest/Memo/index | INFO: Run ReadHtmlCache Behavior [ RunTime:0.002307s ]
[ 2015-03-01T23:29:11+08:00 ] /thinkphpTest/Memo/index | INFO: Tag[ app_begin ] --END-- [ RunTime:0.002590s ]
[ 2015-03-01T23:29:11+08:00 ] /thinkphpTest/Memo/index | NOTIC: [8] Undefined index:  customer_user BaseAction.class.php 第 7 行.
[ 2015-03-01T23:29:12+08:00 ] /thinkphpTest/Memo/index | SQL: SHOW COLUMNS FROM `think_memo` [ RunTime:0.005258s ]
[ 2015-03-01T23:29:12+08:00 ] /thinkphpTest/Memo/index | SQL: SELECT COUNT(*) AS tp_count FROM `think_memo` LIMIT 1   [ RunTime:0.005048s ]
[ 2015-03-01T23:29:12+08:00 ] /thinkphpTest/Memo/index | SQL: SELECT * FROM `think_memo` LIMIT 0,10   [ RunTime:0.000138s ]
[ 2015-03-01T23:29:12+08:00 ] /thinkphpTest/Memo/index | INFO: Tag[ view_template ] --START--
[ 2015-03-01T23:29:12+08:00 ] /thinkphpTest/Memo/index | INFO: Run LocationTemplate Behavior [ RunTime:0.001911s ]
[ 2015-03-01T23:29:12+08:00 ] /thinkphpTest/Memo/index | INFO: Tag[ view_template ] --END-- [ RunTime:0.001972s ]
[ 2015-03-01T23:29:12+08:00 ] /thinkphpTest/Memo/index | INFO: Tag[ view_parse ] --START--
[ 2015-03-01T23:29:12+08:00 ] /thinkphpTest/Memo/index | NOTIC: [8] Undefined index:  index 2767ff004a369d449bef20cc368e0c28.php 第 44 行.
[ 2015-03-01T23:29:12+08:00 ] /thinkphpTest/Memo/index | INFO: Run ParseTemplate Behavior [ RunTime:0.015382s ]
[ 2015-03-01T23:29:12+08:00 ] /thinkphpTest/Memo/index | INFO: Tag[ view_parse ] --END-- [ RunTime:0.015460s ]
[ 2015-03-01T23:29:12+08:00 ] /thinkphpTest/Memo/index | INFO: Tag[ view_filter ] --START--
[ 2015-03-01T23:29:12+08:00 ] /thinkphpTest/Memo/index | INFO: Run ContentReplace Behavior [ RunTime:0.001513s ]
[ 2015-03-01T23:29:12+08:00 ] /thinkphpTest/Memo/index | INFO: Run TokenBuild Behavior [ RunTime:0.001334s ]
[ 2015-03-01T23:29:12+08:00 ] /thinkphpTest/Memo/index | INFO: Run WriteHtmlCache Behavior [ RunTime:0.001213s ]
[ 2015-03-01T23:29:12+08:00 ] /thinkphpTest/Memo/index | INFO: Run ShowRuntime Behavior [ RunTime:0.001430s ]
[ 2015-03-01T23:29:12+08:00 ] /thinkphpTest/Memo/index | INFO: Tag[ view_filter ] --END-- [ RunTime:0.005737s ]
[ 2015-03-01T23:29:12+08:00 ] /thinkphpTest/Memo/index | INFO: Tag[ view_end ] --START--
[ 2015-03-01T23:29:12+08:00 ] /thinkphpTest/Memo/index | INFO: Run ShowPageTrace Behavior [ RunTime:0.001668s ]
[ 2015-03-01T23:29:12+08:00 ] /thinkphpTest/Memo/index | INFO: Tag[ view_end ] --END-- [ RunTime:0.001780s ]
[ 2015-03-01T23:31:08+08:00 ] /thinkphpTest/ueditor/themes/default/ueditor.css | ERR: (ThinkException) 无法加载模块ueditor
[ 2015-03-01T23:39:18+08:00 ] /thinkphpTest/ueditor/themes/default/ueditor.css | ERR: (ThinkException) 无法加载模块ueditor
[ 2015-03-01T23:39:18+08:00 ] /thinkphpTest/resources/images/closelabel.gif | ERR: (ThinkException) 无法加载模块resources
[ 2015-03-01T23:45:59+08:00 ] /thinkphpTest/ueditor/themes/default/ueditor.css | ERR: (ThinkException) 无法加载模块ueditor
[ 2015-03-01T23:57:13+08:00 ] /thinkphpTest/ueditor/third-party/codemirror2.15/codemirror.css | ERR: (ThinkException) 无法加载模块ueditor
[ 2015-03-01T23:57:13+08:00 ] /thinkphpTest/ueditor/third-party/codemirror2.15/codemirror.js | ERR: (ThinkException) 无法加载模块ueditor
[ 2015-03-01T23:57:13+08:00 ] /thinkphpTest/ueditor/themes/default/iframe.css | ERR: (ThinkException) 无法加载模块ueditor
[ 2015-03-01T23:57:30+08:00 ] /thinkphpTest/ueditor/third-party/codemirror2.15/codemirror.css | ERR: (ThinkException) 无法加载模块ueditor
[ 2015-03-01T23:57:30+08:00 ] /thinkphpTest/ueditor/themes/default/iframe.css | ERR: (ThinkException) 无法加载模块ueditor
